[2022-05-19 03:13:06,966] {processor.py:153} INFO - Started process (PID=6912) to work on /opt/airflow/dags/ETL_Raizen.py
[2022-05-19 03:13:06,967] {processor.py:641} INFO - Processing file /opt/airflow/dags/ETL_Raizen.py for tasks to queue
[2022-05-19 03:13:06,968] {logging_mixin.py:115} INFO - [2022-05-19 03:13:06,968] {dagbag.py:507} INFO - Filling up the DagBag from /opt/airflow/dags/ETL_Raizen.py
[2022-05-19 03:13:07,010] {logging_mixin.py:115} INFO - [2022-05-19 03:13:07,001] {dagbag.py:320} ERROR - Failed to import: /opt/airflow/dags/ETL_Raizen.py
Traceback (most recent call last):
  File "/home/airflow/.local/lib/python3.7/site-packages/airflow/models/dagbag.py", line 317, in parse
    loader.exec_module(new_module)
  File "<frozen importlib._bootstrap_external>", line 728, in exec_module
  File "<frozen importlib._bootstrap>", line 219, in _call_with_frames_removed
  File "/opt/airflow/dags/ETL_Raizen.py", line 4, in <module>
    from airlow.operators.bash import BashOperator
ModuleNotFoundError: No module named 'airlow'
[2022-05-19 03:13:07,012] {processor.py:653} WARNING - No viable dags retrieved from /opt/airflow/dags/ETL_Raizen.py
[2022-05-19 03:13:07,044] {processor.py:161} INFO - Processing /opt/airflow/dags/ETL_Raizen.py took 0.082 seconds
[2022-05-19 03:13:37,313] {processor.py:153} INFO - Started process (PID=6966) to work on /opt/airflow/dags/ETL_Raizen.py
[2022-05-19 03:13:37,314] {processor.py:641} INFO - Processing file /opt/airflow/dags/ETL_Raizen.py for tasks to queue
[2022-05-19 03:13:37,316] {logging_mixin.py:115} INFO - [2022-05-19 03:13:37,316] {dagbag.py:507} INFO - Filling up the DagBag from /opt/airflow/dags/ETL_Raizen.py
[2022-05-19 03:13:37,346] {logging_mixin.py:115} INFO - [2022-05-19 03:13:37,341] {dagbag.py:320} ERROR - Failed to import: /opt/airflow/dags/ETL_Raizen.py
Traceback (most recent call last):
  File "/home/airflow/.local/lib/python3.7/site-packages/airflow/models/dagbag.py", line 317, in parse
    loader.exec_module(new_module)
  File "<frozen importlib._bootstrap_external>", line 728, in exec_module
  File "<frozen importlib._bootstrap>", line 219, in _call_with_frames_removed
  File "/opt/airflow/dags/ETL_Raizen.py", line 4, in <module>
    from airlow.operators.bash import BashOperator
ModuleNotFoundError: No module named 'airlow'
[2022-05-19 03:13:37,348] {processor.py:653} WARNING - No viable dags retrieved from /opt/airflow/dags/ETL_Raizen.py
[2022-05-19 03:13:37,378] {processor.py:161} INFO - Processing /opt/airflow/dags/ETL_Raizen.py took 0.071 seconds
[2022-05-19 03:14:07,147] {processor.py:153} INFO - Started process (PID=7030) to work on /opt/airflow/dags/ETL_Raizen.py
[2022-05-19 03:14:07,148] {processor.py:641} INFO - Processing file /opt/airflow/dags/ETL_Raizen.py for tasks to queue
[2022-05-19 03:14:07,149] {logging_mixin.py:115} INFO - [2022-05-19 03:14:07,149] {dagbag.py:507} INFO - Filling up the DagBag from /opt/airflow/dags/ETL_Raizen.py
[2022-05-19 03:14:08,878] {processor.py:651} INFO - DAG(s) dict_keys(['Teste_ETL_Raízen']) retrieved from /opt/airflow/dags/ETL_Raizen.py
[2022-05-19 03:14:09,028] {logging_mixin.py:115} INFO - [2022-05-19 03:14:09,027] {manager.py:508} INFO - Created Permission View: can delete on DAG:Teste_ETL_Raízen
[2022-05-19 03:14:09,041] {logging_mixin.py:115} INFO - [2022-05-19 03:14:09,041] {manager.py:508} INFO - Created Permission View: can read on DAG:Teste_ETL_Raízen
[2022-05-19 03:14:09,051] {logging_mixin.py:115} INFO - [2022-05-19 03:14:09,050] {manager.py:508} INFO - Created Permission View: can edit on DAG:Teste_ETL_Raízen
[2022-05-19 03:14:09,054] {logging_mixin.py:115} INFO - [2022-05-19 03:14:09,051] {dag.py:2371} INFO - Sync 1 DAGs
[2022-05-19 03:14:09,067] {logging_mixin.py:115} INFO - [2022-05-19 03:14:09,066] {dag.py:2390} INFO - Creating ORM DAG for Teste_ETL_Raízen
[2022-05-19 03:14:09,087] {logging_mixin.py:115} INFO - [2022-05-19 03:14:09,087] {dag.py:2919} INFO - Setting next_dagrun for Teste_ETL_Raízen to 2022-05-19T01:30:00+00:00, run_after=2022-05-19T02:30:00+00:00
[2022-05-19 03:14:09,112] {processor.py:161} INFO - Processing /opt/airflow/dags/ETL_Raizen.py took 1.968 seconds
[2022-05-19 03:14:39,401] {processor.py:153} INFO - Started process (PID=7086) to work on /opt/airflow/dags/ETL_Raizen.py
[2022-05-19 03:14:39,402] {processor.py:641} INFO - Processing file /opt/airflow/dags/ETL_Raizen.py for tasks to queue
[2022-05-19 03:14:39,403] {logging_mixin.py:115} INFO - [2022-05-19 03:14:39,402] {dagbag.py:507} INFO - Filling up the DagBag from /opt/airflow/dags/ETL_Raizen.py
[2022-05-19 03:14:39,929] {processor.py:651} INFO - DAG(s) dict_keys(['Teste_ETL_Raízen']) retrieved from /opt/airflow/dags/ETL_Raizen.py
[2022-05-19 03:14:39,962] {logging_mixin.py:115} INFO - [2022-05-19 03:14:39,961] {dag.py:2371} INFO - Sync 1 DAGs
[2022-05-19 03:14:39,990] {logging_mixin.py:115} INFO - [2022-05-19 03:14:39,989] {dag.py:2919} INFO - Setting next_dagrun for Teste_ETL_Raízen to 2022-05-19T01:30:00+00:00, run_after=2022-05-19T02:30:00+00:00
[2022-05-19 03:14:40,004] {processor.py:161} INFO - Processing /opt/airflow/dags/ETL_Raizen.py took 0.607 seconds
[2022-05-19 03:15:10,162] {processor.py:153} INFO - Started process (PID=7150) to work on /opt/airflow/dags/ETL_Raizen.py
[2022-05-19 03:15:10,163] {processor.py:641} INFO - Processing file /opt/airflow/dags/ETL_Raizen.py for tasks to queue
[2022-05-19 03:15:10,165] {logging_mixin.py:115} INFO - [2022-05-19 03:15:10,164] {dagbag.py:507} INFO - Filling up the DagBag from /opt/airflow/dags/ETL_Raizen.py
[2022-05-19 03:15:10,598] {processor.py:651} INFO - DAG(s) dict_keys(['Teste_ETL_Raízen']) retrieved from /opt/airflow/dags/ETL_Raizen.py
[2022-05-19 03:15:10,628] {logging_mixin.py:115} INFO - [2022-05-19 03:15:10,627] {dag.py:2371} INFO - Sync 1 DAGs
[2022-05-19 03:15:10,661] {logging_mixin.py:115} INFO - [2022-05-19 03:15:10,661] {dag.py:2919} INFO - Setting next_dagrun for Teste_ETL_Raízen to 2022-05-19T01:30:00+00:00, run_after=2022-05-19T02:30:00+00:00
[2022-05-19 03:15:10,678] {processor.py:161} INFO - Processing /opt/airflow/dags/ETL_Raizen.py took 0.520 seconds
[2022-05-19 03:15:40,733] {processor.py:153} INFO - Started process (PID=7204) to work on /opt/airflow/dags/ETL_Raizen.py
[2022-05-19 03:15:40,734] {processor.py:641} INFO - Processing file /opt/airflow/dags/ETL_Raizen.py for tasks to queue
[2022-05-19 03:15:40,735] {logging_mixin.py:115} INFO - [2022-05-19 03:15:40,735] {dagbag.py:507} INFO - Filling up the DagBag from /opt/airflow/dags/ETL_Raizen.py
[2022-05-19 03:15:41,165] {processor.py:651} INFO - DAG(s) dict_keys(['Teste_ETL_Raízen']) retrieved from /opt/airflow/dags/ETL_Raizen.py
[2022-05-19 03:15:41,198] {logging_mixin.py:115} INFO - [2022-05-19 03:15:41,197] {dag.py:2371} INFO - Sync 1 DAGs
[2022-05-19 03:15:41,230] {logging_mixin.py:115} INFO - [2022-05-19 03:15:41,230] {dag.py:2919} INFO - Setting next_dagrun for Teste_ETL_Raízen to 2022-05-19T01:30:00+00:00, run_after=2022-05-19T02:30:00+00:00
[2022-05-19 03:15:41,253] {processor.py:161} INFO - Processing /opt/airflow/dags/ETL_Raizen.py took 0.525 seconds
[2022-05-19 03:16:11,313] {processor.py:153} INFO - Started process (PID=7269) to work on /opt/airflow/dags/ETL_Raizen.py
[2022-05-19 03:16:11,314] {processor.py:641} INFO - Processing file /opt/airflow/dags/ETL_Raizen.py for tasks to queue
[2022-05-19 03:16:11,316] {logging_mixin.py:115} INFO - [2022-05-19 03:16:11,316] {dagbag.py:507} INFO - Filling up the DagBag from /opt/airflow/dags/ETL_Raizen.py
[2022-05-19 03:16:11,666] {processor.py:651} INFO - DAG(s) dict_keys(['Teste_ETL_Raízen']) retrieved from /opt/airflow/dags/ETL_Raizen.py
[2022-05-19 03:16:11,707] {logging_mixin.py:115} INFO - [2022-05-19 03:16:11,705] {dag.py:2371} INFO - Sync 1 DAGs
[2022-05-19 03:16:11,752] {logging_mixin.py:115} INFO - [2022-05-19 03:16:11,751] {dag.py:2919} INFO - Setting next_dagrun for Teste_ETL_Raízen to 2022-05-19T01:30:00+00:00, run_after=2022-05-19T02:30:00+00:00
[2022-05-19 03:16:11,775] {processor.py:161} INFO - Processing /opt/airflow/dags/ETL_Raizen.py took 0.467 seconds
[2022-05-19 03:16:42,536] {processor.py:153} INFO - Started process (PID=7333) to work on /opt/airflow/dags/ETL_Raizen.py
[2022-05-19 03:16:42,537] {processor.py:641} INFO - Processing file /opt/airflow/dags/ETL_Raizen.py for tasks to queue
[2022-05-19 03:16:42,540] {logging_mixin.py:115} INFO - [2022-05-19 03:16:42,539] {dagbag.py:507} INFO - Filling up the DagBag from /opt/airflow/dags/ETL_Raizen.py
[2022-05-19 03:16:42,933] {processor.py:651} INFO - DAG(s) dict_keys(['Teste_ETL_Raízen']) retrieved from /opt/airflow/dags/ETL_Raizen.py
[2022-05-19 03:16:42,966] {logging_mixin.py:115} INFO - [2022-05-19 03:16:42,965] {dag.py:2371} INFO - Sync 1 DAGs
[2022-05-19 03:16:42,997] {logging_mixin.py:115} INFO - [2022-05-19 03:16:42,997] {dag.py:2919} INFO - Setting next_dagrun for Teste_ETL_Raízen to 2022-05-19T01:30:00+00:00, run_after=2022-05-19T02:30:00+00:00
[2022-05-19 03:16:43,022] {processor.py:161} INFO - Processing /opt/airflow/dags/ETL_Raizen.py took 0.494 seconds
[2022-05-19 03:17:13,499] {processor.py:153} INFO - Started process (PID=7388) to work on /opt/airflow/dags/ETL_Raizen.py
[2022-05-19 03:17:13,500] {processor.py:641} INFO - Processing file /opt/airflow/dags/ETL_Raizen.py for tasks to queue
[2022-05-19 03:17:13,501] {logging_mixin.py:115} INFO - [2022-05-19 03:17:13,501] {dagbag.py:507} INFO - Filling up the DagBag from /opt/airflow/dags/ETL_Raizen.py
[2022-05-19 03:17:13,864] {processor.py:651} INFO - DAG(s) dict_keys(['Teste_ETL_Raízen']) retrieved from /opt/airflow/dags/ETL_Raizen.py
[2022-05-19 03:17:13,895] {logging_mixin.py:115} INFO - [2022-05-19 03:17:13,894] {dag.py:2371} INFO - Sync 1 DAGs
[2022-05-19 03:17:13,920] {logging_mixin.py:115} INFO - [2022-05-19 03:17:13,920] {dag.py:2919} INFO - Setting next_dagrun for Teste_ETL_Raízen to 2022-05-19T01:30:00+00:00, run_after=2022-05-19T02:30:00+00:00
[2022-05-19 03:17:13,934] {processor.py:161} INFO - Processing /opt/airflow/dags/ETL_Raizen.py took 0.438 seconds
[2022-05-19 03:17:44,052] {processor.py:153} INFO - Started process (PID=7454) to work on /opt/airflow/dags/ETL_Raizen.py
[2022-05-19 03:17:44,054] {processor.py:641} INFO - Processing file /opt/airflow/dags/ETL_Raizen.py for tasks to queue
[2022-05-19 03:17:44,055] {logging_mixin.py:115} INFO - [2022-05-19 03:17:44,055] {dagbag.py:507} INFO - Filling up the DagBag from /opt/airflow/dags/ETL_Raizen.py
[2022-05-19 03:17:44,410] {processor.py:651} INFO - DAG(s) dict_keys(['Teste_ETL_Raízen']) retrieved from /opt/airflow/dags/ETL_Raizen.py
[2022-05-19 03:17:44,440] {logging_mixin.py:115} INFO - [2022-05-19 03:17:44,439] {dag.py:2371} INFO - Sync 1 DAGs
[2022-05-19 03:17:44,467] {logging_mixin.py:115} INFO - [2022-05-19 03:17:44,467] {dag.py:2919} INFO - Setting next_dagrun for Teste_ETL_Raízen to 2022-05-19T01:30:00+00:00, run_after=2022-05-19T02:30:00+00:00
[2022-05-19 03:17:44,481] {processor.py:161} INFO - Processing /opt/airflow/dags/ETL_Raizen.py took 0.433 seconds
[2022-05-19 03:18:14,514] {processor.py:153} INFO - Started process (PID=7509) to work on /opt/airflow/dags/ETL_Raizen.py
[2022-05-19 03:18:14,515] {processor.py:641} INFO - Processing file /opt/airflow/dags/ETL_Raizen.py for tasks to queue
[2022-05-19 03:18:14,516] {logging_mixin.py:115} INFO - [2022-05-19 03:18:14,515] {dagbag.py:507} INFO - Filling up the DagBag from /opt/airflow/dags/ETL_Raizen.py
[2022-05-19 03:18:14,795] {processor.py:651} INFO - DAG(s) dict_keys(['Teste_ETL_Raízen']) retrieved from /opt/airflow/dags/ETL_Raizen.py
[2022-05-19 03:18:14,825] {logging_mixin.py:115} INFO - [2022-05-19 03:18:14,824] {dag.py:2371} INFO - Sync 1 DAGs
[2022-05-19 03:18:14,851] {logging_mixin.py:115} INFO - [2022-05-19 03:18:14,850] {dag.py:2919} INFO - Setting next_dagrun for Teste_ETL_Raízen to 2022-05-19T01:30:00+00:00, run_after=2022-05-19T02:30:00+00:00
[2022-05-19 03:18:14,865] {processor.py:161} INFO - Processing /opt/airflow/dags/ETL_Raizen.py took 0.355 seconds
[2022-05-19 03:18:45,064] {processor.py:153} INFO - Started process (PID=7574) to work on /opt/airflow/dags/ETL_Raizen.py
[2022-05-19 03:18:45,065] {processor.py:641} INFO - Processing file /opt/airflow/dags/ETL_Raizen.py for tasks to queue
[2022-05-19 03:18:45,066] {logging_mixin.py:115} INFO - [2022-05-19 03:18:45,066] {dagbag.py:507} INFO - Filling up the DagBag from /opt/airflow/dags/ETL_Raizen.py
[2022-05-19 03:18:45,374] {processor.py:651} INFO - DAG(s) dict_keys(['Teste_ETL_Raízen']) retrieved from /opt/airflow/dags/ETL_Raizen.py
[2022-05-19 03:18:45,400] {logging_mixin.py:115} INFO - [2022-05-19 03:18:45,399] {dag.py:2371} INFO - Sync 1 DAGs
[2022-05-19 03:18:45,425] {logging_mixin.py:115} INFO - [2022-05-19 03:18:45,425] {dag.py:2919} INFO - Setting next_dagrun for Teste_ETL_Raízen to 2022-05-19T01:30:00+00:00, run_after=2022-05-19T02:30:00+00:00
[2022-05-19 03:18:45,438] {processor.py:161} INFO - Processing /opt/airflow/dags/ETL_Raizen.py took 0.379 seconds
[2022-05-19 03:19:16,346] {processor.py:153} INFO - Started process (PID=7640) to work on /opt/airflow/dags/ETL_Raizen.py
[2022-05-19 03:19:16,347] {processor.py:641} INFO - Processing file /opt/airflow/dags/ETL_Raizen.py for tasks to queue
[2022-05-19 03:19:16,349] {logging_mixin.py:115} INFO - [2022-05-19 03:19:16,349] {dagbag.py:507} INFO - Filling up the DagBag from /opt/airflow/dags/ETL_Raizen.py
[2022-05-19 03:19:17,062] {processor.py:651} INFO - DAG(s) dict_keys(['Teste_ETL_Raízen']) retrieved from /opt/airflow/dags/ETL_Raizen.py
[2022-05-19 03:19:17,104] {logging_mixin.py:115} INFO - [2022-05-19 03:19:17,103] {dag.py:2371} INFO - Sync 1 DAGs
[2022-05-19 03:19:17,148] {logging_mixin.py:115} INFO - [2022-05-19 03:19:17,148] {dag.py:2919} INFO - Setting next_dagrun for Teste_ETL_Raízen to 2022-05-19T02:30:00+00:00, run_after=2022-05-19T03:30:00+00:00
[2022-05-19 03:19:17,171] {processor.py:161} INFO - Processing /opt/airflow/dags/ETL_Raizen.py took 0.835 seconds
[2022-05-19 03:19:47,243] {processor.py:153} INFO - Started process (PID=7695) to work on /opt/airflow/dags/ETL_Raizen.py
[2022-05-19 03:19:47,244] {processor.py:641} INFO - Processing file /opt/airflow/dags/ETL_Raizen.py for tasks to queue
[2022-05-19 03:19:47,245] {logging_mixin.py:115} INFO - [2022-05-19 03:19:47,245] {dagbag.py:507} INFO - Filling up the DagBag from /opt/airflow/dags/ETL_Raizen.py
[2022-05-19 03:19:47,744] {processor.py:651} INFO - DAG(s) dict_keys(['Teste_ETL_Raízen']) retrieved from /opt/airflow/dags/ETL_Raizen.py
[2022-05-19 03:19:47,772] {logging_mixin.py:115} INFO - [2022-05-19 03:19:47,771] {dag.py:2371} INFO - Sync 1 DAGs
[2022-05-19 03:19:47,804] {logging_mixin.py:115} INFO - [2022-05-19 03:19:47,803] {dag.py:2919} INFO - Setting next_dagrun for Teste_ETL_Raízen to 2022-05-19T02:30:00+00:00, run_after=2022-05-19T03:30:00+00:00
[2022-05-19 03:19:47,822] {processor.py:161} INFO - Processing /opt/airflow/dags/ETL_Raizen.py took 0.584 seconds
[2022-05-19 03:20:18,792] {processor.py:153} INFO - Started process (PID=7761) to work on /opt/airflow/dags/ETL_Raizen.py
[2022-05-19 03:20:18,793] {processor.py:641} INFO - Processing file /opt/airflow/dags/ETL_Raizen.py for tasks to queue
[2022-05-19 03:20:18,794] {logging_mixin.py:115} INFO - [2022-05-19 03:20:18,794] {dagbag.py:507} INFO - Filling up the DagBag from /opt/airflow/dags/ETL_Raizen.py
[2022-05-19 03:20:19,090] {processor.py:651} INFO - DAG(s) dict_keys(['Teste_ETL_Raízen']) retrieved from /opt/airflow/dags/ETL_Raizen.py
[2022-05-19 03:20:19,118] {logging_mixin.py:115} INFO - [2022-05-19 03:20:19,117] {dag.py:2371} INFO - Sync 1 DAGs
[2022-05-19 03:20:19,143] {logging_mixin.py:115} INFO - [2022-05-19 03:20:19,143] {dag.py:2919} INFO - Setting next_dagrun for Teste_ETL_Raízen to 2022-05-19T02:30:00+00:00, run_after=2022-05-19T03:30:00+00:00
[2022-05-19 03:20:19,156] {processor.py:161} INFO - Processing /opt/airflow/dags/ETL_Raizen.py took 0.369 seconds
[2022-05-19 03:20:49,707] {processor.py:153} INFO - Started process (PID=7815) to work on /opt/airflow/dags/ETL_Raizen.py
[2022-05-19 03:20:49,708] {processor.py:641} INFO - Processing file /opt/airflow/dags/ETL_Raizen.py for tasks to queue
[2022-05-19 03:20:49,709] {logging_mixin.py:115} INFO - [2022-05-19 03:20:49,709] {dagbag.py:507} INFO - Filling up the DagBag from /opt/airflow/dags/ETL_Raizen.py
[2022-05-19 03:20:50,085] {processor.py:651} INFO - DAG(s) dict_keys(['Teste_ETL_Raízen']) retrieved from /opt/airflow/dags/ETL_Raizen.py
[2022-05-19 03:20:50,155] {logging_mixin.py:115} INFO - [2022-05-19 03:20:50,154] {dag.py:2371} INFO - Sync 1 DAGs
[2022-05-19 03:20:50,194] {logging_mixin.py:115} INFO - [2022-05-19 03:20:50,194] {dag.py:2919} INFO - Setting next_dagrun for Teste_ETL_Raízen to 2022-05-19T02:30:00+00:00, run_after=2022-05-19T03:30:00+00:00
[2022-05-19 03:20:50,211] {processor.py:161} INFO - Processing /opt/airflow/dags/ETL_Raizen.py took 0.508 seconds
[2022-05-19 03:21:20,583] {processor.py:153} INFO - Started process (PID=7879) to work on /opt/airflow/dags/ETL_Raizen.py
[2022-05-19 03:21:20,584] {processor.py:641} INFO - Processing file /opt/airflow/dags/ETL_Raizen.py for tasks to queue
[2022-05-19 03:21:20,585] {logging_mixin.py:115} INFO - [2022-05-19 03:21:20,585] {dagbag.py:507} INFO - Filling up the DagBag from /opt/airflow/dags/ETL_Raizen.py
[2022-05-19 03:21:20,885] {processor.py:651} INFO - DAG(s) dict_keys(['Teste_ETL_Raízen']) retrieved from /opt/airflow/dags/ETL_Raizen.py
[2022-05-19 03:21:20,915] {logging_mixin.py:115} INFO - [2022-05-19 03:21:20,914] {dag.py:2371} INFO - Sync 1 DAGs
[2022-05-19 03:21:20,945] {logging_mixin.py:115} INFO - [2022-05-19 03:21:20,945] {dag.py:2919} INFO - Setting next_dagrun for Teste_ETL_Raízen to 2022-05-19T02:30:00+00:00, run_after=2022-05-19T03:30:00+00:00
[2022-05-19 03:21:20,960] {processor.py:161} INFO - Processing /opt/airflow/dags/ETL_Raizen.py took 0.381 seconds
[2022-05-19 03:21:51,045] {processor.py:153} INFO - Started process (PID=7934) to work on /opt/airflow/dags/ETL_Raizen.py
[2022-05-19 03:21:51,046] {processor.py:641} INFO - Processing file /opt/airflow/dags/ETL_Raizen.py for tasks to queue
[2022-05-19 03:21:51,047] {logging_mixin.py:115} INFO - [2022-05-19 03:21:51,047] {dagbag.py:507} INFO - Filling up the DagBag from /opt/airflow/dags/ETL_Raizen.py
[2022-05-19 03:21:51,447] {processor.py:651} INFO - DAG(s) dict_keys(['Teste_ETL_Raízen']) retrieved from /opt/airflow/dags/ETL_Raizen.py
[2022-05-19 03:21:51,480] {logging_mixin.py:115} INFO - [2022-05-19 03:21:51,479] {dag.py:2371} INFO - Sync 1 DAGs
[2022-05-19 03:21:51,510] {logging_mixin.py:115} INFO - [2022-05-19 03:21:51,510] {dag.py:2919} INFO - Setting next_dagrun for Teste_ETL_Raízen to 2022-05-19T02:30:00+00:00, run_after=2022-05-19T03:30:00+00:00
[2022-05-19 03:21:51,527] {processor.py:161} INFO - Processing /opt/airflow/dags/ETL_Raizen.py took 0.487 seconds
[2022-05-19 03:22:22,270] {processor.py:153} INFO - Started process (PID=7999) to work on /opt/airflow/dags/ETL_Raizen.py
[2022-05-19 03:22:22,271] {processor.py:641} INFO - Processing file /opt/airflow/dags/ETL_Raizen.py for tasks to queue
[2022-05-19 03:22:22,272] {logging_mixin.py:115} INFO - [2022-05-19 03:22:22,271] {dagbag.py:507} INFO - Filling up the DagBag from /opt/airflow/dags/ETL_Raizen.py
[2022-05-19 03:22:22,629] {processor.py:651} INFO - DAG(s) dict_keys(['Teste_ETL_Raízen']) retrieved from /opt/airflow/dags/ETL_Raizen.py
[2022-05-19 03:22:22,662] {logging_mixin.py:115} INFO - [2022-05-19 03:22:22,659] {dag.py:2371} INFO - Sync 1 DAGs
[2022-05-19 03:22:22,690] {logging_mixin.py:115} INFO - [2022-05-19 03:22:22,690] {dag.py:2919} INFO - Setting next_dagrun for Teste_ETL_Raízen to 2022-05-19T02:30:00+00:00, run_after=2022-05-19T03:30:00+00:00
[2022-05-19 03:22:22,704] {processor.py:161} INFO - Processing /opt/airflow/dags/ETL_Raizen.py took 0.438 seconds
[2022-05-19 03:22:53,634] {processor.py:153} INFO - Started process (PID=8054) to work on /opt/airflow/dags/ETL_Raizen.py
[2022-05-19 03:22:53,634] {processor.py:641} INFO - Processing file /opt/airflow/dags/ETL_Raizen.py for tasks to queue
[2022-05-19 03:22:53,635] {logging_mixin.py:115} INFO - [2022-05-19 03:22:53,635] {dagbag.py:507} INFO - Filling up the DagBag from /opt/airflow/dags/ETL_Raizen.py
[2022-05-19 03:22:53,936] {processor.py:651} INFO - DAG(s) dict_keys(['Teste_ETL_Raízen']) retrieved from /opt/airflow/dags/ETL_Raizen.py
[2022-05-19 03:22:53,966] {logging_mixin.py:115} INFO - [2022-05-19 03:22:53,964] {dag.py:2371} INFO - Sync 1 DAGs
[2022-05-19 03:22:53,993] {logging_mixin.py:115} INFO - [2022-05-19 03:22:53,993] {dag.py:2919} INFO - Setting next_dagrun for Teste_ETL_Raízen to 2022-05-19T02:30:00+00:00, run_after=2022-05-19T03:30:00+00:00
[2022-05-19 03:22:54,008] {processor.py:161} INFO - Processing /opt/airflow/dags/ETL_Raizen.py took 0.378 seconds
[2022-05-19 03:23:13,607] {processor.py:153} INFO - Started process (PID=8101) to work on /opt/airflow/dags/ETL_Raizen.py
[2022-05-19 03:23:13,608] {processor.py:641} INFO - Processing file /opt/airflow/dags/ETL_Raizen.py for tasks to queue
[2022-05-19 03:23:13,609] {logging_mixin.py:115} INFO - [2022-05-19 03:23:13,609] {dagbag.py:507} INFO - Filling up the DagBag from /opt/airflow/dags/ETL_Raizen.py
[2022-05-19 03:23:13,939] {processor.py:651} INFO - DAG(s) dict_keys(['Teste_ETL_Raízen']) retrieved from /opt/airflow/dags/ETL_Raizen.py
[2022-05-19 03:23:13,970] {logging_mixin.py:115} INFO - [2022-05-19 03:23:13,969] {dag.py:2371} INFO - Sync 1 DAGs
[2022-05-19 03:23:14,007] {logging_mixin.py:115} INFO - [2022-05-19 03:23:14,006] {dag.py:2919} INFO - Setting next_dagrun for Teste_ETL_Raízen to 2022-05-19T02:30:00+00:00, run_after=2022-05-19T03:30:00+00:00
[2022-05-19 03:23:14,027] {processor.py:161} INFO - Processing /opt/airflow/dags/ETL_Raizen.py took 0.424 seconds
[2022-05-19 03:23:44,390] {processor.py:153} INFO - Started process (PID=8164) to work on /opt/airflow/dags/ETL_Raizen.py
[2022-05-19 03:23:44,392] {processor.py:641} INFO - Processing file /opt/airflow/dags/ETL_Raizen.py for tasks to queue
[2022-05-19 03:23:44,394] {logging_mixin.py:115} INFO - [2022-05-19 03:23:44,394] {dagbag.py:507} INFO - Filling up the DagBag from /opt/airflow/dags/ETL_Raizen.py
[2022-05-19 03:23:45,611] {processor.py:651} INFO - DAG(s) dict_keys(['Teste_ETL_Raízen']) retrieved from /opt/airflow/dags/ETL_Raizen.py
[2022-05-19 03:23:45,692] {logging_mixin.py:115} INFO - [2022-05-19 03:23:45,690] {dag.py:2371} INFO - Sync 1 DAGs
[2022-05-19 03:23:45,757] {logging_mixin.py:115} INFO - [2022-05-19 03:23:45,756] {dag.py:2919} INFO - Setting next_dagrun for Teste_ETL_Raízen to 2022-05-19T02:30:00+00:00, run_after=2022-05-19T03:30:00+00:00
[2022-05-19 03:23:45,790] {processor.py:161} INFO - Processing /opt/airflow/dags/ETL_Raizen.py took 1.411 seconds
[2022-05-19 03:24:16,247] {processor.py:153} INFO - Started process (PID=8219) to work on /opt/airflow/dags/ETL_Raizen.py
[2022-05-19 03:24:16,248] {processor.py:641} INFO - Processing file /opt/airflow/dags/ETL_Raizen.py for tasks to queue
[2022-05-19 03:24:16,249] {logging_mixin.py:115} INFO - [2022-05-19 03:24:16,249] {dagbag.py:507} INFO - Filling up the DagBag from /opt/airflow/dags/ETL_Raizen.py
[2022-05-19 03:24:16,768] {processor.py:651} INFO - DAG(s) dict_keys(['Teste_ETL_Raízen']) retrieved from /opt/airflow/dags/ETL_Raizen.py
[2022-05-19 03:24:16,794] {logging_mixin.py:115} INFO - [2022-05-19 03:24:16,793] {dag.py:2371} INFO - Sync 1 DAGs
[2022-05-19 03:24:16,819] {logging_mixin.py:115} INFO - [2022-05-19 03:24:16,819] {dag.py:2919} INFO - Setting next_dagrun for Teste_ETL_Raízen to 2022-05-19T02:30:00+00:00, run_after=2022-05-19T03:30:00+00:00
[2022-05-19 03:24:16,833] {processor.py:161} INFO - Processing /opt/airflow/dags/ETL_Raizen.py took 0.590 seconds
[2022-05-19 03:24:46,944] {processor.py:153} INFO - Started process (PID=8287) to work on /opt/airflow/dags/ETL_Raizen.py
[2022-05-19 03:24:46,949] {processor.py:641} INFO - Processing file /opt/airflow/dags/ETL_Raizen.py for tasks to queue
[2022-05-19 03:24:46,957] {logging_mixin.py:115} INFO - [2022-05-19 03:24:46,956] {dagbag.py:507} INFO - Filling up the DagBag from /opt/airflow/dags/ETL_Raizen.py
[2022-05-19 03:24:47,736] {processor.py:651} INFO - DAG(s) dict_keys(['Teste_ETL_Raízen']) retrieved from /opt/airflow/dags/ETL_Raizen.py
[2022-05-19 03:24:47,781] {logging_mixin.py:115} INFO - [2022-05-19 03:24:47,780] {dag.py:2371} INFO - Sync 1 DAGs
[2022-05-19 03:24:47,822] {logging_mixin.py:115} INFO - [2022-05-19 03:24:47,822] {dag.py:2919} INFO - Setting next_dagrun for Teste_ETL_Raízen to 2022-05-19T02:30:00+00:00, run_after=2022-05-19T03:30:00+00:00
[2022-05-19 03:24:47,841] {processor.py:161} INFO - Processing /opt/airflow/dags/ETL_Raizen.py took 0.913 seconds
[2022-05-19 03:25:18,652] {processor.py:153} INFO - Started process (PID=8350) to work on /opt/airflow/dags/ETL_Raizen.py
[2022-05-19 03:25:18,654] {processor.py:641} INFO - Processing file /opt/airflow/dags/ETL_Raizen.py for tasks to queue
[2022-05-19 03:25:18,655] {logging_mixin.py:115} INFO - [2022-05-19 03:25:18,655] {dagbag.py:507} INFO - Filling up the DagBag from /opt/airflow/dags/ETL_Raizen.py
[2022-05-19 03:25:18,987] {processor.py:651} INFO - DAG(s) dict_keys(['Teste_ETL_Raízen']) retrieved from /opt/airflow/dags/ETL_Raizen.py
[2022-05-19 03:25:19,014] {logging_mixin.py:115} INFO - [2022-05-19 03:25:19,013] {dag.py:2371} INFO - Sync 1 DAGs
[2022-05-19 03:25:19,040] {logging_mixin.py:115} INFO - [2022-05-19 03:25:19,039] {dag.py:2919} INFO - Setting next_dagrun for Teste_ETL_Raízen to 2022-05-19T02:30:00+00:00, run_after=2022-05-19T03:30:00+00:00
[2022-05-19 03:25:19,055] {processor.py:161} INFO - Processing /opt/airflow/dags/ETL_Raizen.py took 0.408 seconds
[2022-05-19 03:25:49,506] {processor.py:153} INFO - Started process (PID=8408) to work on /opt/airflow/dags/ETL_Raizen.py
[2022-05-19 03:25:49,507] {processor.py:641} INFO - Processing file /opt/airflow/dags/ETL_Raizen.py for tasks to queue
[2022-05-19 03:25:49,508] {logging_mixin.py:115} INFO - [2022-05-19 03:25:49,508] {dagbag.py:507} INFO - Filling up the DagBag from /opt/airflow/dags/ETL_Raizen.py
[2022-05-19 03:25:49,814] {processor.py:651} INFO - DAG(s) dict_keys(['Teste_ETL_Raízen']) retrieved from /opt/airflow/dags/ETL_Raizen.py
[2022-05-19 03:25:49,845] {logging_mixin.py:115} INFO - [2022-05-19 03:25:49,844] {dag.py:2371} INFO - Sync 1 DAGs
[2022-05-19 03:25:49,871] {logging_mixin.py:115} INFO - [2022-05-19 03:25:49,871] {dag.py:2919} INFO - Setting next_dagrun for Teste_ETL_Raízen to 2022-05-19T02:30:00+00:00, run_after=2022-05-19T03:30:00+00:00
[2022-05-19 03:25:49,885] {processor.py:161} INFO - Processing /opt/airflow/dags/ETL_Raizen.py took 0.383 seconds
[2022-05-19 03:26:19,969] {processor.py:153} INFO - Started process (PID=8474) to work on /opt/airflow/dags/ETL_Raizen.py
[2022-05-19 03:26:19,970] {processor.py:641} INFO - Processing file /opt/airflow/dags/ETL_Raizen.py for tasks to queue
[2022-05-19 03:26:19,971] {logging_mixin.py:115} INFO - [2022-05-19 03:26:19,971] {dagbag.py:507} INFO - Filling up the DagBag from /opt/airflow/dags/ETL_Raizen.py
[2022-05-19 03:26:20,257] {processor.py:651} INFO - DAG(s) dict_keys(['Teste_ETL_Raízen']) retrieved from /opt/airflow/dags/ETL_Raizen.py
[2022-05-19 03:26:20,287] {logging_mixin.py:115} INFO - [2022-05-19 03:26:20,286] {dag.py:2371} INFO - Sync 1 DAGs
[2022-05-19 03:26:20,323] {logging_mixin.py:115} INFO - [2022-05-19 03:26:20,323] {dag.py:2919} INFO - Setting next_dagrun for Teste_ETL_Raízen to 2022-05-19T02:30:00+00:00, run_after=2022-05-19T03:30:00+00:00
[2022-05-19 03:26:20,339] {processor.py:161} INFO - Processing /opt/airflow/dags/ETL_Raizen.py took 0.373 seconds
[2022-05-19 03:26:50,589] {processor.py:153} INFO - Started process (PID=8529) to work on /opt/airflow/dags/ETL_Raizen.py
[2022-05-19 03:26:50,590] {processor.py:641} INFO - Processing file /opt/airflow/dags/ETL_Raizen.py for tasks to queue
[2022-05-19 03:26:50,592] {logging_mixin.py:115} INFO - [2022-05-19 03:26:50,591] {dagbag.py:507} INFO - Filling up the DagBag from /opt/airflow/dags/ETL_Raizen.py
[2022-05-19 03:26:50,895] {processor.py:651} INFO - DAG(s) dict_keys(['Teste_ETL_Raízen']) retrieved from /opt/airflow/dags/ETL_Raizen.py
[2022-05-19 03:26:50,922] {logging_mixin.py:115} INFO - [2022-05-19 03:26:50,921] {dag.py:2371} INFO - Sync 1 DAGs
[2022-05-19 03:26:50,947] {logging_mixin.py:115} INFO - [2022-05-19 03:26:50,947] {dag.py:2919} INFO - Setting next_dagrun for Teste_ETL_Raízen to 2022-05-19T02:30:00+00:00, run_after=2022-05-19T03:30:00+00:00
[2022-05-19 03:26:50,961] {processor.py:161} INFO - Processing /opt/airflow/dags/ETL_Raizen.py took 0.377 seconds
[2022-05-19 03:27:21,682] {processor.py:153} INFO - Started process (PID=8594) to work on /opt/airflow/dags/ETL_Raizen.py
[2022-05-19 03:27:21,684] {processor.py:641} INFO - Processing file /opt/airflow/dags/ETL_Raizen.py for tasks to queue
[2022-05-19 03:27:21,687] {logging_mixin.py:115} INFO - [2022-05-19 03:27:21,687] {dagbag.py:507} INFO - Filling up the DagBag from /opt/airflow/dags/ETL_Raizen.py
[2022-05-19 03:27:22,120] {processor.py:651} INFO - DAG(s) dict_keys(['Teste_ETL_Raízen']) retrieved from /opt/airflow/dags/ETL_Raizen.py
[2022-05-19 03:27:22,151] {logging_mixin.py:115} INFO - [2022-05-19 03:27:22,150] {dag.py:2371} INFO - Sync 1 DAGs
[2022-05-19 03:27:22,188] {logging_mixin.py:115} INFO - [2022-05-19 03:27:22,188] {dag.py:2919} INFO - Setting next_dagrun for Teste_ETL_Raízen to 2022-05-19T02:30:00+00:00, run_after=2022-05-19T03:30:00+00:00
[2022-05-19 03:27:22,206] {processor.py:161} INFO - Processing /opt/airflow/dags/ETL_Raizen.py took 0.533 seconds
[2022-05-19 03:27:52,925] {processor.py:153} INFO - Started process (PID=8660) to work on /opt/airflow/dags/ETL_Raizen.py
[2022-05-19 03:27:52,926] {processor.py:641} INFO - Processing file /opt/airflow/dags/ETL_Raizen.py for tasks to queue
[2022-05-19 03:27:52,927] {logging_mixin.py:115} INFO - [2022-05-19 03:27:52,927] {dagbag.py:507} INFO - Filling up the DagBag from /opt/airflow/dags/ETL_Raizen.py
[2022-05-19 03:27:53,235] {processor.py:651} INFO - DAG(s) dict_keys(['Teste_ETL_Raízen']) retrieved from /opt/airflow/dags/ETL_Raizen.py
[2022-05-19 03:27:53,268] {logging_mixin.py:115} INFO - [2022-05-19 03:27:53,267] {dag.py:2371} INFO - Sync 1 DAGs
[2022-05-19 03:27:53,295] {logging_mixin.py:115} INFO - [2022-05-19 03:27:53,295] {dag.py:2919} INFO - Setting next_dagrun for Teste_ETL_Raízen to 2022-05-19T02:30:00+00:00, run_after=2022-05-19T03:30:00+00:00
[2022-05-19 03:27:53,309] {processor.py:161} INFO - Processing /opt/airflow/dags/ETL_Raizen.py took 0.388 seconds
[2022-05-19 03:28:23,951] {processor.py:153} INFO - Started process (PID=8714) to work on /opt/airflow/dags/ETL_Raizen.py
[2022-05-19 03:28:23,952] {processor.py:641} INFO - Processing file /opt/airflow/dags/ETL_Raizen.py for tasks to queue
[2022-05-19 03:28:23,954] {logging_mixin.py:115} INFO - [2022-05-19 03:28:23,954] {dagbag.py:507} INFO - Filling up the DagBag from /opt/airflow/dags/ETL_Raizen.py
[2022-05-19 03:28:24,539] {processor.py:651} INFO - DAG(s) dict_keys(['Teste_ETL_Raízen']) retrieved from /opt/airflow/dags/ETL_Raizen.py
[2022-05-19 03:28:24,604] {logging_mixin.py:115} INFO - [2022-05-19 03:28:24,602] {dag.py:2371} INFO - Sync 1 DAGs
[2022-05-19 03:28:24,661] {logging_mixin.py:115} INFO - [2022-05-19 03:28:24,660] {dag.py:2919} INFO - Setting next_dagrun for Teste_ETL_Raízen to 2022-05-19T02:30:00+00:00, run_after=2022-05-19T03:30:00+00:00
[2022-05-19 03:28:24,690] {processor.py:161} INFO - Processing /opt/airflow/dags/ETL_Raizen.py took 0.745 seconds
[2022-05-19 03:28:55,566] {processor.py:153} INFO - Started process (PID=8777) to work on /opt/airflow/dags/ETL_Raizen.py
[2022-05-19 03:28:55,567] {processor.py:641} INFO - Processing file /opt/airflow/dags/ETL_Raizen.py for tasks to queue
[2022-05-19 03:28:55,568] {logging_mixin.py:115} INFO - [2022-05-19 03:28:55,568] {dagbag.py:507} INFO - Filling up the DagBag from /opt/airflow/dags/ETL_Raizen.py
[2022-05-19 03:28:55,894] {processor.py:651} INFO - DAG(s) dict_keys(['Teste_ETL_Raízen']) retrieved from /opt/airflow/dags/ETL_Raizen.py
[2022-05-19 03:28:55,936] {logging_mixin.py:115} INFO - [2022-05-19 03:28:55,928] {dag.py:2371} INFO - Sync 1 DAGs
[2022-05-19 03:28:55,988] {logging_mixin.py:115} INFO - [2022-05-19 03:28:55,988] {dag.py:2919} INFO - Setting next_dagrun for Teste_ETL_Raízen to 2022-05-19T02:30:00+00:00, run_after=2022-05-19T03:30:00+00:00
[2022-05-19 03:28:56,014] {processor.py:161} INFO - Processing /opt/airflow/dags/ETL_Raizen.py took 0.453 seconds
[2022-05-19 03:29:26,242] {processor.py:153} INFO - Started process (PID=8831) to work on /opt/airflow/dags/ETL_Raizen.py
[2022-05-19 03:29:26,243] {processor.py:641} INFO - Processing file /opt/airflow/dags/ETL_Raizen.py for tasks to queue
[2022-05-19 03:29:26,244] {logging_mixin.py:115} INFO - [2022-05-19 03:29:26,244] {dagbag.py:507} INFO - Filling up the DagBag from /opt/airflow/dags/ETL_Raizen.py
[2022-05-19 03:29:26,532] {processor.py:651} INFO - DAG(s) dict_keys(['Teste_ETL_Raízen']) retrieved from /opt/airflow/dags/ETL_Raizen.py
[2022-05-19 03:29:26,559] {logging_mixin.py:115} INFO - [2022-05-19 03:29:26,558] {dag.py:2371} INFO - Sync 1 DAGs
[2022-05-19 03:29:26,584] {logging_mixin.py:115} INFO - [2022-05-19 03:29:26,584] {dag.py:2919} INFO - Setting next_dagrun for Teste_ETL_Raízen to 2022-05-19T02:30:00+00:00, run_after=2022-05-19T03:30:00+00:00
[2022-05-19 03:29:26,600] {processor.py:161} INFO - Processing /opt/airflow/dags/ETL_Raizen.py took 0.361 seconds
[2022-05-19 03:29:56,645] {processor.py:153} INFO - Started process (PID=8896) to work on /opt/airflow/dags/ETL_Raizen.py
[2022-05-19 03:29:56,646] {processor.py:641} INFO - Processing file /opt/airflow/dags/ETL_Raizen.py for tasks to queue
[2022-05-19 03:29:56,647] {logging_mixin.py:115} INFO - [2022-05-19 03:29:56,647] {dagbag.py:507} INFO - Filling up the DagBag from /opt/airflow/dags/ETL_Raizen.py
[2022-05-19 03:29:56,941] {processor.py:651} INFO - DAG(s) dict_keys(['Teste_ETL_Raízen']) retrieved from /opt/airflow/dags/ETL_Raizen.py
[2022-05-19 03:29:56,969] {logging_mixin.py:115} INFO - [2022-05-19 03:29:56,968] {dag.py:2371} INFO - Sync 1 DAGs
[2022-05-19 03:29:56,995] {logging_mixin.py:115} INFO - [2022-05-19 03:29:56,995] {dag.py:2919} INFO - Setting next_dagrun for Teste_ETL_Raízen to 2022-05-19T02:30:00+00:00, run_after=2022-05-19T03:30:00+00:00
[2022-05-19 03:29:57,011] {processor.py:161} INFO - Processing /opt/airflow/dags/ETL_Raizen.py took 0.370 seconds
[2022-05-19 03:30:27,105] {processor.py:153} INFO - Started process (PID=8951) to work on /opt/airflow/dags/ETL_Raizen.py
[2022-05-19 03:30:27,106] {processor.py:641} INFO - Processing file /opt/airflow/dags/ETL_Raizen.py for tasks to queue
[2022-05-19 03:30:27,107] {logging_mixin.py:115} INFO - [2022-05-19 03:30:27,106] {dagbag.py:507} INFO - Filling up the DagBag from /opt/airflow/dags/ETL_Raizen.py
[2022-05-19 03:30:27,489] {processor.py:651} INFO - DAG(s) dict_keys(['Teste_ETL_Raízen']) retrieved from /opt/airflow/dags/ETL_Raizen.py
[2022-05-19 03:30:27,517] {logging_mixin.py:115} INFO - [2022-05-19 03:30:27,516] {dag.py:2371} INFO - Sync 1 DAGs
[2022-05-19 03:30:27,544] {logging_mixin.py:115} INFO - [2022-05-19 03:30:27,543] {dag.py:2919} INFO - Setting next_dagrun for Teste_ETL_Raízen to 2022-05-19T03:30:00+00:00, run_after=2022-05-19T04:30:00+00:00
[2022-05-19 03:30:27,559] {processor.py:161} INFO - Processing /opt/airflow/dags/ETL_Raizen.py took 0.457 seconds
[2022-05-19 03:30:58,453] {processor.py:153} INFO - Started process (PID=9015) to work on /opt/airflow/dags/ETL_Raizen.py
[2022-05-19 03:30:58,454] {processor.py:641} INFO - Processing file /opt/airflow/dags/ETL_Raizen.py for tasks to queue
[2022-05-19 03:30:58,456] {logging_mixin.py:115} INFO - [2022-05-19 03:30:58,455] {dagbag.py:507} INFO - Filling up the DagBag from /opt/airflow/dags/ETL_Raizen.py
[2022-05-19 03:30:58,847] {processor.py:651} INFO - DAG(s) dict_keys(['Teste_ETL_Raízen']) retrieved from /opt/airflow/dags/ETL_Raizen.py
[2022-05-19 03:30:58,875] {logging_mixin.py:115} INFO - [2022-05-19 03:30:58,874] {dag.py:2371} INFO - Sync 1 DAGs
[2022-05-19 03:30:58,901] {logging_mixin.py:115} INFO - [2022-05-19 03:30:58,901] {dag.py:2919} INFO - Setting next_dagrun for Teste_ETL_Raízen to 2022-05-19T03:30:00+00:00, run_after=2022-05-19T04:30:00+00:00
[2022-05-19 03:30:58,917] {processor.py:161} INFO - Processing /opt/airflow/dags/ETL_Raizen.py took 0.473 seconds
[2022-05-19 03:31:29,828] {processor.py:153} INFO - Started process (PID=9077) to work on /opt/airflow/dags/ETL_Raizen.py
[2022-05-19 03:31:29,829] {processor.py:641} INFO - Processing file /opt/airflow/dags/ETL_Raizen.py for tasks to queue
[2022-05-19 03:31:29,830] {logging_mixin.py:115} INFO - [2022-05-19 03:31:29,830] {dagbag.py:507} INFO - Filling up the DagBag from /opt/airflow/dags/ETL_Raizen.py
[2022-05-19 03:31:30,183] {processor.py:651} INFO - DAG(s) dict_keys(['Teste_ETL_Raízen']) retrieved from /opt/airflow/dags/ETL_Raizen.py
[2022-05-19 03:31:30,210] {logging_mixin.py:115} INFO - [2022-05-19 03:31:30,209] {dag.py:2371} INFO - Sync 1 DAGs
[2022-05-19 03:31:30,236] {logging_mixin.py:115} INFO - [2022-05-19 03:31:30,236] {dag.py:2919} INFO - Setting next_dagrun for Teste_ETL_Raízen to 2022-05-19T03:30:00+00:00, run_after=2022-05-19T04:30:00+00:00
[2022-05-19 03:31:30,255] {processor.py:161} INFO - Processing /opt/airflow/dags/ETL_Raizen.py took 0.432 seconds
[2022-05-19 03:32:00,538] {processor.py:153} INFO - Started process (PID=9134) to work on /opt/airflow/dags/ETL_Raizen.py
[2022-05-19 03:32:00,539] {processor.py:641} INFO - Processing file /opt/airflow/dags/ETL_Raizen.py for tasks to queue
[2022-05-19 03:32:00,541] {logging_mixin.py:115} INFO - [2022-05-19 03:32:00,541] {dagbag.py:507} INFO - Filling up the DagBag from /opt/airflow/dags/ETL_Raizen.py
[2022-05-19 03:32:00,997] {processor.py:651} INFO - DAG(s) dict_keys(['Teste_ETL_Raízen']) retrieved from /opt/airflow/dags/ETL_Raizen.py
[2022-05-19 03:32:01,027] {logging_mixin.py:115} INFO - [2022-05-19 03:32:01,026] {dag.py:2371} INFO - Sync 1 DAGs
[2022-05-19 03:32:01,053] {logging_mixin.py:115} INFO - [2022-05-19 03:32:01,053] {dag.py:2919} INFO - Setting next_dagrun for Teste_ETL_Raízen to 2022-05-19T03:30:00+00:00, run_after=2022-05-19T04:30:00+00:00
[2022-05-19 03:32:01,069] {processor.py:161} INFO - Processing /opt/airflow/dags/ETL_Raizen.py took 0.541 seconds
[2022-05-19 03:32:31,111] {processor.py:153} INFO - Started process (PID=9201) to work on /opt/airflow/dags/ETL_Raizen.py
[2022-05-19 03:32:31,112] {processor.py:641} INFO - Processing file /opt/airflow/dags/ETL_Raizen.py for tasks to queue
[2022-05-19 03:32:31,112] {logging_mixin.py:115} INFO - [2022-05-19 03:32:31,112] {dagbag.py:507} INFO - Filling up the DagBag from /opt/airflow/dags/ETL_Raizen.py
[2022-05-19 03:32:31,480] {processor.py:651} INFO - DAG(s) dict_keys(['Teste_ETL_Raízen']) retrieved from /opt/airflow/dags/ETL_Raizen.py
[2022-05-19 03:32:31,518] {logging_mixin.py:115} INFO - [2022-05-19 03:32:31,516] {dag.py:2371} INFO - Sync 1 DAGs
[2022-05-19 03:32:31,557] {logging_mixin.py:115} INFO - [2022-05-19 03:32:31,557] {dag.py:2919} INFO - Setting next_dagrun for Teste_ETL_Raízen to 2022-05-19T03:30:00+00:00, run_after=2022-05-19T04:30:00+00:00
[2022-05-19 03:32:31,580] {processor.py:161} INFO - Processing /opt/airflow/dags/ETL_Raizen.py took 0.474 seconds
[2022-05-19 03:33:01,715] {processor.py:153} INFO - Started process (PID=9255) to work on /opt/airflow/dags/ETL_Raizen.py
[2022-05-19 03:33:01,716] {processor.py:641} INFO - Processing file /opt/airflow/dags/ETL_Raizen.py for tasks to queue
[2022-05-19 03:33:01,717] {logging_mixin.py:115} INFO - [2022-05-19 03:33:01,717] {dagbag.py:507} INFO - Filling up the DagBag from /opt/airflow/dags/ETL_Raizen.py
[2022-05-19 03:33:01,989] {processor.py:651} INFO - DAG(s) dict_keys(['Teste_ETL_Raízen']) retrieved from /opt/airflow/dags/ETL_Raizen.py
[2022-05-19 03:33:02,017] {logging_mixin.py:115} INFO - [2022-05-19 03:33:02,016] {dag.py:2371} INFO - Sync 1 DAGs
[2022-05-19 03:33:02,043] {logging_mixin.py:115} INFO - [2022-05-19 03:33:02,043] {dag.py:2919} INFO - Setting next_dagrun for Teste_ETL_Raízen to 2022-05-19T03:30:00+00:00, run_after=2022-05-19T04:30:00+00:00
[2022-05-19 03:33:02,059] {processor.py:161} INFO - Processing /opt/airflow/dags/ETL_Raizen.py took 0.347 seconds
[2022-05-19 03:33:33,001] {processor.py:153} INFO - Started process (PID=9319) to work on /opt/airflow/dags/ETL_Raizen.py
[2022-05-19 03:33:33,002] {processor.py:641} INFO - Processing file /opt/airflow/dags/ETL_Raizen.py for tasks to queue
[2022-05-19 03:33:33,003] {logging_mixin.py:115} INFO - [2022-05-19 03:33:33,003] {dagbag.py:507} INFO - Filling up the DagBag from /opt/airflow/dags/ETL_Raizen.py
[2022-05-19 03:33:33,408] {processor.py:651} INFO - DAG(s) dict_keys(['Teste_ETL_Raízen']) retrieved from /opt/airflow/dags/ETL_Raizen.py
[2022-05-19 03:33:33,459] {logging_mixin.py:115} INFO - [2022-05-19 03:33:33,457] {dag.py:2371} INFO - Sync 1 DAGs
[2022-05-19 03:33:33,494] {logging_mixin.py:115} INFO - [2022-05-19 03:33:33,494] {dag.py:2919} INFO - Setting next_dagrun for Teste_ETL_Raízen to 2022-05-19T03:30:00+00:00, run_after=2022-05-19T04:30:00+00:00
[2022-05-19 03:33:33,510] {processor.py:161} INFO - Processing /opt/airflow/dags/ETL_Raizen.py took 0.512 seconds
[2022-05-19 03:34:03,906] {processor.py:153} INFO - Started process (PID=9375) to work on /opt/airflow/dags/ETL_Raizen.py
[2022-05-19 03:34:03,907] {processor.py:641} INFO - Processing file /opt/airflow/dags/ETL_Raizen.py for tasks to queue
[2022-05-19 03:34:03,908] {logging_mixin.py:115} INFO - [2022-05-19 03:34:03,908] {dagbag.py:507} INFO - Filling up the DagBag from /opt/airflow/dags/ETL_Raizen.py
[2022-05-19 03:34:04,171] {processor.py:651} INFO - DAG(s) dict_keys(['Teste_ETL_Raízen']) retrieved from /opt/airflow/dags/ETL_Raizen.py
[2022-05-19 03:34:04,207] {logging_mixin.py:115} INFO - [2022-05-19 03:34:04,206] {dag.py:2371} INFO - Sync 1 DAGs
[2022-05-19 03:34:04,234] {logging_mixin.py:115} INFO - [2022-05-19 03:34:04,234] {dag.py:2919} INFO - Setting next_dagrun for Teste_ETL_Raízen to 2022-05-19T03:30:00+00:00, run_after=2022-05-19T04:30:00+00:00
[2022-05-19 03:34:04,248] {processor.py:161} INFO - Processing /opt/airflow/dags/ETL_Raizen.py took 0.345 seconds
[2022-05-19 03:34:35,159] {processor.py:153} INFO - Started process (PID=9438) to work on /opt/airflow/dags/ETL_Raizen.py
[2022-05-19 03:34:35,160] {processor.py:641} INFO - Processing file /opt/airflow/dags/ETL_Raizen.py for tasks to queue
[2022-05-19 03:34:35,161] {logging_mixin.py:115} INFO - [2022-05-19 03:34:35,160] {dagbag.py:507} INFO - Filling up the DagBag from /opt/airflow/dags/ETL_Raizen.py
[2022-05-19 03:34:35,449] {processor.py:651} INFO - DAG(s) dict_keys(['Teste_ETL_Raízen']) retrieved from /opt/airflow/dags/ETL_Raizen.py
[2022-05-19 03:34:35,540] {logging_mixin.py:115} INFO - [2022-05-19 03:34:35,538] {dag.py:2371} INFO - Sync 1 DAGs
[2022-05-19 03:34:35,595] {logging_mixin.py:115} INFO - [2022-05-19 03:34:35,594] {dag.py:2919} INFO - Setting next_dagrun for Teste_ETL_Raízen to 2022-05-19T03:30:00+00:00, run_after=2022-05-19T04:30:00+00:00
[2022-05-19 03:34:35,616] {processor.py:161} INFO - Processing /opt/airflow/dags/ETL_Raizen.py took 0.461 seconds
[2022-05-19 03:35:05,790] {processor.py:153} INFO - Started process (PID=9502) to work on /opt/airflow/dags/ETL_Raizen.py
[2022-05-19 03:35:05,791] {processor.py:641} INFO - Processing file /opt/airflow/dags/ETL_Raizen.py for tasks to queue
[2022-05-19 03:35:05,792] {logging_mixin.py:115} INFO - [2022-05-19 03:35:05,792] {dagbag.py:507} INFO - Filling up the DagBag from /opt/airflow/dags/ETL_Raizen.py
[2022-05-19 03:35:06,187] {processor.py:651} INFO - DAG(s) dict_keys(['Teste_ETL_Raízen']) retrieved from /opt/airflow/dags/ETL_Raizen.py
[2022-05-19 03:35:06,221] {logging_mixin.py:115} INFO - [2022-05-19 03:35:06,220] {dag.py:2371} INFO - Sync 1 DAGs
[2022-05-19 03:35:06,263] {logging_mixin.py:115} INFO - [2022-05-19 03:35:06,263] {dag.py:2919} INFO - Setting next_dagrun for Teste_ETL_Raízen to 2022-05-19T03:30:00+00:00, run_after=2022-05-19T04:30:00+00:00
[2022-05-19 03:35:06,283] {processor.py:161} INFO - Processing /opt/airflow/dags/ETL_Raizen.py took 0.498 seconds
[2022-05-19 03:35:36,538] {processor.py:153} INFO - Started process (PID=9558) to work on /opt/airflow/dags/ETL_Raizen.py
[2022-05-19 03:35:36,540] {processor.py:641} INFO - Processing file /opt/airflow/dags/ETL_Raizen.py for tasks to queue
[2022-05-19 03:35:36,543] {logging_mixin.py:115} INFO - [2022-05-19 03:35:36,542] {dagbag.py:507} INFO - Filling up the DagBag from /opt/airflow/dags/ETL_Raizen.py
[2022-05-19 03:35:37,442] {processor.py:651} INFO - DAG(s) dict_keys(['Teste_ETL_Raízen']) retrieved from /opt/airflow/dags/ETL_Raizen.py
[2022-05-19 03:35:37,551] {logging_mixin.py:115} INFO - [2022-05-19 03:35:37,549] {dag.py:2371} INFO - Sync 1 DAGs
[2022-05-19 03:35:37,644] {logging_mixin.py:115} INFO - [2022-05-19 03:35:37,643] {dag.py:2919} INFO - Setting next_dagrun for Teste_ETL_Raízen to 2022-05-19T03:30:00+00:00, run_after=2022-05-19T04:30:00+00:00
[2022-05-19 03:35:37,686] {processor.py:161} INFO - Processing /opt/airflow/dags/ETL_Raizen.py took 1.163 seconds
[2022-05-19 03:36:08,286] {processor.py:153} INFO - Started process (PID=9622) to work on /opt/airflow/dags/ETL_Raizen.py
[2022-05-19 03:36:08,287] {processor.py:641} INFO - Processing file /opt/airflow/dags/ETL_Raizen.py for tasks to queue
[2022-05-19 03:36:08,288] {logging_mixin.py:115} INFO - [2022-05-19 03:36:08,288] {dagbag.py:507} INFO - Filling up the DagBag from /opt/airflow/dags/ETL_Raizen.py
[2022-05-19 03:36:08,599] {processor.py:651} INFO - DAG(s) dict_keys(['Teste_ETL_Raízen']) retrieved from /opt/airflow/dags/ETL_Raizen.py
[2022-05-19 03:36:08,630] {logging_mixin.py:115} INFO - [2022-05-19 03:36:08,628] {dag.py:2371} INFO - Sync 1 DAGs
[2022-05-19 03:36:08,661] {logging_mixin.py:115} INFO - [2022-05-19 03:36:08,660] {dag.py:2919} INFO - Setting next_dagrun for Teste_ETL_Raízen to 2022-05-19T03:30:00+00:00, run_after=2022-05-19T04:30:00+00:00
[2022-05-19 03:36:08,675] {processor.py:161} INFO - Processing /opt/airflow/dags/ETL_Raizen.py took 0.394 seconds
[2022-05-19 03:36:39,669] {processor.py:153} INFO - Started process (PID=9687) to work on /opt/airflow/dags/ETL_Raizen.py
[2022-05-19 03:36:39,670] {processor.py:641} INFO - Processing file /opt/airflow/dags/ETL_Raizen.py for tasks to queue
[2022-05-19 03:36:39,671] {logging_mixin.py:115} INFO - [2022-05-19 03:36:39,671] {dagbag.py:507} INFO - Filling up the DagBag from /opt/airflow/dags/ETL_Raizen.py
[2022-05-19 03:36:40,082] {processor.py:651} INFO - DAG(s) dict_keys(['Teste_ETL_Raízen']) retrieved from /opt/airflow/dags/ETL_Raizen.py
[2022-05-19 03:36:40,145] {logging_mixin.py:115} INFO - [2022-05-19 03:36:40,144] {dag.py:2371} INFO - Sync 1 DAGs
[2022-05-19 03:36:40,187] {logging_mixin.py:115} INFO - [2022-05-19 03:36:40,186] {dag.py:2919} INFO - Setting next_dagrun for Teste_ETL_Raízen to 2022-05-19T03:30:00+00:00, run_after=2022-05-19T04:30:00+00:00
[2022-05-19 03:36:40,208] {processor.py:161} INFO - Processing /opt/airflow/dags/ETL_Raizen.py took 0.543 seconds
[2022-05-19 03:37:11,222] {processor.py:153} INFO - Started process (PID=9743) to work on /opt/airflow/dags/ETL_Raizen.py
[2022-05-19 03:37:11,223] {processor.py:641} INFO - Processing file /opt/airflow/dags/ETL_Raizen.py for tasks to queue
[2022-05-19 03:37:11,224] {logging_mixin.py:115} INFO - [2022-05-19 03:37:11,224] {dagbag.py:507} INFO - Filling up the DagBag from /opt/airflow/dags/ETL_Raizen.py
[2022-05-19 03:37:11,542] {processor.py:651} INFO - DAG(s) dict_keys(['Teste_ETL_Raízen']) retrieved from /opt/airflow/dags/ETL_Raizen.py
[2022-05-19 03:37:11,568] {logging_mixin.py:115} INFO - [2022-05-19 03:37:11,567] {dag.py:2371} INFO - Sync 1 DAGs
[2022-05-19 03:37:11,594] {logging_mixin.py:115} INFO - [2022-05-19 03:37:11,594] {dag.py:2919} INFO - Setting next_dagrun for Teste_ETL_Raízen to 2022-05-19T03:30:00+00:00, run_after=2022-05-19T04:30:00+00:00
[2022-05-19 03:37:11,610] {processor.py:161} INFO - Processing /opt/airflow/dags/ETL_Raizen.py took 0.391 seconds
[2022-05-19 03:37:42,515] {processor.py:153} INFO - Started process (PID=9809) to work on /opt/airflow/dags/ETL_Raizen.py
[2022-05-19 03:37:42,516] {processor.py:641} INFO - Processing file /opt/airflow/dags/ETL_Raizen.py for tasks to queue
[2022-05-19 03:37:42,516] {logging_mixin.py:115} INFO - [2022-05-19 03:37:42,516] {dagbag.py:507} INFO - Filling up the DagBag from /opt/airflow/dags/ETL_Raizen.py
[2022-05-19 03:37:42,772] {processor.py:651} INFO - DAG(s) dict_keys(['Teste_ETL_Raízen']) retrieved from /opt/airflow/dags/ETL_Raizen.py
[2022-05-19 03:37:42,799] {logging_mixin.py:115} INFO - [2022-05-19 03:37:42,798] {dag.py:2371} INFO - Sync 1 DAGs
[2022-05-19 03:37:42,824] {logging_mixin.py:115} INFO - [2022-05-19 03:37:42,824] {dag.py:2919} INFO - Setting next_dagrun for Teste_ETL_Raízen to 2022-05-19T03:30:00+00:00, run_after=2022-05-19T04:30:00+00:00
[2022-05-19 03:37:42,837] {processor.py:161} INFO - Processing /opt/airflow/dags/ETL_Raizen.py took 0.326 seconds
[2022-05-19 03:38:12,897] {processor.py:153} INFO - Started process (PID=9875) to work on /opt/airflow/dags/ETL_Raizen.py
[2022-05-19 03:38:12,898] {processor.py:641} INFO - Processing file /opt/airflow/dags/ETL_Raizen.py for tasks to queue
[2022-05-19 03:38:12,899] {logging_mixin.py:115} INFO - [2022-05-19 03:38:12,899] {dagbag.py:507} INFO - Filling up the DagBag from /opt/airflow/dags/ETL_Raizen.py
[2022-05-19 03:38:13,191] {processor.py:651} INFO - DAG(s) dict_keys(['Teste_ETL_Raízen']) retrieved from /opt/airflow/dags/ETL_Raizen.py
[2022-05-19 03:38:13,225] {logging_mixin.py:115} INFO - [2022-05-19 03:38:13,224] {dag.py:2371} INFO - Sync 1 DAGs
[2022-05-19 03:38:13,259] {logging_mixin.py:115} INFO - [2022-05-19 03:38:13,259] {dag.py:2919} INFO - Setting next_dagrun for Teste_ETL_Raízen to 2022-05-19T03:30:00+00:00, run_after=2022-05-19T04:30:00+00:00
[2022-05-19 03:38:13,273] {processor.py:161} INFO - Processing /opt/airflow/dags/ETL_Raizen.py took 0.380 seconds
[2022-05-19 03:38:44,272] {processor.py:153} INFO - Started process (PID=9930) to work on /opt/airflow/dags/ETL_Raizen.py
[2022-05-19 03:38:44,273] {processor.py:641} INFO - Processing file /opt/airflow/dags/ETL_Raizen.py for tasks to queue
[2022-05-19 03:38:44,275] {logging_mixin.py:115} INFO - [2022-05-19 03:38:44,275] {dagbag.py:507} INFO - Filling up the DagBag from /opt/airflow/dags/ETL_Raizen.py
[2022-05-19 03:38:44,620] {processor.py:651} INFO - DAG(s) dict_keys(['Teste_ETL_Raízen']) retrieved from /opt/airflow/dags/ETL_Raizen.py
[2022-05-19 03:38:44,646] {logging_mixin.py:115} INFO - [2022-05-19 03:38:44,645] {dag.py:2371} INFO - Sync 1 DAGs
[2022-05-19 03:38:44,677] {logging_mixin.py:115} INFO - [2022-05-19 03:38:44,677] {dag.py:2919} INFO - Setting next_dagrun for Teste_ETL_Raízen to 2022-05-19T03:30:00+00:00, run_after=2022-05-19T04:30:00+00:00
[2022-05-19 03:38:44,693] {processor.py:161} INFO - Processing /opt/airflow/dags/ETL_Raizen.py took 0.426 seconds
[2022-05-19 03:39:15,129] {processor.py:153} INFO - Started process (PID=9995) to work on /opt/airflow/dags/ETL_Raizen.py
[2022-05-19 03:39:15,131] {processor.py:641} INFO - Processing file /opt/airflow/dags/ETL_Raizen.py for tasks to queue
[2022-05-19 03:39:15,133] {logging_mixin.py:115} INFO - [2022-05-19 03:39:15,132] {dagbag.py:507} INFO - Filling up the DagBag from /opt/airflow/dags/ETL_Raizen.py
[2022-05-19 03:39:15,825] {processor.py:651} INFO - DAG(s) dict_keys(['Teste_ETL_Raízen']) retrieved from /opt/airflow/dags/ETL_Raizen.py
[2022-05-19 03:39:15,881] {logging_mixin.py:115} INFO - [2022-05-19 03:39:15,879] {dag.py:2371} INFO - Sync 1 DAGs
[2022-05-19 03:39:15,929] {logging_mixin.py:115} INFO - [2022-05-19 03:39:15,929] {dag.py:2919} INFO - Setting next_dagrun for Teste_ETL_Raízen to 2022-05-19T03:30:00+00:00, run_after=2022-05-19T04:30:00+00:00
[2022-05-19 03:39:15,947] {processor.py:161} INFO - Processing /opt/airflow/dags/ETL_Raizen.py took 0.827 seconds
[2022-05-19 03:39:46,149] {processor.py:153} INFO - Started process (PID=10051) to work on /opt/airflow/dags/ETL_Raizen.py
[2022-05-19 03:39:46,150] {processor.py:641} INFO - Processing file /opt/airflow/dags/ETL_Raizen.py for tasks to queue
[2022-05-19 03:39:46,152] {logging_mixin.py:115} INFO - [2022-05-19 03:39:46,151] {dagbag.py:507} INFO - Filling up the DagBag from /opt/airflow/dags/ETL_Raizen.py
[2022-05-19 03:39:46,504] {processor.py:651} INFO - DAG(s) dict_keys(['Teste_ETL_Raízen']) retrieved from /opt/airflow/dags/ETL_Raizen.py
[2022-05-19 03:39:46,561] {logging_mixin.py:115} INFO - [2022-05-19 03:39:46,560] {dag.py:2371} INFO - Sync 1 DAGs
[2022-05-19 03:39:46,597] {logging_mixin.py:115} INFO - [2022-05-19 03:39:46,597] {dag.py:2919} INFO - Setting next_dagrun for Teste_ETL_Raízen to 2022-05-19T03:30:00+00:00, run_after=2022-05-19T04:30:00+00:00
[2022-05-19 03:39:46,617] {processor.py:161} INFO - Processing /opt/airflow/dags/ETL_Raizen.py took 0.474 seconds
[2022-05-19 03:40:17,481] {processor.py:153} INFO - Started process (PID=10117) to work on /opt/airflow/dags/ETL_Raizen.py
[2022-05-19 03:40:17,482] {processor.py:641} INFO - Processing file /opt/airflow/dags/ETL_Raizen.py for tasks to queue
[2022-05-19 03:40:17,483] {logging_mixin.py:115} INFO - [2022-05-19 03:40:17,483] {dagbag.py:507} INFO - Filling up the DagBag from /opt/airflow/dags/ETL_Raizen.py
[2022-05-19 03:40:17,921] {processor.py:651} INFO - DAG(s) dict_keys(['Teste_ETL_Raízen']) retrieved from /opt/airflow/dags/ETL_Raizen.py
[2022-05-19 03:40:17,985] {logging_mixin.py:115} INFO - [2022-05-19 03:40:17,983] {dag.py:2371} INFO - Sync 1 DAGs
[2022-05-19 03:40:18,041] {logging_mixin.py:115} INFO - [2022-05-19 03:40:18,041] {dag.py:2919} INFO - Setting next_dagrun for Teste_ETL_Raízen to 2022-05-19T03:30:00+00:00, run_after=2022-05-19T04:30:00+00:00
[2022-05-19 03:40:18,068] {processor.py:161} INFO - Processing /opt/airflow/dags/ETL_Raizen.py took 0.592 seconds
[2022-05-19 03:40:48,870] {processor.py:153} INFO - Started process (PID=10184) to work on /opt/airflow/dags/ETL_Raizen.py
[2022-05-19 03:40:48,871] {processor.py:641} INFO - Processing file /opt/airflow/dags/ETL_Raizen.py for tasks to queue
[2022-05-19 03:40:48,871] {logging_mixin.py:115} INFO - [2022-05-19 03:40:48,871] {dagbag.py:507} INFO - Filling up the DagBag from /opt/airflow/dags/ETL_Raizen.py
[2022-05-19 03:40:49,390] {processor.py:651} INFO - DAG(s) dict_keys(['Teste_ETL_Raízen']) retrieved from /opt/airflow/dags/ETL_Raizen.py
[2022-05-19 03:40:49,425] {logging_mixin.py:115} INFO - [2022-05-19 03:40:49,424] {dag.py:2371} INFO - Sync 1 DAGs
[2022-05-19 03:40:49,463] {logging_mixin.py:115} INFO - [2022-05-19 03:40:49,463] {dag.py:2919} INFO - Setting next_dagrun for Teste_ETL_Raízen to 2022-05-19T03:30:00+00:00, run_after=2022-05-19T04:30:00+00:00
[2022-05-19 03:40:49,481] {processor.py:161} INFO - Processing /opt/airflow/dags/ETL_Raizen.py took 0.616 seconds
[2022-05-19 03:41:20,040] {processor.py:153} INFO - Started process (PID=10238) to work on /opt/airflow/dags/ETL_Raizen.py
[2022-05-19 03:41:20,041] {processor.py:641} INFO - Processing file /opt/airflow/dags/ETL_Raizen.py for tasks to queue
[2022-05-19 03:41:20,042] {logging_mixin.py:115} INFO - [2022-05-19 03:41:20,042] {dagbag.py:507} INFO - Filling up the DagBag from /opt/airflow/dags/ETL_Raizen.py
[2022-05-19 03:41:20,367] {processor.py:651} INFO - DAG(s) dict_keys(['Teste_ETL_Raízen']) retrieved from /opt/airflow/dags/ETL_Raizen.py
[2022-05-19 03:41:20,399] {logging_mixin.py:115} INFO - [2022-05-19 03:41:20,398] {dag.py:2371} INFO - Sync 1 DAGs
[2022-05-19 03:41:20,426] {logging_mixin.py:115} INFO - [2022-05-19 03:41:20,426] {dag.py:2919} INFO - Setting next_dagrun for Teste_ETL_Raízen to 2022-05-19T03:30:00+00:00, run_after=2022-05-19T04:30:00+00:00
[2022-05-19 03:41:20,444] {processor.py:161} INFO - Processing /opt/airflow/dags/ETL_Raizen.py took 0.409 seconds
[2022-05-19 03:41:50,914] {processor.py:153} INFO - Started process (PID=10302) to work on /opt/airflow/dags/ETL_Raizen.py
[2022-05-19 03:41:50,915] {processor.py:641} INFO - Processing file /opt/airflow/dags/ETL_Raizen.py for tasks to queue
[2022-05-19 03:41:50,916] {logging_mixin.py:115} INFO - [2022-05-19 03:41:50,916] {dagbag.py:507} INFO - Filling up the DagBag from /opt/airflow/dags/ETL_Raizen.py
[2022-05-19 03:41:51,337] {processor.py:651} INFO - DAG(s) dict_keys(['Teste_ETL_Raízen']) retrieved from /opt/airflow/dags/ETL_Raizen.py
[2022-05-19 03:41:51,391] {logging_mixin.py:115} INFO - [2022-05-19 03:41:51,388] {dag.py:2371} INFO - Sync 1 DAGs
[2022-05-19 03:41:51,444] {logging_mixin.py:115} INFO - [2022-05-19 03:41:51,444] {dag.py:2919} INFO - Setting next_dagrun for Teste_ETL_Raízen to 2022-05-19T03:30:00+00:00, run_after=2022-05-19T04:30:00+00:00
[2022-05-19 03:41:51,463] {processor.py:161} INFO - Processing /opt/airflow/dags/ETL_Raizen.py took 0.556 seconds
[2022-05-19 03:42:21,582] {processor.py:153} INFO - Started process (PID=10357) to work on /opt/airflow/dags/ETL_Raizen.py
[2022-05-19 03:42:21,583] {processor.py:641} INFO - Processing file /opt/airflow/dags/ETL_Raizen.py for tasks to queue
[2022-05-19 03:42:21,584] {logging_mixin.py:115} INFO - [2022-05-19 03:42:21,584] {dagbag.py:507} INFO - Filling up the DagBag from /opt/airflow/dags/ETL_Raizen.py
[2022-05-19 03:42:21,938] {processor.py:651} INFO - DAG(s) dict_keys(['Teste_ETL_Raízen']) retrieved from /opt/airflow/dags/ETL_Raizen.py
[2022-05-19 03:42:21,992] {logging_mixin.py:115} INFO - [2022-05-19 03:42:21,990] {dag.py:2371} INFO - Sync 1 DAGs
[2022-05-19 03:42:22,043] {logging_mixin.py:115} INFO - [2022-05-19 03:42:22,042] {dag.py:2919} INFO - Setting next_dagrun for Teste_ETL_Raízen to 2022-05-19T03:30:00+00:00, run_after=2022-05-19T04:30:00+00:00
[2022-05-19 03:42:22,072] {processor.py:161} INFO - Processing /opt/airflow/dags/ETL_Raizen.py took 0.494 seconds
[2022-05-19 03:42:52,384] {processor.py:153} INFO - Started process (PID=10422) to work on /opt/airflow/dags/ETL_Raizen.py
[2022-05-19 03:42:52,385] {processor.py:641} INFO - Processing file /opt/airflow/dags/ETL_Raizen.py for tasks to queue
[2022-05-19 03:42:52,386] {logging_mixin.py:115} INFO - [2022-05-19 03:42:52,386] {dagbag.py:507} INFO - Filling up the DagBag from /opt/airflow/dags/ETL_Raizen.py
[2022-05-19 03:42:52,760] {processor.py:651} INFO - DAG(s) dict_keys(['Teste_ETL_Raízen']) retrieved from /opt/airflow/dags/ETL_Raizen.py
[2022-05-19 03:42:52,787] {logging_mixin.py:115} INFO - [2022-05-19 03:42:52,786] {dag.py:2371} INFO - Sync 1 DAGs
[2022-05-19 03:42:52,815] {logging_mixin.py:115} INFO - [2022-05-19 03:42:52,815] {dag.py:2919} INFO - Setting next_dagrun for Teste_ETL_Raízen to 2022-05-19T03:30:00+00:00, run_after=2022-05-19T04:30:00+00:00
[2022-05-19 03:42:52,829] {processor.py:161} INFO - Processing /opt/airflow/dags/ETL_Raizen.py took 0.450 seconds
[2022-05-19 03:43:23,227] {processor.py:153} INFO - Started process (PID=10487) to work on /opt/airflow/dags/ETL_Raizen.py
[2022-05-19 03:43:23,228] {processor.py:641} INFO - Processing file /opt/airflow/dags/ETL_Raizen.py for tasks to queue
[2022-05-19 03:43:23,229] {logging_mixin.py:115} INFO - [2022-05-19 03:43:23,229] {dagbag.py:507} INFO - Filling up the DagBag from /opt/airflow/dags/ETL_Raizen.py
[2022-05-19 03:43:24,073] {processor.py:651} INFO - DAG(s) dict_keys(['Teste_ETL_Raízen']) retrieved from /opt/airflow/dags/ETL_Raizen.py
[2022-05-19 03:43:24,141] {logging_mixin.py:115} INFO - [2022-05-19 03:43:24,140] {dag.py:2371} INFO - Sync 1 DAGs
[2022-05-19 03:43:24,192] {logging_mixin.py:115} INFO - [2022-05-19 03:43:24,192] {dag.py:2919} INFO - Setting next_dagrun for Teste_ETL_Raízen to 2022-05-19T03:30:00+00:00, run_after=2022-05-19T04:30:00+00:00
[2022-05-19 03:43:24,215] {processor.py:161} INFO - Processing /opt/airflow/dags/ETL_Raizen.py took 0.993 seconds
[2022-05-19 03:43:55,105] {processor.py:153} INFO - Started process (PID=10543) to work on /opt/airflow/dags/ETL_Raizen.py
[2022-05-19 03:43:55,106] {processor.py:641} INFO - Processing file /opt/airflow/dags/ETL_Raizen.py for tasks to queue
[2022-05-19 03:43:55,107] {logging_mixin.py:115} INFO - [2022-05-19 03:43:55,107] {dagbag.py:507} INFO - Filling up the DagBag from /opt/airflow/dags/ETL_Raizen.py
[2022-05-19 03:43:55,572] {processor.py:651} INFO - DAG(s) dict_keys(['Teste_ETL_Raízen']) retrieved from /opt/airflow/dags/ETL_Raizen.py
[2022-05-19 03:43:55,596] {logging_mixin.py:115} INFO - [2022-05-19 03:43:55,595] {dag.py:2371} INFO - Sync 1 DAGs
[2022-05-19 03:43:55,623] {logging_mixin.py:115} INFO - [2022-05-19 03:43:55,623] {dag.py:2919} INFO - Setting next_dagrun for Teste_ETL_Raízen to 2022-05-19T03:30:00+00:00, run_after=2022-05-19T04:30:00+00:00
[2022-05-19 03:43:55,637] {processor.py:161} INFO - Processing /opt/airflow/dags/ETL_Raizen.py took 0.539 seconds
[2022-05-19 03:44:26,495] {processor.py:153} INFO - Started process (PID=10610) to work on /opt/airflow/dags/ETL_Raizen.py
[2022-05-19 03:44:26,496] {processor.py:641} INFO - Processing file /opt/airflow/dags/ETL_Raizen.py for tasks to queue
[2022-05-19 03:44:26,497] {logging_mixin.py:115} INFO - [2022-05-19 03:44:26,497] {dagbag.py:507} INFO - Filling up the DagBag from /opt/airflow/dags/ETL_Raizen.py
[2022-05-19 03:44:26,886] {processor.py:651} INFO - DAG(s) dict_keys(['Teste_ETL_Raízen']) retrieved from /opt/airflow/dags/ETL_Raizen.py
[2022-05-19 03:44:26,943] {logging_mixin.py:115} INFO - [2022-05-19 03:44:26,942] {dag.py:2371} INFO - Sync 1 DAGs
[2022-05-19 03:44:26,997] {logging_mixin.py:115} INFO - [2022-05-19 03:44:26,996] {dag.py:2919} INFO - Setting next_dagrun for Teste_ETL_Raízen to 2022-05-19T03:30:00+00:00, run_after=2022-05-19T04:30:00+00:00
[2022-05-19 03:44:27,013] {processor.py:161} INFO - Processing /opt/airflow/dags/ETL_Raizen.py took 0.523 seconds
[2022-05-19 03:44:57,537] {processor.py:153} INFO - Started process (PID=10665) to work on /opt/airflow/dags/ETL_Raizen.py
[2022-05-19 03:44:57,538] {processor.py:641} INFO - Processing file /opt/airflow/dags/ETL_Raizen.py for tasks to queue
[2022-05-19 03:44:57,538] {logging_mixin.py:115} INFO - [2022-05-19 03:44:57,538] {dagbag.py:507} INFO - Filling up the DagBag from /opt/airflow/dags/ETL_Raizen.py
[2022-05-19 03:44:57,944] {processor.py:651} INFO - DAG(s) dict_keys(['Teste_ETL_Raízen']) retrieved from /opt/airflow/dags/ETL_Raizen.py
[2022-05-19 03:44:57,981] {logging_mixin.py:115} INFO - [2022-05-19 03:44:57,979] {dag.py:2371} INFO - Sync 1 DAGs
[2022-05-19 03:44:58,013] {logging_mixin.py:115} INFO - [2022-05-19 03:44:58,012] {dag.py:2919} INFO - Setting next_dagrun for Teste_ETL_Raízen to 2022-05-19T03:30:00+00:00, run_after=2022-05-19T04:30:00+00:00
[2022-05-19 03:44:58,027] {processor.py:161} INFO - Processing /opt/airflow/dags/ETL_Raizen.py took 0.493 seconds
[2022-05-19 03:45:28,085] {processor.py:153} INFO - Started process (PID=10731) to work on /opt/airflow/dags/ETL_Raizen.py
[2022-05-19 03:45:28,087] {processor.py:641} INFO - Processing file /opt/airflow/dags/ETL_Raizen.py for tasks to queue
[2022-05-19 03:45:28,087] {logging_mixin.py:115} INFO - [2022-05-19 03:45:28,087] {dagbag.py:507} INFO - Filling up the DagBag from /opt/airflow/dags/ETL_Raizen.py
[2022-05-19 03:45:28,423] {processor.py:651} INFO - DAG(s) dict_keys(['Teste_ETL_Raízen']) retrieved from /opt/airflow/dags/ETL_Raizen.py
[2022-05-19 03:45:28,449] {logging_mixin.py:115} INFO - [2022-05-19 03:45:28,448] {dag.py:2371} INFO - Sync 1 DAGs
[2022-05-19 03:45:28,474] {logging_mixin.py:115} INFO - [2022-05-19 03:45:28,474] {dag.py:2919} INFO - Setting next_dagrun for Teste_ETL_Raízen to 2022-05-19T03:30:00+00:00, run_after=2022-05-19T04:30:00+00:00
[2022-05-19 03:45:28,486] {processor.py:161} INFO - Processing /opt/airflow/dags/ETL_Raizen.py took 0.405 seconds
[2022-05-19 03:45:58,775] {processor.py:153} INFO - Started process (PID=10796) to work on /opt/airflow/dags/ETL_Raizen.py
[2022-05-19 03:45:58,777] {processor.py:641} INFO - Processing file /opt/airflow/dags/ETL_Raizen.py for tasks to queue
[2022-05-19 03:45:58,778] {logging_mixin.py:115} INFO - [2022-05-19 03:45:58,778] {dagbag.py:507} INFO - Filling up the DagBag from /opt/airflow/dags/ETL_Raizen.py
[2022-05-19 03:45:59,243] {processor.py:651} INFO - DAG(s) dict_keys(['Teste_ETL_Raízen']) retrieved from /opt/airflow/dags/ETL_Raizen.py
[2022-05-19 03:45:59,284] {logging_mixin.py:115} INFO - [2022-05-19 03:45:59,283] {dag.py:2371} INFO - Sync 1 DAGs
[2022-05-19 03:45:59,316] {logging_mixin.py:115} INFO - [2022-05-19 03:45:59,316] {dag.py:2919} INFO - Setting next_dagrun for Teste_ETL_Raízen to 2022-05-19T03:30:00+00:00, run_after=2022-05-19T04:30:00+00:00
[2022-05-19 03:45:59,340] {processor.py:161} INFO - Processing /opt/airflow/dags/ETL_Raizen.py took 0.570 seconds
[2022-05-19 03:46:30,053] {processor.py:153} INFO - Started process (PID=10851) to work on /opt/airflow/dags/ETL_Raizen.py
[2022-05-19 03:46:30,054] {processor.py:641} INFO - Processing file /opt/airflow/dags/ETL_Raizen.py for tasks to queue
[2022-05-19 03:46:30,056] {logging_mixin.py:115} INFO - [2022-05-19 03:46:30,056] {dagbag.py:507} INFO - Filling up the DagBag from /opt/airflow/dags/ETL_Raizen.py
[2022-05-19 03:46:30,454] {processor.py:651} INFO - DAG(s) dict_keys(['Teste_ETL_Raízen']) retrieved from /opt/airflow/dags/ETL_Raizen.py
[2022-05-19 03:46:30,478] {logging_mixin.py:115} INFO - [2022-05-19 03:46:30,478] {dag.py:2371} INFO - Sync 1 DAGs
[2022-05-19 03:46:30,507] {logging_mixin.py:115} INFO - [2022-05-19 03:46:30,507] {dag.py:2919} INFO - Setting next_dagrun for Teste_ETL_Raízen to 2022-05-19T03:30:00+00:00, run_after=2022-05-19T04:30:00+00:00
[2022-05-19 03:46:30,522] {processor.py:161} INFO - Processing /opt/airflow/dags/ETL_Raizen.py took 0.474 seconds
[2022-05-19 03:46:59,204] {processor.py:153} INFO - Started process (PID=10915) to work on /opt/airflow/dags/ETL_Raizen.py
[2022-05-19 03:46:59,205] {processor.py:641} INFO - Processing file /opt/airflow/dags/ETL_Raizen.py for tasks to queue
[2022-05-19 03:46:59,207] {logging_mixin.py:115} INFO - [2022-05-19 03:46:59,207] {dagbag.py:507} INFO - Filling up the DagBag from /opt/airflow/dags/ETL_Raizen.py
[2022-05-19 03:46:59,499] {logging_mixin.py:115} INFO - [2022-05-19 03:46:59,490] {dagbag.py:320} ERROR - Failed to import: /opt/airflow/dags/ETL_Raizen.py
Traceback (most recent call last):
  File "/home/airflow/.local/lib/python3.7/site-packages/airflow/models/dagbag.py", line 317, in parse
    loader.exec_module(new_module)
  File "<frozen importlib._bootstrap_external>", line 728, in exec_module
  File "<frozen importlib._bootstrap>", line 219, in _call_with_frames_removed
  File "/opt/airflow/dags/ETL_Raizen.py", line 5, in <module>
    import win32api
ModuleNotFoundError: No module named 'win32api'
[2022-05-19 03:46:59,500] {processor.py:653} WARNING - No viable dags retrieved from /opt/airflow/dags/ETL_Raizen.py
[2022-05-19 03:46:59,527] {processor.py:161} INFO - Processing /opt/airflow/dags/ETL_Raizen.py took 0.328 seconds
[2022-05-19 03:47:29,763] {processor.py:153} INFO - Started process (PID=10976) to work on /opt/airflow/dags/ETL_Raizen.py
[2022-05-19 03:47:29,764] {processor.py:641} INFO - Processing file /opt/airflow/dags/ETL_Raizen.py for tasks to queue
[2022-05-19 03:47:29,765] {logging_mixin.py:115} INFO - [2022-05-19 03:47:29,765] {dagbag.py:507} INFO - Filling up the DagBag from /opt/airflow/dags/ETL_Raizen.py
[2022-05-19 03:47:30,112] {logging_mixin.py:115} INFO - [2022-05-19 03:47:30,107] {dagbag.py:320} ERROR - Failed to import: /opt/airflow/dags/ETL_Raizen.py
Traceback (most recent call last):
  File "/home/airflow/.local/lib/python3.7/site-packages/airflow/models/dagbag.py", line 317, in parse
    loader.exec_module(new_module)
  File "<frozen importlib._bootstrap_external>", line 728, in exec_module
  File "<frozen importlib._bootstrap>", line 219, in _call_with_frames_removed
  File "/opt/airflow/dags/ETL_Raizen.py", line 5, in <module>
    import win32api
ModuleNotFoundError: No module named 'win32api'
[2022-05-19 03:47:30,114] {processor.py:653} WARNING - No viable dags retrieved from /opt/airflow/dags/ETL_Raizen.py
[2022-05-19 03:47:30,137] {processor.py:161} INFO - Processing /opt/airflow/dags/ETL_Raizen.py took 0.382 seconds
[2022-05-19 03:48:00,517] {processor.py:153} INFO - Started process (PID=11032) to work on /opt/airflow/dags/ETL_Raizen.py
[2022-05-19 03:48:00,518] {processor.py:641} INFO - Processing file /opt/airflow/dags/ETL_Raizen.py for tasks to queue
[2022-05-19 03:48:00,519] {logging_mixin.py:115} INFO - [2022-05-19 03:48:00,519] {dagbag.py:507} INFO - Filling up the DagBag from /opt/airflow/dags/ETL_Raizen.py
[2022-05-19 03:48:00,817] {logging_mixin.py:115} INFO - [2022-05-19 03:48:00,811] {dagbag.py:320} ERROR - Failed to import: /opt/airflow/dags/ETL_Raizen.py
Traceback (most recent call last):
  File "/home/airflow/.local/lib/python3.7/site-packages/airflow/models/dagbag.py", line 317, in parse
    loader.exec_module(new_module)
  File "<frozen importlib._bootstrap_external>", line 728, in exec_module
  File "<frozen importlib._bootstrap>", line 219, in _call_with_frames_removed
  File "/opt/airflow/dags/ETL_Raizen.py", line 5, in <module>
    import win32api
ModuleNotFoundError: No module named 'win32api'
[2022-05-19 03:48:00,819] {processor.py:653} WARNING - No viable dags retrieved from /opt/airflow/dags/ETL_Raizen.py
[2022-05-19 03:48:00,842] {processor.py:161} INFO - Processing /opt/airflow/dags/ETL_Raizen.py took 0.329 seconds
[2022-05-19 03:48:30,894] {processor.py:153} INFO - Started process (PID=11095) to work on /opt/airflow/dags/ETL_Raizen.py
[2022-05-19 03:48:30,895] {processor.py:641} INFO - Processing file /opt/airflow/dags/ETL_Raizen.py for tasks to queue
[2022-05-19 03:48:30,897] {logging_mixin.py:115} INFO - [2022-05-19 03:48:30,896] {dagbag.py:507} INFO - Filling up the DagBag from /opt/airflow/dags/ETL_Raizen.py
[2022-05-19 03:48:31,241] {logging_mixin.py:115} INFO - [2022-05-19 03:48:31,236] {dagbag.py:320} ERROR - Failed to import: /opt/airflow/dags/ETL_Raizen.py
Traceback (most recent call last):
  File "/home/airflow/.local/lib/python3.7/site-packages/airflow/models/dagbag.py", line 317, in parse
    loader.exec_module(new_module)
  File "<frozen importlib._bootstrap_external>", line 728, in exec_module
  File "<frozen importlib._bootstrap>", line 219, in _call_with_frames_removed
  File "/opt/airflow/dags/ETL_Raizen.py", line 5, in <module>
    import win32api
ModuleNotFoundError: No module named 'win32api'
[2022-05-19 03:48:31,242] {processor.py:653} WARNING - No viable dags retrieved from /opt/airflow/dags/ETL_Raizen.py
[2022-05-19 03:48:31,266] {processor.py:161} INFO - Processing /opt/airflow/dags/ETL_Raizen.py took 0.382 seconds
[2022-05-19 03:48:37,305] {processor.py:153} INFO - Started process (PID=11101) to work on /opt/airflow/dags/ETL_Raizen.py
[2022-05-19 03:48:37,305] {processor.py:641} INFO - Processing file /opt/airflow/dags/ETL_Raizen.py for tasks to queue
[2022-05-19 03:48:37,306] {logging_mixin.py:115} INFO - [2022-05-19 03:48:37,306] {dagbag.py:507} INFO - Filling up the DagBag from /opt/airflow/dags/ETL_Raizen.py
[2022-05-19 03:48:37,682] {logging_mixin.py:115} INFO - [2022-05-19 03:48:37,677] {dagbag.py:320} ERROR - Failed to import: /opt/airflow/dags/ETL_Raizen.py
Traceback (most recent call last):
  File "/home/airflow/.local/lib/python3.7/site-packages/airflow/models/dagbag.py", line 317, in parse
    loader.exec_module(new_module)
  File "<frozen importlib._bootstrap_external>", line 728, in exec_module
  File "<frozen importlib._bootstrap>", line 219, in _call_with_frames_removed
  File "/opt/airflow/dags/ETL_Raizen.py", line 5, in <module>
    import win32api
ModuleNotFoundError: No module named 'win32api'
[2022-05-19 03:48:37,684] {processor.py:653} WARNING - No viable dags retrieved from /opt/airflow/dags/ETL_Raizen.py
[2022-05-19 03:48:37,709] {processor.py:161} INFO - Processing /opt/airflow/dags/ETL_Raizen.py took 0.408 seconds
[2022-05-19 03:49:07,903] {processor.py:153} INFO - Started process (PID=11164) to work on /opt/airflow/dags/ETL_Raizen.py
[2022-05-19 03:49:07,904] {processor.py:641} INFO - Processing file /opt/airflow/dags/ETL_Raizen.py for tasks to queue
[2022-05-19 03:49:07,905] {logging_mixin.py:115} INFO - [2022-05-19 03:49:07,904] {dagbag.py:507} INFO - Filling up the DagBag from /opt/airflow/dags/ETL_Raizen.py
[2022-05-19 03:49:08,180] {logging_mixin.py:115} INFO - [2022-05-19 03:49:08,174] {dagbag.py:320} ERROR - Failed to import: /opt/airflow/dags/ETL_Raizen.py
Traceback (most recent call last):
  File "/home/airflow/.local/lib/python3.7/site-packages/airflow/models/dagbag.py", line 317, in parse
    loader.exec_module(new_module)
  File "<frozen importlib._bootstrap_external>", line 728, in exec_module
  File "<frozen importlib._bootstrap>", line 219, in _call_with_frames_removed
  File "/opt/airflow/dags/ETL_Raizen.py", line 5, in <module>
    import win32api
ModuleNotFoundError: No module named 'win32api'
[2022-05-19 03:49:08,181] {processor.py:653} WARNING - No viable dags retrieved from /opt/airflow/dags/ETL_Raizen.py
[2022-05-19 03:49:08,202] {processor.py:161} INFO - Processing /opt/airflow/dags/ETL_Raizen.py took 0.302 seconds
[2022-05-19 03:49:38,277] {processor.py:153} INFO - Started process (PID=11219) to work on /opt/airflow/dags/ETL_Raizen.py
[2022-05-19 03:49:38,278] {processor.py:641} INFO - Processing file /opt/airflow/dags/ETL_Raizen.py for tasks to queue
[2022-05-19 03:49:38,279] {logging_mixin.py:115} INFO - [2022-05-19 03:49:38,279] {dagbag.py:507} INFO - Filling up the DagBag from /opt/airflow/dags/ETL_Raizen.py
[2022-05-19 03:49:38,612] {logging_mixin.py:115} INFO - [2022-05-19 03:49:38,604] {dagbag.py:320} ERROR - Failed to import: /opt/airflow/dags/ETL_Raizen.py
Traceback (most recent call last):
  File "/home/airflow/.local/lib/python3.7/site-packages/airflow/models/dagbag.py", line 317, in parse
    loader.exec_module(new_module)
  File "<frozen importlib._bootstrap_external>", line 728, in exec_module
  File "<frozen importlib._bootstrap>", line 219, in _call_with_frames_removed
  File "/opt/airflow/dags/ETL_Raizen.py", line 5, in <module>
    import win32api
ModuleNotFoundError: No module named 'win32api'
[2022-05-19 03:49:38,614] {processor.py:653} WARNING - No viable dags retrieved from /opt/airflow/dags/ETL_Raizen.py
[2022-05-19 03:49:38,637] {processor.py:161} INFO - Processing /opt/airflow/dags/ETL_Raizen.py took 0.364 seconds
[2022-05-19 03:49:42,637] {processor.py:153} INFO - Started process (PID=11236) to work on /opt/airflow/dags/ETL_Raizen.py
[2022-05-19 03:49:42,638] {processor.py:641} INFO - Processing file /opt/airflow/dags/ETL_Raizen.py for tasks to queue
[2022-05-19 03:49:42,639] {logging_mixin.py:115} INFO - [2022-05-19 03:49:42,639] {dagbag.py:507} INFO - Filling up the DagBag from /opt/airflow/dags/ETL_Raizen.py
[2022-05-19 03:49:43,047] {logging_mixin.py:115} INFO - [2022-05-19 03:49:43,039] {dagbag.py:320} ERROR - Failed to import: /opt/airflow/dags/ETL_Raizen.py
Traceback (most recent call last):
  File "/home/airflow/.local/lib/python3.7/site-packages/airflow/models/dagbag.py", line 317, in parse
    loader.exec_module(new_module)
  File "<frozen importlib._bootstrap_external>", line 728, in exec_module
  File "<frozen importlib._bootstrap>", line 219, in _call_with_frames_removed
  File "/opt/airflow/dags/ETL_Raizen.py", line 6, in <module>
    import win32con
ModuleNotFoundError: No module named 'win32con'
[2022-05-19 03:49:43,049] {processor.py:653} WARNING - No viable dags retrieved from /opt/airflow/dags/ETL_Raizen.py
[2022-05-19 03:49:43,075] {processor.py:161} INFO - Processing /opt/airflow/dags/ETL_Raizen.py took 0.442 seconds
[2022-05-19 03:50:13,207] {processor.py:153} INFO - Started process (PID=11288) to work on /opt/airflow/dags/ETL_Raizen.py
[2022-05-19 03:50:13,208] {processor.py:641} INFO - Processing file /opt/airflow/dags/ETL_Raizen.py for tasks to queue
[2022-05-19 03:50:13,209] {logging_mixin.py:115} INFO - [2022-05-19 03:50:13,209] {dagbag.py:507} INFO - Filling up the DagBag from /opt/airflow/dags/ETL_Raizen.py
[2022-05-19 03:50:13,769] {logging_mixin.py:115} INFO - [2022-05-19 03:50:13,763] {dagbag.py:320} ERROR - Failed to import: /opt/airflow/dags/ETL_Raizen.py
Traceback (most recent call last):
  File "/home/airflow/.local/lib/python3.7/site-packages/airflow/models/dagbag.py", line 317, in parse
    loader.exec_module(new_module)
  File "<frozen importlib._bootstrap_external>", line 728, in exec_module
  File "<frozen importlib._bootstrap>", line 219, in _call_with_frames_removed
  File "/opt/airflow/dags/ETL_Raizen.py", line 6, in <module>
    import win32con
ModuleNotFoundError: No module named 'win32con'
[2022-05-19 03:50:13,771] {processor.py:653} WARNING - No viable dags retrieved from /opt/airflow/dags/ETL_Raizen.py
[2022-05-19 03:50:13,805] {processor.py:161} INFO - Processing /opt/airflow/dags/ETL_Raizen.py took 0.604 seconds
[2022-05-19 03:50:43,890] {processor.py:153} INFO - Started process (PID=11354) to work on /opt/airflow/dags/ETL_Raizen.py
[2022-05-19 03:50:43,891] {processor.py:641} INFO - Processing file /opt/airflow/dags/ETL_Raizen.py for tasks to queue
[2022-05-19 03:50:43,892] {logging_mixin.py:115} INFO - [2022-05-19 03:50:43,892] {dagbag.py:507} INFO - Filling up the DagBag from /opt/airflow/dags/ETL_Raizen.py
[2022-05-19 03:50:44,455] {logging_mixin.py:115} INFO - [2022-05-19 03:50:44,450] {dagbag.py:320} ERROR - Failed to import: /opt/airflow/dags/ETL_Raizen.py
Traceback (most recent call last):
  File "/home/airflow/.local/lib/python3.7/site-packages/airflow/models/dagbag.py", line 317, in parse
    loader.exec_module(new_module)
  File "<frozen importlib._bootstrap_external>", line 728, in exec_module
  File "<frozen importlib._bootstrap>", line 219, in _call_with_frames_removed
  File "/opt/airflow/dags/ETL_Raizen.py", line 6, in <module>
    import win32con
ModuleNotFoundError: No module named 'win32con'
[2022-05-19 03:50:44,457] {processor.py:653} WARNING - No viable dags retrieved from /opt/airflow/dags/ETL_Raizen.py
[2022-05-19 03:50:44,482] {processor.py:161} INFO - Processing /opt/airflow/dags/ETL_Raizen.py took 0.597 seconds
[2022-05-19 03:51:14,973] {processor.py:153} INFO - Started process (PID=11420) to work on /opt/airflow/dags/ETL_Raizen.py
[2022-05-19 03:51:14,974] {processor.py:641} INFO - Processing file /opt/airflow/dags/ETL_Raizen.py for tasks to queue
[2022-05-19 03:51:14,975] {logging_mixin.py:115} INFO - [2022-05-19 03:51:14,975] {dagbag.py:507} INFO - Filling up the DagBag from /opt/airflow/dags/ETL_Raizen.py
[2022-05-19 03:51:15,479] {logging_mixin.py:115} INFO - [2022-05-19 03:51:15,473] {dagbag.py:320} ERROR - Failed to import: /opt/airflow/dags/ETL_Raizen.py
Traceback (most recent call last):
  File "/home/airflow/.local/lib/python3.7/site-packages/airflow/models/dagbag.py", line 317, in parse
    loader.exec_module(new_module)
  File "<frozen importlib._bootstrap_external>", line 728, in exec_module
  File "<frozen importlib._bootstrap>", line 219, in _call_with_frames_removed
  File "/opt/airflow/dags/ETL_Raizen.py", line 6, in <module>
    import win32con
ModuleNotFoundError: No module named 'win32con'
[2022-05-19 03:51:15,480] {processor.py:653} WARNING - No viable dags retrieved from /opt/airflow/dags/ETL_Raizen.py
[2022-05-19 03:51:15,512] {processor.py:161} INFO - Processing /opt/airflow/dags/ETL_Raizen.py took 0.544 seconds
[2022-05-19 03:51:46,004] {processor.py:153} INFO - Started process (PID=11474) to work on /opt/airflow/dags/ETL_Raizen.py
[2022-05-19 03:51:46,005] {processor.py:641} INFO - Processing file /opt/airflow/dags/ETL_Raizen.py for tasks to queue
[2022-05-19 03:51:46,006] {logging_mixin.py:115} INFO - [2022-05-19 03:51:46,006] {dagbag.py:507} INFO - Filling up the DagBag from /opt/airflow/dags/ETL_Raizen.py
[2022-05-19 03:51:46,392] {logging_mixin.py:115} INFO - [2022-05-19 03:51:46,387] {dagbag.py:320} ERROR - Failed to import: /opt/airflow/dags/ETL_Raizen.py
Traceback (most recent call last):
  File "/home/airflow/.local/lib/python3.7/site-packages/airflow/models/dagbag.py", line 317, in parse
    loader.exec_module(new_module)
  File "<frozen importlib._bootstrap_external>", line 728, in exec_module
  File "<frozen importlib._bootstrap>", line 219, in _call_with_frames_removed
  File "/opt/airflow/dags/ETL_Raizen.py", line 6, in <module>
    import win32con
ModuleNotFoundError: No module named 'win32con'
[2022-05-19 03:51:46,393] {processor.py:653} WARNING - No viable dags retrieved from /opt/airflow/dags/ETL_Raizen.py
[2022-05-19 03:51:46,416] {processor.py:161} INFO - Processing /opt/airflow/dags/ETL_Raizen.py took 0.417 seconds
[2022-05-19 03:52:16,574] {processor.py:153} INFO - Started process (PID=11541) to work on /opt/airflow/dags/ETL_Raizen.py
[2022-05-19 03:52:16,575] {processor.py:641} INFO - Processing file /opt/airflow/dags/ETL_Raizen.py for tasks to queue
[2022-05-19 03:52:16,576] {logging_mixin.py:115} INFO - [2022-05-19 03:52:16,576] {dagbag.py:507} INFO - Filling up the DagBag from /opt/airflow/dags/ETL_Raizen.py
[2022-05-19 03:52:16,950] {logging_mixin.py:115} INFO - [2022-05-19 03:52:16,945] {dagbag.py:320} ERROR - Failed to import: /opt/airflow/dags/ETL_Raizen.py
Traceback (most recent call last):
  File "/home/airflow/.local/lib/python3.7/site-packages/airflow/models/dagbag.py", line 317, in parse
    loader.exec_module(new_module)
  File "<frozen importlib._bootstrap_external>", line 728, in exec_module
  File "<frozen importlib._bootstrap>", line 219, in _call_with_frames_removed
  File "/opt/airflow/dags/ETL_Raizen.py", line 6, in <module>
    import win32con
ModuleNotFoundError: No module named 'win32con'
[2022-05-19 03:52:16,952] {processor.py:653} WARNING - No viable dags retrieved from /opt/airflow/dags/ETL_Raizen.py
[2022-05-19 03:52:16,981] {processor.py:161} INFO - Processing /opt/airflow/dags/ETL_Raizen.py took 0.412 seconds
[2022-05-19 03:52:47,138] {processor.py:153} INFO - Started process (PID=11598) to work on /opt/airflow/dags/ETL_Raizen.py
[2022-05-19 03:52:47,139] {processor.py:641} INFO - Processing file /opt/airflow/dags/ETL_Raizen.py for tasks to queue
[2022-05-19 03:52:47,140] {logging_mixin.py:115} INFO - [2022-05-19 03:52:47,139] {dagbag.py:507} INFO - Filling up the DagBag from /opt/airflow/dags/ETL_Raizen.py
[2022-05-19 03:52:47,468] {logging_mixin.py:115} INFO - [2022-05-19 03:52:47,463] {dagbag.py:320} ERROR - Failed to import: /opt/airflow/dags/ETL_Raizen.py
Traceback (most recent call last):
  File "/home/airflow/.local/lib/python3.7/site-packages/airflow/models/dagbag.py", line 317, in parse
    loader.exec_module(new_module)
  File "<frozen importlib._bootstrap_external>", line 728, in exec_module
  File "<frozen importlib._bootstrap>", line 219, in _call_with_frames_removed
  File "/opt/airflow/dags/ETL_Raizen.py", line 6, in <module>
    import win32con
ModuleNotFoundError: No module named 'win32con'
[2022-05-19 03:52:47,470] {processor.py:653} WARNING - No viable dags retrieved from /opt/airflow/dags/ETL_Raizen.py
[2022-05-19 03:52:47,498] {processor.py:161} INFO - Processing /opt/airflow/dags/ETL_Raizen.py took 0.366 seconds
[2022-05-19 03:53:16,759] {processor.py:153} INFO - Started process (PID=11657) to work on /opt/airflow/dags/ETL_Raizen.py
[2022-05-19 03:53:16,760] {processor.py:641} INFO - Processing file /opt/airflow/dags/ETL_Raizen.py for tasks to queue
[2022-05-19 03:53:16,761] {logging_mixin.py:115} INFO - [2022-05-19 03:53:16,761] {dagbag.py:507} INFO - Filling up the DagBag from /opt/airflow/dags/ETL_Raizen.py
[2022-05-19 03:53:17,797] {logging_mixin.py:115} INFO - [2022-05-19 03:53:17,783] {dagbag.py:320} ERROR - Failed to import: /opt/airflow/dags/ETL_Raizen.py
Traceback (most recent call last):
  File "/home/airflow/.local/lib/python3.7/site-packages/airflow/models/dagbag.py", line 317, in parse
    loader.exec_module(new_module)
  File "<frozen importlib._bootstrap_external>", line 728, in exec_module
  File "<frozen importlib._bootstrap>", line 219, in _call_with_frames_removed
  File "/opt/airflow/dags/ETL_Raizen.py", line 5, in <module>
    import win32api
ModuleNotFoundError: No module named 'win32api'
[2022-05-19 03:53:17,798] {processor.py:653} WARNING - No viable dags retrieved from /opt/airflow/dags/ETL_Raizen.py
[2022-05-19 03:53:17,854] {processor.py:161} INFO - Processing /opt/airflow/dags/ETL_Raizen.py took 1.100 seconds
[2022-05-19 03:53:48,762] {processor.py:153} INFO - Started process (PID=11725) to work on /opt/airflow/dags/ETL_Raizen.py
[2022-05-19 03:53:48,763] {processor.py:641} INFO - Processing file /opt/airflow/dags/ETL_Raizen.py for tasks to queue
[2022-05-19 03:53:48,764] {logging_mixin.py:115} INFO - [2022-05-19 03:53:48,764] {dagbag.py:507} INFO - Filling up the DagBag from /opt/airflow/dags/ETL_Raizen.py
[2022-05-19 03:53:49,233] {logging_mixin.py:115} INFO - [2022-05-19 03:53:49,227] {dagbag.py:320} ERROR - Failed to import: /opt/airflow/dags/ETL_Raizen.py
Traceback (most recent call last):
  File "/home/airflow/.local/lib/python3.7/site-packages/airflow/models/dagbag.py", line 317, in parse
    loader.exec_module(new_module)
  File "<frozen importlib._bootstrap_external>", line 728, in exec_module
  File "<frozen importlib._bootstrap>", line 219, in _call_with_frames_removed
  File "/opt/airflow/dags/ETL_Raizen.py", line 5, in <module>
    import win32api
ModuleNotFoundError: No module named 'win32api'
[2022-05-19 03:53:49,234] {processor.py:653} WARNING - No viable dags retrieved from /opt/airflow/dags/ETL_Raizen.py
[2022-05-19 03:53:49,262] {processor.py:161} INFO - Processing /opt/airflow/dags/ETL_Raizen.py took 0.504 seconds
[2022-05-19 03:54:19,335] {processor.py:153} INFO - Started process (PID=11779) to work on /opt/airflow/dags/ETL_Raizen.py
[2022-05-19 03:54:19,336] {processor.py:641} INFO - Processing file /opt/airflow/dags/ETL_Raizen.py for tasks to queue
[2022-05-19 03:54:19,337] {logging_mixin.py:115} INFO - [2022-05-19 03:54:19,337] {dagbag.py:507} INFO - Filling up the DagBag from /opt/airflow/dags/ETL_Raizen.py
[2022-05-19 03:54:19,674] {logging_mixin.py:115} INFO - [2022-05-19 03:54:19,667] {dagbag.py:320} ERROR - Failed to import: /opt/airflow/dags/ETL_Raizen.py
Traceback (most recent call last):
  File "/home/airflow/.local/lib/python3.7/site-packages/airflow/models/dagbag.py", line 317, in parse
    loader.exec_module(new_module)
  File "<frozen importlib._bootstrap_external>", line 728, in exec_module
  File "<frozen importlib._bootstrap>", line 219, in _call_with_frames_removed
  File "/opt/airflow/dags/ETL_Raizen.py", line 5, in <module>
    import win32api
ModuleNotFoundError: No module named 'win32api'
[2022-05-19 03:54:19,675] {processor.py:653} WARNING - No viable dags retrieved from /opt/airflow/dags/ETL_Raizen.py
[2022-05-19 03:54:19,702] {processor.py:161} INFO - Processing /opt/airflow/dags/ETL_Raizen.py took 0.371 seconds
[2022-05-19 03:54:49,771] {processor.py:153} INFO - Started process (PID=11843) to work on /opt/airflow/dags/ETL_Raizen.py
[2022-05-19 03:54:49,772] {processor.py:641} INFO - Processing file /opt/airflow/dags/ETL_Raizen.py for tasks to queue
[2022-05-19 03:54:49,774] {logging_mixin.py:115} INFO - [2022-05-19 03:54:49,773] {dagbag.py:507} INFO - Filling up the DagBag from /opt/airflow/dags/ETL_Raizen.py
[2022-05-19 03:54:50,144] {logging_mixin.py:115} INFO - [2022-05-19 03:54:50,139] {dagbag.py:320} ERROR - Failed to import: /opt/airflow/dags/ETL_Raizen.py
Traceback (most recent call last):
  File "/home/airflow/.local/lib/python3.7/site-packages/airflow/models/dagbag.py", line 317, in parse
    loader.exec_module(new_module)
  File "<frozen importlib._bootstrap_external>", line 728, in exec_module
  File "<frozen importlib._bootstrap>", line 219, in _call_with_frames_removed
  File "/opt/airflow/dags/ETL_Raizen.py", line 5, in <module>
    import win32api
ModuleNotFoundError: No module named 'win32api'
[2022-05-19 03:54:50,145] {processor.py:653} WARNING - No viable dags retrieved from /opt/airflow/dags/ETL_Raizen.py
[2022-05-19 03:54:50,169] {processor.py:161} INFO - Processing /opt/airflow/dags/ETL_Raizen.py took 0.402 seconds
[2022-05-19 03:55:20,387] {processor.py:153} INFO - Started process (PID=11898) to work on /opt/airflow/dags/ETL_Raizen.py
[2022-05-19 03:55:20,388] {processor.py:641} INFO - Processing file /opt/airflow/dags/ETL_Raizen.py for tasks to queue
[2022-05-19 03:55:20,389] {logging_mixin.py:115} INFO - [2022-05-19 03:55:20,388] {dagbag.py:507} INFO - Filling up the DagBag from /opt/airflow/dags/ETL_Raizen.py
[2022-05-19 03:55:20,716] {logging_mixin.py:115} INFO - [2022-05-19 03:55:20,710] {dagbag.py:320} ERROR - Failed to import: /opt/airflow/dags/ETL_Raizen.py
Traceback (most recent call last):
  File "/home/airflow/.local/lib/python3.7/site-packages/airflow/models/dagbag.py", line 317, in parse
    loader.exec_module(new_module)
  File "<frozen importlib._bootstrap_external>", line 728, in exec_module
  File "<frozen importlib._bootstrap>", line 219, in _call_with_frames_removed
  File "/opt/airflow/dags/ETL_Raizen.py", line 5, in <module>
    import win32api
ModuleNotFoundError: No module named 'win32api'
[2022-05-19 03:55:20,718] {processor.py:653} WARNING - No viable dags retrieved from /opt/airflow/dags/ETL_Raizen.py
[2022-05-19 03:55:20,742] {processor.py:161} INFO - Processing /opt/airflow/dags/ETL_Raizen.py took 0.361 seconds
[2022-05-19 03:55:51,083] {processor.py:153} INFO - Started process (PID=11964) to work on /opt/airflow/dags/ETL_Raizen.py
[2022-05-19 03:55:51,084] {processor.py:641} INFO - Processing file /opt/airflow/dags/ETL_Raizen.py for tasks to queue
[2022-05-19 03:55:51,086] {logging_mixin.py:115} INFO - [2022-05-19 03:55:51,085] {dagbag.py:507} INFO - Filling up the DagBag from /opt/airflow/dags/ETL_Raizen.py
[2022-05-19 03:55:51,474] {logging_mixin.py:115} INFO - [2022-05-19 03:55:51,467] {dagbag.py:320} ERROR - Failed to import: /opt/airflow/dags/ETL_Raizen.py
Traceback (most recent call last):
  File "/home/airflow/.local/lib/python3.7/site-packages/airflow/models/dagbag.py", line 317, in parse
    loader.exec_module(new_module)
  File "<frozen importlib._bootstrap_external>", line 728, in exec_module
  File "<frozen importlib._bootstrap>", line 219, in _call_with_frames_removed
  File "/opt/airflow/dags/ETL_Raizen.py", line 5, in <module>
    import win32api
ModuleNotFoundError: No module named 'win32api'
[2022-05-19 03:55:51,476] {processor.py:653} WARNING - No viable dags retrieved from /opt/airflow/dags/ETL_Raizen.py
[2022-05-19 03:55:51,506] {processor.py:161} INFO - Processing /opt/airflow/dags/ETL_Raizen.py took 0.428 seconds
