[2022-05-20 19:03:36,304] {processor.py:153} INFO - Started process (PID=63) to work on /home/airflow/.local/lib/python3.7/site-packages/airflow/example_dags/example_complex.py
[2022-05-20 19:03:36,304] {processor.py:641} INFO - Processing file /home/airflow/.local/lib/python3.7/site-packages/airflow/example_dags/example_complex.py for tasks to queue
[2022-05-20 19:03:36,305] {logging_mixin.py:115} INFO - [2022-05-20 19:03:36,305] {dagbag.py:507} INFO - Filling up the DagBag from /home/airflow/.local/lib/python3.7/site-packages/airflow/example_dags/example_complex.py
[2022-05-20 19:03:36,324] {processor.py:651} INFO - DAG(s) dict_keys(['example_complex']) retrieved from /home/airflow/.local/lib/python3.7/site-packages/airflow/example_dags/example_complex.py
[2022-05-20 19:03:36,538] {logging_mixin.py:115} INFO - [2022-05-20 19:03:36,538] {manager.py:508} INFO - Created Permission View: can delete on DAG:example_complex
[2022-05-20 19:03:36,549] {logging_mixin.py:115} INFO - [2022-05-20 19:03:36,549] {manager.py:508} INFO - Created Permission View: can edit on DAG:example_complex
[2022-05-20 19:03:36,558] {logging_mixin.py:115} INFO - [2022-05-20 19:03:36,558] {manager.py:508} INFO - Created Permission View: can read on DAG:example_complex
[2022-05-20 19:03:36,559] {logging_mixin.py:115} INFO - [2022-05-20 19:03:36,558] {dag.py:2371} INFO - Sync 1 DAGs
[2022-05-20 19:03:36,570] {logging_mixin.py:115} INFO - [2022-05-20 19:03:36,570] {dag.py:2390} INFO - Creating ORM DAG for example_complex
[2022-05-20 19:03:36,586] {logging_mixin.py:115} INFO - [2022-05-20 19:03:36,586] {dag.py:2919} INFO - Setting next_dagrun for example_complex to None, run_after=None
[2022-05-20 19:03:36,604] {processor.py:161} INFO - Processing /home/airflow/.local/lib/python3.7/site-packages/airflow/example_dags/example_complex.py took 0.303 seconds
[2022-05-20 19:04:07,390] {processor.py:153} INFO - Started process (PID=128) to work on /home/airflow/.local/lib/python3.7/site-packages/airflow/example_dags/example_complex.py
[2022-05-20 19:04:07,391] {processor.py:641} INFO - Processing file /home/airflow/.local/lib/python3.7/site-packages/airflow/example_dags/example_complex.py for tasks to queue
[2022-05-20 19:04:07,392] {logging_mixin.py:115} INFO - [2022-05-20 19:04:07,391] {dagbag.py:507} INFO - Filling up the DagBag from /home/airflow/.local/lib/python3.7/site-packages/airflow/example_dags/example_complex.py
[2022-05-20 19:04:07,410] {processor.py:651} INFO - DAG(s) dict_keys(['example_complex']) retrieved from /home/airflow/.local/lib/python3.7/site-packages/airflow/example_dags/example_complex.py
[2022-05-20 19:04:07,442] {logging_mixin.py:115} INFO - [2022-05-20 19:04:07,442] {dag.py:2371} INFO - Sync 1 DAGs
[2022-05-20 19:04:07,467] {logging_mixin.py:115} INFO - [2022-05-20 19:04:07,467] {dag.py:2919} INFO - Setting next_dagrun for example_complex to None, run_after=None
[2022-05-20 19:04:07,567] {processor.py:161} INFO - Processing /home/airflow/.local/lib/python3.7/site-packages/airflow/example_dags/example_complex.py took 0.180 seconds
[2022-05-20 19:04:37,909] {processor.py:153} INFO - Started process (PID=184) to work on /home/airflow/.local/lib/python3.7/site-packages/airflow/example_dags/example_complex.py
[2022-05-20 19:04:37,909] {processor.py:641} INFO - Processing file /home/airflow/.local/lib/python3.7/site-packages/airflow/example_dags/example_complex.py for tasks to queue
[2022-05-20 19:04:37,909] {logging_mixin.py:115} INFO - [2022-05-20 19:04:37,909] {dagbag.py:507} INFO - Filling up the DagBag from /home/airflow/.local/lib/python3.7/site-packages/airflow/example_dags/example_complex.py
[2022-05-20 19:04:37,921] {processor.py:651} INFO - DAG(s) dict_keys(['example_complex']) retrieved from /home/airflow/.local/lib/python3.7/site-packages/airflow/example_dags/example_complex.py
[2022-05-20 19:04:37,949] {logging_mixin.py:115} INFO - [2022-05-20 19:04:37,949] {dag.py:2371} INFO - Sync 1 DAGs
[2022-05-20 19:04:37,971] {logging_mixin.py:115} INFO - [2022-05-20 19:04:37,971] {dag.py:2919} INFO - Setting next_dagrun for example_complex to None, run_after=None
[2022-05-20 19:04:38,073] {processor.py:161} INFO - Processing /home/airflow/.local/lib/python3.7/site-packages/airflow/example_dags/example_complex.py took 0.167 seconds
[2022-05-20 19:05:08,434] {processor.py:153} INFO - Started process (PID=249) to work on /home/airflow/.local/lib/python3.7/site-packages/airflow/example_dags/example_complex.py
[2022-05-20 19:05:08,435] {processor.py:641} INFO - Processing file /home/airflow/.local/lib/python3.7/site-packages/airflow/example_dags/example_complex.py for tasks to queue
[2022-05-20 19:05:08,435] {logging_mixin.py:115} INFO - [2022-05-20 19:05:08,435] {dagbag.py:507} INFO - Filling up the DagBag from /home/airflow/.local/lib/python3.7/site-packages/airflow/example_dags/example_complex.py
[2022-05-20 19:05:08,451] {processor.py:651} INFO - DAG(s) dict_keys(['example_complex']) retrieved from /home/airflow/.local/lib/python3.7/site-packages/airflow/example_dags/example_complex.py
[2022-05-20 19:05:08,478] {logging_mixin.py:115} INFO - [2022-05-20 19:05:08,478] {dag.py:2371} INFO - Sync 1 DAGs
[2022-05-20 19:05:08,502] {logging_mixin.py:115} INFO - [2022-05-20 19:05:08,502] {dag.py:2919} INFO - Setting next_dagrun for example_complex to None, run_after=None
[2022-05-20 19:05:08,605] {processor.py:161} INFO - Processing /home/airflow/.local/lib/python3.7/site-packages/airflow/example_dags/example_complex.py took 0.174 seconds
[2022-05-20 19:05:38,907] {processor.py:153} INFO - Started process (PID=313) to work on /home/airflow/.local/lib/python3.7/site-packages/airflow/example_dags/example_complex.py
[2022-05-20 19:05:38,907] {processor.py:641} INFO - Processing file /home/airflow/.local/lib/python3.7/site-packages/airflow/example_dags/example_complex.py for tasks to queue
[2022-05-20 19:05:38,908] {logging_mixin.py:115} INFO - [2022-05-20 19:05:38,908] {dagbag.py:507} INFO - Filling up the DagBag from /home/airflow/.local/lib/python3.7/site-packages/airflow/example_dags/example_complex.py
[2022-05-20 19:05:38,921] {processor.py:651} INFO - DAG(s) dict_keys(['example_complex']) retrieved from /home/airflow/.local/lib/python3.7/site-packages/airflow/example_dags/example_complex.py
[2022-05-20 19:05:38,949] {logging_mixin.py:115} INFO - [2022-05-20 19:05:38,949] {dag.py:2371} INFO - Sync 1 DAGs
[2022-05-20 19:05:38,971] {logging_mixin.py:115} INFO - [2022-05-20 19:05:38,971] {dag.py:2919} INFO - Setting next_dagrun for example_complex to None, run_after=None
[2022-05-20 19:05:39,076] {processor.py:161} INFO - Processing /home/airflow/.local/lib/python3.7/site-packages/airflow/example_dags/example_complex.py took 0.171 seconds
[2022-05-20 19:06:09,261] {processor.py:153} INFO - Started process (PID=369) to work on /home/airflow/.local/lib/python3.7/site-packages/airflow/example_dags/example_complex.py
[2022-05-20 19:06:09,261] {processor.py:641} INFO - Processing file /home/airflow/.local/lib/python3.7/site-packages/airflow/example_dags/example_complex.py for tasks to queue
[2022-05-20 19:06:09,262] {logging_mixin.py:115} INFO - [2022-05-20 19:06:09,262] {dagbag.py:507} INFO - Filling up the DagBag from /home/airflow/.local/lib/python3.7/site-packages/airflow/example_dags/example_complex.py
[2022-05-20 19:06:09,274] {processor.py:651} INFO - DAG(s) dict_keys(['example_complex']) retrieved from /home/airflow/.local/lib/python3.7/site-packages/airflow/example_dags/example_complex.py
[2022-05-20 19:06:09,303] {logging_mixin.py:115} INFO - [2022-05-20 19:06:09,303] {dag.py:2371} INFO - Sync 1 DAGs
[2022-05-20 19:06:09,326] {logging_mixin.py:115} INFO - [2022-05-20 19:06:09,326] {dag.py:2919} INFO - Setting next_dagrun for example_complex to None, run_after=None
[2022-05-20 19:06:09,427] {processor.py:161} INFO - Processing /home/airflow/.local/lib/python3.7/site-packages/airflow/example_dags/example_complex.py took 0.168 seconds
[2022-05-20 19:06:39,758] {processor.py:153} INFO - Started process (PID=434) to work on /home/airflow/.local/lib/python3.7/site-packages/airflow/example_dags/example_complex.py
[2022-05-20 19:06:39,759] {processor.py:641} INFO - Processing file /home/airflow/.local/lib/python3.7/site-packages/airflow/example_dags/example_complex.py for tasks to queue
[2022-05-20 19:06:39,759] {logging_mixin.py:115} INFO - [2022-05-20 19:06:39,759] {dagbag.py:507} INFO - Filling up the DagBag from /home/airflow/.local/lib/python3.7/site-packages/airflow/example_dags/example_complex.py
[2022-05-20 19:06:39,771] {processor.py:651} INFO - DAG(s) dict_keys(['example_complex']) retrieved from /home/airflow/.local/lib/python3.7/site-packages/airflow/example_dags/example_complex.py
[2022-05-20 19:06:39,800] {logging_mixin.py:115} INFO - [2022-05-20 19:06:39,800] {dag.py:2371} INFO - Sync 1 DAGs
[2022-05-20 19:06:39,825] {logging_mixin.py:115} INFO - [2022-05-20 19:06:39,825] {dag.py:2919} INFO - Setting next_dagrun for example_complex to None, run_after=None
[2022-05-20 19:06:39,941] {processor.py:161} INFO - Processing /home/airflow/.local/lib/python3.7/site-packages/airflow/example_dags/example_complex.py took 0.185 seconds
[2022-05-20 19:07:10,225] {processor.py:153} INFO - Started process (PID=498) to work on /home/airflow/.local/lib/python3.7/site-packages/airflow/example_dags/example_complex.py
[2022-05-20 19:07:10,225] {processor.py:641} INFO - Processing file /home/airflow/.local/lib/python3.7/site-packages/airflow/example_dags/example_complex.py for tasks to queue
[2022-05-20 19:07:10,226] {logging_mixin.py:115} INFO - [2022-05-20 19:07:10,226] {dagbag.py:507} INFO - Filling up the DagBag from /home/airflow/.local/lib/python3.7/site-packages/airflow/example_dags/example_complex.py
[2022-05-20 19:07:10,237] {processor.py:651} INFO - DAG(s) dict_keys(['example_complex']) retrieved from /home/airflow/.local/lib/python3.7/site-packages/airflow/example_dags/example_complex.py
[2022-05-20 19:07:10,264] {logging_mixin.py:115} INFO - [2022-05-20 19:07:10,264] {dag.py:2371} INFO - Sync 1 DAGs
[2022-05-20 19:07:10,286] {logging_mixin.py:115} INFO - [2022-05-20 19:07:10,286] {dag.py:2919} INFO - Setting next_dagrun for example_complex to None, run_after=None
[2022-05-20 19:07:10,388] {processor.py:161} INFO - Processing /home/airflow/.local/lib/python3.7/site-packages/airflow/example_dags/example_complex.py took 0.166 seconds
[2022-05-20 19:07:40,826] {processor.py:153} INFO - Started process (PID=561) to work on /home/airflow/.local/lib/python3.7/site-packages/airflow/example_dags/example_complex.py
[2022-05-20 19:07:40,826] {processor.py:641} INFO - Processing file /home/airflow/.local/lib/python3.7/site-packages/airflow/example_dags/example_complex.py for tasks to queue
[2022-05-20 19:07:40,826] {logging_mixin.py:115} INFO - [2022-05-20 19:07:40,826] {dagbag.py:507} INFO - Filling up the DagBag from /home/airflow/.local/lib/python3.7/site-packages/airflow/example_dags/example_complex.py
[2022-05-20 19:07:40,838] {processor.py:651} INFO - DAG(s) dict_keys(['example_complex']) retrieved from /home/airflow/.local/lib/python3.7/site-packages/airflow/example_dags/example_complex.py
[2022-05-20 19:07:40,867] {logging_mixin.py:115} INFO - [2022-05-20 19:07:40,867] {dag.py:2371} INFO - Sync 1 DAGs
[2022-05-20 19:07:40,890] {logging_mixin.py:115} INFO - [2022-05-20 19:07:40,890] {dag.py:2919} INFO - Setting next_dagrun for example_complex to None, run_after=None
[2022-05-20 19:07:41,006] {processor.py:161} INFO - Processing /home/airflow/.local/lib/python3.7/site-packages/airflow/example_dags/example_complex.py took 0.182 seconds
[2022-05-20 19:08:11,369] {processor.py:153} INFO - Started process (PID=619) to work on /home/airflow/.local/lib/python3.7/site-packages/airflow/example_dags/example_complex.py
[2022-05-20 19:08:11,369] {processor.py:641} INFO - Processing file /home/airflow/.local/lib/python3.7/site-packages/airflow/example_dags/example_complex.py for tasks to queue
[2022-05-20 19:08:11,370] {logging_mixin.py:115} INFO - [2022-05-20 19:08:11,370] {dagbag.py:507} INFO - Filling up the DagBag from /home/airflow/.local/lib/python3.7/site-packages/airflow/example_dags/example_complex.py
[2022-05-20 19:08:11,381] {processor.py:651} INFO - DAG(s) dict_keys(['example_complex']) retrieved from /home/airflow/.local/lib/python3.7/site-packages/airflow/example_dags/example_complex.py
[2022-05-20 19:08:11,408] {logging_mixin.py:115} INFO - [2022-05-20 19:08:11,407] {dag.py:2371} INFO - Sync 1 DAGs
[2022-05-20 19:08:11,429] {logging_mixin.py:115} INFO - [2022-05-20 19:08:11,429] {dag.py:2919} INFO - Setting next_dagrun for example_complex to None, run_after=None
[2022-05-20 19:08:11,534] {processor.py:161} INFO - Processing /home/airflow/.local/lib/python3.7/site-packages/airflow/example_dags/example_complex.py took 0.167 seconds
[2022-05-20 19:08:42,379] {processor.py:153} INFO - Started process (PID=685) to work on /home/airflow/.local/lib/python3.7/site-packages/airflow/example_dags/example_complex.py
[2022-05-20 19:08:42,380] {processor.py:641} INFO - Processing file /home/airflow/.local/lib/python3.7/site-packages/airflow/example_dags/example_complex.py for tasks to queue
[2022-05-20 19:08:42,380] {logging_mixin.py:115} INFO - [2022-05-20 19:08:42,380] {dagbag.py:507} INFO - Filling up the DagBag from /home/airflow/.local/lib/python3.7/site-packages/airflow/example_dags/example_complex.py
[2022-05-20 19:08:42,392] {processor.py:651} INFO - DAG(s) dict_keys(['example_complex']) retrieved from /home/airflow/.local/lib/python3.7/site-packages/airflow/example_dags/example_complex.py
[2022-05-20 19:08:42,418] {logging_mixin.py:115} INFO - [2022-05-20 19:08:42,418] {dag.py:2371} INFO - Sync 1 DAGs
[2022-05-20 19:08:42,551] {logging_mixin.py:115} INFO - [2022-05-20 19:08:42,551] {dag.py:2919} INFO - Setting next_dagrun for example_complex to None, run_after=None
[2022-05-20 19:08:42,561] {processor.py:161} INFO - Processing /home/airflow/.local/lib/python3.7/site-packages/airflow/example_dags/example_complex.py took 0.184 seconds
[2022-05-20 19:09:13,042] {processor.py:153} INFO - Started process (PID=750) to work on /home/airflow/.local/lib/python3.7/site-packages/airflow/example_dags/example_complex.py
[2022-05-20 19:09:13,042] {processor.py:641} INFO - Processing file /home/airflow/.local/lib/python3.7/site-packages/airflow/example_dags/example_complex.py for tasks to queue
[2022-05-20 19:09:13,043] {logging_mixin.py:115} INFO - [2022-05-20 19:09:13,043] {dagbag.py:507} INFO - Filling up the DagBag from /home/airflow/.local/lib/python3.7/site-packages/airflow/example_dags/example_complex.py
[2022-05-20 19:09:13,064] {processor.py:651} INFO - DAG(s) dict_keys(['example_complex']) retrieved from /home/airflow/.local/lib/python3.7/site-packages/airflow/example_dags/example_complex.py
[2022-05-20 19:09:13,107] {logging_mixin.py:115} INFO - [2022-05-20 19:09:13,107] {dag.py:2371} INFO - Sync 1 DAGs
[2022-05-20 19:09:13,243] {logging_mixin.py:115} INFO - [2022-05-20 19:09:13,243] {dag.py:2919} INFO - Setting next_dagrun for example_complex to None, run_after=None
[2022-05-20 19:09:13,257] {processor.py:161} INFO - Processing /home/airflow/.local/lib/python3.7/site-packages/airflow/example_dags/example_complex.py took 0.219 seconds
[2022-05-20 19:09:43,965] {processor.py:153} INFO - Started process (PID=806) to work on /home/airflow/.local/lib/python3.7/site-packages/airflow/example_dags/example_complex.py
[2022-05-20 19:09:43,965] {processor.py:641} INFO - Processing file /home/airflow/.local/lib/python3.7/site-packages/airflow/example_dags/example_complex.py for tasks to queue
[2022-05-20 19:09:43,965] {logging_mixin.py:115} INFO - [2022-05-20 19:09:43,965] {dagbag.py:507} INFO - Filling up the DagBag from /home/airflow/.local/lib/python3.7/site-packages/airflow/example_dags/example_complex.py
[2022-05-20 19:09:43,977] {processor.py:651} INFO - DAG(s) dict_keys(['example_complex']) retrieved from /home/airflow/.local/lib/python3.7/site-packages/airflow/example_dags/example_complex.py
[2022-05-20 19:09:44,003] {logging_mixin.py:115} INFO - [2022-05-20 19:09:44,003] {dag.py:2371} INFO - Sync 1 DAGs
[2022-05-20 19:09:44,125] {logging_mixin.py:115} INFO - [2022-05-20 19:09:44,125] {dag.py:2919} INFO - Setting next_dagrun for example_complex to None, run_after=None
[2022-05-20 19:09:44,139] {processor.py:161} INFO - Processing /home/airflow/.local/lib/python3.7/site-packages/airflow/example_dags/example_complex.py took 0.177 seconds
[2022-05-20 19:10:14,681] {processor.py:153} INFO - Started process (PID=871) to work on /home/airflow/.local/lib/python3.7/site-packages/airflow/example_dags/example_complex.py
[2022-05-20 19:10:14,681] {processor.py:641} INFO - Processing file /home/airflow/.local/lib/python3.7/site-packages/airflow/example_dags/example_complex.py for tasks to queue
[2022-05-20 19:10:14,682] {logging_mixin.py:115} INFO - [2022-05-20 19:10:14,682] {dagbag.py:507} INFO - Filling up the DagBag from /home/airflow/.local/lib/python3.7/site-packages/airflow/example_dags/example_complex.py
[2022-05-20 19:10:14,694] {processor.py:651} INFO - DAG(s) dict_keys(['example_complex']) retrieved from /home/airflow/.local/lib/python3.7/site-packages/airflow/example_dags/example_complex.py
[2022-05-20 19:10:14,721] {logging_mixin.py:115} INFO - [2022-05-20 19:10:14,721] {dag.py:2371} INFO - Sync 1 DAGs
[2022-05-20 19:10:14,835] {logging_mixin.py:115} INFO - [2022-05-20 19:10:14,835] {dag.py:2919} INFO - Setting next_dagrun for example_complex to None, run_after=None
[2022-05-20 19:10:14,845] {processor.py:161} INFO - Processing /home/airflow/.local/lib/python3.7/site-packages/airflow/example_dags/example_complex.py took 0.166 seconds
[2022-05-20 19:10:46,087] {processor.py:153} INFO - Started process (PID=936) to work on /home/airflow/.local/lib/python3.7/site-packages/airflow/example_dags/example_complex.py
[2022-05-20 19:10:46,087] {processor.py:641} INFO - Processing file /home/airflow/.local/lib/python3.7/site-packages/airflow/example_dags/example_complex.py for tasks to queue
[2022-05-20 19:10:46,088] {logging_mixin.py:115} INFO - [2022-05-20 19:10:46,088] {dagbag.py:507} INFO - Filling up the DagBag from /home/airflow/.local/lib/python3.7/site-packages/airflow/example_dags/example_complex.py
[2022-05-20 19:10:46,100] {processor.py:651} INFO - DAG(s) dict_keys(['example_complex']) retrieved from /home/airflow/.local/lib/python3.7/site-packages/airflow/example_dags/example_complex.py
[2022-05-20 19:10:46,128] {logging_mixin.py:115} INFO - [2022-05-20 19:10:46,127] {dag.py:2371} INFO - Sync 1 DAGs
[2022-05-20 19:10:46,263] {logging_mixin.py:115} INFO - [2022-05-20 19:10:46,263] {dag.py:2919} INFO - Setting next_dagrun for example_complex to None, run_after=None
[2022-05-20 19:10:46,286] {processor.py:161} INFO - Processing /home/airflow/.local/lib/python3.7/site-packages/airflow/example_dags/example_complex.py took 0.201 seconds
[2022-05-20 19:11:17,154] {processor.py:153} INFO - Started process (PID=992) to work on /home/airflow/.local/lib/python3.7/site-packages/airflow/example_dags/example_complex.py
[2022-05-20 19:11:17,154] {processor.py:641} INFO - Processing file /home/airflow/.local/lib/python3.7/site-packages/airflow/example_dags/example_complex.py for tasks to queue
[2022-05-20 19:11:17,155] {logging_mixin.py:115} INFO - [2022-05-20 19:11:17,155] {dagbag.py:507} INFO - Filling up the DagBag from /home/airflow/.local/lib/python3.7/site-packages/airflow/example_dags/example_complex.py
[2022-05-20 19:11:17,167] {processor.py:651} INFO - DAG(s) dict_keys(['example_complex']) retrieved from /home/airflow/.local/lib/python3.7/site-packages/airflow/example_dags/example_complex.py
[2022-05-20 19:11:17,199] {logging_mixin.py:115} INFO - [2022-05-20 19:11:17,199] {dag.py:2371} INFO - Sync 1 DAGs
[2022-05-20 19:11:17,335] {logging_mixin.py:115} INFO - [2022-05-20 19:11:17,335] {dag.py:2919} INFO - Setting next_dagrun for example_complex to None, run_after=None
[2022-05-20 19:11:17,354] {processor.py:161} INFO - Processing /home/airflow/.local/lib/python3.7/site-packages/airflow/example_dags/example_complex.py took 0.202 seconds
[2022-05-20 19:11:47,605] {processor.py:153} INFO - Started process (PID=1057) to work on /home/airflow/.local/lib/python3.7/site-packages/airflow/example_dags/example_complex.py
[2022-05-20 19:11:47,606] {processor.py:641} INFO - Processing file /home/airflow/.local/lib/python3.7/site-packages/airflow/example_dags/example_complex.py for tasks to queue
[2022-05-20 19:11:47,606] {logging_mixin.py:115} INFO - [2022-05-20 19:11:47,606] {dagbag.py:507} INFO - Filling up the DagBag from /home/airflow/.local/lib/python3.7/site-packages/airflow/example_dags/example_complex.py
[2022-05-20 19:11:47,620] {processor.py:651} INFO - DAG(s) dict_keys(['example_complex']) retrieved from /home/airflow/.local/lib/python3.7/site-packages/airflow/example_dags/example_complex.py
[2022-05-20 19:11:47,651] {logging_mixin.py:115} INFO - [2022-05-20 19:11:47,651] {dag.py:2371} INFO - Sync 1 DAGs
[2022-05-20 19:11:47,783] {logging_mixin.py:115} INFO - [2022-05-20 19:11:47,783] {dag.py:2919} INFO - Setting next_dagrun for example_complex to None, run_after=None
[2022-05-20 19:11:47,800] {processor.py:161} INFO - Processing /home/airflow/.local/lib/python3.7/site-packages/airflow/example_dags/example_complex.py took 0.197 seconds
[2022-05-20 19:12:17,946] {processor.py:153} INFO - Started process (PID=1122) to work on /home/airflow/.local/lib/python3.7/site-packages/airflow/example_dags/example_complex.py
[2022-05-20 19:12:17,946] {processor.py:641} INFO - Processing file /home/airflow/.local/lib/python3.7/site-packages/airflow/example_dags/example_complex.py for tasks to queue
[2022-05-20 19:12:17,946] {logging_mixin.py:115} INFO - [2022-05-20 19:12:17,946] {dagbag.py:507} INFO - Filling up the DagBag from /home/airflow/.local/lib/python3.7/site-packages/airflow/example_dags/example_complex.py
[2022-05-20 19:12:17,958] {processor.py:651} INFO - DAG(s) dict_keys(['example_complex']) retrieved from /home/airflow/.local/lib/python3.7/site-packages/airflow/example_dags/example_complex.py
[2022-05-20 19:12:17,984] {logging_mixin.py:115} INFO - [2022-05-20 19:12:17,984] {dag.py:2371} INFO - Sync 1 DAGs
[2022-05-20 19:12:18,105] {logging_mixin.py:115} INFO - [2022-05-20 19:12:18,105] {dag.py:2919} INFO - Setting next_dagrun for example_complex to None, run_after=None
[2022-05-20 19:12:18,116] {processor.py:161} INFO - Processing /home/airflow/.local/lib/python3.7/site-packages/airflow/example_dags/example_complex.py took 0.173 seconds
[2022-05-20 19:12:48,423] {processor.py:153} INFO - Started process (PID=1185) to work on /home/airflow/.local/lib/python3.7/site-packages/airflow/example_dags/example_complex.py
[2022-05-20 19:12:48,423] {processor.py:641} INFO - Processing file /home/airflow/.local/lib/python3.7/site-packages/airflow/example_dags/example_complex.py for tasks to queue
[2022-05-20 19:12:48,424] {logging_mixin.py:115} INFO - [2022-05-20 19:12:48,424] {dagbag.py:507} INFO - Filling up the DagBag from /home/airflow/.local/lib/python3.7/site-packages/airflow/example_dags/example_complex.py
[2022-05-20 19:12:48,436] {processor.py:651} INFO - DAG(s) dict_keys(['example_complex']) retrieved from /home/airflow/.local/lib/python3.7/site-packages/airflow/example_dags/example_complex.py
[2022-05-20 19:12:48,471] {logging_mixin.py:115} INFO - [2022-05-20 19:12:48,470] {dag.py:2371} INFO - Sync 1 DAGs
[2022-05-20 19:12:48,604] {logging_mixin.py:115} INFO - [2022-05-20 19:12:48,604] {dag.py:2919} INFO - Setting next_dagrun for example_complex to None, run_after=None
[2022-05-20 19:12:48,617] {processor.py:161} INFO - Processing /home/airflow/.local/lib/python3.7/site-packages/airflow/example_dags/example_complex.py took 0.197 seconds
[2022-05-20 19:13:19,532] {processor.py:153} INFO - Started process (PID=1244) to work on /home/airflow/.local/lib/python3.7/site-packages/airflow/example_dags/example_complex.py
[2022-05-20 19:13:19,532] {processor.py:641} INFO - Processing file /home/airflow/.local/lib/python3.7/site-packages/airflow/example_dags/example_complex.py for tasks to queue
[2022-05-20 19:13:19,533] {logging_mixin.py:115} INFO - [2022-05-20 19:13:19,533] {dagbag.py:507} INFO - Filling up the DagBag from /home/airflow/.local/lib/python3.7/site-packages/airflow/example_dags/example_complex.py
[2022-05-20 19:13:19,544] {processor.py:651} INFO - DAG(s) dict_keys(['example_complex']) retrieved from /home/airflow/.local/lib/python3.7/site-packages/airflow/example_dags/example_complex.py
[2022-05-20 19:13:19,572] {logging_mixin.py:115} INFO - [2022-05-20 19:13:19,572] {dag.py:2371} INFO - Sync 1 DAGs
[2022-05-20 19:13:19,688] {logging_mixin.py:115} INFO - [2022-05-20 19:13:19,687] {dag.py:2919} INFO - Setting next_dagrun for example_complex to None, run_after=None
[2022-05-20 19:13:19,698] {processor.py:161} INFO - Processing /home/airflow/.local/lib/python3.7/site-packages/airflow/example_dags/example_complex.py took 0.169 seconds
[2022-05-20 19:13:50,612] {processor.py:153} INFO - Started process (PID=1309) to work on /home/airflow/.local/lib/python3.7/site-packages/airflow/example_dags/example_complex.py
[2022-05-20 19:13:50,612] {processor.py:641} INFO - Processing file /home/airflow/.local/lib/python3.7/site-packages/airflow/example_dags/example_complex.py for tasks to queue
[2022-05-20 19:13:50,612] {logging_mixin.py:115} INFO - [2022-05-20 19:13:50,612] {dagbag.py:507} INFO - Filling up the DagBag from /home/airflow/.local/lib/python3.7/site-packages/airflow/example_dags/example_complex.py
[2022-05-20 19:13:50,626] {processor.py:651} INFO - DAG(s) dict_keys(['example_complex']) retrieved from /home/airflow/.local/lib/python3.7/site-packages/airflow/example_dags/example_complex.py
[2022-05-20 19:13:50,653] {logging_mixin.py:115} INFO - [2022-05-20 19:13:50,653] {dag.py:2371} INFO - Sync 1 DAGs
[2022-05-20 19:13:50,768] {logging_mixin.py:115} INFO - [2022-05-20 19:13:50,768] {dag.py:2919} INFO - Setting next_dagrun for example_complex to None, run_after=None
[2022-05-20 19:13:50,779] {processor.py:161} INFO - Processing /home/airflow/.local/lib/python3.7/site-packages/airflow/example_dags/example_complex.py took 0.169 seconds
[2022-05-20 19:14:22,104] {processor.py:153} INFO - Started process (PID=1374) to work on /home/airflow/.local/lib/python3.7/site-packages/airflow/example_dags/example_complex.py
[2022-05-20 19:14:22,104] {processor.py:641} INFO - Processing file /home/airflow/.local/lib/python3.7/site-packages/airflow/example_dags/example_complex.py for tasks to queue
[2022-05-20 19:14:22,104] {logging_mixin.py:115} INFO - [2022-05-20 19:14:22,104] {dagbag.py:507} INFO - Filling up the DagBag from /home/airflow/.local/lib/python3.7/site-packages/airflow/example_dags/example_complex.py
[2022-05-20 19:14:22,117] {processor.py:651} INFO - DAG(s) dict_keys(['example_complex']) retrieved from /home/airflow/.local/lib/python3.7/site-packages/airflow/example_dags/example_complex.py
[2022-05-20 19:14:22,144] {logging_mixin.py:115} INFO - [2022-05-20 19:14:22,144] {dag.py:2371} INFO - Sync 1 DAGs
[2022-05-20 19:14:22,266] {logging_mixin.py:115} INFO - [2022-05-20 19:14:22,266] {dag.py:2919} INFO - Setting next_dagrun for example_complex to None, run_after=None
[2022-05-20 19:14:22,279] {processor.py:161} INFO - Processing /home/airflow/.local/lib/python3.7/site-packages/airflow/example_dags/example_complex.py took 0.177 seconds
[2022-05-20 19:14:53,088] {processor.py:153} INFO - Started process (PID=1430) to work on /home/airflow/.local/lib/python3.7/site-packages/airflow/example_dags/example_complex.py
[2022-05-20 19:14:53,088] {processor.py:641} INFO - Processing file /home/airflow/.local/lib/python3.7/site-packages/airflow/example_dags/example_complex.py for tasks to queue
[2022-05-20 19:14:53,088] {logging_mixin.py:115} INFO - [2022-05-20 19:14:53,088] {dagbag.py:507} INFO - Filling up the DagBag from /home/airflow/.local/lib/python3.7/site-packages/airflow/example_dags/example_complex.py
[2022-05-20 19:14:53,101] {processor.py:651} INFO - DAG(s) dict_keys(['example_complex']) retrieved from /home/airflow/.local/lib/python3.7/site-packages/airflow/example_dags/example_complex.py
[2022-05-20 19:14:53,132] {logging_mixin.py:115} INFO - [2022-05-20 19:14:53,132] {dag.py:2371} INFO - Sync 1 DAGs
[2022-05-20 19:14:53,244] {logging_mixin.py:115} INFO - [2022-05-20 19:14:53,244] {dag.py:2919} INFO - Setting next_dagrun for example_complex to None, run_after=None
[2022-05-20 19:14:53,255] {processor.py:161} INFO - Processing /home/airflow/.local/lib/python3.7/site-packages/airflow/example_dags/example_complex.py took 0.170 seconds
[2022-05-20 19:15:24,106] {processor.py:153} INFO - Started process (PID=1494) to work on /home/airflow/.local/lib/python3.7/site-packages/airflow/example_dags/example_complex.py
[2022-05-20 19:15:24,106] {processor.py:641} INFO - Processing file /home/airflow/.local/lib/python3.7/site-packages/airflow/example_dags/example_complex.py for tasks to queue
[2022-05-20 19:15:24,107] {logging_mixin.py:115} INFO - [2022-05-20 19:15:24,107] {dagbag.py:507} INFO - Filling up the DagBag from /home/airflow/.local/lib/python3.7/site-packages/airflow/example_dags/example_complex.py
[2022-05-20 19:15:24,119] {processor.py:651} INFO - DAG(s) dict_keys(['example_complex']) retrieved from /home/airflow/.local/lib/python3.7/site-packages/airflow/example_dags/example_complex.py
[2022-05-20 19:15:24,146] {logging_mixin.py:115} INFO - [2022-05-20 19:15:24,146] {dag.py:2371} INFO - Sync 1 DAGs
[2022-05-20 19:15:24,256] {logging_mixin.py:115} INFO - [2022-05-20 19:15:24,256] {dag.py:2919} INFO - Setting next_dagrun for example_complex to None, run_after=None
[2022-05-20 19:15:24,265] {processor.py:161} INFO - Processing /home/airflow/.local/lib/python3.7/site-packages/airflow/example_dags/example_complex.py took 0.161 seconds
[2022-05-20 19:15:54,959] {processor.py:153} INFO - Started process (PID=1558) to work on /home/airflow/.local/lib/python3.7/site-packages/airflow/example_dags/example_complex.py
[2022-05-20 19:15:54,960] {processor.py:641} INFO - Processing file /home/airflow/.local/lib/python3.7/site-packages/airflow/example_dags/example_complex.py for tasks to queue
[2022-05-20 19:15:54,960] {logging_mixin.py:115} INFO - [2022-05-20 19:15:54,960] {dagbag.py:507} INFO - Filling up the DagBag from /home/airflow/.local/lib/python3.7/site-packages/airflow/example_dags/example_complex.py
[2022-05-20 19:15:54,972] {processor.py:651} INFO - DAG(s) dict_keys(['example_complex']) retrieved from /home/airflow/.local/lib/python3.7/site-packages/airflow/example_dags/example_complex.py
[2022-05-20 19:15:55,000] {logging_mixin.py:115} INFO - [2022-05-20 19:15:55,000] {dag.py:2371} INFO - Sync 1 DAGs
[2022-05-20 19:15:55,112] {logging_mixin.py:115} INFO - [2022-05-20 19:15:55,112] {dag.py:2919} INFO - Setting next_dagrun for example_complex to None, run_after=None
[2022-05-20 19:15:55,123] {processor.py:161} INFO - Processing /home/airflow/.local/lib/python3.7/site-packages/airflow/example_dags/example_complex.py took 0.165 seconds
[2022-05-20 19:16:26,474] {processor.py:153} INFO - Started process (PID=1624) to work on /home/airflow/.local/lib/python3.7/site-packages/airflow/example_dags/example_complex.py
[2022-05-20 19:16:26,474] {processor.py:641} INFO - Processing file /home/airflow/.local/lib/python3.7/site-packages/airflow/example_dags/example_complex.py for tasks to queue
[2022-05-20 19:16:26,474] {logging_mixin.py:115} INFO - [2022-05-20 19:16:26,474] {dagbag.py:507} INFO - Filling up the DagBag from /home/airflow/.local/lib/python3.7/site-packages/airflow/example_dags/example_complex.py
[2022-05-20 19:16:26,488] {processor.py:651} INFO - DAG(s) dict_keys(['example_complex']) retrieved from /home/airflow/.local/lib/python3.7/site-packages/airflow/example_dags/example_complex.py
[2022-05-20 19:16:26,517] {logging_mixin.py:115} INFO - [2022-05-20 19:16:26,517] {dag.py:2371} INFO - Sync 1 DAGs
[2022-05-20 19:16:26,634] {logging_mixin.py:115} INFO - [2022-05-20 19:16:26,634] {dag.py:2919} INFO - Setting next_dagrun for example_complex to None, run_after=None
[2022-05-20 19:16:26,652] {processor.py:161} INFO - Processing /home/airflow/.local/lib/python3.7/site-packages/airflow/example_dags/example_complex.py took 0.181 seconds
[2022-05-20 19:16:57,019] {processor.py:153} INFO - Started process (PID=1680) to work on /home/airflow/.local/lib/python3.7/site-packages/airflow/example_dags/example_complex.py
[2022-05-20 19:16:57,019] {processor.py:641} INFO - Processing file /home/airflow/.local/lib/python3.7/site-packages/airflow/example_dags/example_complex.py for tasks to queue
[2022-05-20 19:16:57,020] {logging_mixin.py:115} INFO - [2022-05-20 19:16:57,019] {dagbag.py:507} INFO - Filling up the DagBag from /home/airflow/.local/lib/python3.7/site-packages/airflow/example_dags/example_complex.py
[2022-05-20 19:16:57,032] {processor.py:651} INFO - DAG(s) dict_keys(['example_complex']) retrieved from /home/airflow/.local/lib/python3.7/site-packages/airflow/example_dags/example_complex.py
[2022-05-20 19:16:57,058] {logging_mixin.py:115} INFO - [2022-05-20 19:16:57,058] {dag.py:2371} INFO - Sync 1 DAGs
[2022-05-20 19:16:57,185] {logging_mixin.py:115} INFO - [2022-05-20 19:16:57,185] {dag.py:2919} INFO - Setting next_dagrun for example_complex to None, run_after=None
[2022-05-20 19:16:57,202] {processor.py:161} INFO - Processing /home/airflow/.local/lib/python3.7/site-packages/airflow/example_dags/example_complex.py took 0.185 seconds
[2022-05-20 19:17:27,337] {processor.py:153} INFO - Started process (PID=1746) to work on /home/airflow/.local/lib/python3.7/site-packages/airflow/example_dags/example_complex.py
[2022-05-20 19:17:27,337] {processor.py:641} INFO - Processing file /home/airflow/.local/lib/python3.7/site-packages/airflow/example_dags/example_complex.py for tasks to queue
[2022-05-20 19:17:27,338] {logging_mixin.py:115} INFO - [2022-05-20 19:17:27,338] {dagbag.py:507} INFO - Filling up the DagBag from /home/airflow/.local/lib/python3.7/site-packages/airflow/example_dags/example_complex.py
[2022-05-20 19:17:27,350] {processor.py:651} INFO - DAG(s) dict_keys(['example_complex']) retrieved from /home/airflow/.local/lib/python3.7/site-packages/airflow/example_dags/example_complex.py
[2022-05-20 19:17:27,377] {logging_mixin.py:115} INFO - [2022-05-20 19:17:27,377] {dag.py:2371} INFO - Sync 1 DAGs
[2022-05-20 19:17:27,503] {logging_mixin.py:115} INFO - [2022-05-20 19:17:27,503] {dag.py:2919} INFO - Setting next_dagrun for example_complex to None, run_after=None
[2022-05-20 19:17:27,529] {processor.py:161} INFO - Processing /home/airflow/.local/lib/python3.7/site-packages/airflow/example_dags/example_complex.py took 0.194 seconds
[2022-05-20 19:17:58,287] {processor.py:153} INFO - Started process (PID=1811) to work on /home/airflow/.local/lib/python3.7/site-packages/airflow/example_dags/example_complex.py
[2022-05-20 19:17:58,287] {processor.py:641} INFO - Processing file /home/airflow/.local/lib/python3.7/site-packages/airflow/example_dags/example_complex.py for tasks to queue
[2022-05-20 19:17:58,287] {logging_mixin.py:115} INFO - [2022-05-20 19:17:58,287] {dagbag.py:507} INFO - Filling up the DagBag from /home/airflow/.local/lib/python3.7/site-packages/airflow/example_dags/example_complex.py
[2022-05-20 19:17:58,299] {processor.py:651} INFO - DAG(s) dict_keys(['example_complex']) retrieved from /home/airflow/.local/lib/python3.7/site-packages/airflow/example_dags/example_complex.py
[2022-05-20 19:17:58,329] {logging_mixin.py:115} INFO - [2022-05-20 19:17:58,329] {dag.py:2371} INFO - Sync 1 DAGs
[2022-05-20 19:17:58,450] {logging_mixin.py:115} INFO - [2022-05-20 19:17:58,450] {dag.py:2919} INFO - Setting next_dagrun for example_complex to None, run_after=None
[2022-05-20 19:17:58,461] {processor.py:161} INFO - Processing /home/airflow/.local/lib/python3.7/site-packages/airflow/example_dags/example_complex.py took 0.176 seconds
[2022-05-20 19:18:29,260] {processor.py:153} INFO - Started process (PID=1867) to work on /home/airflow/.local/lib/python3.7/site-packages/airflow/example_dags/example_complex.py
[2022-05-20 19:18:29,261] {processor.py:641} INFO - Processing file /home/airflow/.local/lib/python3.7/site-packages/airflow/example_dags/example_complex.py for tasks to queue
[2022-05-20 19:18:29,262] {logging_mixin.py:115} INFO - [2022-05-20 19:18:29,261] {dagbag.py:507} INFO - Filling up the DagBag from /home/airflow/.local/lib/python3.7/site-packages/airflow/example_dags/example_complex.py
[2022-05-20 19:18:29,282] {processor.py:651} INFO - DAG(s) dict_keys(['example_complex']) retrieved from /home/airflow/.local/lib/python3.7/site-packages/airflow/example_dags/example_complex.py
[2022-05-20 19:18:29,326] {logging_mixin.py:115} INFO - [2022-05-20 19:18:29,326] {dag.py:2371} INFO - Sync 1 DAGs
[2022-05-20 19:18:29,470] {logging_mixin.py:115} INFO - [2022-05-20 19:18:29,470] {dag.py:2919} INFO - Setting next_dagrun for example_complex to None, run_after=None
[2022-05-20 19:18:29,488] {processor.py:161} INFO - Processing /home/airflow/.local/lib/python3.7/site-packages/airflow/example_dags/example_complex.py took 0.230 seconds
[2022-05-20 19:19:00,749] {processor.py:153} INFO - Started process (PID=1931) to work on /home/airflow/.local/lib/python3.7/site-packages/airflow/example_dags/example_complex.py
[2022-05-20 19:19:00,750] {processor.py:641} INFO - Processing file /home/airflow/.local/lib/python3.7/site-packages/airflow/example_dags/example_complex.py for tasks to queue
[2022-05-20 19:19:00,750] {logging_mixin.py:115} INFO - [2022-05-20 19:19:00,750] {dagbag.py:507} INFO - Filling up the DagBag from /home/airflow/.local/lib/python3.7/site-packages/airflow/example_dags/example_complex.py
[2022-05-20 19:19:00,776] {processor.py:651} INFO - DAG(s) dict_keys(['example_complex']) retrieved from /home/airflow/.local/lib/python3.7/site-packages/airflow/example_dags/example_complex.py
[2022-05-20 19:19:00,811] {logging_mixin.py:115} INFO - [2022-05-20 19:19:00,811] {dag.py:2371} INFO - Sync 1 DAGs
[2022-05-20 19:19:00,955] {logging_mixin.py:115} INFO - [2022-05-20 19:19:00,955] {dag.py:2919} INFO - Setting next_dagrun for example_complex to None, run_after=None
[2022-05-20 19:19:00,975] {processor.py:161} INFO - Processing /home/airflow/.local/lib/python3.7/site-packages/airflow/example_dags/example_complex.py took 0.231 seconds
[2022-05-20 19:19:31,173] {processor.py:153} INFO - Started process (PID=1996) to work on /home/airflow/.local/lib/python3.7/site-packages/airflow/example_dags/example_complex.py
[2022-05-20 19:19:31,173] {processor.py:641} INFO - Processing file /home/airflow/.local/lib/python3.7/site-packages/airflow/example_dags/example_complex.py for tasks to queue
[2022-05-20 19:19:31,174] {logging_mixin.py:115} INFO - [2022-05-20 19:19:31,174] {dagbag.py:507} INFO - Filling up the DagBag from /home/airflow/.local/lib/python3.7/site-packages/airflow/example_dags/example_complex.py
[2022-05-20 19:19:31,188] {processor.py:651} INFO - DAG(s) dict_keys(['example_complex']) retrieved from /home/airflow/.local/lib/python3.7/site-packages/airflow/example_dags/example_complex.py
[2022-05-20 19:19:31,219] {logging_mixin.py:115} INFO - [2022-05-20 19:19:31,219] {dag.py:2371} INFO - Sync 1 DAGs
[2022-05-20 19:19:31,359] {logging_mixin.py:115} INFO - [2022-05-20 19:19:31,359] {dag.py:2919} INFO - Setting next_dagrun for example_complex to None, run_after=None
[2022-05-20 19:19:31,370] {processor.py:161} INFO - Processing /home/airflow/.local/lib/python3.7/site-packages/airflow/example_dags/example_complex.py took 0.199 seconds
[2022-05-20 19:20:02,426] {processor.py:153} INFO - Started process (PID=2052) to work on /home/airflow/.local/lib/python3.7/site-packages/airflow/example_dags/example_complex.py
[2022-05-20 19:20:02,426] {processor.py:641} INFO - Processing file /home/airflow/.local/lib/python3.7/site-packages/airflow/example_dags/example_complex.py for tasks to queue
[2022-05-20 19:20:02,426] {logging_mixin.py:115} INFO - [2022-05-20 19:20:02,426] {dagbag.py:507} INFO - Filling up the DagBag from /home/airflow/.local/lib/python3.7/site-packages/airflow/example_dags/example_complex.py
[2022-05-20 19:20:02,438] {processor.py:651} INFO - DAG(s) dict_keys(['example_complex']) retrieved from /home/airflow/.local/lib/python3.7/site-packages/airflow/example_dags/example_complex.py
[2022-05-20 19:20:02,468] {logging_mixin.py:115} INFO - [2022-05-20 19:20:02,468] {dag.py:2371} INFO - Sync 1 DAGs
[2022-05-20 19:20:02,589] {logging_mixin.py:115} INFO - [2022-05-20 19:20:02,589] {dag.py:2919} INFO - Setting next_dagrun for example_complex to None, run_after=None
[2022-05-20 19:20:02,599] {processor.py:161} INFO - Processing /home/airflow/.local/lib/python3.7/site-packages/airflow/example_dags/example_complex.py took 0.175 seconds
[2022-05-20 19:20:33,403] {processor.py:153} INFO - Started process (PID=2117) to work on /home/airflow/.local/lib/python3.7/site-packages/airflow/example_dags/example_complex.py
[2022-05-20 19:20:33,403] {processor.py:641} INFO - Processing file /home/airflow/.local/lib/python3.7/site-packages/airflow/example_dags/example_complex.py for tasks to queue
[2022-05-20 19:20:33,404] {logging_mixin.py:115} INFO - [2022-05-20 19:20:33,403] {dagbag.py:507} INFO - Filling up the DagBag from /home/airflow/.local/lib/python3.7/site-packages/airflow/example_dags/example_complex.py
[2022-05-20 19:20:33,416] {processor.py:651} INFO - DAG(s) dict_keys(['example_complex']) retrieved from /home/airflow/.local/lib/python3.7/site-packages/airflow/example_dags/example_complex.py
[2022-05-20 19:20:33,452] {logging_mixin.py:115} INFO - [2022-05-20 19:20:33,452] {dag.py:2371} INFO - Sync 1 DAGs
[2022-05-20 19:20:33,566] {logging_mixin.py:115} INFO - [2022-05-20 19:20:33,566] {dag.py:2919} INFO - Setting next_dagrun for example_complex to None, run_after=None
[2022-05-20 19:20:33,576] {processor.py:161} INFO - Processing /home/airflow/.local/lib/python3.7/site-packages/airflow/example_dags/example_complex.py took 0.176 seconds
[2022-05-20 19:21:04,550] {processor.py:153} INFO - Started process (PID=2181) to work on /home/airflow/.local/lib/python3.7/site-packages/airflow/example_dags/example_complex.py
[2022-05-20 19:21:04,550] {processor.py:641} INFO - Processing file /home/airflow/.local/lib/python3.7/site-packages/airflow/example_dags/example_complex.py for tasks to queue
[2022-05-20 19:21:04,551] {logging_mixin.py:115} INFO - [2022-05-20 19:21:04,551] {dagbag.py:507} INFO - Filling up the DagBag from /home/airflow/.local/lib/python3.7/site-packages/airflow/example_dags/example_complex.py
[2022-05-20 19:21:04,563] {processor.py:651} INFO - DAG(s) dict_keys(['example_complex']) retrieved from /home/airflow/.local/lib/python3.7/site-packages/airflow/example_dags/example_complex.py
[2022-05-20 19:21:04,590] {logging_mixin.py:115} INFO - [2022-05-20 19:21:04,590] {dag.py:2371} INFO - Sync 1 DAGs
[2022-05-20 19:21:04,717] {logging_mixin.py:115} INFO - [2022-05-20 19:21:04,717] {dag.py:2919} INFO - Setting next_dagrun for example_complex to None, run_after=None
[2022-05-20 19:21:04,730] {processor.py:161} INFO - Processing /home/airflow/.local/lib/python3.7/site-packages/airflow/example_dags/example_complex.py took 0.182 seconds
[2022-05-20 19:21:35,520] {processor.py:153} INFO - Started process (PID=2246) to work on /home/airflow/.local/lib/python3.7/site-packages/airflow/example_dags/example_complex.py
[2022-05-20 19:21:35,521] {processor.py:641} INFO - Processing file /home/airflow/.local/lib/python3.7/site-packages/airflow/example_dags/example_complex.py for tasks to queue
[2022-05-20 19:21:35,521] {logging_mixin.py:115} INFO - [2022-05-20 19:21:35,521] {dagbag.py:507} INFO - Filling up the DagBag from /home/airflow/.local/lib/python3.7/site-packages/airflow/example_dags/example_complex.py
[2022-05-20 19:21:35,533] {processor.py:651} INFO - DAG(s) dict_keys(['example_complex']) retrieved from /home/airflow/.local/lib/python3.7/site-packages/airflow/example_dags/example_complex.py
[2022-05-20 19:21:35,560] {logging_mixin.py:115} INFO - [2022-05-20 19:21:35,560] {dag.py:2371} INFO - Sync 1 DAGs
[2022-05-20 19:21:35,688] {logging_mixin.py:115} INFO - [2022-05-20 19:21:35,688] {dag.py:2919} INFO - Setting next_dagrun for example_complex to None, run_after=None
[2022-05-20 19:21:35,699] {processor.py:161} INFO - Processing /home/airflow/.local/lib/python3.7/site-packages/airflow/example_dags/example_complex.py took 0.180 seconds
[2022-05-20 19:22:05,867] {processor.py:153} INFO - Started process (PID=2302) to work on /home/airflow/.local/lib/python3.7/site-packages/airflow/example_dags/example_complex.py
[2022-05-20 19:22:05,867] {processor.py:641} INFO - Processing file /home/airflow/.local/lib/python3.7/site-packages/airflow/example_dags/example_complex.py for tasks to queue
[2022-05-20 19:22:05,868] {logging_mixin.py:115} INFO - [2022-05-20 19:22:05,867] {dagbag.py:507} INFO - Filling up the DagBag from /home/airflow/.local/lib/python3.7/site-packages/airflow/example_dags/example_complex.py
[2022-05-20 19:22:05,879] {processor.py:651} INFO - DAG(s) dict_keys(['example_complex']) retrieved from /home/airflow/.local/lib/python3.7/site-packages/airflow/example_dags/example_complex.py
[2022-05-20 19:22:05,915] {logging_mixin.py:115} INFO - [2022-05-20 19:22:05,915] {dag.py:2371} INFO - Sync 1 DAGs
[2022-05-20 19:22:06,062] {logging_mixin.py:115} INFO - [2022-05-20 19:22:06,061] {dag.py:2919} INFO - Setting next_dagrun for example_complex to None, run_after=None
[2022-05-20 19:22:06,074] {processor.py:161} INFO - Processing /home/airflow/.local/lib/python3.7/site-packages/airflow/example_dags/example_complex.py took 0.209 seconds
[2022-05-20 19:22:37,175] {processor.py:153} INFO - Started process (PID=2366) to work on /home/airflow/.local/lib/python3.7/site-packages/airflow/example_dags/example_complex.py
[2022-05-20 19:22:37,176] {processor.py:641} INFO - Processing file /home/airflow/.local/lib/python3.7/site-packages/airflow/example_dags/example_complex.py for tasks to queue
[2022-05-20 19:22:37,176] {logging_mixin.py:115} INFO - [2022-05-20 19:22:37,176] {dagbag.py:507} INFO - Filling up the DagBag from /home/airflow/.local/lib/python3.7/site-packages/airflow/example_dags/example_complex.py
[2022-05-20 19:22:37,188] {processor.py:651} INFO - DAG(s) dict_keys(['example_complex']) retrieved from /home/airflow/.local/lib/python3.7/site-packages/airflow/example_dags/example_complex.py
[2022-05-20 19:22:37,216] {logging_mixin.py:115} INFO - [2022-05-20 19:22:37,216] {dag.py:2371} INFO - Sync 1 DAGs
[2022-05-20 19:22:37,344] {logging_mixin.py:115} INFO - [2022-05-20 19:22:37,344] {dag.py:2919} INFO - Setting next_dagrun for example_complex to None, run_after=None
[2022-05-20 19:22:37,362] {processor.py:161} INFO - Processing /home/airflow/.local/lib/python3.7/site-packages/airflow/example_dags/example_complex.py took 0.189 seconds
[2022-05-20 19:23:07,395] {processor.py:153} INFO - Started process (PID=2431) to work on /home/airflow/.local/lib/python3.7/site-packages/airflow/example_dags/example_complex.py
[2022-05-20 19:23:07,396] {processor.py:641} INFO - Processing file /home/airflow/.local/lib/python3.7/site-packages/airflow/example_dags/example_complex.py for tasks to queue
[2022-05-20 19:23:07,396] {logging_mixin.py:115} INFO - [2022-05-20 19:23:07,396] {dagbag.py:507} INFO - Filling up the DagBag from /home/airflow/.local/lib/python3.7/site-packages/airflow/example_dags/example_complex.py
[2022-05-20 19:23:07,414] {processor.py:651} INFO - DAG(s) dict_keys(['example_complex']) retrieved from /home/airflow/.local/lib/python3.7/site-packages/airflow/example_dags/example_complex.py
[2022-05-20 19:23:07,442] {logging_mixin.py:115} INFO - [2022-05-20 19:23:07,442] {dag.py:2371} INFO - Sync 1 DAGs
[2022-05-20 19:23:07,560] {logging_mixin.py:115} INFO - [2022-05-20 19:23:07,560] {dag.py:2919} INFO - Setting next_dagrun for example_complex to None, run_after=None
[2022-05-20 19:23:07,575] {processor.py:161} INFO - Processing /home/airflow/.local/lib/python3.7/site-packages/airflow/example_dags/example_complex.py took 0.182 seconds
[2022-05-20 19:23:37,909] {processor.py:153} INFO - Started process (PID=2494) to work on /home/airflow/.local/lib/python3.7/site-packages/airflow/example_dags/example_complex.py
[2022-05-20 19:23:37,910] {processor.py:641} INFO - Processing file /home/airflow/.local/lib/python3.7/site-packages/airflow/example_dags/example_complex.py for tasks to queue
[2022-05-20 19:23:37,910] {logging_mixin.py:115} INFO - [2022-05-20 19:23:37,910] {dagbag.py:507} INFO - Filling up the DagBag from /home/airflow/.local/lib/python3.7/site-packages/airflow/example_dags/example_complex.py
[2022-05-20 19:23:37,924] {processor.py:651} INFO - DAG(s) dict_keys(['example_complex']) retrieved from /home/airflow/.local/lib/python3.7/site-packages/airflow/example_dags/example_complex.py
[2022-05-20 19:23:38,082] {logging_mixin.py:115} INFO - [2022-05-20 19:23:38,082] {dag.py:2371} INFO - Sync 1 DAGs
[2022-05-20 19:23:38,109] {logging_mixin.py:115} INFO - [2022-05-20 19:23:38,109] {dag.py:2919} INFO - Setting next_dagrun for example_complex to None, run_after=None
[2022-05-20 19:23:38,128] {processor.py:161} INFO - Processing /home/airflow/.local/lib/python3.7/site-packages/airflow/example_dags/example_complex.py took 0.221 seconds
[2022-05-20 19:24:08,410] {processor.py:153} INFO - Started process (PID=2552) to work on /home/airflow/.local/lib/python3.7/site-packages/airflow/example_dags/example_complex.py
[2022-05-20 19:24:08,411] {processor.py:641} INFO - Processing file /home/airflow/.local/lib/python3.7/site-packages/airflow/example_dags/example_complex.py for tasks to queue
[2022-05-20 19:24:08,411] {logging_mixin.py:115} INFO - [2022-05-20 19:24:08,411] {dagbag.py:507} INFO - Filling up the DagBag from /home/airflow/.local/lib/python3.7/site-packages/airflow/example_dags/example_complex.py
[2022-05-20 19:24:08,425] {processor.py:651} INFO - DAG(s) dict_keys(['example_complex']) retrieved from /home/airflow/.local/lib/python3.7/site-packages/airflow/example_dags/example_complex.py
[2022-05-20 19:24:08,557] {logging_mixin.py:115} INFO - [2022-05-20 19:24:08,557] {dag.py:2371} INFO - Sync 1 DAGs
[2022-05-20 19:24:08,576] {logging_mixin.py:115} INFO - [2022-05-20 19:24:08,576] {dag.py:2919} INFO - Setting next_dagrun for example_complex to None, run_after=None
[2022-05-20 19:24:08,594] {processor.py:161} INFO - Processing /home/airflow/.local/lib/python3.7/site-packages/airflow/example_dags/example_complex.py took 0.186 seconds
[2022-05-20 19:24:38,969] {processor.py:153} INFO - Started process (PID=2616) to work on /home/airflow/.local/lib/python3.7/site-packages/airflow/example_dags/example_complex.py
[2022-05-20 19:24:38,969] {processor.py:641} INFO - Processing file /home/airflow/.local/lib/python3.7/site-packages/airflow/example_dags/example_complex.py for tasks to queue
[2022-05-20 19:24:38,969] {logging_mixin.py:115} INFO - [2022-05-20 19:24:38,969] {dagbag.py:507} INFO - Filling up the DagBag from /home/airflow/.local/lib/python3.7/site-packages/airflow/example_dags/example_complex.py
[2022-05-20 19:24:38,984] {processor.py:651} INFO - DAG(s) dict_keys(['example_complex']) retrieved from /home/airflow/.local/lib/python3.7/site-packages/airflow/example_dags/example_complex.py
[2022-05-20 19:24:39,115] {logging_mixin.py:115} INFO - [2022-05-20 19:24:39,115] {dag.py:2371} INFO - Sync 1 DAGs
[2022-05-20 19:24:39,137] {logging_mixin.py:115} INFO - [2022-05-20 19:24:39,137] {dag.py:2919} INFO - Setting next_dagrun for example_complex to None, run_after=None
[2022-05-20 19:24:39,147] {processor.py:161} INFO - Processing /home/airflow/.local/lib/python3.7/site-packages/airflow/example_dags/example_complex.py took 0.180 seconds
[2022-05-20 19:25:09,337] {processor.py:153} INFO - Started process (PID=2681) to work on /home/airflow/.local/lib/python3.7/site-packages/airflow/example_dags/example_complex.py
[2022-05-20 19:25:09,337] {processor.py:641} INFO - Processing file /home/airflow/.local/lib/python3.7/site-packages/airflow/example_dags/example_complex.py for tasks to queue
[2022-05-20 19:25:09,338] {logging_mixin.py:115} INFO - [2022-05-20 19:25:09,338] {dagbag.py:507} INFO - Filling up the DagBag from /home/airflow/.local/lib/python3.7/site-packages/airflow/example_dags/example_complex.py
[2022-05-20 19:25:09,356] {processor.py:651} INFO - DAG(s) dict_keys(['example_complex']) retrieved from /home/airflow/.local/lib/python3.7/site-packages/airflow/example_dags/example_complex.py
[2022-05-20 19:25:09,481] {logging_mixin.py:115} INFO - [2022-05-20 19:25:09,481] {dag.py:2371} INFO - Sync 1 DAGs
[2022-05-20 19:25:09,499] {logging_mixin.py:115} INFO - [2022-05-20 19:25:09,499] {dag.py:2919} INFO - Setting next_dagrun for example_complex to None, run_after=None
[2022-05-20 19:25:09,516] {processor.py:161} INFO - Processing /home/airflow/.local/lib/python3.7/site-packages/airflow/example_dags/example_complex.py took 0.182 seconds
[2022-05-20 19:25:39,884] {processor.py:153} INFO - Started process (PID=2737) to work on /home/airflow/.local/lib/python3.7/site-packages/airflow/example_dags/example_complex.py
[2022-05-20 19:25:39,885] {processor.py:641} INFO - Processing file /home/airflow/.local/lib/python3.7/site-packages/airflow/example_dags/example_complex.py for tasks to queue
[2022-05-20 19:25:39,885] {logging_mixin.py:115} INFO - [2022-05-20 19:25:39,885] {dagbag.py:507} INFO - Filling up the DagBag from /home/airflow/.local/lib/python3.7/site-packages/airflow/example_dags/example_complex.py
[2022-05-20 19:25:39,899] {processor.py:651} INFO - DAG(s) dict_keys(['example_complex']) retrieved from /home/airflow/.local/lib/python3.7/site-packages/airflow/example_dags/example_complex.py
[2022-05-20 19:25:40,022] {logging_mixin.py:115} INFO - [2022-05-20 19:25:40,021] {dag.py:2371} INFO - Sync 1 DAGs
[2022-05-20 19:25:40,040] {logging_mixin.py:115} INFO - [2022-05-20 19:25:40,040] {dag.py:2919} INFO - Setting next_dagrun for example_complex to None, run_after=None
[2022-05-20 19:25:40,050] {processor.py:161} INFO - Processing /home/airflow/.local/lib/python3.7/site-packages/airflow/example_dags/example_complex.py took 0.168 seconds
[2022-05-20 19:26:10,781] {processor.py:153} INFO - Started process (PID=2802) to work on /home/airflow/.local/lib/python3.7/site-packages/airflow/example_dags/example_complex.py
[2022-05-20 19:26:10,782] {processor.py:641} INFO - Processing file /home/airflow/.local/lib/python3.7/site-packages/airflow/example_dags/example_complex.py for tasks to queue
[2022-05-20 19:26:10,782] {logging_mixin.py:115} INFO - [2022-05-20 19:26:10,782] {dagbag.py:507} INFO - Filling up the DagBag from /home/airflow/.local/lib/python3.7/site-packages/airflow/example_dags/example_complex.py
[2022-05-20 19:26:10,796] {processor.py:651} INFO - DAG(s) dict_keys(['example_complex']) retrieved from /home/airflow/.local/lib/python3.7/site-packages/airflow/example_dags/example_complex.py
[2022-05-20 19:26:10,915] {logging_mixin.py:115} INFO - [2022-05-20 19:26:10,915] {dag.py:2371} INFO - Sync 1 DAGs
[2022-05-20 19:26:10,934] {logging_mixin.py:115} INFO - [2022-05-20 19:26:10,934] {dag.py:2919} INFO - Setting next_dagrun for example_complex to None, run_after=None
[2022-05-20 19:26:10,945] {processor.py:161} INFO - Processing /home/airflow/.local/lib/python3.7/site-packages/airflow/example_dags/example_complex.py took 0.166 seconds
[2022-05-20 19:26:41,893] {processor.py:153} INFO - Started process (PID=2868) to work on /home/airflow/.local/lib/python3.7/site-packages/airflow/example_dags/example_complex.py
[2022-05-20 19:26:41,894] {processor.py:641} INFO - Processing file /home/airflow/.local/lib/python3.7/site-packages/airflow/example_dags/example_complex.py for tasks to queue
[2022-05-20 19:26:41,894] {logging_mixin.py:115} INFO - [2022-05-20 19:26:41,894] {dagbag.py:507} INFO - Filling up the DagBag from /home/airflow/.local/lib/python3.7/site-packages/airflow/example_dags/example_complex.py
[2022-05-20 19:26:41,908] {processor.py:651} INFO - DAG(s) dict_keys(['example_complex']) retrieved from /home/airflow/.local/lib/python3.7/site-packages/airflow/example_dags/example_complex.py
[2022-05-20 19:26:42,033] {logging_mixin.py:115} INFO - [2022-05-20 19:26:42,033] {dag.py:2371} INFO - Sync 1 DAGs
[2022-05-20 19:26:42,052] {logging_mixin.py:115} INFO - [2022-05-20 19:26:42,052] {dag.py:2919} INFO - Setting next_dagrun for example_complex to None, run_after=None
[2022-05-20 19:26:42,069] {processor.py:161} INFO - Processing /home/airflow/.local/lib/python3.7/site-packages/airflow/example_dags/example_complex.py took 0.179 seconds
[2022-05-20 19:27:13,120] {processor.py:153} INFO - Started process (PID=2933) to work on /home/airflow/.local/lib/python3.7/site-packages/airflow/example_dags/example_complex.py
[2022-05-20 19:27:13,120] {processor.py:641} INFO - Processing file /home/airflow/.local/lib/python3.7/site-packages/airflow/example_dags/example_complex.py for tasks to queue
[2022-05-20 19:27:13,120] {logging_mixin.py:115} INFO - [2022-05-20 19:27:13,120] {dagbag.py:507} INFO - Filling up the DagBag from /home/airflow/.local/lib/python3.7/site-packages/airflow/example_dags/example_complex.py
[2022-05-20 19:27:13,134] {processor.py:651} INFO - DAG(s) dict_keys(['example_complex']) retrieved from /home/airflow/.local/lib/python3.7/site-packages/airflow/example_dags/example_complex.py
[2022-05-20 19:27:13,254] {logging_mixin.py:115} INFO - [2022-05-20 19:27:13,254] {dag.py:2371} INFO - Sync 1 DAGs
[2022-05-20 19:27:13,272] {logging_mixin.py:115} INFO - [2022-05-20 19:27:13,272] {dag.py:2919} INFO - Setting next_dagrun for example_complex to None, run_after=None
[2022-05-20 19:27:13,284] {processor.py:161} INFO - Processing /home/airflow/.local/lib/python3.7/site-packages/airflow/example_dags/example_complex.py took 0.167 seconds
[2022-05-20 19:27:43,832] {processor.py:153} INFO - Started process (PID=2989) to work on /home/airflow/.local/lib/python3.7/site-packages/airflow/example_dags/example_complex.py
[2022-05-20 19:27:43,833] {processor.py:641} INFO - Processing file /home/airflow/.local/lib/python3.7/site-packages/airflow/example_dags/example_complex.py for tasks to queue
[2022-05-20 19:27:43,833] {logging_mixin.py:115} INFO - [2022-05-20 19:27:43,833] {dagbag.py:507} INFO - Filling up the DagBag from /home/airflow/.local/lib/python3.7/site-packages/airflow/example_dags/example_complex.py
[2022-05-20 19:27:43,847] {processor.py:651} INFO - DAG(s) dict_keys(['example_complex']) retrieved from /home/airflow/.local/lib/python3.7/site-packages/airflow/example_dags/example_complex.py
[2022-05-20 19:27:43,972] {logging_mixin.py:115} INFO - [2022-05-20 19:27:43,972] {dag.py:2371} INFO - Sync 1 DAGs
[2022-05-20 19:27:43,990] {logging_mixin.py:115} INFO - [2022-05-20 19:27:43,990] {dag.py:2919} INFO - Setting next_dagrun for example_complex to None, run_after=None
[2022-05-20 19:27:43,999] {processor.py:161} INFO - Processing /home/airflow/.local/lib/python3.7/site-packages/airflow/example_dags/example_complex.py took 0.170 seconds
[2022-05-20 19:28:15,398] {processor.py:153} INFO - Started process (PID=3054) to work on /home/airflow/.local/lib/python3.7/site-packages/airflow/example_dags/example_complex.py
[2022-05-20 19:28:15,399] {processor.py:641} INFO - Processing file /home/airflow/.local/lib/python3.7/site-packages/airflow/example_dags/example_complex.py for tasks to queue
[2022-05-20 19:28:15,399] {logging_mixin.py:115} INFO - [2022-05-20 19:28:15,399] {dagbag.py:507} INFO - Filling up the DagBag from /home/airflow/.local/lib/python3.7/site-packages/airflow/example_dags/example_complex.py
[2022-05-20 19:28:15,413] {processor.py:651} INFO - DAG(s) dict_keys(['example_complex']) retrieved from /home/airflow/.local/lib/python3.7/site-packages/airflow/example_dags/example_complex.py
[2022-05-20 19:28:15,545] {logging_mixin.py:115} INFO - [2022-05-20 19:28:15,545] {dag.py:2371} INFO - Sync 1 DAGs
[2022-05-20 19:28:15,566] {logging_mixin.py:115} INFO - [2022-05-20 19:28:15,566] {dag.py:2919} INFO - Setting next_dagrun for example_complex to None, run_after=None
[2022-05-20 19:28:15,576] {processor.py:161} INFO - Processing /home/airflow/.local/lib/python3.7/site-packages/airflow/example_dags/example_complex.py took 0.180 seconds
[2022-05-20 19:28:46,481] {processor.py:153} INFO - Started process (PID=3120) to work on /home/airflow/.local/lib/python3.7/site-packages/airflow/example_dags/example_complex.py
[2022-05-20 19:28:46,481] {processor.py:641} INFO - Processing file /home/airflow/.local/lib/python3.7/site-packages/airflow/example_dags/example_complex.py for tasks to queue
[2022-05-20 19:28:46,482] {logging_mixin.py:115} INFO - [2022-05-20 19:28:46,482] {dagbag.py:507} INFO - Filling up the DagBag from /home/airflow/.local/lib/python3.7/site-packages/airflow/example_dags/example_complex.py
[2022-05-20 19:28:46,589] {processor.py:651} INFO - DAG(s) dict_keys(['example_complex']) retrieved from /home/airflow/.local/lib/python3.7/site-packages/airflow/example_dags/example_complex.py
[2022-05-20 19:28:46,612] {logging_mixin.py:115} INFO - [2022-05-20 19:28:46,612] {dag.py:2371} INFO - Sync 1 DAGs
[2022-05-20 19:28:46,630] {logging_mixin.py:115} INFO - [2022-05-20 19:28:46,630] {dag.py:2919} INFO - Setting next_dagrun for example_complex to None, run_after=None
[2022-05-20 19:28:46,640] {processor.py:161} INFO - Processing /home/airflow/.local/lib/python3.7/site-packages/airflow/example_dags/example_complex.py took 0.162 seconds
[2022-05-20 19:29:17,666] {processor.py:153} INFO - Started process (PID=3185) to work on /home/airflow/.local/lib/python3.7/site-packages/airflow/example_dags/example_complex.py
[2022-05-20 19:29:17,666] {processor.py:641} INFO - Processing file /home/airflow/.local/lib/python3.7/site-packages/airflow/example_dags/example_complex.py for tasks to queue
[2022-05-20 19:29:17,667] {logging_mixin.py:115} INFO - [2022-05-20 19:29:17,667] {dagbag.py:507} INFO - Filling up the DagBag from /home/airflow/.local/lib/python3.7/site-packages/airflow/example_dags/example_complex.py
[2022-05-20 19:29:17,780] {processor.py:651} INFO - DAG(s) dict_keys(['example_complex']) retrieved from /home/airflow/.local/lib/python3.7/site-packages/airflow/example_dags/example_complex.py
[2022-05-20 19:29:17,804] {logging_mixin.py:115} INFO - [2022-05-20 19:29:17,803] {dag.py:2371} INFO - Sync 1 DAGs
[2022-05-20 19:29:17,822] {logging_mixin.py:115} INFO - [2022-05-20 19:29:17,822] {dag.py:2919} INFO - Setting next_dagrun for example_complex to None, run_after=None
[2022-05-20 19:29:17,832] {processor.py:161} INFO - Processing /home/airflow/.local/lib/python3.7/site-packages/airflow/example_dags/example_complex.py took 0.168 seconds
[2022-05-20 19:29:48,700] {processor.py:153} INFO - Started process (PID=3241) to work on /home/airflow/.local/lib/python3.7/site-packages/airflow/example_dags/example_complex.py
[2022-05-20 19:29:48,701] {processor.py:641} INFO - Processing file /home/airflow/.local/lib/python3.7/site-packages/airflow/example_dags/example_complex.py for tasks to queue
[2022-05-20 19:29:48,701] {logging_mixin.py:115} INFO - [2022-05-20 19:29:48,701] {dagbag.py:507} INFO - Filling up the DagBag from /home/airflow/.local/lib/python3.7/site-packages/airflow/example_dags/example_complex.py
[2022-05-20 19:29:48,811] {processor.py:651} INFO - DAG(s) dict_keys(['example_complex']) retrieved from /home/airflow/.local/lib/python3.7/site-packages/airflow/example_dags/example_complex.py
[2022-05-20 19:29:48,835] {logging_mixin.py:115} INFO - [2022-05-20 19:29:48,835] {dag.py:2371} INFO - Sync 1 DAGs
[2022-05-20 19:29:48,854] {logging_mixin.py:115} INFO - [2022-05-20 19:29:48,854] {dag.py:2919} INFO - Setting next_dagrun for example_complex to None, run_after=None
[2022-05-20 19:29:48,871] {processor.py:161} INFO - Processing /home/airflow/.local/lib/python3.7/site-packages/airflow/example_dags/example_complex.py took 0.173 seconds
[2022-05-20 19:30:19,568] {processor.py:153} INFO - Started process (PID=3306) to work on /home/airflow/.local/lib/python3.7/site-packages/airflow/example_dags/example_complex.py
[2022-05-20 19:30:19,569] {processor.py:641} INFO - Processing file /home/airflow/.local/lib/python3.7/site-packages/airflow/example_dags/example_complex.py for tasks to queue
[2022-05-20 19:30:19,569] {logging_mixin.py:115} INFO - [2022-05-20 19:30:19,569] {dagbag.py:507} INFO - Filling up the DagBag from /home/airflow/.local/lib/python3.7/site-packages/airflow/example_dags/example_complex.py
[2022-05-20 19:30:19,682] {processor.py:651} INFO - DAG(s) dict_keys(['example_complex']) retrieved from /home/airflow/.local/lib/python3.7/site-packages/airflow/example_dags/example_complex.py
[2022-05-20 19:30:19,716] {logging_mixin.py:115} INFO - [2022-05-20 19:30:19,716] {dag.py:2371} INFO - Sync 1 DAGs
[2022-05-20 19:30:19,735] {logging_mixin.py:115} INFO - [2022-05-20 19:30:19,735] {dag.py:2919} INFO - Setting next_dagrun for example_complex to None, run_after=None
[2022-05-20 19:30:19,753] {processor.py:161} INFO - Processing /home/airflow/.local/lib/python3.7/site-packages/airflow/example_dags/example_complex.py took 0.187 seconds
[2022-05-20 19:30:50,614] {processor.py:153} INFO - Started process (PID=3371) to work on /home/airflow/.local/lib/python3.7/site-packages/airflow/example_dags/example_complex.py
[2022-05-20 19:30:50,614] {processor.py:641} INFO - Processing file /home/airflow/.local/lib/python3.7/site-packages/airflow/example_dags/example_complex.py for tasks to queue
[2022-05-20 19:30:50,615] {logging_mixin.py:115} INFO - [2022-05-20 19:30:50,614] {dagbag.py:507} INFO - Filling up the DagBag from /home/airflow/.local/lib/python3.7/site-packages/airflow/example_dags/example_complex.py
[2022-05-20 19:30:50,730] {processor.py:651} INFO - DAG(s) dict_keys(['example_complex']) retrieved from /home/airflow/.local/lib/python3.7/site-packages/airflow/example_dags/example_complex.py
[2022-05-20 19:30:50,764] {logging_mixin.py:115} INFO - [2022-05-20 19:30:50,764] {dag.py:2371} INFO - Sync 1 DAGs
[2022-05-20 19:30:50,783] {logging_mixin.py:115} INFO - [2022-05-20 19:30:50,783] {dag.py:2919} INFO - Setting next_dagrun for example_complex to None, run_after=None
[2022-05-20 19:30:50,801] {processor.py:161} INFO - Processing /home/airflow/.local/lib/python3.7/site-packages/airflow/example_dags/example_complex.py took 0.189 seconds
[2022-05-20 19:31:21,532] {processor.py:153} INFO - Started process (PID=3433) to work on /home/airflow/.local/lib/python3.7/site-packages/airflow/example_dags/example_complex.py
[2022-05-20 19:31:21,533] {processor.py:641} INFO - Processing file /home/airflow/.local/lib/python3.7/site-packages/airflow/example_dags/example_complex.py for tasks to queue
[2022-05-20 19:31:21,533] {logging_mixin.py:115} INFO - [2022-05-20 19:31:21,533] {dagbag.py:507} INFO - Filling up the DagBag from /home/airflow/.local/lib/python3.7/site-packages/airflow/example_dags/example_complex.py
[2022-05-20 19:31:21,666] {processor.py:651} INFO - DAG(s) dict_keys(['example_complex']) retrieved from /home/airflow/.local/lib/python3.7/site-packages/airflow/example_dags/example_complex.py
[2022-05-20 19:31:21,689] {logging_mixin.py:115} INFO - [2022-05-20 19:31:21,689] {dag.py:2371} INFO - Sync 1 DAGs
[2022-05-20 19:31:21,707] {logging_mixin.py:115} INFO - [2022-05-20 19:31:21,707] {dag.py:2919} INFO - Setting next_dagrun for example_complex to None, run_after=None
[2022-05-20 19:31:21,717] {processor.py:161} INFO - Processing /home/airflow/.local/lib/python3.7/site-packages/airflow/example_dags/example_complex.py took 0.188 seconds
[2022-05-20 19:31:52,393] {processor.py:153} INFO - Started process (PID=3491) to work on /home/airflow/.local/lib/python3.7/site-packages/airflow/example_dags/example_complex.py
[2022-05-20 19:31:52,393] {processor.py:641} INFO - Processing file /home/airflow/.local/lib/python3.7/site-packages/airflow/example_dags/example_complex.py for tasks to queue
[2022-05-20 19:31:52,394] {logging_mixin.py:115} INFO - [2022-05-20 19:31:52,393] {dagbag.py:507} INFO - Filling up the DagBag from /home/airflow/.local/lib/python3.7/site-packages/airflow/example_dags/example_complex.py
[2022-05-20 19:31:52,508] {processor.py:651} INFO - DAG(s) dict_keys(['example_complex']) retrieved from /home/airflow/.local/lib/python3.7/site-packages/airflow/example_dags/example_complex.py
[2022-05-20 19:31:52,537] {logging_mixin.py:115} INFO - [2022-05-20 19:31:52,537] {dag.py:2371} INFO - Sync 1 DAGs
[2022-05-20 19:31:52,560] {logging_mixin.py:115} INFO - [2022-05-20 19:31:52,560] {dag.py:2919} INFO - Setting next_dagrun for example_complex to None, run_after=None
[2022-05-20 19:31:52,570] {processor.py:161} INFO - Processing /home/airflow/.local/lib/python3.7/site-packages/airflow/example_dags/example_complex.py took 0.179 seconds
[2022-05-20 19:32:23,221] {processor.py:153} INFO - Started process (PID=3556) to work on /home/airflow/.local/lib/python3.7/site-packages/airflow/example_dags/example_complex.py
[2022-05-20 19:32:23,221] {processor.py:641} INFO - Processing file /home/airflow/.local/lib/python3.7/site-packages/airflow/example_dags/example_complex.py for tasks to queue
[2022-05-20 19:32:23,221] {logging_mixin.py:115} INFO - [2022-05-20 19:32:23,221] {dagbag.py:507} INFO - Filling up the DagBag from /home/airflow/.local/lib/python3.7/site-packages/airflow/example_dags/example_complex.py
[2022-05-20 19:32:23,332] {processor.py:651} INFO - DAG(s) dict_keys(['example_complex']) retrieved from /home/airflow/.local/lib/python3.7/site-packages/airflow/example_dags/example_complex.py
[2022-05-20 19:32:23,355] {logging_mixin.py:115} INFO - [2022-05-20 19:32:23,354] {dag.py:2371} INFO - Sync 1 DAGs
[2022-05-20 19:32:23,373] {logging_mixin.py:115} INFO - [2022-05-20 19:32:23,373] {dag.py:2919} INFO - Setting next_dagrun for example_complex to None, run_after=None
[2022-05-20 19:32:23,383] {processor.py:161} INFO - Processing /home/airflow/.local/lib/python3.7/site-packages/airflow/example_dags/example_complex.py took 0.165 seconds
[2022-05-20 19:32:53,791] {processor.py:153} INFO - Started process (PID=3621) to work on /home/airflow/.local/lib/python3.7/site-packages/airflow/example_dags/example_complex.py
[2022-05-20 19:32:53,792] {processor.py:641} INFO - Processing file /home/airflow/.local/lib/python3.7/site-packages/airflow/example_dags/example_complex.py for tasks to queue
[2022-05-20 19:32:53,792] {logging_mixin.py:115} INFO - [2022-05-20 19:32:53,792] {dagbag.py:507} INFO - Filling up the DagBag from /home/airflow/.local/lib/python3.7/site-packages/airflow/example_dags/example_complex.py
[2022-05-20 19:32:53,906] {processor.py:651} INFO - DAG(s) dict_keys(['example_complex']) retrieved from /home/airflow/.local/lib/python3.7/site-packages/airflow/example_dags/example_complex.py
[2022-05-20 19:32:53,935] {logging_mixin.py:115} INFO - [2022-05-20 19:32:53,935] {dag.py:2371} INFO - Sync 1 DAGs
[2022-05-20 19:32:53,956] {logging_mixin.py:115} INFO - [2022-05-20 19:32:53,956] {dag.py:2919} INFO - Setting next_dagrun for example_complex to None, run_after=None
[2022-05-20 19:32:53,967] {processor.py:161} INFO - Processing /home/airflow/.local/lib/python3.7/site-packages/airflow/example_dags/example_complex.py took 0.179 seconds
[2022-05-20 19:33:25,182] {processor.py:153} INFO - Started process (PID=3677) to work on /home/airflow/.local/lib/python3.7/site-packages/airflow/example_dags/example_complex.py
[2022-05-20 19:33:25,182] {processor.py:641} INFO - Processing file /home/airflow/.local/lib/python3.7/site-packages/airflow/example_dags/example_complex.py for tasks to queue
[2022-05-20 19:33:25,182] {logging_mixin.py:115} INFO - [2022-05-20 19:33:25,182] {dagbag.py:507} INFO - Filling up the DagBag from /home/airflow/.local/lib/python3.7/site-packages/airflow/example_dags/example_complex.py
[2022-05-20 19:33:25,298] {processor.py:651} INFO - DAG(s) dict_keys(['example_complex']) retrieved from /home/airflow/.local/lib/python3.7/site-packages/airflow/example_dags/example_complex.py
[2022-05-20 19:33:25,321] {logging_mixin.py:115} INFO - [2022-05-20 19:33:25,321] {dag.py:2371} INFO - Sync 1 DAGs
[2022-05-20 19:33:25,340] {logging_mixin.py:115} INFO - [2022-05-20 19:33:25,340] {dag.py:2919} INFO - Setting next_dagrun for example_complex to None, run_after=None
[2022-05-20 19:33:25,356] {processor.py:161} INFO - Processing /home/airflow/.local/lib/python3.7/site-packages/airflow/example_dags/example_complex.py took 0.177 seconds
[2022-05-20 19:33:55,688] {processor.py:153} INFO - Started process (PID=3742) to work on /home/airflow/.local/lib/python3.7/site-packages/airflow/example_dags/example_complex.py
[2022-05-20 19:33:55,688] {processor.py:641} INFO - Processing file /home/airflow/.local/lib/python3.7/site-packages/airflow/example_dags/example_complex.py for tasks to queue
[2022-05-20 19:33:55,688] {logging_mixin.py:115} INFO - [2022-05-20 19:33:55,688] {dagbag.py:507} INFO - Filling up the DagBag from /home/airflow/.local/lib/python3.7/site-packages/airflow/example_dags/example_complex.py
[2022-05-20 19:33:55,700] {processor.py:651} INFO - DAG(s) dict_keys(['example_complex']) retrieved from /home/airflow/.local/lib/python3.7/site-packages/airflow/example_dags/example_complex.py
[2022-05-20 19:33:55,732] {logging_mixin.py:115} INFO - [2022-05-20 19:33:55,732] {dag.py:2371} INFO - Sync 1 DAGs
[2022-05-20 19:33:55,754] {logging_mixin.py:115} INFO - [2022-05-20 19:33:55,754] {dag.py:2919} INFO - Setting next_dagrun for example_complex to None, run_after=None
[2022-05-20 19:33:55,764] {processor.py:161} INFO - Processing /home/airflow/.local/lib/python3.7/site-packages/airflow/example_dags/example_complex.py took 0.078 seconds
[2022-05-20 19:34:25,832] {processor.py:153} INFO - Started process (PID=3808) to work on /home/airflow/.local/lib/python3.7/site-packages/airflow/example_dags/example_complex.py
[2022-05-20 19:34:25,832] {processor.py:641} INFO - Processing file /home/airflow/.local/lib/python3.7/site-packages/airflow/example_dags/example_complex.py for tasks to queue
[2022-05-20 19:34:25,833] {logging_mixin.py:115} INFO - [2022-05-20 19:34:25,833] {dagbag.py:507} INFO - Filling up the DagBag from /home/airflow/.local/lib/python3.7/site-packages/airflow/example_dags/example_complex.py
[2022-05-20 19:34:25,844] {processor.py:651} INFO - DAG(s) dict_keys(['example_complex']) retrieved from /home/airflow/.local/lib/python3.7/site-packages/airflow/example_dags/example_complex.py
[2022-05-20 19:34:25,869] {logging_mixin.py:115} INFO - [2022-05-20 19:34:25,869] {dag.py:2371} INFO - Sync 1 DAGs
[2022-05-20 19:34:25,892] {logging_mixin.py:115} INFO - [2022-05-20 19:34:25,892] {dag.py:2919} INFO - Setting next_dagrun for example_complex to None, run_after=None
[2022-05-20 19:34:25,903] {processor.py:161} INFO - Processing /home/airflow/.local/lib/python3.7/site-packages/airflow/example_dags/example_complex.py took 0.074 seconds
[2022-05-20 19:34:56,786] {processor.py:153} INFO - Started process (PID=3864) to work on /home/airflow/.local/lib/python3.7/site-packages/airflow/example_dags/example_complex.py
[2022-05-20 19:34:56,786] {processor.py:641} INFO - Processing file /home/airflow/.local/lib/python3.7/site-packages/airflow/example_dags/example_complex.py for tasks to queue
[2022-05-20 19:34:56,787] {logging_mixin.py:115} INFO - [2022-05-20 19:34:56,787] {dagbag.py:507} INFO - Filling up the DagBag from /home/airflow/.local/lib/python3.7/site-packages/airflow/example_dags/example_complex.py
[2022-05-20 19:34:56,798] {processor.py:651} INFO - DAG(s) dict_keys(['example_complex']) retrieved from /home/airflow/.local/lib/python3.7/site-packages/airflow/example_dags/example_complex.py
[2022-05-20 19:34:56,831] {logging_mixin.py:115} INFO - [2022-05-20 19:34:56,831] {dag.py:2371} INFO - Sync 1 DAGs
[2022-05-20 19:34:56,852] {logging_mixin.py:115} INFO - [2022-05-20 19:34:56,852] {dag.py:2919} INFO - Setting next_dagrun for example_complex to None, run_after=None
[2022-05-20 19:34:56,862] {processor.py:161} INFO - Processing /home/airflow/.local/lib/python3.7/site-packages/airflow/example_dags/example_complex.py took 0.079 seconds
[2022-05-20 19:35:27,626] {processor.py:153} INFO - Started process (PID=3929) to work on /home/airflow/.local/lib/python3.7/site-packages/airflow/example_dags/example_complex.py
[2022-05-20 19:35:27,627] {processor.py:641} INFO - Processing file /home/airflow/.local/lib/python3.7/site-packages/airflow/example_dags/example_complex.py for tasks to queue
[2022-05-20 19:35:27,627] {logging_mixin.py:115} INFO - [2022-05-20 19:35:27,627] {dagbag.py:507} INFO - Filling up the DagBag from /home/airflow/.local/lib/python3.7/site-packages/airflow/example_dags/example_complex.py
[2022-05-20 19:35:27,638] {processor.py:651} INFO - DAG(s) dict_keys(['example_complex']) retrieved from /home/airflow/.local/lib/python3.7/site-packages/airflow/example_dags/example_complex.py
[2022-05-20 19:35:27,664] {logging_mixin.py:115} INFO - [2022-05-20 19:35:27,664] {dag.py:2371} INFO - Sync 1 DAGs
[2022-05-20 19:35:27,684] {logging_mixin.py:115} INFO - [2022-05-20 19:35:27,684] {dag.py:2919} INFO - Setting next_dagrun for example_complex to None, run_after=None
[2022-05-20 19:35:27,694] {processor.py:161} INFO - Processing /home/airflow/.local/lib/python3.7/site-packages/airflow/example_dags/example_complex.py took 0.071 seconds
[2022-05-20 19:35:58,472] {processor.py:153} INFO - Started process (PID=3993) to work on /home/airflow/.local/lib/python3.7/site-packages/airflow/example_dags/example_complex.py
[2022-05-20 19:35:58,473] {processor.py:641} INFO - Processing file /home/airflow/.local/lib/python3.7/site-packages/airflow/example_dags/example_complex.py for tasks to queue
[2022-05-20 19:35:58,473] {logging_mixin.py:115} INFO - [2022-05-20 19:35:58,473] {dagbag.py:507} INFO - Filling up the DagBag from /home/airflow/.local/lib/python3.7/site-packages/airflow/example_dags/example_complex.py
[2022-05-20 19:35:58,485] {processor.py:651} INFO - DAG(s) dict_keys(['example_complex']) retrieved from /home/airflow/.local/lib/python3.7/site-packages/airflow/example_dags/example_complex.py
[2022-05-20 19:35:58,509] {logging_mixin.py:115} INFO - [2022-05-20 19:35:58,509] {dag.py:2371} INFO - Sync 1 DAGs
[2022-05-20 19:35:58,528] {logging_mixin.py:115} INFO - [2022-05-20 19:35:58,528] {dag.py:2919} INFO - Setting next_dagrun for example_complex to None, run_after=None
[2022-05-20 19:35:58,539] {processor.py:161} INFO - Processing /home/airflow/.local/lib/python3.7/site-packages/airflow/example_dags/example_complex.py took 0.069 seconds
[2022-05-20 19:36:29,361] {processor.py:153} INFO - Started process (PID=4058) to work on /home/airflow/.local/lib/python3.7/site-packages/airflow/example_dags/example_complex.py
[2022-05-20 19:36:29,362] {processor.py:641} INFO - Processing file /home/airflow/.local/lib/python3.7/site-packages/airflow/example_dags/example_complex.py for tasks to queue
[2022-05-20 19:36:29,362] {logging_mixin.py:115} INFO - [2022-05-20 19:36:29,362] {dagbag.py:507} INFO - Filling up the DagBag from /home/airflow/.local/lib/python3.7/site-packages/airflow/example_dags/example_complex.py
[2022-05-20 19:36:29,373] {processor.py:651} INFO - DAG(s) dict_keys(['example_complex']) retrieved from /home/airflow/.local/lib/python3.7/site-packages/airflow/example_dags/example_complex.py
[2022-05-20 19:36:29,398] {logging_mixin.py:115} INFO - [2022-05-20 19:36:29,398] {dag.py:2371} INFO - Sync 1 DAGs
[2022-05-20 19:36:29,418] {logging_mixin.py:115} INFO - [2022-05-20 19:36:29,417] {dag.py:2919} INFO - Setting next_dagrun for example_complex to None, run_after=None
[2022-05-20 19:36:29,428] {processor.py:161} INFO - Processing /home/airflow/.local/lib/python3.7/site-packages/airflow/example_dags/example_complex.py took 0.069 seconds
[2022-05-20 19:37:00,316] {processor.py:153} INFO - Started process (PID=4114) to work on /home/airflow/.local/lib/python3.7/site-packages/airflow/example_dags/example_complex.py
[2022-05-20 19:37:00,317] {processor.py:641} INFO - Processing file /home/airflow/.local/lib/python3.7/site-packages/airflow/example_dags/example_complex.py for tasks to queue
[2022-05-20 19:37:00,317] {logging_mixin.py:115} INFO - [2022-05-20 19:37:00,317] {dagbag.py:507} INFO - Filling up the DagBag from /home/airflow/.local/lib/python3.7/site-packages/airflow/example_dags/example_complex.py
[2022-05-20 19:37:00,329] {processor.py:651} INFO - DAG(s) dict_keys(['example_complex']) retrieved from /home/airflow/.local/lib/python3.7/site-packages/airflow/example_dags/example_complex.py
[2022-05-20 19:37:00,355] {logging_mixin.py:115} INFO - [2022-05-20 19:37:00,355] {dag.py:2371} INFO - Sync 1 DAGs
[2022-05-20 19:37:00,377] {logging_mixin.py:115} INFO - [2022-05-20 19:37:00,376] {dag.py:2919} INFO - Setting next_dagrun for example_complex to None, run_after=None
[2022-05-20 19:37:00,390] {processor.py:161} INFO - Processing /home/airflow/.local/lib/python3.7/site-packages/airflow/example_dags/example_complex.py took 0.076 seconds
[2022-05-20 19:37:31,042] {processor.py:153} INFO - Started process (PID=4178) to work on /home/airflow/.local/lib/python3.7/site-packages/airflow/example_dags/example_complex.py
[2022-05-20 19:37:31,042] {processor.py:641} INFO - Processing file /home/airflow/.local/lib/python3.7/site-packages/airflow/example_dags/example_complex.py for tasks to queue
[2022-05-20 19:37:31,043] {logging_mixin.py:115} INFO - [2022-05-20 19:37:31,043] {dagbag.py:507} INFO - Filling up the DagBag from /home/airflow/.local/lib/python3.7/site-packages/airflow/example_dags/example_complex.py
[2022-05-20 19:37:31,054] {processor.py:651} INFO - DAG(s) dict_keys(['example_complex']) retrieved from /home/airflow/.local/lib/python3.7/site-packages/airflow/example_dags/example_complex.py
[2022-05-20 19:37:31,081] {logging_mixin.py:115} INFO - [2022-05-20 19:37:31,080] {dag.py:2371} INFO - Sync 1 DAGs
[2022-05-20 19:37:31,100] {logging_mixin.py:115} INFO - [2022-05-20 19:37:31,100] {dag.py:2919} INFO - Setting next_dagrun for example_complex to None, run_after=None
[2022-05-20 19:37:31,110] {processor.py:161} INFO - Processing /home/airflow/.local/lib/python3.7/site-packages/airflow/example_dags/example_complex.py took 0.070 seconds
[2022-05-20 19:38:01,974] {processor.py:153} INFO - Started process (PID=4243) to work on /home/airflow/.local/lib/python3.7/site-packages/airflow/example_dags/example_complex.py
[2022-05-20 19:38:01,974] {processor.py:641} INFO - Processing file /home/airflow/.local/lib/python3.7/site-packages/airflow/example_dags/example_complex.py for tasks to queue
[2022-05-20 19:38:01,975] {logging_mixin.py:115} INFO - [2022-05-20 19:38:01,975] {dagbag.py:507} INFO - Filling up the DagBag from /home/airflow/.local/lib/python3.7/site-packages/airflow/example_dags/example_complex.py
[2022-05-20 19:38:01,986] {processor.py:651} INFO - DAG(s) dict_keys(['example_complex']) retrieved from /home/airflow/.local/lib/python3.7/site-packages/airflow/example_dags/example_complex.py
[2022-05-20 19:38:02,020] {logging_mixin.py:115} INFO - [2022-05-20 19:38:02,020] {dag.py:2371} INFO - Sync 1 DAGs
[2022-05-20 19:38:02,048] {logging_mixin.py:115} INFO - [2022-05-20 19:38:02,048] {dag.py:2919} INFO - Setting next_dagrun for example_complex to None, run_after=None
[2022-05-20 19:38:02,061] {processor.py:161} INFO - Processing /home/airflow/.local/lib/python3.7/site-packages/airflow/example_dags/example_complex.py took 0.090 seconds
[2022-05-20 19:38:32,766] {processor.py:153} INFO - Started process (PID=4308) to work on /home/airflow/.local/lib/python3.7/site-packages/airflow/example_dags/example_complex.py
[2022-05-20 19:38:32,767] {processor.py:641} INFO - Processing file /home/airflow/.local/lib/python3.7/site-packages/airflow/example_dags/example_complex.py for tasks to queue
[2022-05-20 19:38:32,767] {logging_mixin.py:115} INFO - [2022-05-20 19:38:32,767] {dagbag.py:507} INFO - Filling up the DagBag from /home/airflow/.local/lib/python3.7/site-packages/airflow/example_dags/example_complex.py
[2022-05-20 19:38:32,779] {processor.py:651} INFO - DAG(s) dict_keys(['example_complex']) retrieved from /home/airflow/.local/lib/python3.7/site-packages/airflow/example_dags/example_complex.py
[2022-05-20 19:38:32,804] {logging_mixin.py:115} INFO - [2022-05-20 19:38:32,804] {dag.py:2371} INFO - Sync 1 DAGs
[2022-05-20 19:38:32,826] {logging_mixin.py:115} INFO - [2022-05-20 19:38:32,826] {dag.py:2919} INFO - Setting next_dagrun for example_complex to None, run_after=None
[2022-05-20 19:38:32,837] {processor.py:161} INFO - Processing /home/airflow/.local/lib/python3.7/site-packages/airflow/example_dags/example_complex.py took 0.073 seconds
[2022-05-20 19:39:03,602] {processor.py:153} INFO - Started process (PID=4364) to work on /home/airflow/.local/lib/python3.7/site-packages/airflow/example_dags/example_complex.py
[2022-05-20 19:39:03,603] {processor.py:641} INFO - Processing file /home/airflow/.local/lib/python3.7/site-packages/airflow/example_dags/example_complex.py for tasks to queue
[2022-05-20 19:39:03,603] {logging_mixin.py:115} INFO - [2022-05-20 19:39:03,603] {dagbag.py:507} INFO - Filling up the DagBag from /home/airflow/.local/lib/python3.7/site-packages/airflow/example_dags/example_complex.py
[2022-05-20 19:39:03,615] {processor.py:651} INFO - DAG(s) dict_keys(['example_complex']) retrieved from /home/airflow/.local/lib/python3.7/site-packages/airflow/example_dags/example_complex.py
[2022-05-20 19:39:03,640] {logging_mixin.py:115} INFO - [2022-05-20 19:39:03,640] {dag.py:2371} INFO - Sync 1 DAGs
[2022-05-20 19:39:03,660] {logging_mixin.py:115} INFO - [2022-05-20 19:39:03,659] {dag.py:2919} INFO - Setting next_dagrun for example_complex to None, run_after=None
[2022-05-20 19:39:03,670] {processor.py:161} INFO - Processing /home/airflow/.local/lib/python3.7/site-packages/airflow/example_dags/example_complex.py took 0.070 seconds
[2022-05-20 19:39:34,506] {processor.py:153} INFO - Started process (PID=4429) to work on /home/airflow/.local/lib/python3.7/site-packages/airflow/example_dags/example_complex.py
[2022-05-20 19:39:34,506] {processor.py:641} INFO - Processing file /home/airflow/.local/lib/python3.7/site-packages/airflow/example_dags/example_complex.py for tasks to queue
[2022-05-20 19:39:34,507] {logging_mixin.py:115} INFO - [2022-05-20 19:39:34,507] {dagbag.py:507} INFO - Filling up the DagBag from /home/airflow/.local/lib/python3.7/site-packages/airflow/example_dags/example_complex.py
[2022-05-20 19:39:34,519] {processor.py:651} INFO - DAG(s) dict_keys(['example_complex']) retrieved from /home/airflow/.local/lib/python3.7/site-packages/airflow/example_dags/example_complex.py
[2022-05-20 19:39:34,545] {logging_mixin.py:115} INFO - [2022-05-20 19:39:34,544] {dag.py:2371} INFO - Sync 1 DAGs
[2022-05-20 19:39:34,564] {logging_mixin.py:115} INFO - [2022-05-20 19:39:34,564] {dag.py:2919} INFO - Setting next_dagrun for example_complex to None, run_after=None
[2022-05-20 19:39:34,575] {processor.py:161} INFO - Processing /home/airflow/.local/lib/python3.7/site-packages/airflow/example_dags/example_complex.py took 0.071 seconds
[2022-05-20 19:40:05,244] {processor.py:153} INFO - Started process (PID=4494) to work on /home/airflow/.local/lib/python3.7/site-packages/airflow/example_dags/example_complex.py
[2022-05-20 19:40:05,244] {processor.py:641} INFO - Processing file /home/airflow/.local/lib/python3.7/site-packages/airflow/example_dags/example_complex.py for tasks to queue
[2022-05-20 19:40:05,244] {logging_mixin.py:115} INFO - [2022-05-20 19:40:05,244] {dagbag.py:507} INFO - Filling up the DagBag from /home/airflow/.local/lib/python3.7/site-packages/airflow/example_dags/example_complex.py
[2022-05-20 19:40:05,256] {processor.py:651} INFO - DAG(s) dict_keys(['example_complex']) retrieved from /home/airflow/.local/lib/python3.7/site-packages/airflow/example_dags/example_complex.py
[2022-05-20 19:40:05,283] {logging_mixin.py:115} INFO - [2022-05-20 19:40:05,283] {dag.py:2371} INFO - Sync 1 DAGs
[2022-05-20 19:40:05,302] {logging_mixin.py:115} INFO - [2022-05-20 19:40:05,302] {dag.py:2919} INFO - Setting next_dagrun for example_complex to None, run_after=None
[2022-05-20 19:40:05,312] {processor.py:161} INFO - Processing /home/airflow/.local/lib/python3.7/site-packages/airflow/example_dags/example_complex.py took 0.070 seconds
[2022-05-20 19:40:36,077] {processor.py:153} INFO - Started process (PID=4550) to work on /home/airflow/.local/lib/python3.7/site-packages/airflow/example_dags/example_complex.py
[2022-05-20 19:40:36,078] {processor.py:641} INFO - Processing file /home/airflow/.local/lib/python3.7/site-packages/airflow/example_dags/example_complex.py for tasks to queue
[2022-05-20 19:40:36,078] {logging_mixin.py:115} INFO - [2022-05-20 19:40:36,078] {dagbag.py:507} INFO - Filling up the DagBag from /home/airflow/.local/lib/python3.7/site-packages/airflow/example_dags/example_complex.py
[2022-05-20 19:40:36,090] {processor.py:651} INFO - DAG(s) dict_keys(['example_complex']) retrieved from /home/airflow/.local/lib/python3.7/site-packages/airflow/example_dags/example_complex.py
[2022-05-20 19:40:36,114] {logging_mixin.py:115} INFO - [2022-05-20 19:40:36,114] {dag.py:2371} INFO - Sync 1 DAGs
[2022-05-20 19:40:36,134] {logging_mixin.py:115} INFO - [2022-05-20 19:40:36,134] {dag.py:2919} INFO - Setting next_dagrun for example_complex to None, run_after=None
[2022-05-20 19:40:36,144] {processor.py:161} INFO - Processing /home/airflow/.local/lib/python3.7/site-packages/airflow/example_dags/example_complex.py took 0.069 seconds
[2022-05-20 19:41:06,944] {processor.py:153} INFO - Started process (PID=4615) to work on /home/airflow/.local/lib/python3.7/site-packages/airflow/example_dags/example_complex.py
[2022-05-20 19:41:06,945] {processor.py:641} INFO - Processing file /home/airflow/.local/lib/python3.7/site-packages/airflow/example_dags/example_complex.py for tasks to queue
[2022-05-20 19:41:06,945] {logging_mixin.py:115} INFO - [2022-05-20 19:41:06,945] {dagbag.py:507} INFO - Filling up the DagBag from /home/airflow/.local/lib/python3.7/site-packages/airflow/example_dags/example_complex.py
[2022-05-20 19:41:06,957] {processor.py:651} INFO - DAG(s) dict_keys(['example_complex']) retrieved from /home/airflow/.local/lib/python3.7/site-packages/airflow/example_dags/example_complex.py
[2022-05-20 19:41:06,983] {logging_mixin.py:115} INFO - [2022-05-20 19:41:06,982] {dag.py:2371} INFO - Sync 1 DAGs
[2022-05-20 19:41:07,003] {logging_mixin.py:115} INFO - [2022-05-20 19:41:07,003] {dag.py:2919} INFO - Setting next_dagrun for example_complex to None, run_after=None
[2022-05-20 19:41:07,013] {processor.py:161} INFO - Processing /home/airflow/.local/lib/python3.7/site-packages/airflow/example_dags/example_complex.py took 0.071 seconds
[2022-05-20 19:41:37,909] {processor.py:153} INFO - Started process (PID=4680) to work on /home/airflow/.local/lib/python3.7/site-packages/airflow/example_dags/example_complex.py
[2022-05-20 19:41:37,909] {processor.py:641} INFO - Processing file /home/airflow/.local/lib/python3.7/site-packages/airflow/example_dags/example_complex.py for tasks to queue
[2022-05-20 19:41:37,910] {logging_mixin.py:115} INFO - [2022-05-20 19:41:37,909] {dagbag.py:507} INFO - Filling up the DagBag from /home/airflow/.local/lib/python3.7/site-packages/airflow/example_dags/example_complex.py
[2022-05-20 19:41:37,921] {processor.py:651} INFO - DAG(s) dict_keys(['example_complex']) retrieved from /home/airflow/.local/lib/python3.7/site-packages/airflow/example_dags/example_complex.py
[2022-05-20 19:41:37,947] {logging_mixin.py:115} INFO - [2022-05-20 19:41:37,947] {dag.py:2371} INFO - Sync 1 DAGs
[2022-05-20 19:41:37,967] {logging_mixin.py:115} INFO - [2022-05-20 19:41:37,967] {dag.py:2919} INFO - Setting next_dagrun for example_complex to None, run_after=None
[2022-05-20 19:41:37,977] {processor.py:161} INFO - Processing /home/airflow/.local/lib/python3.7/site-packages/airflow/example_dags/example_complex.py took 0.071 seconds
[2022-05-20 19:42:08,758] {processor.py:153} INFO - Started process (PID=4745) to work on /home/airflow/.local/lib/python3.7/site-packages/airflow/example_dags/example_complex.py
[2022-05-20 19:42:08,758] {processor.py:641} INFO - Processing file /home/airflow/.local/lib/python3.7/site-packages/airflow/example_dags/example_complex.py for tasks to queue
[2022-05-20 19:42:08,759] {logging_mixin.py:115} INFO - [2022-05-20 19:42:08,759] {dagbag.py:507} INFO - Filling up the DagBag from /home/airflow/.local/lib/python3.7/site-packages/airflow/example_dags/example_complex.py
[2022-05-20 19:42:08,770] {processor.py:651} INFO - DAG(s) dict_keys(['example_complex']) retrieved from /home/airflow/.local/lib/python3.7/site-packages/airflow/example_dags/example_complex.py
[2022-05-20 19:42:08,796] {logging_mixin.py:115} INFO - [2022-05-20 19:42:08,796] {dag.py:2371} INFO - Sync 1 DAGs
[2022-05-20 19:42:08,816] {logging_mixin.py:115} INFO - [2022-05-20 19:42:08,816] {dag.py:2919} INFO - Setting next_dagrun for example_complex to None, run_after=None
[2022-05-20 19:42:08,826] {processor.py:161} INFO - Processing /home/airflow/.local/lib/python3.7/site-packages/airflow/example_dags/example_complex.py took 0.070 seconds
[2022-05-20 19:42:39,712] {processor.py:153} INFO - Started process (PID=4801) to work on /home/airflow/.local/lib/python3.7/site-packages/airflow/example_dags/example_complex.py
[2022-05-20 19:42:39,713] {processor.py:641} INFO - Processing file /home/airflow/.local/lib/python3.7/site-packages/airflow/example_dags/example_complex.py for tasks to queue
[2022-05-20 19:42:39,713] {logging_mixin.py:115} INFO - [2022-05-20 19:42:39,713] {dagbag.py:507} INFO - Filling up the DagBag from /home/airflow/.local/lib/python3.7/site-packages/airflow/example_dags/example_complex.py
[2022-05-20 19:42:39,725] {processor.py:651} INFO - DAG(s) dict_keys(['example_complex']) retrieved from /home/airflow/.local/lib/python3.7/site-packages/airflow/example_dags/example_complex.py
[2022-05-20 19:42:39,750] {logging_mixin.py:115} INFO - [2022-05-20 19:42:39,750] {dag.py:2371} INFO - Sync 1 DAGs
[2022-05-20 19:42:39,770] {logging_mixin.py:115} INFO - [2022-05-20 19:42:39,770] {dag.py:2919} INFO - Setting next_dagrun for example_complex to None, run_after=None
[2022-05-20 19:42:39,781] {processor.py:161} INFO - Processing /home/airflow/.local/lib/python3.7/site-packages/airflow/example_dags/example_complex.py took 0.071 seconds
[2022-05-20 19:43:10,605] {processor.py:153} INFO - Started process (PID=4867) to work on /home/airflow/.local/lib/python3.7/site-packages/airflow/example_dags/example_complex.py
[2022-05-20 19:43:10,605] {processor.py:641} INFO - Processing file /home/airflow/.local/lib/python3.7/site-packages/airflow/example_dags/example_complex.py for tasks to queue
[2022-05-20 19:43:10,606] {logging_mixin.py:115} INFO - [2022-05-20 19:43:10,605] {dagbag.py:507} INFO - Filling up the DagBag from /home/airflow/.local/lib/python3.7/site-packages/airflow/example_dags/example_complex.py
[2022-05-20 19:43:10,617] {processor.py:651} INFO - DAG(s) dict_keys(['example_complex']) retrieved from /home/airflow/.local/lib/python3.7/site-packages/airflow/example_dags/example_complex.py
[2022-05-20 19:43:10,642] {logging_mixin.py:115} INFO - [2022-05-20 19:43:10,641] {dag.py:2371} INFO - Sync 1 DAGs
[2022-05-20 19:43:10,661] {logging_mixin.py:115} INFO - [2022-05-20 19:43:10,661] {dag.py:2919} INFO - Setting next_dagrun for example_complex to None, run_after=None
[2022-05-20 19:43:10,671] {processor.py:161} INFO - Processing /home/airflow/.local/lib/python3.7/site-packages/airflow/example_dags/example_complex.py took 0.068 seconds
[2022-05-20 19:43:41,587] {processor.py:153} INFO - Started process (PID=4932) to work on /home/airflow/.local/lib/python3.7/site-packages/airflow/example_dags/example_complex.py
[2022-05-20 19:43:41,602] {processor.py:641} INFO - Processing file /home/airflow/.local/lib/python3.7/site-packages/airflow/example_dags/example_complex.py for tasks to queue
[2022-05-20 19:43:41,602] {logging_mixin.py:115} INFO - [2022-05-20 19:43:41,602] {dagbag.py:507} INFO - Filling up the DagBag from /home/airflow/.local/lib/python3.7/site-packages/airflow/example_dags/example_complex.py
[2022-05-20 19:43:41,616] {processor.py:651} INFO - DAG(s) dict_keys(['example_complex']) retrieved from /home/airflow/.local/lib/python3.7/site-packages/airflow/example_dags/example_complex.py
[2022-05-20 19:43:41,641] {logging_mixin.py:115} INFO - [2022-05-20 19:43:41,641] {dag.py:2371} INFO - Sync 1 DAGs
[2022-05-20 19:43:41,660] {logging_mixin.py:115} INFO - [2022-05-20 19:43:41,659] {dag.py:2919} INFO - Setting next_dagrun for example_complex to None, run_after=None
[2022-05-20 19:43:41,706] {processor.py:161} INFO - Processing /home/airflow/.local/lib/python3.7/site-packages/airflow/example_dags/example_complex.py took 0.122 seconds
