[2022-05-20 19:03:36,337] {processor.py:153} INFO - Started process (PID=64) to work on /home/airflow/.local/lib/python3.7/site-packages/airflow/example_dags/tutorial.py
[2022-05-20 19:03:36,338] {processor.py:641} INFO - Processing file /home/airflow/.local/lib/python3.7/site-packages/airflow/example_dags/tutorial.py for tasks to queue
[2022-05-20 19:03:36,339] {logging_mixin.py:115} INFO - [2022-05-20 19:03:36,339] {dagbag.py:507} INFO - Filling up the DagBag from /home/airflow/.local/lib/python3.7/site-packages/airflow/example_dags/tutorial.py
[2022-05-20 19:03:36,346] {processor.py:651} INFO - DAG(s) dict_keys(['tutorial']) retrieved from /home/airflow/.local/lib/python3.7/site-packages/airflow/example_dags/tutorial.py
[2022-05-20 19:03:36,565] {logging_mixin.py:115} INFO - [2022-05-20 19:03:36,565] {manager.py:508} INFO - Created Permission View: can delete on DAG:tutorial
[2022-05-20 19:03:36,576] {logging_mixin.py:115} INFO - [2022-05-20 19:03:36,576] {manager.py:508} INFO - Created Permission View: can edit on DAG:tutorial
[2022-05-20 19:03:36,584] {logging_mixin.py:115} INFO - [2022-05-20 19:03:36,584] {manager.py:508} INFO - Created Permission View: can read on DAG:tutorial
[2022-05-20 19:03:36,584] {logging_mixin.py:115} INFO - [2022-05-20 19:03:36,584] {dag.py:2371} INFO - Sync 1 DAGs
[2022-05-20 19:03:36,595] {logging_mixin.py:115} INFO - [2022-05-20 19:03:36,595] {dag.py:2390} INFO - Creating ORM DAG for tutorial
[2022-05-20 19:03:36,611] {logging_mixin.py:115} INFO - [2022-05-20 19:03:36,611] {dag.py:2919} INFO - Setting next_dagrun for tutorial to 2022-05-19T19:03:36.611201+00:00, run_after=2022-05-20T19:03:36.611201+00:00
[2022-05-20 19:03:36,628] {processor.py:161} INFO - Processing /home/airflow/.local/lib/python3.7/site-packages/airflow/example_dags/tutorial.py took 0.294 seconds
[2022-05-20 19:04:07,424] {processor.py:153} INFO - Started process (PID=129) to work on /home/airflow/.local/lib/python3.7/site-packages/airflow/example_dags/tutorial.py
[2022-05-20 19:04:07,424] {processor.py:641} INFO - Processing file /home/airflow/.local/lib/python3.7/site-packages/airflow/example_dags/tutorial.py for tasks to queue
[2022-05-20 19:04:07,424] {logging_mixin.py:115} INFO - [2022-05-20 19:04:07,424] {dagbag.py:507} INFO - Filling up the DagBag from /home/airflow/.local/lib/python3.7/site-packages/airflow/example_dags/tutorial.py
[2022-05-20 19:04:07,429] {processor.py:651} INFO - DAG(s) dict_keys(['tutorial']) retrieved from /home/airflow/.local/lib/python3.7/site-packages/airflow/example_dags/tutorial.py
[2022-05-20 19:04:07,449] {logging_mixin.py:115} INFO - [2022-05-20 19:04:07,449] {dag.py:2371} INFO - Sync 1 DAGs
[2022-05-20 19:04:07,473] {logging_mixin.py:115} INFO - [2022-05-20 19:04:07,473] {dag.py:2919} INFO - Setting next_dagrun for tutorial to 2022-05-19T19:04:07.473474+00:00, run_after=2022-05-20T19:04:07.473474+00:00
[2022-05-20 19:04:07,490] {processor.py:161} INFO - Processing /home/airflow/.local/lib/python3.7/site-packages/airflow/example_dags/tutorial.py took 0.069 seconds
[2022-05-20 19:04:37,912] {processor.py:153} INFO - Started process (PID=185) to work on /home/airflow/.local/lib/python3.7/site-packages/airflow/example_dags/tutorial.py
[2022-05-20 19:04:37,913] {processor.py:641} INFO - Processing file /home/airflow/.local/lib/python3.7/site-packages/airflow/example_dags/tutorial.py for tasks to queue
[2022-05-20 19:04:37,913] {logging_mixin.py:115} INFO - [2022-05-20 19:04:37,913] {dagbag.py:507} INFO - Filling up the DagBag from /home/airflow/.local/lib/python3.7/site-packages/airflow/example_dags/tutorial.py
[2022-05-20 19:04:37,917] {processor.py:651} INFO - DAG(s) dict_keys(['tutorial']) retrieved from /home/airflow/.local/lib/python3.7/site-packages/airflow/example_dags/tutorial.py
[2022-05-20 19:04:37,938] {logging_mixin.py:115} INFO - [2022-05-20 19:04:37,937] {dag.py:2371} INFO - Sync 1 DAGs
[2022-05-20 19:04:37,961] {logging_mixin.py:115} INFO - [2022-05-20 19:04:37,960] {dag.py:2919} INFO - Setting next_dagrun for tutorial to 2022-05-19T19:04:37.960716+00:00, run_after=2022-05-20T19:04:37.960716+00:00
[2022-05-20 19:04:37,975] {processor.py:161} INFO - Processing /home/airflow/.local/lib/python3.7/site-packages/airflow/example_dags/tutorial.py took 0.065 seconds
[2022-05-20 19:05:08,459] {processor.py:153} INFO - Started process (PID=250) to work on /home/airflow/.local/lib/python3.7/site-packages/airflow/example_dags/tutorial.py
[2022-05-20 19:05:08,460] {processor.py:641} INFO - Processing file /home/airflow/.local/lib/python3.7/site-packages/airflow/example_dags/tutorial.py for tasks to queue
[2022-05-20 19:05:08,460] {logging_mixin.py:115} INFO - [2022-05-20 19:05:08,460] {dagbag.py:507} INFO - Filling up the DagBag from /home/airflow/.local/lib/python3.7/site-packages/airflow/example_dags/tutorial.py
[2022-05-20 19:05:08,464] {processor.py:651} INFO - DAG(s) dict_keys(['tutorial']) retrieved from /home/airflow/.local/lib/python3.7/site-packages/airflow/example_dags/tutorial.py
[2022-05-20 19:05:08,488] {logging_mixin.py:115} INFO - [2022-05-20 19:05:08,487] {dag.py:2371} INFO - Sync 1 DAGs
[2022-05-20 19:05:08,511] {logging_mixin.py:115} INFO - [2022-05-20 19:05:08,511] {dag.py:2919} INFO - Setting next_dagrun for tutorial to 2022-05-19T19:05:08.511253+00:00, run_after=2022-05-20T19:05:08.511253+00:00
[2022-05-20 19:05:08,522] {processor.py:161} INFO - Processing /home/airflow/.local/lib/python3.7/site-packages/airflow/example_dags/tutorial.py took 0.065 seconds
[2022-05-20 19:05:39,003] {processor.py:153} INFO - Started process (PID=314) to work on /home/airflow/.local/lib/python3.7/site-packages/airflow/example_dags/tutorial.py
[2022-05-20 19:05:39,003] {processor.py:641} INFO - Processing file /home/airflow/.local/lib/python3.7/site-packages/airflow/example_dags/tutorial.py for tasks to queue
[2022-05-20 19:05:39,004] {logging_mixin.py:115} INFO - [2022-05-20 19:05:39,004] {dagbag.py:507} INFO - Filling up the DagBag from /home/airflow/.local/lib/python3.7/site-packages/airflow/example_dags/tutorial.py
[2022-05-20 19:05:39,008] {processor.py:651} INFO - DAG(s) dict_keys(['tutorial']) retrieved from /home/airflow/.local/lib/python3.7/site-packages/airflow/example_dags/tutorial.py
[2022-05-20 19:05:39,038] {logging_mixin.py:115} INFO - [2022-05-20 19:05:39,038] {dag.py:2371} INFO - Sync 1 DAGs
[2022-05-20 19:05:39,075] {logging_mixin.py:115} INFO - [2022-05-20 19:05:39,074] {dag.py:2919} INFO - Setting next_dagrun for tutorial to 2022-05-19T19:05:39.074662+00:00, run_after=2022-05-20T19:05:39.074662+00:00
[2022-05-20 19:05:39,090] {processor.py:161} INFO - Processing /home/airflow/.local/lib/python3.7/site-packages/airflow/example_dags/tutorial.py took 0.090 seconds
[2022-05-20 19:06:09,381] {processor.py:153} INFO - Started process (PID=370) to work on /home/airflow/.local/lib/python3.7/site-packages/airflow/example_dags/tutorial.py
[2022-05-20 19:06:09,382] {processor.py:641} INFO - Processing file /home/airflow/.local/lib/python3.7/site-packages/airflow/example_dags/tutorial.py for tasks to queue
[2022-05-20 19:06:09,382] {logging_mixin.py:115} INFO - [2022-05-20 19:06:09,382] {dagbag.py:507} INFO - Filling up the DagBag from /home/airflow/.local/lib/python3.7/site-packages/airflow/example_dags/tutorial.py
[2022-05-20 19:06:09,389] {processor.py:651} INFO - DAG(s) dict_keys(['tutorial']) retrieved from /home/airflow/.local/lib/python3.7/site-packages/airflow/example_dags/tutorial.py
[2022-05-20 19:06:09,412] {logging_mixin.py:115} INFO - [2022-05-20 19:06:09,412] {dag.py:2371} INFO - Sync 1 DAGs
[2022-05-20 19:06:09,435] {logging_mixin.py:115} INFO - [2022-05-20 19:06:09,435] {dag.py:2919} INFO - Setting next_dagrun for tutorial to 2022-05-19T19:06:09.435561+00:00, run_after=2022-05-20T19:06:09.435561+00:00
[2022-05-20 19:06:09,449] {processor.py:161} INFO - Processing /home/airflow/.local/lib/python3.7/site-packages/airflow/example_dags/tutorial.py took 0.071 seconds
[2022-05-20 19:06:39,870] {processor.py:153} INFO - Started process (PID=435) to work on /home/airflow/.local/lib/python3.7/site-packages/airflow/example_dags/tutorial.py
[2022-05-20 19:06:39,871] {processor.py:641} INFO - Processing file /home/airflow/.local/lib/python3.7/site-packages/airflow/example_dags/tutorial.py for tasks to queue
[2022-05-20 19:06:39,871] {logging_mixin.py:115} INFO - [2022-05-20 19:06:39,871] {dagbag.py:507} INFO - Filling up the DagBag from /home/airflow/.local/lib/python3.7/site-packages/airflow/example_dags/tutorial.py
[2022-05-20 19:06:39,876] {processor.py:651} INFO - DAG(s) dict_keys(['tutorial']) retrieved from /home/airflow/.local/lib/python3.7/site-packages/airflow/example_dags/tutorial.py
[2022-05-20 19:06:39,902] {logging_mixin.py:115} INFO - [2022-05-20 19:06:39,902] {dag.py:2371} INFO - Sync 1 DAGs
[2022-05-20 19:06:39,929] {logging_mixin.py:115} INFO - [2022-05-20 19:06:39,929] {dag.py:2919} INFO - Setting next_dagrun for tutorial to 2022-05-19T19:06:39.929365+00:00, run_after=2022-05-20T19:06:39.929365+00:00
[2022-05-20 19:06:39,940] {processor.py:161} INFO - Processing /home/airflow/.local/lib/python3.7/site-packages/airflow/example_dags/tutorial.py took 0.072 seconds
[2022-05-20 19:07:10,369] {processor.py:153} INFO - Started process (PID=499) to work on /home/airflow/.local/lib/python3.7/site-packages/airflow/example_dags/tutorial.py
[2022-05-20 19:07:10,369] {processor.py:641} INFO - Processing file /home/airflow/.local/lib/python3.7/site-packages/airflow/example_dags/tutorial.py for tasks to queue
[2022-05-20 19:07:10,370] {logging_mixin.py:115} INFO - [2022-05-20 19:07:10,370] {dagbag.py:507} INFO - Filling up the DagBag from /home/airflow/.local/lib/python3.7/site-packages/airflow/example_dags/tutorial.py
[2022-05-20 19:07:10,374] {processor.py:651} INFO - DAG(s) dict_keys(['tutorial']) retrieved from /home/airflow/.local/lib/python3.7/site-packages/airflow/example_dags/tutorial.py
[2022-05-20 19:07:10,397] {logging_mixin.py:115} INFO - [2022-05-20 19:07:10,397] {dag.py:2371} INFO - Sync 1 DAGs
[2022-05-20 19:07:10,418] {logging_mixin.py:115} INFO - [2022-05-20 19:07:10,418] {dag.py:2919} INFO - Setting next_dagrun for tutorial to 2022-05-19T19:07:10.418582+00:00, run_after=2022-05-20T19:07:10.418582+00:00
[2022-05-20 19:07:10,429] {processor.py:161} INFO - Processing /home/airflow/.local/lib/python3.7/site-packages/airflow/example_dags/tutorial.py took 0.063 seconds
[2022-05-20 19:07:40,929] {processor.py:153} INFO - Started process (PID=562) to work on /home/airflow/.local/lib/python3.7/site-packages/airflow/example_dags/tutorial.py
[2022-05-20 19:07:40,930] {processor.py:641} INFO - Processing file /home/airflow/.local/lib/python3.7/site-packages/airflow/example_dags/tutorial.py for tasks to queue
[2022-05-20 19:07:40,930] {logging_mixin.py:115} INFO - [2022-05-20 19:07:40,930] {dagbag.py:507} INFO - Filling up the DagBag from /home/airflow/.local/lib/python3.7/site-packages/airflow/example_dags/tutorial.py
[2022-05-20 19:07:40,935] {processor.py:651} INFO - DAG(s) dict_keys(['tutorial']) retrieved from /home/airflow/.local/lib/python3.7/site-packages/airflow/example_dags/tutorial.py
[2022-05-20 19:07:40,961] {logging_mixin.py:115} INFO - [2022-05-20 19:07:40,961] {dag.py:2371} INFO - Sync 1 DAGs
[2022-05-20 19:07:40,988] {logging_mixin.py:115} INFO - [2022-05-20 19:07:40,987] {dag.py:2919} INFO - Setting next_dagrun for tutorial to 2022-05-19T19:07:40.987684+00:00, run_after=2022-05-20T19:07:40.987684+00:00
[2022-05-20 19:07:40,998] {processor.py:161} INFO - Processing /home/airflow/.local/lib/python3.7/site-packages/airflow/example_dags/tutorial.py took 0.071 seconds
[2022-05-20 19:08:11,534] {processor.py:153} INFO - Started process (PID=620) to work on /home/airflow/.local/lib/python3.7/site-packages/airflow/example_dags/tutorial.py
[2022-05-20 19:08:11,535] {processor.py:641} INFO - Processing file /home/airflow/.local/lib/python3.7/site-packages/airflow/example_dags/tutorial.py for tasks to queue
[2022-05-20 19:08:11,535] {logging_mixin.py:115} INFO - [2022-05-20 19:08:11,535] {dagbag.py:507} INFO - Filling up the DagBag from /home/airflow/.local/lib/python3.7/site-packages/airflow/example_dags/tutorial.py
[2022-05-20 19:08:11,540] {processor.py:651} INFO - DAG(s) dict_keys(['tutorial']) retrieved from /home/airflow/.local/lib/python3.7/site-packages/airflow/example_dags/tutorial.py
[2022-05-20 19:08:11,561] {logging_mixin.py:115} INFO - [2022-05-20 19:08:11,561] {dag.py:2371} INFO - Sync 1 DAGs
[2022-05-20 19:08:11,583] {logging_mixin.py:115} INFO - [2022-05-20 19:08:11,583] {dag.py:2919} INFO - Setting next_dagrun for tutorial to 2022-05-19T19:08:11.583208+00:00, run_after=2022-05-20T19:08:11.583208+00:00
[2022-05-20 19:08:11,593] {processor.py:161} INFO - Processing /home/airflow/.local/lib/python3.7/site-packages/airflow/example_dags/tutorial.py took 0.062 seconds
[2022-05-20 19:08:42,383] {processor.py:153} INFO - Started process (PID=686) to work on /home/airflow/.local/lib/python3.7/site-packages/airflow/example_dags/tutorial.py
[2022-05-20 19:08:42,383] {processor.py:641} INFO - Processing file /home/airflow/.local/lib/python3.7/site-packages/airflow/example_dags/tutorial.py for tasks to queue
[2022-05-20 19:08:42,384] {logging_mixin.py:115} INFO - [2022-05-20 19:08:42,384] {dagbag.py:507} INFO - Filling up the DagBag from /home/airflow/.local/lib/python3.7/site-packages/airflow/example_dags/tutorial.py
[2022-05-20 19:08:42,388] {processor.py:651} INFO - DAG(s) dict_keys(['tutorial']) retrieved from /home/airflow/.local/lib/python3.7/site-packages/airflow/example_dags/tutorial.py
[2022-05-20 19:08:42,408] {logging_mixin.py:115} INFO - [2022-05-20 19:08:42,408] {dag.py:2371} INFO - Sync 1 DAGs
[2022-05-20 19:08:42,528] {logging_mixin.py:115} INFO - [2022-05-20 19:08:42,528] {dag.py:2919} INFO - Setting next_dagrun for tutorial to 2022-05-19T19:08:42.528241+00:00, run_after=2022-05-20T19:08:42.528241+00:00
[2022-05-20 19:08:42,539] {processor.py:161} INFO - Processing /home/airflow/.local/lib/python3.7/site-packages/airflow/example_dags/tutorial.py took 0.159 seconds
[2022-05-20 19:09:13,268] {processor.py:153} INFO - Started process (PID=751) to work on /home/airflow/.local/lib/python3.7/site-packages/airflow/example_dags/tutorial.py
[2022-05-20 19:09:13,268] {processor.py:641} INFO - Processing file /home/airflow/.local/lib/python3.7/site-packages/airflow/example_dags/tutorial.py for tasks to queue
[2022-05-20 19:09:13,269] {logging_mixin.py:115} INFO - [2022-05-20 19:09:13,269] {dagbag.py:507} INFO - Filling up the DagBag from /home/airflow/.local/lib/python3.7/site-packages/airflow/example_dags/tutorial.py
[2022-05-20 19:09:13,273] {processor.py:651} INFO - DAG(s) dict_keys(['tutorial']) retrieved from /home/airflow/.local/lib/python3.7/site-packages/airflow/example_dags/tutorial.py
[2022-05-20 19:09:13,337] {logging_mixin.py:115} INFO - [2022-05-20 19:09:13,337] {dag.py:2371} INFO - Sync 1 DAGs
[2022-05-20 19:09:13,467] {logging_mixin.py:115} INFO - [2022-05-20 19:09:13,467] {dag.py:2919} INFO - Setting next_dagrun for tutorial to 2022-05-19T19:09:13.467117+00:00, run_after=2022-05-20T19:09:13.467117+00:00
[2022-05-20 19:09:13,487] {processor.py:161} INFO - Processing /home/airflow/.local/lib/python3.7/site-packages/airflow/example_dags/tutorial.py took 0.221 seconds
[2022-05-20 19:09:44,135] {processor.py:153} INFO - Started process (PID=807) to work on /home/airflow/.local/lib/python3.7/site-packages/airflow/example_dags/tutorial.py
[2022-05-20 19:09:44,136] {processor.py:641} INFO - Processing file /home/airflow/.local/lib/python3.7/site-packages/airflow/example_dags/tutorial.py for tasks to queue
[2022-05-20 19:09:44,136] {logging_mixin.py:115} INFO - [2022-05-20 19:09:44,136] {dagbag.py:507} INFO - Filling up the DagBag from /home/airflow/.local/lib/python3.7/site-packages/airflow/example_dags/tutorial.py
[2022-05-20 19:09:44,142] {processor.py:651} INFO - DAG(s) dict_keys(['tutorial']) retrieved from /home/airflow/.local/lib/python3.7/site-packages/airflow/example_dags/tutorial.py
[2022-05-20 19:09:44,165] {logging_mixin.py:115} INFO - [2022-05-20 19:09:44,165] {dag.py:2371} INFO - Sync 1 DAGs
[2022-05-20 19:09:44,288] {logging_mixin.py:115} INFO - [2022-05-20 19:09:44,287] {dag.py:2919} INFO - Setting next_dagrun for tutorial to 2022-05-19T19:09:44.287687+00:00, run_after=2022-05-20T19:09:44.287687+00:00
[2022-05-20 19:09:44,311] {processor.py:161} INFO - Processing /home/airflow/.local/lib/python3.7/site-packages/airflow/example_dags/tutorial.py took 0.179 seconds
[2022-05-20 19:10:14,815] {processor.py:153} INFO - Started process (PID=872) to work on /home/airflow/.local/lib/python3.7/site-packages/airflow/example_dags/tutorial.py
[2022-05-20 19:10:14,815] {processor.py:641} INFO - Processing file /home/airflow/.local/lib/python3.7/site-packages/airflow/example_dags/tutorial.py for tasks to queue
[2022-05-20 19:10:14,816] {logging_mixin.py:115} INFO - [2022-05-20 19:10:14,816] {dagbag.py:507} INFO - Filling up the DagBag from /home/airflow/.local/lib/python3.7/site-packages/airflow/example_dags/tutorial.py
[2022-05-20 19:10:14,820] {processor.py:651} INFO - DAG(s) dict_keys(['tutorial']) retrieved from /home/airflow/.local/lib/python3.7/site-packages/airflow/example_dags/tutorial.py
[2022-05-20 19:10:14,842] {logging_mixin.py:115} INFO - [2022-05-20 19:10:14,841] {dag.py:2371} INFO - Sync 1 DAGs
[2022-05-20 19:10:14,962] {logging_mixin.py:115} INFO - [2022-05-20 19:10:14,962] {dag.py:2919} INFO - Setting next_dagrun for tutorial to 2022-05-19T19:10:14.962171+00:00, run_after=2022-05-20T19:10:14.962171+00:00
[2022-05-20 19:10:14,986] {processor.py:161} INFO - Processing /home/airflow/.local/lib/python3.7/site-packages/airflow/example_dags/tutorial.py took 0.173 seconds
[2022-05-20 19:10:46,304] {processor.py:153} INFO - Started process (PID=937) to work on /home/airflow/.local/lib/python3.7/site-packages/airflow/example_dags/tutorial.py
[2022-05-20 19:10:46,304] {processor.py:641} INFO - Processing file /home/airflow/.local/lib/python3.7/site-packages/airflow/example_dags/tutorial.py for tasks to queue
[2022-05-20 19:10:46,305] {logging_mixin.py:115} INFO - [2022-05-20 19:10:46,305] {dagbag.py:507} INFO - Filling up the DagBag from /home/airflow/.local/lib/python3.7/site-packages/airflow/example_dags/tutorial.py
[2022-05-20 19:10:46,310] {processor.py:651} INFO - DAG(s) dict_keys(['tutorial']) retrieved from /home/airflow/.local/lib/python3.7/site-packages/airflow/example_dags/tutorial.py
[2022-05-20 19:10:46,332] {logging_mixin.py:115} INFO - [2022-05-20 19:10:46,332] {dag.py:2371} INFO - Sync 1 DAGs
[2022-05-20 19:10:46,463] {logging_mixin.py:115} INFO - [2022-05-20 19:10:46,463] {dag.py:2919} INFO - Setting next_dagrun for tutorial to 2022-05-19T19:10:46.463246+00:00, run_after=2022-05-20T19:10:46.463246+00:00
[2022-05-20 19:10:46,486] {processor.py:161} INFO - Processing /home/airflow/.local/lib/python3.7/site-packages/airflow/example_dags/tutorial.py took 0.185 seconds
[2022-05-20 19:11:17,377] {processor.py:153} INFO - Started process (PID=1000) to work on /home/airflow/.local/lib/python3.7/site-packages/airflow/example_dags/tutorial.py
[2022-05-20 19:11:17,377] {processor.py:641} INFO - Processing file /home/airflow/.local/lib/python3.7/site-packages/airflow/example_dags/tutorial.py for tasks to queue
[2022-05-20 19:11:17,378] {logging_mixin.py:115} INFO - [2022-05-20 19:11:17,378] {dagbag.py:507} INFO - Filling up the DagBag from /home/airflow/.local/lib/python3.7/site-packages/airflow/example_dags/tutorial.py
[2022-05-20 19:11:17,383] {processor.py:651} INFO - DAG(s) dict_keys(['tutorial']) retrieved from /home/airflow/.local/lib/python3.7/site-packages/airflow/example_dags/tutorial.py
[2022-05-20 19:11:17,406] {logging_mixin.py:115} INFO - [2022-05-20 19:11:17,405] {dag.py:2371} INFO - Sync 1 DAGs
[2022-05-20 19:11:17,538] {logging_mixin.py:115} INFO - [2022-05-20 19:11:17,538] {dag.py:2919} INFO - Setting next_dagrun for tutorial to 2022-05-19T19:11:17.538263+00:00, run_after=2022-05-20T19:11:17.538263+00:00
[2022-05-20 19:11:17,549] {processor.py:161} INFO - Processing /home/airflow/.local/lib/python3.7/site-packages/airflow/example_dags/tutorial.py took 0.175 seconds
[2022-05-20 19:11:47,810] {processor.py:153} INFO - Started process (PID=1058) to work on /home/airflow/.local/lib/python3.7/site-packages/airflow/example_dags/tutorial.py
[2022-05-20 19:11:47,811] {processor.py:641} INFO - Processing file /home/airflow/.local/lib/python3.7/site-packages/airflow/example_dags/tutorial.py for tasks to queue
[2022-05-20 19:11:47,811] {logging_mixin.py:115} INFO - [2022-05-20 19:11:47,811] {dagbag.py:507} INFO - Filling up the DagBag from /home/airflow/.local/lib/python3.7/site-packages/airflow/example_dags/tutorial.py
[2022-05-20 19:11:47,816] {processor.py:651} INFO - DAG(s) dict_keys(['tutorial']) retrieved from /home/airflow/.local/lib/python3.7/site-packages/airflow/example_dags/tutorial.py
[2022-05-20 19:11:47,837] {logging_mixin.py:115} INFO - [2022-05-20 19:11:47,837] {dag.py:2371} INFO - Sync 1 DAGs
[2022-05-20 19:11:47,948] {logging_mixin.py:115} INFO - [2022-05-20 19:11:47,948] {dag.py:2919} INFO - Setting next_dagrun for tutorial to 2022-05-19T19:11:47.948266+00:00, run_after=2022-05-20T19:11:47.948266+00:00
[2022-05-20 19:11:47,965] {processor.py:161} INFO - Processing /home/airflow/.local/lib/python3.7/site-packages/airflow/example_dags/tutorial.py took 0.157 seconds
[2022-05-20 19:12:18,114] {processor.py:153} INFO - Started process (PID=1123) to work on /home/airflow/.local/lib/python3.7/site-packages/airflow/example_dags/tutorial.py
[2022-05-20 19:12:18,114] {processor.py:641} INFO - Processing file /home/airflow/.local/lib/python3.7/site-packages/airflow/example_dags/tutorial.py for tasks to queue
[2022-05-20 19:12:18,114] {logging_mixin.py:115} INFO - [2022-05-20 19:12:18,114] {dagbag.py:507} INFO - Filling up the DagBag from /home/airflow/.local/lib/python3.7/site-packages/airflow/example_dags/tutorial.py
[2022-05-20 19:12:18,119] {processor.py:651} INFO - DAG(s) dict_keys(['tutorial']) retrieved from /home/airflow/.local/lib/python3.7/site-packages/airflow/example_dags/tutorial.py
[2022-05-20 19:12:18,140] {logging_mixin.py:115} INFO - [2022-05-20 19:12:18,140] {dag.py:2371} INFO - Sync 1 DAGs
[2022-05-20 19:12:18,253] {logging_mixin.py:115} INFO - [2022-05-20 19:12:18,252] {dag.py:2919} INFO - Setting next_dagrun for tutorial to 2022-05-19T19:12:18.252612+00:00, run_after=2022-05-20T19:12:18.252612+00:00
[2022-05-20 19:12:18,277] {processor.py:161} INFO - Processing /home/airflow/.local/lib/python3.7/site-packages/airflow/example_dags/tutorial.py took 0.165 seconds
[2022-05-20 19:12:48,463] {processor.py:153} INFO - Started process (PID=1187) to work on /home/airflow/.local/lib/python3.7/site-packages/airflow/example_dags/tutorial.py
[2022-05-20 19:12:48,464] {processor.py:641} INFO - Processing file /home/airflow/.local/lib/python3.7/site-packages/airflow/example_dags/tutorial.py for tasks to queue
[2022-05-20 19:12:48,464] {logging_mixin.py:115} INFO - [2022-05-20 19:12:48,464] {dagbag.py:507} INFO - Filling up the DagBag from /home/airflow/.local/lib/python3.7/site-packages/airflow/example_dags/tutorial.py
[2022-05-20 19:12:48,468] {processor.py:651} INFO - DAG(s) dict_keys(['tutorial']) retrieved from /home/airflow/.local/lib/python3.7/site-packages/airflow/example_dags/tutorial.py
[2022-05-20 19:12:48,490] {logging_mixin.py:115} INFO - [2022-05-20 19:12:48,490] {dag.py:2371} INFO - Sync 1 DAGs
[2022-05-20 19:12:48,614] {logging_mixin.py:115} INFO - [2022-05-20 19:12:48,614] {dag.py:2919} INFO - Setting next_dagrun for tutorial to 2022-05-19T19:12:48.613975+00:00, run_after=2022-05-20T19:12:48.613975+00:00
[2022-05-20 19:12:48,625] {processor.py:161} INFO - Processing /home/airflow/.local/lib/python3.7/site-packages/airflow/example_dags/tutorial.py took 0.164 seconds
[2022-05-20 19:13:19,682] {processor.py:153} INFO - Started process (PID=1245) to work on /home/airflow/.local/lib/python3.7/site-packages/airflow/example_dags/tutorial.py
[2022-05-20 19:13:19,683] {processor.py:641} INFO - Processing file /home/airflow/.local/lib/python3.7/site-packages/airflow/example_dags/tutorial.py for tasks to queue
[2022-05-20 19:13:19,683] {logging_mixin.py:115} INFO - [2022-05-20 19:13:19,683] {dagbag.py:507} INFO - Filling up the DagBag from /home/airflow/.local/lib/python3.7/site-packages/airflow/example_dags/tutorial.py
[2022-05-20 19:13:19,688] {processor.py:651} INFO - DAG(s) dict_keys(['tutorial']) retrieved from /home/airflow/.local/lib/python3.7/site-packages/airflow/example_dags/tutorial.py
[2022-05-20 19:13:19,711] {logging_mixin.py:115} INFO - [2022-05-20 19:13:19,711] {dag.py:2371} INFO - Sync 1 DAGs
[2022-05-20 19:13:19,826] {logging_mixin.py:115} INFO - [2022-05-20 19:13:19,826] {dag.py:2919} INFO - Setting next_dagrun for tutorial to 2022-05-19T19:13:19.826522+00:00, run_after=2022-05-20T19:13:19.826522+00:00
[2022-05-20 19:13:19,850] {processor.py:161} INFO - Processing /home/airflow/.local/lib/python3.7/site-packages/airflow/example_dags/tutorial.py took 0.170 seconds
[2022-05-20 19:13:50,790] {processor.py:153} INFO - Started process (PID=1310) to work on /home/airflow/.local/lib/python3.7/site-packages/airflow/example_dags/tutorial.py
[2022-05-20 19:13:50,791] {processor.py:641} INFO - Processing file /home/airflow/.local/lib/python3.7/site-packages/airflow/example_dags/tutorial.py for tasks to queue
[2022-05-20 19:13:50,791] {logging_mixin.py:115} INFO - [2022-05-20 19:13:50,791] {dagbag.py:507} INFO - Filling up the DagBag from /home/airflow/.local/lib/python3.7/site-packages/airflow/example_dags/tutorial.py
[2022-05-20 19:13:50,795] {processor.py:651} INFO - DAG(s) dict_keys(['tutorial']) retrieved from /home/airflow/.local/lib/python3.7/site-packages/airflow/example_dags/tutorial.py
[2022-05-20 19:13:50,816] {logging_mixin.py:115} INFO - [2022-05-20 19:13:50,816] {dag.py:2371} INFO - Sync 1 DAGs
[2022-05-20 19:13:50,936] {logging_mixin.py:115} INFO - [2022-05-20 19:13:50,936] {dag.py:2919} INFO - Setting next_dagrun for tutorial to 2022-05-19T19:13:50.936429+00:00, run_after=2022-05-20T19:13:50.936429+00:00
[2022-05-20 19:13:50,958] {processor.py:161} INFO - Processing /home/airflow/.local/lib/python3.7/site-packages/airflow/example_dags/tutorial.py took 0.170 seconds
[2022-05-20 19:14:22,107] {processor.py:153} INFO - Started process (PID=1375) to work on /home/airflow/.local/lib/python3.7/site-packages/airflow/example_dags/tutorial.py
[2022-05-20 19:14:22,108] {processor.py:641} INFO - Processing file /home/airflow/.local/lib/python3.7/site-packages/airflow/example_dags/tutorial.py for tasks to queue
[2022-05-20 19:14:22,108] {logging_mixin.py:115} INFO - [2022-05-20 19:14:22,108] {dagbag.py:507} INFO - Filling up the DagBag from /home/airflow/.local/lib/python3.7/site-packages/airflow/example_dags/tutorial.py
[2022-05-20 19:14:22,112] {processor.py:651} INFO - DAG(s) dict_keys(['tutorial']) retrieved from /home/airflow/.local/lib/python3.7/site-packages/airflow/example_dags/tutorial.py
[2022-05-20 19:14:22,133] {logging_mixin.py:115} INFO - [2022-05-20 19:14:22,133] {dag.py:2371} INFO - Sync 1 DAGs
[2022-05-20 19:14:22,253] {logging_mixin.py:115} INFO - [2022-05-20 19:14:22,253] {dag.py:2919} INFO - Setting next_dagrun for tutorial to 2022-05-19T19:14:22.252957+00:00, run_after=2022-05-20T19:14:22.252957+00:00
[2022-05-20 19:14:22,275] {processor.py:161} INFO - Processing /home/airflow/.local/lib/python3.7/site-packages/airflow/example_dags/tutorial.py took 0.170 seconds
[2022-05-20 19:14:53,126] {processor.py:153} INFO - Started process (PID=1431) to work on /home/airflow/.local/lib/python3.7/site-packages/airflow/example_dags/tutorial.py
[2022-05-20 19:14:53,126] {processor.py:641} INFO - Processing file /home/airflow/.local/lib/python3.7/site-packages/airflow/example_dags/tutorial.py for tasks to queue
[2022-05-20 19:14:53,127] {logging_mixin.py:115} INFO - [2022-05-20 19:14:53,127] {dagbag.py:507} INFO - Filling up the DagBag from /home/airflow/.local/lib/python3.7/site-packages/airflow/example_dags/tutorial.py
[2022-05-20 19:14:53,131] {processor.py:651} INFO - DAG(s) dict_keys(['tutorial']) retrieved from /home/airflow/.local/lib/python3.7/site-packages/airflow/example_dags/tutorial.py
[2022-05-20 19:14:53,157] {logging_mixin.py:115} INFO - [2022-05-20 19:14:53,157] {dag.py:2371} INFO - Sync 1 DAGs
[2022-05-20 19:14:53,281] {logging_mixin.py:115} INFO - [2022-05-20 19:14:53,281] {dag.py:2919} INFO - Setting next_dagrun for tutorial to 2022-05-19T19:14:53.281644+00:00, run_after=2022-05-20T19:14:53.281644+00:00
[2022-05-20 19:14:53,292] {processor.py:161} INFO - Processing /home/airflow/.local/lib/python3.7/site-packages/airflow/example_dags/tutorial.py took 0.169 seconds
[2022-05-20 19:15:24,251] {processor.py:153} INFO - Started process (PID=1495) to work on /home/airflow/.local/lib/python3.7/site-packages/airflow/example_dags/tutorial.py
[2022-05-20 19:15:24,251] {processor.py:641} INFO - Processing file /home/airflow/.local/lib/python3.7/site-packages/airflow/example_dags/tutorial.py for tasks to queue
[2022-05-20 19:15:24,252] {logging_mixin.py:115} INFO - [2022-05-20 19:15:24,252] {dagbag.py:507} INFO - Filling up the DagBag from /home/airflow/.local/lib/python3.7/site-packages/airflow/example_dags/tutorial.py
[2022-05-20 19:15:24,256] {processor.py:651} INFO - DAG(s) dict_keys(['tutorial']) retrieved from /home/airflow/.local/lib/python3.7/site-packages/airflow/example_dags/tutorial.py
[2022-05-20 19:15:24,277] {logging_mixin.py:115} INFO - [2022-05-20 19:15:24,277] {dag.py:2371} INFO - Sync 1 DAGs
[2022-05-20 19:15:24,393] {logging_mixin.py:115} INFO - [2022-05-20 19:15:24,393] {dag.py:2919} INFO - Setting next_dagrun for tutorial to 2022-05-19T19:15:24.393237+00:00, run_after=2022-05-20T19:15:24.393237+00:00
[2022-05-20 19:15:24,414] {processor.py:161} INFO - Processing /home/airflow/.local/lib/python3.7/site-packages/airflow/example_dags/tutorial.py took 0.166 seconds
[2022-05-20 19:15:55,129] {processor.py:153} INFO - Started process (PID=1559) to work on /home/airflow/.local/lib/python3.7/site-packages/airflow/example_dags/tutorial.py
[2022-05-20 19:15:55,129] {processor.py:641} INFO - Processing file /home/airflow/.local/lib/python3.7/site-packages/airflow/example_dags/tutorial.py for tasks to queue
[2022-05-20 19:15:55,130] {logging_mixin.py:115} INFO - [2022-05-20 19:15:55,130] {dagbag.py:507} INFO - Filling up the DagBag from /home/airflow/.local/lib/python3.7/site-packages/airflow/example_dags/tutorial.py
[2022-05-20 19:15:55,134] {processor.py:651} INFO - DAG(s) dict_keys(['tutorial']) retrieved from /home/airflow/.local/lib/python3.7/site-packages/airflow/example_dags/tutorial.py
[2022-05-20 19:15:55,155] {logging_mixin.py:115} INFO - [2022-05-20 19:15:55,155] {dag.py:2371} INFO - Sync 1 DAGs
[2022-05-20 19:15:55,283] {logging_mixin.py:115} INFO - [2022-05-20 19:15:55,283] {dag.py:2919} INFO - Setting next_dagrun for tutorial to 2022-05-19T19:15:55.283275+00:00, run_after=2022-05-20T19:15:55.283275+00:00
[2022-05-20 19:15:55,301] {processor.py:161} INFO - Processing /home/airflow/.local/lib/python3.7/site-packages/airflow/example_dags/tutorial.py took 0.174 seconds
[2022-05-20 19:16:26,668] {processor.py:153} INFO - Started process (PID=1625) to work on /home/airflow/.local/lib/python3.7/site-packages/airflow/example_dags/tutorial.py
[2022-05-20 19:16:26,669] {processor.py:641} INFO - Processing file /home/airflow/.local/lib/python3.7/site-packages/airflow/example_dags/tutorial.py for tasks to queue
[2022-05-20 19:16:26,669] {logging_mixin.py:115} INFO - [2022-05-20 19:16:26,669] {dagbag.py:507} INFO - Filling up the DagBag from /home/airflow/.local/lib/python3.7/site-packages/airflow/example_dags/tutorial.py
[2022-05-20 19:16:26,674] {processor.py:651} INFO - DAG(s) dict_keys(['tutorial']) retrieved from /home/airflow/.local/lib/python3.7/site-packages/airflow/example_dags/tutorial.py
[2022-05-20 19:16:26,696] {logging_mixin.py:115} INFO - [2022-05-20 19:16:26,696] {dag.py:2371} INFO - Sync 1 DAGs
[2022-05-20 19:16:26,819] {logging_mixin.py:115} INFO - [2022-05-20 19:16:26,819] {dag.py:2919} INFO - Setting next_dagrun for tutorial to 2022-05-19T19:16:26.819009+00:00, run_after=2022-05-20T19:16:26.819009+00:00
[2022-05-20 19:16:26,837] {processor.py:161} INFO - Processing /home/airflow/.local/lib/python3.7/site-packages/airflow/example_dags/tutorial.py took 0.171 seconds
[2022-05-20 19:16:57,027] {processor.py:153} INFO - Started process (PID=1681) to work on /home/airflow/.local/lib/python3.7/site-packages/airflow/example_dags/tutorial.py
[2022-05-20 19:16:57,027] {processor.py:641} INFO - Processing file /home/airflow/.local/lib/python3.7/site-packages/airflow/example_dags/tutorial.py for tasks to queue
[2022-05-20 19:16:57,028] {logging_mixin.py:115} INFO - [2022-05-20 19:16:57,028] {dagbag.py:507} INFO - Filling up the DagBag from /home/airflow/.local/lib/python3.7/site-packages/airflow/example_dags/tutorial.py
[2022-05-20 19:16:57,032] {processor.py:651} INFO - DAG(s) dict_keys(['tutorial']) retrieved from /home/airflow/.local/lib/python3.7/site-packages/airflow/example_dags/tutorial.py
[2022-05-20 19:16:57,052] {logging_mixin.py:115} INFO - [2022-05-20 19:16:57,052] {dag.py:2371} INFO - Sync 1 DAGs
[2022-05-20 19:16:57,177] {logging_mixin.py:115} INFO - [2022-05-20 19:16:57,177] {dag.py:2919} INFO - Setting next_dagrun for tutorial to 2022-05-19T19:16:57.176980+00:00, run_after=2022-05-20T19:16:57.176980+00:00
[2022-05-20 19:16:57,201] {processor.py:161} INFO - Processing /home/airflow/.local/lib/python3.7/site-packages/airflow/example_dags/tutorial.py took 0.176 seconds
[2022-05-20 19:17:27,345] {processor.py:153} INFO - Started process (PID=1747) to work on /home/airflow/.local/lib/python3.7/site-packages/airflow/example_dags/tutorial.py
[2022-05-20 19:17:27,345] {processor.py:641} INFO - Processing file /home/airflow/.local/lib/python3.7/site-packages/airflow/example_dags/tutorial.py for tasks to queue
[2022-05-20 19:17:27,346] {logging_mixin.py:115} INFO - [2022-05-20 19:17:27,346] {dagbag.py:507} INFO - Filling up the DagBag from /home/airflow/.local/lib/python3.7/site-packages/airflow/example_dags/tutorial.py
[2022-05-20 19:17:27,350] {processor.py:651} INFO - DAG(s) dict_keys(['tutorial']) retrieved from /home/airflow/.local/lib/python3.7/site-packages/airflow/example_dags/tutorial.py
[2022-05-20 19:17:27,370] {logging_mixin.py:115} INFO - [2022-05-20 19:17:27,370] {dag.py:2371} INFO - Sync 1 DAGs
[2022-05-20 19:17:27,497] {logging_mixin.py:115} INFO - [2022-05-20 19:17:27,497] {dag.py:2919} INFO - Setting next_dagrun for tutorial to 2022-05-19T19:17:27.496806+00:00, run_after=2022-05-20T19:17:27.496806+00:00
[2022-05-20 19:17:27,529] {processor.py:161} INFO - Processing /home/airflow/.local/lib/python3.7/site-packages/airflow/example_dags/tutorial.py took 0.186 seconds
[2022-05-20 19:17:58,449] {processor.py:153} INFO - Started process (PID=1812) to work on /home/airflow/.local/lib/python3.7/site-packages/airflow/example_dags/tutorial.py
[2022-05-20 19:17:58,449] {processor.py:641} INFO - Processing file /home/airflow/.local/lib/python3.7/site-packages/airflow/example_dags/tutorial.py for tasks to queue
[2022-05-20 19:17:58,450] {logging_mixin.py:115} INFO - [2022-05-20 19:17:58,450] {dagbag.py:507} INFO - Filling up the DagBag from /home/airflow/.local/lib/python3.7/site-packages/airflow/example_dags/tutorial.py
[2022-05-20 19:17:58,454] {processor.py:651} INFO - DAG(s) dict_keys(['tutorial']) retrieved from /home/airflow/.local/lib/python3.7/site-packages/airflow/example_dags/tutorial.py
[2022-05-20 19:17:58,475] {logging_mixin.py:115} INFO - [2022-05-20 19:17:58,475] {dag.py:2371} INFO - Sync 1 DAGs
[2022-05-20 19:17:58,607] {logging_mixin.py:115} INFO - [2022-05-20 19:17:58,606] {dag.py:2919} INFO - Setting next_dagrun for tutorial to 2022-05-19T19:17:58.606694+00:00, run_after=2022-05-20T19:17:58.606694+00:00
[2022-05-20 19:17:58,622] {processor.py:161} INFO - Processing /home/airflow/.local/lib/python3.7/site-packages/airflow/example_dags/tutorial.py took 0.175 seconds
[2022-05-20 19:18:29,343] {processor.py:153} INFO - Started process (PID=1868) to work on /home/airflow/.local/lib/python3.7/site-packages/airflow/example_dags/tutorial.py
[2022-05-20 19:18:29,344] {processor.py:641} INFO - Processing file /home/airflow/.local/lib/python3.7/site-packages/airflow/example_dags/tutorial.py for tasks to queue
[2022-05-20 19:18:29,344] {logging_mixin.py:115} INFO - [2022-05-20 19:18:29,344] {dagbag.py:507} INFO - Filling up the DagBag from /home/airflow/.local/lib/python3.7/site-packages/airflow/example_dags/tutorial.py
[2022-05-20 19:18:29,349] {processor.py:651} INFO - DAG(s) dict_keys(['tutorial']) retrieved from /home/airflow/.local/lib/python3.7/site-packages/airflow/example_dags/tutorial.py
[2022-05-20 19:18:29,378] {logging_mixin.py:115} INFO - [2022-05-20 19:18:29,378] {dag.py:2371} INFO - Sync 1 DAGs
[2022-05-20 19:18:29,537] {logging_mixin.py:115} INFO - [2022-05-20 19:18:29,536] {dag.py:2919} INFO - Setting next_dagrun for tutorial to 2022-05-19T19:18:29.536692+00:00, run_after=2022-05-20T19:18:29.536692+00:00
[2022-05-20 19:18:29,552] {processor.py:161} INFO - Processing /home/airflow/.local/lib/python3.7/site-packages/airflow/example_dags/tutorial.py took 0.211 seconds
[2022-05-20 19:19:00,827] {processor.py:153} INFO - Started process (PID=1932) to work on /home/airflow/.local/lib/python3.7/site-packages/airflow/example_dags/tutorial.py
[2022-05-20 19:19:00,828] {processor.py:641} INFO - Processing file /home/airflow/.local/lib/python3.7/site-packages/airflow/example_dags/tutorial.py for tasks to queue
[2022-05-20 19:19:00,828] {logging_mixin.py:115} INFO - [2022-05-20 19:19:00,828] {dagbag.py:507} INFO - Filling up the DagBag from /home/airflow/.local/lib/python3.7/site-packages/airflow/example_dags/tutorial.py
[2022-05-20 19:19:00,836] {processor.py:651} INFO - DAG(s) dict_keys(['tutorial']) retrieved from /home/airflow/.local/lib/python3.7/site-packages/airflow/example_dags/tutorial.py
[2022-05-20 19:19:00,866] {logging_mixin.py:115} INFO - [2022-05-20 19:19:00,865] {dag.py:2371} INFO - Sync 1 DAGs
[2022-05-20 19:19:01,022] {logging_mixin.py:115} INFO - [2022-05-20 19:19:01,022] {dag.py:2919} INFO - Setting next_dagrun for tutorial to 2022-05-19T19:19:01.022527+00:00, run_after=2022-05-20T19:19:01.022527+00:00
[2022-05-20 19:19:01,040] {processor.py:161} INFO - Processing /home/airflow/.local/lib/python3.7/site-packages/airflow/example_dags/tutorial.py took 0.214 seconds
[2022-05-20 19:19:31,387] {processor.py:153} INFO - Started process (PID=1997) to work on /home/airflow/.local/lib/python3.7/site-packages/airflow/example_dags/tutorial.py
[2022-05-20 19:19:31,388] {processor.py:641} INFO - Processing file /home/airflow/.local/lib/python3.7/site-packages/airflow/example_dags/tutorial.py for tasks to queue
[2022-05-20 19:19:31,388] {logging_mixin.py:115} INFO - [2022-05-20 19:19:31,388] {dagbag.py:507} INFO - Filling up the DagBag from /home/airflow/.local/lib/python3.7/site-packages/airflow/example_dags/tutorial.py
[2022-05-20 19:19:31,394] {processor.py:651} INFO - DAG(s) dict_keys(['tutorial']) retrieved from /home/airflow/.local/lib/python3.7/site-packages/airflow/example_dags/tutorial.py
[2022-05-20 19:19:31,425] {logging_mixin.py:115} INFO - [2022-05-20 19:19:31,424] {dag.py:2371} INFO - Sync 1 DAGs
[2022-05-20 19:19:31,565] {logging_mixin.py:115} INFO - [2022-05-20 19:19:31,565] {dag.py:2919} INFO - Setting next_dagrun for tutorial to 2022-05-19T19:19:31.565117+00:00, run_after=2022-05-20T19:19:31.565117+00:00
[2022-05-20 19:19:31,579] {processor.py:161} INFO - Processing /home/airflow/.local/lib/python3.7/site-packages/airflow/example_dags/tutorial.py took 0.194 seconds
[2022-05-20 19:20:02,433] {processor.py:153} INFO - Started process (PID=2053) to work on /home/airflow/.local/lib/python3.7/site-packages/airflow/example_dags/tutorial.py
[2022-05-20 19:20:02,433] {processor.py:641} INFO - Processing file /home/airflow/.local/lib/python3.7/site-packages/airflow/example_dags/tutorial.py for tasks to queue
[2022-05-20 19:20:02,434] {logging_mixin.py:115} INFO - [2022-05-20 19:20:02,434] {dagbag.py:507} INFO - Filling up the DagBag from /home/airflow/.local/lib/python3.7/site-packages/airflow/example_dags/tutorial.py
[2022-05-20 19:20:02,438] {processor.py:651} INFO - DAG(s) dict_keys(['tutorial']) retrieved from /home/airflow/.local/lib/python3.7/site-packages/airflow/example_dags/tutorial.py
[2022-05-20 19:20:02,462] {logging_mixin.py:115} INFO - [2022-05-20 19:20:02,461] {dag.py:2371} INFO - Sync 1 DAGs
[2022-05-20 19:20:02,582] {logging_mixin.py:115} INFO - [2022-05-20 19:20:02,582] {dag.py:2919} INFO - Setting next_dagrun for tutorial to 2022-05-19T19:20:02.582640+00:00, run_after=2022-05-20T19:20:02.582640+00:00
[2022-05-20 19:20:02,593] {processor.py:161} INFO - Processing /home/airflow/.local/lib/python3.7/site-packages/airflow/example_dags/tutorial.py took 0.162 seconds
[2022-05-20 19:20:33,561] {processor.py:153} INFO - Started process (PID=2118) to work on /home/airflow/.local/lib/python3.7/site-packages/airflow/example_dags/tutorial.py
[2022-05-20 19:20:33,561] {processor.py:641} INFO - Processing file /home/airflow/.local/lib/python3.7/site-packages/airflow/example_dags/tutorial.py for tasks to queue
[2022-05-20 19:20:33,562] {logging_mixin.py:115} INFO - [2022-05-20 19:20:33,562] {dagbag.py:507} INFO - Filling up the DagBag from /home/airflow/.local/lib/python3.7/site-packages/airflow/example_dags/tutorial.py
[2022-05-20 19:20:33,566] {processor.py:651} INFO - DAG(s) dict_keys(['tutorial']) retrieved from /home/airflow/.local/lib/python3.7/site-packages/airflow/example_dags/tutorial.py
[2022-05-20 19:20:33,589] {logging_mixin.py:115} INFO - [2022-05-20 19:20:33,589] {dag.py:2371} INFO - Sync 1 DAGs
[2022-05-20 19:20:33,716] {logging_mixin.py:115} INFO - [2022-05-20 19:20:33,716] {dag.py:2919} INFO - Setting next_dagrun for tutorial to 2022-05-19T19:20:33.716279+00:00, run_after=2022-05-20T19:20:33.716279+00:00
[2022-05-20 19:20:33,732] {processor.py:161} INFO - Processing /home/airflow/.local/lib/python3.7/site-packages/airflow/example_dags/tutorial.py took 0.173 seconds
[2022-05-20 19:21:04,553] {processor.py:153} INFO - Started process (PID=2182) to work on /home/airflow/.local/lib/python3.7/site-packages/airflow/example_dags/tutorial.py
[2022-05-20 19:21:04,554] {processor.py:641} INFO - Processing file /home/airflow/.local/lib/python3.7/site-packages/airflow/example_dags/tutorial.py for tasks to queue
[2022-05-20 19:21:04,554] {logging_mixin.py:115} INFO - [2022-05-20 19:21:04,554] {dagbag.py:507} INFO - Filling up the DagBag from /home/airflow/.local/lib/python3.7/site-packages/airflow/example_dags/tutorial.py
[2022-05-20 19:21:04,558] {processor.py:651} INFO - DAG(s) dict_keys(['tutorial']) retrieved from /home/airflow/.local/lib/python3.7/site-packages/airflow/example_dags/tutorial.py
[2022-05-20 19:21:04,580] {logging_mixin.py:115} INFO - [2022-05-20 19:21:04,580] {dag.py:2371} INFO - Sync 1 DAGs
[2022-05-20 19:21:04,709] {logging_mixin.py:115} INFO - [2022-05-20 19:21:04,709] {dag.py:2919} INFO - Setting next_dagrun for tutorial to 2022-05-19T19:21:04.708917+00:00, run_after=2022-05-20T19:21:04.708917+00:00
[2022-05-20 19:21:04,730] {processor.py:161} INFO - Processing /home/airflow/.local/lib/python3.7/site-packages/airflow/example_dags/tutorial.py took 0.179 seconds
[2022-05-20 19:21:35,524] {processor.py:153} INFO - Started process (PID=2247) to work on /home/airflow/.local/lib/python3.7/site-packages/airflow/example_dags/tutorial.py
[2022-05-20 19:21:35,524] {processor.py:641} INFO - Processing file /home/airflow/.local/lib/python3.7/site-packages/airflow/example_dags/tutorial.py for tasks to queue
[2022-05-20 19:21:35,525] {logging_mixin.py:115} INFO - [2022-05-20 19:21:35,525] {dagbag.py:507} INFO - Filling up the DagBag from /home/airflow/.local/lib/python3.7/site-packages/airflow/example_dags/tutorial.py
[2022-05-20 19:21:35,529] {processor.py:651} INFO - DAG(s) dict_keys(['tutorial']) retrieved from /home/airflow/.local/lib/python3.7/site-packages/airflow/example_dags/tutorial.py
[2022-05-20 19:21:35,551] {logging_mixin.py:115} INFO - [2022-05-20 19:21:35,551] {dag.py:2371} INFO - Sync 1 DAGs
[2022-05-20 19:21:35,677] {logging_mixin.py:115} INFO - [2022-05-20 19:21:35,677] {dag.py:2919} INFO - Setting next_dagrun for tutorial to 2022-05-19T19:21:35.677140+00:00, run_after=2022-05-20T19:21:35.677140+00:00
[2022-05-20 19:21:35,697] {processor.py:161} INFO - Processing /home/airflow/.local/lib/python3.7/site-packages/airflow/example_dags/tutorial.py took 0.176 seconds
[2022-05-20 19:22:06,092] {processor.py:153} INFO - Started process (PID=2303) to work on /home/airflow/.local/lib/python3.7/site-packages/airflow/example_dags/tutorial.py
[2022-05-20 19:22:06,093] {processor.py:641} INFO - Processing file /home/airflow/.local/lib/python3.7/site-packages/airflow/example_dags/tutorial.py for tasks to queue
[2022-05-20 19:22:06,093] {logging_mixin.py:115} INFO - [2022-05-20 19:22:06,093] {dagbag.py:507} INFO - Filling up the DagBag from /home/airflow/.local/lib/python3.7/site-packages/airflow/example_dags/tutorial.py
[2022-05-20 19:22:06,097] {processor.py:651} INFO - DAG(s) dict_keys(['tutorial']) retrieved from /home/airflow/.local/lib/python3.7/site-packages/airflow/example_dags/tutorial.py
[2022-05-20 19:22:06,119] {logging_mixin.py:115} INFO - [2022-05-20 19:22:06,119] {dag.py:2371} INFO - Sync 1 DAGs
[2022-05-20 19:22:06,227] {logging_mixin.py:115} INFO - [2022-05-20 19:22:06,226] {dag.py:2919} INFO - Setting next_dagrun for tutorial to 2022-05-19T19:22:06.226767+00:00, run_after=2022-05-20T19:22:06.226767+00:00
[2022-05-20 19:22:06,244] {processor.py:161} INFO - Processing /home/airflow/.local/lib/python3.7/site-packages/airflow/example_dags/tutorial.py took 0.154 seconds
[2022-05-20 19:22:37,378] {processor.py:153} INFO - Started process (PID=2367) to work on /home/airflow/.local/lib/python3.7/site-packages/airflow/example_dags/tutorial.py
[2022-05-20 19:22:37,378] {processor.py:641} INFO - Processing file /home/airflow/.local/lib/python3.7/site-packages/airflow/example_dags/tutorial.py for tasks to queue
[2022-05-20 19:22:37,379] {logging_mixin.py:115} INFO - [2022-05-20 19:22:37,379] {dagbag.py:507} INFO - Filling up the DagBag from /home/airflow/.local/lib/python3.7/site-packages/airflow/example_dags/tutorial.py
[2022-05-20 19:22:37,383] {processor.py:651} INFO - DAG(s) dict_keys(['tutorial']) retrieved from /home/airflow/.local/lib/python3.7/site-packages/airflow/example_dags/tutorial.py
[2022-05-20 19:22:37,406] {logging_mixin.py:115} INFO - [2022-05-20 19:22:37,405] {dag.py:2371} INFO - Sync 1 DAGs
[2022-05-20 19:22:37,525] {logging_mixin.py:115} INFO - [2022-05-20 19:22:37,525] {dag.py:2919} INFO - Setting next_dagrun for tutorial to 2022-05-19T19:22:37.524992+00:00, run_after=2022-05-20T19:22:37.524992+00:00
[2022-05-20 19:22:37,544] {processor.py:161} INFO - Processing /home/airflow/.local/lib/python3.7/site-packages/airflow/example_dags/tutorial.py took 0.168 seconds
[2022-05-20 19:23:07,591] {processor.py:153} INFO - Started process (PID=2432) to work on /home/airflow/.local/lib/python3.7/site-packages/airflow/example_dags/tutorial.py
[2022-05-20 19:23:07,592] {processor.py:641} INFO - Processing file /home/airflow/.local/lib/python3.7/site-packages/airflow/example_dags/tutorial.py for tasks to queue
[2022-05-20 19:23:07,592] {logging_mixin.py:115} INFO - [2022-05-20 19:23:07,592] {dagbag.py:507} INFO - Filling up the DagBag from /home/airflow/.local/lib/python3.7/site-packages/airflow/example_dags/tutorial.py
[2022-05-20 19:23:07,596] {processor.py:651} INFO - DAG(s) dict_keys(['tutorial']) retrieved from /home/airflow/.local/lib/python3.7/site-packages/airflow/example_dags/tutorial.py
[2022-05-20 19:23:07,619] {logging_mixin.py:115} INFO - [2022-05-20 19:23:07,619] {dag.py:2371} INFO - Sync 1 DAGs
[2022-05-20 19:23:07,734] {logging_mixin.py:115} INFO - [2022-05-20 19:23:07,734] {dag.py:2919} INFO - Setting next_dagrun for tutorial to 2022-05-19T19:23:07.734129+00:00, run_after=2022-05-20T19:23:07.734129+00:00
[2022-05-20 19:23:07,745] {processor.py:161} INFO - Processing /home/airflow/.local/lib/python3.7/site-packages/airflow/example_dags/tutorial.py took 0.156 seconds
[2022-05-20 19:23:38,147] {processor.py:153} INFO - Started process (PID=2497) to work on /home/airflow/.local/lib/python3.7/site-packages/airflow/example_dags/tutorial.py
[2022-05-20 19:23:38,148] {processor.py:641} INFO - Processing file /home/airflow/.local/lib/python3.7/site-packages/airflow/example_dags/tutorial.py for tasks to queue
[2022-05-20 19:23:38,148] {logging_mixin.py:115} INFO - [2022-05-20 19:23:38,148] {dagbag.py:507} INFO - Filling up the DagBag from /home/airflow/.local/lib/python3.7/site-packages/airflow/example_dags/tutorial.py
[2022-05-20 19:23:38,153] {processor.py:651} INFO - DAG(s) dict_keys(['tutorial']) retrieved from /home/airflow/.local/lib/python3.7/site-packages/airflow/example_dags/tutorial.py
[2022-05-20 19:23:38,268] {logging_mixin.py:115} INFO - [2022-05-20 19:23:38,267] {dag.py:2371} INFO - Sync 1 DAGs
[2022-05-20 19:23:38,286] {logging_mixin.py:115} INFO - [2022-05-20 19:23:38,286] {dag.py:2919} INFO - Setting next_dagrun for tutorial to 2022-05-19T19:23:38.286417+00:00, run_after=2022-05-20T19:23:38.286417+00:00
[2022-05-20 19:23:38,296] {processor.py:161} INFO - Processing /home/airflow/.local/lib/python3.7/site-packages/airflow/example_dags/tutorial.py took 0.151 seconds
[2022-05-20 19:24:08,610] {processor.py:153} INFO - Started process (PID=2553) to work on /home/airflow/.local/lib/python3.7/site-packages/airflow/example_dags/tutorial.py
[2022-05-20 19:24:08,610] {processor.py:641} INFO - Processing file /home/airflow/.local/lib/python3.7/site-packages/airflow/example_dags/tutorial.py for tasks to queue
[2022-05-20 19:24:08,610] {logging_mixin.py:115} INFO - [2022-05-20 19:24:08,610] {dagbag.py:507} INFO - Filling up the DagBag from /home/airflow/.local/lib/python3.7/site-packages/airflow/example_dags/tutorial.py
[2022-05-20 19:24:08,614] {processor.py:651} INFO - DAG(s) dict_keys(['tutorial']) retrieved from /home/airflow/.local/lib/python3.7/site-packages/airflow/example_dags/tutorial.py
[2022-05-20 19:24:08,728] {logging_mixin.py:115} INFO - [2022-05-20 19:24:08,728] {dag.py:2371} INFO - Sync 1 DAGs
[2022-05-20 19:24:08,753] {logging_mixin.py:115} INFO - [2022-05-20 19:24:08,753] {dag.py:2919} INFO - Setting next_dagrun for tutorial to 2022-05-19T19:24:08.753299+00:00, run_after=2022-05-20T19:24:08.753299+00:00
[2022-05-20 19:24:08,762] {processor.py:161} INFO - Processing /home/airflow/.local/lib/python3.7/site-packages/airflow/example_dags/tutorial.py took 0.155 seconds
[2022-05-20 19:24:38,972] {processor.py:153} INFO - Started process (PID=2617) to work on /home/airflow/.local/lib/python3.7/site-packages/airflow/example_dags/tutorial.py
[2022-05-20 19:24:38,972] {processor.py:641} INFO - Processing file /home/airflow/.local/lib/python3.7/site-packages/airflow/example_dags/tutorial.py for tasks to queue
[2022-05-20 19:24:38,973] {logging_mixin.py:115} INFO - [2022-05-20 19:24:38,973] {dagbag.py:507} INFO - Filling up the DagBag from /home/airflow/.local/lib/python3.7/site-packages/airflow/example_dags/tutorial.py
[2022-05-20 19:24:38,977] {processor.py:651} INFO - DAG(s) dict_keys(['tutorial']) retrieved from /home/airflow/.local/lib/python3.7/site-packages/airflow/example_dags/tutorial.py
[2022-05-20 19:24:39,099] {logging_mixin.py:115} INFO - [2022-05-20 19:24:39,099] {dag.py:2371} INFO - Sync 1 DAGs
[2022-05-20 19:24:39,127] {logging_mixin.py:115} INFO - [2022-05-20 19:24:39,127] {dag.py:2919} INFO - Setting next_dagrun for tutorial to 2022-05-19T19:24:39.126844+00:00, run_after=2022-05-20T19:24:39.126844+00:00
[2022-05-20 19:24:39,144] {processor.py:161} INFO - Processing /home/airflow/.local/lib/python3.7/site-packages/airflow/example_dags/tutorial.py took 0.174 seconds
[2022-05-20 19:25:09,533] {processor.py:153} INFO - Started process (PID=2682) to work on /home/airflow/.local/lib/python3.7/site-packages/airflow/example_dags/tutorial.py
[2022-05-20 19:25:09,534] {processor.py:641} INFO - Processing file /home/airflow/.local/lib/python3.7/site-packages/airflow/example_dags/tutorial.py for tasks to queue
[2022-05-20 19:25:09,534] {logging_mixin.py:115} INFO - [2022-05-20 19:25:09,534] {dagbag.py:507} INFO - Filling up the DagBag from /home/airflow/.local/lib/python3.7/site-packages/airflow/example_dags/tutorial.py
[2022-05-20 19:25:09,538] {processor.py:651} INFO - DAG(s) dict_keys(['tutorial']) retrieved from /home/airflow/.local/lib/python3.7/site-packages/airflow/example_dags/tutorial.py
[2022-05-20 19:25:09,665] {logging_mixin.py:115} INFO - [2022-05-20 19:25:09,665] {dag.py:2371} INFO - Sync 1 DAGs
[2022-05-20 19:25:09,684] {logging_mixin.py:115} INFO - [2022-05-20 19:25:09,684] {dag.py:2919} INFO - Setting next_dagrun for tutorial to 2022-05-19T19:25:09.684549+00:00, run_after=2022-05-20T19:25:09.684549+00:00
[2022-05-20 19:25:09,702] {processor.py:161} INFO - Processing /home/airflow/.local/lib/python3.7/site-packages/airflow/example_dags/tutorial.py took 0.171 seconds
[2022-05-20 19:25:40,030] {processor.py:153} INFO - Started process (PID=2738) to work on /home/airflow/.local/lib/python3.7/site-packages/airflow/example_dags/tutorial.py
[2022-05-20 19:25:40,031] {processor.py:641} INFO - Processing file /home/airflow/.local/lib/python3.7/site-packages/airflow/example_dags/tutorial.py for tasks to queue
[2022-05-20 19:25:40,031] {logging_mixin.py:115} INFO - [2022-05-20 19:25:40,031] {dagbag.py:507} INFO - Filling up the DagBag from /home/airflow/.local/lib/python3.7/site-packages/airflow/example_dags/tutorial.py
[2022-05-20 19:25:40,035] {processor.py:651} INFO - DAG(s) dict_keys(['tutorial']) retrieved from /home/airflow/.local/lib/python3.7/site-packages/airflow/example_dags/tutorial.py
[2022-05-20 19:25:40,153] {logging_mixin.py:115} INFO - [2022-05-20 19:25:40,153] {dag.py:2371} INFO - Sync 1 DAGs
[2022-05-20 19:25:40,177] {logging_mixin.py:115} INFO - [2022-05-20 19:25:40,177] {dag.py:2919} INFO - Setting next_dagrun for tutorial to 2022-05-19T19:25:40.177045+00:00, run_after=2022-05-20T19:25:40.177045+00:00
[2022-05-20 19:25:40,188] {processor.py:161} INFO - Processing /home/airflow/.local/lib/python3.7/site-packages/airflow/example_dags/tutorial.py took 0.160 seconds
[2022-05-20 19:26:10,848] {processor.py:153} INFO - Started process (PID=2803) to work on /home/airflow/.local/lib/python3.7/site-packages/airflow/example_dags/tutorial.py
[2022-05-20 19:26:10,848] {processor.py:641} INFO - Processing file /home/airflow/.local/lib/python3.7/site-packages/airflow/example_dags/tutorial.py for tasks to queue
[2022-05-20 19:26:10,849] {logging_mixin.py:115} INFO - [2022-05-20 19:26:10,849] {dagbag.py:507} INFO - Filling up the DagBag from /home/airflow/.local/lib/python3.7/site-packages/airflow/example_dags/tutorial.py
[2022-05-20 19:26:10,853] {processor.py:651} INFO - DAG(s) dict_keys(['tutorial']) retrieved from /home/airflow/.local/lib/python3.7/site-packages/airflow/example_dags/tutorial.py
[2022-05-20 19:26:10,971] {logging_mixin.py:115} INFO - [2022-05-20 19:26:10,970] {dag.py:2371} INFO - Sync 1 DAGs
[2022-05-20 19:26:10,990] {logging_mixin.py:115} INFO - [2022-05-20 19:26:10,990] {dag.py:2919} INFO - Setting next_dagrun for tutorial to 2022-05-19T19:26:10.990504+00:00, run_after=2022-05-20T19:26:10.990504+00:00
[2022-05-20 19:26:11,001] {processor.py:161} INFO - Processing /home/airflow/.local/lib/python3.7/site-packages/airflow/example_dags/tutorial.py took 0.155 seconds
[2022-05-20 19:26:42,086] {processor.py:153} INFO - Started process (PID=2869) to work on /home/airflow/.local/lib/python3.7/site-packages/airflow/example_dags/tutorial.py
[2022-05-20 19:26:42,087] {processor.py:641} INFO - Processing file /home/airflow/.local/lib/python3.7/site-packages/airflow/example_dags/tutorial.py for tasks to queue
[2022-05-20 19:26:42,087] {logging_mixin.py:115} INFO - [2022-05-20 19:26:42,087] {dagbag.py:507} INFO - Filling up the DagBag from /home/airflow/.local/lib/python3.7/site-packages/airflow/example_dags/tutorial.py
[2022-05-20 19:26:42,091] {processor.py:651} INFO - DAG(s) dict_keys(['tutorial']) retrieved from /home/airflow/.local/lib/python3.7/site-packages/airflow/example_dags/tutorial.py
[2022-05-20 19:26:42,214] {logging_mixin.py:115} INFO - [2022-05-20 19:26:42,214] {dag.py:2371} INFO - Sync 1 DAGs
[2022-05-20 19:26:42,238] {logging_mixin.py:115} INFO - [2022-05-20 19:26:42,237] {dag.py:2919} INFO - Setting next_dagrun for tutorial to 2022-05-19T19:26:42.237649+00:00, run_after=2022-05-20T19:26:42.237649+00:00
[2022-05-20 19:26:42,252] {processor.py:161} INFO - Processing /home/airflow/.local/lib/python3.7/site-packages/airflow/example_dags/tutorial.py took 0.168 seconds
[2022-05-20 19:27:13,123] {processor.py:153} INFO - Started process (PID=2934) to work on /home/airflow/.local/lib/python3.7/site-packages/airflow/example_dags/tutorial.py
[2022-05-20 19:27:13,123] {processor.py:641} INFO - Processing file /home/airflow/.local/lib/python3.7/site-packages/airflow/example_dags/tutorial.py for tasks to queue
[2022-05-20 19:27:13,124] {logging_mixin.py:115} INFO - [2022-05-20 19:27:13,124] {dagbag.py:507} INFO - Filling up the DagBag from /home/airflow/.local/lib/python3.7/site-packages/airflow/example_dags/tutorial.py
[2022-05-20 19:27:13,128] {processor.py:651} INFO - DAG(s) dict_keys(['tutorial']) retrieved from /home/airflow/.local/lib/python3.7/site-packages/airflow/example_dags/tutorial.py
[2022-05-20 19:27:13,246] {logging_mixin.py:115} INFO - [2022-05-20 19:27:13,246] {dag.py:2371} INFO - Sync 1 DAGs
[2022-05-20 19:27:13,266] {logging_mixin.py:115} INFO - [2022-05-20 19:27:13,266] {dag.py:2919} INFO - Setting next_dagrun for tutorial to 2022-05-19T19:27:13.266203+00:00, run_after=2022-05-20T19:27:13.266203+00:00
[2022-05-20 19:27:13,284] {processor.py:161} INFO - Processing /home/airflow/.local/lib/python3.7/site-packages/airflow/example_dags/tutorial.py took 0.163 seconds
[2022-05-20 19:27:44,012] {processor.py:153} INFO - Started process (PID=2990) to work on /home/airflow/.local/lib/python3.7/site-packages/airflow/example_dags/tutorial.py
[2022-05-20 19:27:44,012] {processor.py:641} INFO - Processing file /home/airflow/.local/lib/python3.7/site-packages/airflow/example_dags/tutorial.py for tasks to queue
[2022-05-20 19:27:44,013] {logging_mixin.py:115} INFO - [2022-05-20 19:27:44,013] {dagbag.py:507} INFO - Filling up the DagBag from /home/airflow/.local/lib/python3.7/site-packages/airflow/example_dags/tutorial.py
[2022-05-20 19:27:44,017] {processor.py:651} INFO - DAG(s) dict_keys(['tutorial']) retrieved from /home/airflow/.local/lib/python3.7/site-packages/airflow/example_dags/tutorial.py
[2022-05-20 19:27:44,131] {logging_mixin.py:115} INFO - [2022-05-20 19:27:44,131] {dag.py:2371} INFO - Sync 1 DAGs
[2022-05-20 19:27:44,157] {logging_mixin.py:115} INFO - [2022-05-20 19:27:44,157] {dag.py:2919} INFO - Setting next_dagrun for tutorial to 2022-05-19T19:27:44.157450+00:00, run_after=2022-05-20T19:27:44.157450+00:00
[2022-05-20 19:27:44,174] {processor.py:161} INFO - Processing /home/airflow/.local/lib/python3.7/site-packages/airflow/example_dags/tutorial.py took 0.164 seconds
[2022-05-20 19:28:15,592] {processor.py:153} INFO - Started process (PID=3055) to work on /home/airflow/.local/lib/python3.7/site-packages/airflow/example_dags/tutorial.py
[2022-05-20 19:28:15,593] {processor.py:641} INFO - Processing file /home/airflow/.local/lib/python3.7/site-packages/airflow/example_dags/tutorial.py for tasks to queue
[2022-05-20 19:28:15,593] {logging_mixin.py:115} INFO - [2022-05-20 19:28:15,593] {dagbag.py:507} INFO - Filling up the DagBag from /home/airflow/.local/lib/python3.7/site-packages/airflow/example_dags/tutorial.py
[2022-05-20 19:28:15,597] {processor.py:651} INFO - DAG(s) dict_keys(['tutorial']) retrieved from /home/airflow/.local/lib/python3.7/site-packages/airflow/example_dags/tutorial.py
[2022-05-20 19:28:15,711] {logging_mixin.py:115} INFO - [2022-05-20 19:28:15,711] {dag.py:2371} INFO - Sync 1 DAGs
[2022-05-20 19:28:15,735] {logging_mixin.py:115} INFO - [2022-05-20 19:28:15,735] {dag.py:2919} INFO - Setting next_dagrun for tutorial to 2022-05-19T19:28:15.735642+00:00, run_after=2022-05-20T19:28:15.735642+00:00
[2022-05-20 19:28:15,753] {processor.py:161} INFO - Processing /home/airflow/.local/lib/python3.7/site-packages/airflow/example_dags/tutorial.py took 0.163 seconds
[2022-05-20 19:28:46,608] {processor.py:153} INFO - Started process (PID=3121) to work on /home/airflow/.local/lib/python3.7/site-packages/airflow/example_dags/tutorial.py
[2022-05-20 19:28:46,608] {processor.py:641} INFO - Processing file /home/airflow/.local/lib/python3.7/site-packages/airflow/example_dags/tutorial.py for tasks to queue
[2022-05-20 19:28:46,609] {logging_mixin.py:115} INFO - [2022-05-20 19:28:46,609] {dagbag.py:507} INFO - Filling up the DagBag from /home/airflow/.local/lib/python3.7/site-packages/airflow/example_dags/tutorial.py
[2022-05-20 19:28:46,613] {processor.py:651} INFO - DAG(s) dict_keys(['tutorial']) retrieved from /home/airflow/.local/lib/python3.7/site-packages/airflow/example_dags/tutorial.py
[2022-05-20 19:28:46,729] {logging_mixin.py:115} INFO - [2022-05-20 19:28:46,729] {dag.py:2371} INFO - Sync 1 DAGs
[2022-05-20 19:28:46,748] {logging_mixin.py:115} INFO - [2022-05-20 19:28:46,748] {dag.py:2919} INFO - Setting next_dagrun for tutorial to 2022-05-19T19:28:46.748650+00:00, run_after=2022-05-20T19:28:46.748650+00:00
[2022-05-20 19:28:46,759] {processor.py:161} INFO - Processing /home/airflow/.local/lib/python3.7/site-packages/airflow/example_dags/tutorial.py took 0.153 seconds
[2022-05-20 19:29:17,670] {processor.py:153} INFO - Started process (PID=3186) to work on /home/airflow/.local/lib/python3.7/site-packages/airflow/example_dags/tutorial.py
[2022-05-20 19:29:17,670] {processor.py:641} INFO - Processing file /home/airflow/.local/lib/python3.7/site-packages/airflow/example_dags/tutorial.py for tasks to queue
[2022-05-20 19:29:17,670] {logging_mixin.py:115} INFO - [2022-05-20 19:29:17,670] {dagbag.py:507} INFO - Filling up the DagBag from /home/airflow/.local/lib/python3.7/site-packages/airflow/example_dags/tutorial.py
[2022-05-20 19:29:17,674] {processor.py:651} INFO - DAG(s) dict_keys(['tutorial']) retrieved from /home/airflow/.local/lib/python3.7/site-packages/airflow/example_dags/tutorial.py
[2022-05-20 19:29:17,794] {logging_mixin.py:115} INFO - [2022-05-20 19:29:17,793] {dag.py:2371} INFO - Sync 1 DAGs
[2022-05-20 19:29:17,813] {logging_mixin.py:115} INFO - [2022-05-20 19:29:17,813] {dag.py:2919} INFO - Setting next_dagrun for tutorial to 2022-05-19T19:29:17.813189+00:00, run_after=2022-05-20T19:29:17.813189+00:00
[2022-05-20 19:29:17,830] {processor.py:161} INFO - Processing /home/airflow/.local/lib/python3.7/site-packages/airflow/example_dags/tutorial.py took 0.163 seconds
[2022-05-20 19:29:48,748] {processor.py:153} INFO - Started process (PID=3242) to work on /home/airflow/.local/lib/python3.7/site-packages/airflow/example_dags/tutorial.py
[2022-05-20 19:29:48,749] {processor.py:641} INFO - Processing file /home/airflow/.local/lib/python3.7/site-packages/airflow/example_dags/tutorial.py for tasks to queue
[2022-05-20 19:29:48,749] {logging_mixin.py:115} INFO - [2022-05-20 19:29:48,749] {dagbag.py:507} INFO - Filling up the DagBag from /home/airflow/.local/lib/python3.7/site-packages/airflow/example_dags/tutorial.py
[2022-05-20 19:29:48,753] {processor.py:651} INFO - DAG(s) dict_keys(['tutorial']) retrieved from /home/airflow/.local/lib/python3.7/site-packages/airflow/example_dags/tutorial.py
[2022-05-20 19:29:48,867] {logging_mixin.py:115} INFO - [2022-05-20 19:29:48,867] {dag.py:2371} INFO - Sync 1 DAGs
[2022-05-20 19:29:48,886] {logging_mixin.py:115} INFO - [2022-05-20 19:29:48,885] {dag.py:2919} INFO - Setting next_dagrun for tutorial to 2022-05-19T19:29:48.885772+00:00, run_after=2022-05-20T19:29:48.885772+00:00
[2022-05-20 19:29:48,896] {processor.py:161} INFO - Processing /home/airflow/.local/lib/python3.7/site-packages/airflow/example_dags/tutorial.py took 0.150 seconds
[2022-05-20 19:30:19,572] {processor.py:153} INFO - Started process (PID=3307) to work on /home/airflow/.local/lib/python3.7/site-packages/airflow/example_dags/tutorial.py
[2022-05-20 19:30:19,572] {processor.py:641} INFO - Processing file /home/airflow/.local/lib/python3.7/site-packages/airflow/example_dags/tutorial.py for tasks to queue
[2022-05-20 19:30:19,573] {logging_mixin.py:115} INFO - [2022-05-20 19:30:19,573] {dagbag.py:507} INFO - Filling up the DagBag from /home/airflow/.local/lib/python3.7/site-packages/airflow/example_dags/tutorial.py
[2022-05-20 19:30:19,577] {processor.py:651} INFO - DAG(s) dict_keys(['tutorial']) retrieved from /home/airflow/.local/lib/python3.7/site-packages/airflow/example_dags/tutorial.py
[2022-05-20 19:30:19,717] {logging_mixin.py:115} INFO - [2022-05-20 19:30:19,717] {dag.py:2371} INFO - Sync 1 DAGs
[2022-05-20 19:30:19,736] {logging_mixin.py:115} INFO - [2022-05-20 19:30:19,736] {dag.py:2919} INFO - Setting next_dagrun for tutorial to 2022-05-19T19:30:19.736029+00:00, run_after=2022-05-20T19:30:19.736029+00:00
[2022-05-20 19:30:19,753] {processor.py:161} INFO - Processing /home/airflow/.local/lib/python3.7/site-packages/airflow/example_dags/tutorial.py took 0.184 seconds
[2022-05-20 19:30:50,633] {processor.py:153} INFO - Started process (PID=3372) to work on /home/airflow/.local/lib/python3.7/site-packages/airflow/example_dags/tutorial.py
[2022-05-20 19:30:50,634] {processor.py:641} INFO - Processing file /home/airflow/.local/lib/python3.7/site-packages/airflow/example_dags/tutorial.py for tasks to queue
[2022-05-20 19:30:50,634] {logging_mixin.py:115} INFO - [2022-05-20 19:30:50,634] {dagbag.py:507} INFO - Filling up the DagBag from /home/airflow/.local/lib/python3.7/site-packages/airflow/example_dags/tutorial.py
[2022-05-20 19:30:50,639] {processor.py:651} INFO - DAG(s) dict_keys(['tutorial']) retrieved from /home/airflow/.local/lib/python3.7/site-packages/airflow/example_dags/tutorial.py
[2022-05-20 19:30:50,767] {logging_mixin.py:115} INFO - [2022-05-20 19:30:50,766] {dag.py:2371} INFO - Sync 1 DAGs
[2022-05-20 19:30:50,788] {logging_mixin.py:115} INFO - [2022-05-20 19:30:50,788] {dag.py:2919} INFO - Setting next_dagrun for tutorial to 2022-05-19T19:30:50.787966+00:00, run_after=2022-05-20T19:30:50.787966+00:00
[2022-05-20 19:30:50,801] {processor.py:161} INFO - Processing /home/airflow/.local/lib/python3.7/site-packages/airflow/example_dags/tutorial.py took 0.170 seconds
[2022-05-20 19:31:21,538] {processor.py:153} INFO - Started process (PID=3434) to work on /home/airflow/.local/lib/python3.7/site-packages/airflow/example_dags/tutorial.py
[2022-05-20 19:31:21,539] {processor.py:641} INFO - Processing file /home/airflow/.local/lib/python3.7/site-packages/airflow/example_dags/tutorial.py for tasks to queue
[2022-05-20 19:31:21,539] {logging_mixin.py:115} INFO - [2022-05-20 19:31:21,539] {dagbag.py:507} INFO - Filling up the DagBag from /home/airflow/.local/lib/python3.7/site-packages/airflow/example_dags/tutorial.py
[2022-05-20 19:31:21,544] {processor.py:651} INFO - DAG(s) dict_keys(['tutorial']) retrieved from /home/airflow/.local/lib/python3.7/site-packages/airflow/example_dags/tutorial.py
[2022-05-20 19:31:21,679] {logging_mixin.py:115} INFO - [2022-05-20 19:31:21,679] {dag.py:2371} INFO - Sync 1 DAGs
[2022-05-20 19:31:21,698] {logging_mixin.py:115} INFO - [2022-05-20 19:31:21,698] {dag.py:2919} INFO - Setting next_dagrun for tutorial to 2022-05-19T19:31:21.698297+00:00, run_after=2022-05-20T19:31:21.698297+00:00
[2022-05-20 19:31:21,708] {processor.py:161} INFO - Processing /home/airflow/.local/lib/python3.7/site-packages/airflow/example_dags/tutorial.py took 0.173 seconds
[2022-05-20 19:31:52,561] {processor.py:153} INFO - Started process (PID=3492) to work on /home/airflow/.local/lib/python3.7/site-packages/airflow/example_dags/tutorial.py
[2022-05-20 19:31:52,562] {processor.py:641} INFO - Processing file /home/airflow/.local/lib/python3.7/site-packages/airflow/example_dags/tutorial.py for tasks to queue
[2022-05-20 19:31:52,562] {logging_mixin.py:115} INFO - [2022-05-20 19:31:52,562] {dagbag.py:507} INFO - Filling up the DagBag from /home/airflow/.local/lib/python3.7/site-packages/airflow/example_dags/tutorial.py
[2022-05-20 19:31:52,566] {processor.py:651} INFO - DAG(s) dict_keys(['tutorial']) retrieved from /home/airflow/.local/lib/python3.7/site-packages/airflow/example_dags/tutorial.py
[2022-05-20 19:31:52,684] {logging_mixin.py:115} INFO - [2022-05-20 19:31:52,684] {dag.py:2371} INFO - Sync 1 DAGs
[2022-05-20 19:31:52,703] {logging_mixin.py:115} INFO - [2022-05-20 19:31:52,703] {dag.py:2919} INFO - Setting next_dagrun for tutorial to 2022-05-19T19:31:52.703141+00:00, run_after=2022-05-20T19:31:52.703141+00:00
[2022-05-20 19:31:52,721] {processor.py:161} INFO - Processing /home/airflow/.local/lib/python3.7/site-packages/airflow/example_dags/tutorial.py took 0.162 seconds
[2022-05-20 19:32:23,371] {processor.py:153} INFO - Started process (PID=3557) to work on /home/airflow/.local/lib/python3.7/site-packages/airflow/example_dags/tutorial.py
[2022-05-20 19:32:23,371] {processor.py:641} INFO - Processing file /home/airflow/.local/lib/python3.7/site-packages/airflow/example_dags/tutorial.py for tasks to queue
[2022-05-20 19:32:23,372] {logging_mixin.py:115} INFO - [2022-05-20 19:32:23,372] {dagbag.py:507} INFO - Filling up the DagBag from /home/airflow/.local/lib/python3.7/site-packages/airflow/example_dags/tutorial.py
[2022-05-20 19:32:23,376] {processor.py:651} INFO - DAG(s) dict_keys(['tutorial']) retrieved from /home/airflow/.local/lib/python3.7/site-packages/airflow/example_dags/tutorial.py
[2022-05-20 19:32:23,496] {logging_mixin.py:115} INFO - [2022-05-20 19:32:23,495] {dag.py:2371} INFO - Sync 1 DAGs
[2022-05-20 19:32:23,517] {logging_mixin.py:115} INFO - [2022-05-20 19:32:23,516] {dag.py:2919} INFO - Setting next_dagrun for tutorial to 2022-05-19T19:32:23.516817+00:00, run_after=2022-05-20T19:32:23.516817+00:00
[2022-05-20 19:32:23,527] {processor.py:161} INFO - Processing /home/airflow/.local/lib/python3.7/site-packages/airflow/example_dags/tutorial.py took 0.158 seconds
[2022-05-20 19:32:53,971] {processor.py:153} INFO - Started process (PID=3622) to work on /home/airflow/.local/lib/python3.7/site-packages/airflow/example_dags/tutorial.py
[2022-05-20 19:32:53,971] {processor.py:641} INFO - Processing file /home/airflow/.local/lib/python3.7/site-packages/airflow/example_dags/tutorial.py for tasks to queue
[2022-05-20 19:32:53,972] {logging_mixin.py:115} INFO - [2022-05-20 19:32:53,971] {dagbag.py:507} INFO - Filling up the DagBag from /home/airflow/.local/lib/python3.7/site-packages/airflow/example_dags/tutorial.py
[2022-05-20 19:32:53,976] {processor.py:651} INFO - DAG(s) dict_keys(['tutorial']) retrieved from /home/airflow/.local/lib/python3.7/site-packages/airflow/example_dags/tutorial.py
[2022-05-20 19:32:54,111] {logging_mixin.py:115} INFO - [2022-05-20 19:32:54,111] {dag.py:2371} INFO - Sync 1 DAGs
[2022-05-20 19:32:54,134] {logging_mixin.py:115} INFO - [2022-05-20 19:32:54,134] {dag.py:2919} INFO - Setting next_dagrun for tutorial to 2022-05-19T19:32:54.134441+00:00, run_after=2022-05-20T19:32:54.134441+00:00
[2022-05-20 19:32:54,144] {processor.py:161} INFO - Processing /home/airflow/.local/lib/python3.7/site-packages/airflow/example_dags/tutorial.py took 0.176 seconds
[2022-05-20 19:33:25,186] {processor.py:153} INFO - Started process (PID=3678) to work on /home/airflow/.local/lib/python3.7/site-packages/airflow/example_dags/tutorial.py
[2022-05-20 19:33:25,187] {processor.py:641} INFO - Processing file /home/airflow/.local/lib/python3.7/site-packages/airflow/example_dags/tutorial.py for tasks to queue
[2022-05-20 19:33:25,187] {logging_mixin.py:115} INFO - [2022-05-20 19:33:25,187] {dagbag.py:507} INFO - Filling up the DagBag from /home/airflow/.local/lib/python3.7/site-packages/airflow/example_dags/tutorial.py
[2022-05-20 19:33:25,191] {processor.py:651} INFO - DAG(s) dict_keys(['tutorial']) retrieved from /home/airflow/.local/lib/python3.7/site-packages/airflow/example_dags/tutorial.py
[2022-05-20 19:33:25,316] {logging_mixin.py:115} INFO - [2022-05-20 19:33:25,316] {dag.py:2371} INFO - Sync 1 DAGs
[2022-05-20 19:33:25,342] {logging_mixin.py:115} INFO - [2022-05-20 19:33:25,342] {dag.py:2919} INFO - Setting next_dagrun for tutorial to 2022-05-19T19:33:25.341846+00:00, run_after=2022-05-20T19:33:25.341846+00:00
[2022-05-20 19:33:25,358] {processor.py:161} INFO - Processing /home/airflow/.local/lib/python3.7/site-packages/airflow/example_dags/tutorial.py took 0.174 seconds
[2022-05-20 19:33:55,773] {processor.py:153} INFO - Started process (PID=3743) to work on /home/airflow/.local/lib/python3.7/site-packages/airflow/example_dags/tutorial.py
[2022-05-20 19:33:55,773] {processor.py:641} INFO - Processing file /home/airflow/.local/lib/python3.7/site-packages/airflow/example_dags/tutorial.py for tasks to queue
[2022-05-20 19:33:55,773] {logging_mixin.py:115} INFO - [2022-05-20 19:33:55,773] {dagbag.py:507} INFO - Filling up the DagBag from /home/airflow/.local/lib/python3.7/site-packages/airflow/example_dags/tutorial.py
[2022-05-20 19:33:55,778] {processor.py:651} INFO - DAG(s) dict_keys(['tutorial']) retrieved from /home/airflow/.local/lib/python3.7/site-packages/airflow/example_dags/tutorial.py
[2022-05-20 19:33:55,798] {logging_mixin.py:115} INFO - [2022-05-20 19:33:55,797] {dag.py:2371} INFO - Sync 1 DAGs
[2022-05-20 19:33:55,817] {logging_mixin.py:115} INFO - [2022-05-20 19:33:55,817] {dag.py:2919} INFO - Setting next_dagrun for tutorial to 2022-05-19T19:33:55.816945+00:00, run_after=2022-05-20T19:33:55.816945+00:00
[2022-05-20 19:33:55,827] {processor.py:161} INFO - Processing /home/airflow/.local/lib/python3.7/site-packages/airflow/example_dags/tutorial.py took 0.056 seconds
[2022-05-20 19:34:25,911] {processor.py:153} INFO - Started process (PID=3809) to work on /home/airflow/.local/lib/python3.7/site-packages/airflow/example_dags/tutorial.py
[2022-05-20 19:34:25,912] {processor.py:641} INFO - Processing file /home/airflow/.local/lib/python3.7/site-packages/airflow/example_dags/tutorial.py for tasks to queue
[2022-05-20 19:34:25,912] {logging_mixin.py:115} INFO - [2022-05-20 19:34:25,912] {dagbag.py:507} INFO - Filling up the DagBag from /home/airflow/.local/lib/python3.7/site-packages/airflow/example_dags/tutorial.py
[2022-05-20 19:34:25,916] {processor.py:651} INFO - DAG(s) dict_keys(['tutorial']) retrieved from /home/airflow/.local/lib/python3.7/site-packages/airflow/example_dags/tutorial.py
[2022-05-20 19:34:25,936] {logging_mixin.py:115} INFO - [2022-05-20 19:34:25,936] {dag.py:2371} INFO - Sync 1 DAGs
[2022-05-20 19:34:25,956] {logging_mixin.py:115} INFO - [2022-05-20 19:34:25,956] {dag.py:2919} INFO - Setting next_dagrun for tutorial to 2022-05-19T19:34:25.956306+00:00, run_after=2022-05-20T19:34:25.956306+00:00
[2022-05-20 19:34:25,966] {processor.py:161} INFO - Processing /home/airflow/.local/lib/python3.7/site-packages/airflow/example_dags/tutorial.py took 0.057 seconds
[2022-05-20 19:34:56,848] {processor.py:153} INFO - Started process (PID=3865) to work on /home/airflow/.local/lib/python3.7/site-packages/airflow/example_dags/tutorial.py
[2022-05-20 19:34:56,849] {processor.py:641} INFO - Processing file /home/airflow/.local/lib/python3.7/site-packages/airflow/example_dags/tutorial.py for tasks to queue
[2022-05-20 19:34:56,849] {logging_mixin.py:115} INFO - [2022-05-20 19:34:56,849] {dagbag.py:507} INFO - Filling up the DagBag from /home/airflow/.local/lib/python3.7/site-packages/airflow/example_dags/tutorial.py
[2022-05-20 19:34:56,853] {processor.py:651} INFO - DAG(s) dict_keys(['tutorial']) retrieved from /home/airflow/.local/lib/python3.7/site-packages/airflow/example_dags/tutorial.py
[2022-05-20 19:34:56,872] {logging_mixin.py:115} INFO - [2022-05-20 19:34:56,872] {dag.py:2371} INFO - Sync 1 DAGs
[2022-05-20 19:34:56,892] {logging_mixin.py:115} INFO - [2022-05-20 19:34:56,892] {dag.py:2919} INFO - Setting next_dagrun for tutorial to 2022-05-19T19:34:56.892307+00:00, run_after=2022-05-20T19:34:56.892307+00:00
[2022-05-20 19:34:56,902] {processor.py:161} INFO - Processing /home/airflow/.local/lib/python3.7/site-packages/airflow/example_dags/tutorial.py took 0.056 seconds
[2022-05-20 19:35:27,678] {processor.py:153} INFO - Started process (PID=3930) to work on /home/airflow/.local/lib/python3.7/site-packages/airflow/example_dags/tutorial.py
[2022-05-20 19:35:27,678] {processor.py:641} INFO - Processing file /home/airflow/.local/lib/python3.7/site-packages/airflow/example_dags/tutorial.py for tasks to queue
[2022-05-20 19:35:27,679] {logging_mixin.py:115} INFO - [2022-05-20 19:35:27,679] {dagbag.py:507} INFO - Filling up the DagBag from /home/airflow/.local/lib/python3.7/site-packages/airflow/example_dags/tutorial.py
[2022-05-20 19:35:27,682] {processor.py:651} INFO - DAG(s) dict_keys(['tutorial']) retrieved from /home/airflow/.local/lib/python3.7/site-packages/airflow/example_dags/tutorial.py
[2022-05-20 19:35:27,702] {logging_mixin.py:115} INFO - [2022-05-20 19:35:27,702] {dag.py:2371} INFO - Sync 1 DAGs
[2022-05-20 19:35:27,722] {logging_mixin.py:115} INFO - [2022-05-20 19:35:27,722] {dag.py:2919} INFO - Setting next_dagrun for tutorial to 2022-05-19T19:35:27.722247+00:00, run_after=2022-05-20T19:35:27.722247+00:00
[2022-05-20 19:35:27,732] {processor.py:161} INFO - Processing /home/airflow/.local/lib/python3.7/site-packages/airflow/example_dags/tutorial.py took 0.057 seconds
[2022-05-20 19:35:58,526] {processor.py:153} INFO - Started process (PID=3994) to work on /home/airflow/.local/lib/python3.7/site-packages/airflow/example_dags/tutorial.py
[2022-05-20 19:35:58,526] {processor.py:641} INFO - Processing file /home/airflow/.local/lib/python3.7/site-packages/airflow/example_dags/tutorial.py for tasks to queue
[2022-05-20 19:35:58,527] {logging_mixin.py:115} INFO - [2022-05-20 19:35:58,527] {dagbag.py:507} INFO - Filling up the DagBag from /home/airflow/.local/lib/python3.7/site-packages/airflow/example_dags/tutorial.py
[2022-05-20 19:35:58,531] {processor.py:651} INFO - DAG(s) dict_keys(['tutorial']) retrieved from /home/airflow/.local/lib/python3.7/site-packages/airflow/example_dags/tutorial.py
[2022-05-20 19:35:58,551] {logging_mixin.py:115} INFO - [2022-05-20 19:35:58,551] {dag.py:2371} INFO - Sync 1 DAGs
[2022-05-20 19:35:58,570] {logging_mixin.py:115} INFO - [2022-05-20 19:35:58,570] {dag.py:2919} INFO - Setting next_dagrun for tutorial to 2022-05-19T19:35:58.570522+00:00, run_after=2022-05-20T19:35:58.570522+00:00
[2022-05-20 19:35:58,581] {processor.py:161} INFO - Processing /home/airflow/.local/lib/python3.7/site-packages/airflow/example_dags/tutorial.py took 0.057 seconds
[2022-05-20 19:36:29,405] {processor.py:153} INFO - Started process (PID=4059) to work on /home/airflow/.local/lib/python3.7/site-packages/airflow/example_dags/tutorial.py
[2022-05-20 19:36:29,406] {processor.py:641} INFO - Processing file /home/airflow/.local/lib/python3.7/site-packages/airflow/example_dags/tutorial.py for tasks to queue
[2022-05-20 19:36:29,406] {logging_mixin.py:115} INFO - [2022-05-20 19:36:29,406] {dagbag.py:507} INFO - Filling up the DagBag from /home/airflow/.local/lib/python3.7/site-packages/airflow/example_dags/tutorial.py
[2022-05-20 19:36:29,410] {processor.py:651} INFO - DAG(s) dict_keys(['tutorial']) retrieved from /home/airflow/.local/lib/python3.7/site-packages/airflow/example_dags/tutorial.py
[2022-05-20 19:36:29,430] {logging_mixin.py:115} INFO - [2022-05-20 19:36:29,430] {dag.py:2371} INFO - Sync 1 DAGs
[2022-05-20 19:36:29,449] {logging_mixin.py:115} INFO - [2022-05-20 19:36:29,449] {dag.py:2919} INFO - Setting next_dagrun for tutorial to 2022-05-19T19:36:29.449551+00:00, run_after=2022-05-20T19:36:29.449551+00:00
[2022-05-20 19:36:29,460] {processor.py:161} INFO - Processing /home/airflow/.local/lib/python3.7/site-packages/airflow/example_dags/tutorial.py took 0.057 seconds
[2022-05-20 19:37:00,359] {processor.py:153} INFO - Started process (PID=4115) to work on /home/airflow/.local/lib/python3.7/site-packages/airflow/example_dags/tutorial.py
[2022-05-20 19:37:00,360] {processor.py:641} INFO - Processing file /home/airflow/.local/lib/python3.7/site-packages/airflow/example_dags/tutorial.py for tasks to queue
[2022-05-20 19:37:00,360] {logging_mixin.py:115} INFO - [2022-05-20 19:37:00,360] {dagbag.py:507} INFO - Filling up the DagBag from /home/airflow/.local/lib/python3.7/site-packages/airflow/example_dags/tutorial.py
[2022-05-20 19:37:00,364] {processor.py:651} INFO - DAG(s) dict_keys(['tutorial']) retrieved from /home/airflow/.local/lib/python3.7/site-packages/airflow/example_dags/tutorial.py
[2022-05-20 19:37:00,387] {logging_mixin.py:115} INFO - [2022-05-20 19:37:00,387] {dag.py:2371} INFO - Sync 1 DAGs
[2022-05-20 19:37:00,411] {logging_mixin.py:115} INFO - [2022-05-20 19:37:00,411] {dag.py:2919} INFO - Setting next_dagrun for tutorial to 2022-05-19T19:37:00.411358+00:00, run_after=2022-05-20T19:37:00.411358+00:00
[2022-05-20 19:37:00,422] {processor.py:161} INFO - Processing /home/airflow/.local/lib/python3.7/site-packages/airflow/example_dags/tutorial.py took 0.065 seconds
[2022-05-20 19:37:31,092] {processor.py:153} INFO - Started process (PID=4179) to work on /home/airflow/.local/lib/python3.7/site-packages/airflow/example_dags/tutorial.py
[2022-05-20 19:37:31,092] {processor.py:641} INFO - Processing file /home/airflow/.local/lib/python3.7/site-packages/airflow/example_dags/tutorial.py for tasks to queue
[2022-05-20 19:37:31,093] {logging_mixin.py:115} INFO - [2022-05-20 19:37:31,093] {dagbag.py:507} INFO - Filling up the DagBag from /home/airflow/.local/lib/python3.7/site-packages/airflow/example_dags/tutorial.py
[2022-05-20 19:37:31,097] {processor.py:651} INFO - DAG(s) dict_keys(['tutorial']) retrieved from /home/airflow/.local/lib/python3.7/site-packages/airflow/example_dags/tutorial.py
[2022-05-20 19:37:31,116] {logging_mixin.py:115} INFO - [2022-05-20 19:37:31,116] {dag.py:2371} INFO - Sync 1 DAGs
[2022-05-20 19:37:31,136] {logging_mixin.py:115} INFO - [2022-05-20 19:37:31,136] {dag.py:2919} INFO - Setting next_dagrun for tutorial to 2022-05-19T19:37:31.136441+00:00, run_after=2022-05-20T19:37:31.136441+00:00
[2022-05-20 19:37:31,147] {processor.py:161} INFO - Processing /home/airflow/.local/lib/python3.7/site-packages/airflow/example_dags/tutorial.py took 0.057 seconds
[2022-05-20 19:38:01,978] {processor.py:153} INFO - Started process (PID=4244) to work on /home/airflow/.local/lib/python3.7/site-packages/airflow/example_dags/tutorial.py
[2022-05-20 19:38:01,978] {processor.py:641} INFO - Processing file /home/airflow/.local/lib/python3.7/site-packages/airflow/example_dags/tutorial.py for tasks to queue
[2022-05-20 19:38:01,979] {logging_mixin.py:115} INFO - [2022-05-20 19:38:01,979] {dagbag.py:507} INFO - Filling up the DagBag from /home/airflow/.local/lib/python3.7/site-packages/airflow/example_dags/tutorial.py
[2022-05-20 19:38:01,983] {processor.py:651} INFO - DAG(s) dict_keys(['tutorial']) retrieved from /home/airflow/.local/lib/python3.7/site-packages/airflow/example_dags/tutorial.py
[2022-05-20 19:38:02,004] {logging_mixin.py:115} INFO - [2022-05-20 19:38:02,003] {dag.py:2371} INFO - Sync 1 DAGs
[2022-05-20 19:38:02,023] {logging_mixin.py:115} INFO - [2022-05-20 19:38:02,023] {dag.py:2919} INFO - Setting next_dagrun for tutorial to 2022-05-19T19:38:02.023315+00:00, run_after=2022-05-20T19:38:02.023315+00:00
[2022-05-20 19:38:02,034] {processor.py:161} INFO - Processing /home/airflow/.local/lib/python3.7/site-packages/airflow/example_dags/tutorial.py took 0.058 seconds
[2022-05-20 19:38:32,824] {processor.py:153} INFO - Started process (PID=4309) to work on /home/airflow/.local/lib/python3.7/site-packages/airflow/example_dags/tutorial.py
[2022-05-20 19:38:32,825] {processor.py:641} INFO - Processing file /home/airflow/.local/lib/python3.7/site-packages/airflow/example_dags/tutorial.py for tasks to queue
[2022-05-20 19:38:32,825] {logging_mixin.py:115} INFO - [2022-05-20 19:38:32,825] {dagbag.py:507} INFO - Filling up the DagBag from /home/airflow/.local/lib/python3.7/site-packages/airflow/example_dags/tutorial.py
[2022-05-20 19:38:32,829] {processor.py:651} INFO - DAG(s) dict_keys(['tutorial']) retrieved from /home/airflow/.local/lib/python3.7/site-packages/airflow/example_dags/tutorial.py
[2022-05-20 19:38:32,849] {logging_mixin.py:115} INFO - [2022-05-20 19:38:32,849] {dag.py:2371} INFO - Sync 1 DAGs
[2022-05-20 19:38:32,870] {logging_mixin.py:115} INFO - [2022-05-20 19:38:32,869] {dag.py:2919} INFO - Setting next_dagrun for tutorial to 2022-05-19T19:38:32.869709+00:00, run_after=2022-05-20T19:38:32.869709+00:00
[2022-05-20 19:38:32,880] {processor.py:161} INFO - Processing /home/airflow/.local/lib/python3.7/site-packages/airflow/example_dags/tutorial.py took 0.059 seconds
[2022-05-20 19:39:03,652] {processor.py:153} INFO - Started process (PID=4365) to work on /home/airflow/.local/lib/python3.7/site-packages/airflow/example_dags/tutorial.py
[2022-05-20 19:39:03,652] {processor.py:641} INFO - Processing file /home/airflow/.local/lib/python3.7/site-packages/airflow/example_dags/tutorial.py for tasks to queue
[2022-05-20 19:39:03,652] {logging_mixin.py:115} INFO - [2022-05-20 19:39:03,652] {dagbag.py:507} INFO - Filling up the DagBag from /home/airflow/.local/lib/python3.7/site-packages/airflow/example_dags/tutorial.py
[2022-05-20 19:39:03,656] {processor.py:651} INFO - DAG(s) dict_keys(['tutorial']) retrieved from /home/airflow/.local/lib/python3.7/site-packages/airflow/example_dags/tutorial.py
[2022-05-20 19:39:03,676] {logging_mixin.py:115} INFO - [2022-05-20 19:39:03,676] {dag.py:2371} INFO - Sync 1 DAGs
[2022-05-20 19:39:03,696] {logging_mixin.py:115} INFO - [2022-05-20 19:39:03,696] {dag.py:2919} INFO - Setting next_dagrun for tutorial to 2022-05-19T19:39:03.695997+00:00, run_after=2022-05-20T19:39:03.695997+00:00
[2022-05-20 19:39:03,706] {processor.py:161} INFO - Processing /home/airflow/.local/lib/python3.7/site-packages/airflow/example_dags/tutorial.py took 0.057 seconds
[2022-05-20 19:39:34,547] {processor.py:153} INFO - Started process (PID=4430) to work on /home/airflow/.local/lib/python3.7/site-packages/airflow/example_dags/tutorial.py
[2022-05-20 19:39:34,547] {processor.py:641} INFO - Processing file /home/airflow/.local/lib/python3.7/site-packages/airflow/example_dags/tutorial.py for tasks to queue
[2022-05-20 19:39:34,547] {logging_mixin.py:115} INFO - [2022-05-20 19:39:34,547] {dagbag.py:507} INFO - Filling up the DagBag from /home/airflow/.local/lib/python3.7/site-packages/airflow/example_dags/tutorial.py
[2022-05-20 19:39:34,551] {processor.py:651} INFO - DAG(s) dict_keys(['tutorial']) retrieved from /home/airflow/.local/lib/python3.7/site-packages/airflow/example_dags/tutorial.py
[2022-05-20 19:39:34,571] {logging_mixin.py:115} INFO - [2022-05-20 19:39:34,571] {dag.py:2371} INFO - Sync 1 DAGs
[2022-05-20 19:39:34,591] {logging_mixin.py:115} INFO - [2022-05-20 19:39:34,591] {dag.py:2919} INFO - Setting next_dagrun for tutorial to 2022-05-19T19:39:34.591242+00:00, run_after=2022-05-20T19:39:34.591242+00:00
[2022-05-20 19:39:34,602] {processor.py:161} INFO - Processing /home/airflow/.local/lib/python3.7/site-packages/airflow/example_dags/tutorial.py took 0.057 seconds
[2022-05-20 19:40:05,295] {processor.py:153} INFO - Started process (PID=4495) to work on /home/airflow/.local/lib/python3.7/site-packages/airflow/example_dags/tutorial.py
[2022-05-20 19:40:05,296] {processor.py:641} INFO - Processing file /home/airflow/.local/lib/python3.7/site-packages/airflow/example_dags/tutorial.py for tasks to queue
[2022-05-20 19:40:05,296] {logging_mixin.py:115} INFO - [2022-05-20 19:40:05,296] {dagbag.py:507} INFO - Filling up the DagBag from /home/airflow/.local/lib/python3.7/site-packages/airflow/example_dags/tutorial.py
[2022-05-20 19:40:05,300] {processor.py:651} INFO - DAG(s) dict_keys(['tutorial']) retrieved from /home/airflow/.local/lib/python3.7/site-packages/airflow/example_dags/tutorial.py
[2022-05-20 19:40:05,320] {logging_mixin.py:115} INFO - [2022-05-20 19:40:05,320] {dag.py:2371} INFO - Sync 1 DAGs
[2022-05-20 19:40:05,341] {logging_mixin.py:115} INFO - [2022-05-20 19:40:05,340] {dag.py:2919} INFO - Setting next_dagrun for tutorial to 2022-05-19T19:40:05.340713+00:00, run_after=2022-05-20T19:40:05.340713+00:00
[2022-05-20 19:40:05,352] {processor.py:161} INFO - Processing /home/airflow/.local/lib/python3.7/site-packages/airflow/example_dags/tutorial.py took 0.059 seconds
[2022-05-20 19:40:36,115] {processor.py:153} INFO - Started process (PID=4551) to work on /home/airflow/.local/lib/python3.7/site-packages/airflow/example_dags/tutorial.py
[2022-05-20 19:40:36,115] {processor.py:641} INFO - Processing file /home/airflow/.local/lib/python3.7/site-packages/airflow/example_dags/tutorial.py for tasks to queue
[2022-05-20 19:40:36,116] {logging_mixin.py:115} INFO - [2022-05-20 19:40:36,116] {dagbag.py:507} INFO - Filling up the DagBag from /home/airflow/.local/lib/python3.7/site-packages/airflow/example_dags/tutorial.py
[2022-05-20 19:40:36,120] {processor.py:651} INFO - DAG(s) dict_keys(['tutorial']) retrieved from /home/airflow/.local/lib/python3.7/site-packages/airflow/example_dags/tutorial.py
[2022-05-20 19:40:36,140] {logging_mixin.py:115} INFO - [2022-05-20 19:40:36,140] {dag.py:2371} INFO - Sync 1 DAGs
[2022-05-20 19:40:36,161] {logging_mixin.py:115} INFO - [2022-05-20 19:40:36,160] {dag.py:2919} INFO - Setting next_dagrun for tutorial to 2022-05-19T19:40:36.160633+00:00, run_after=2022-05-20T19:40:36.160633+00:00
[2022-05-20 19:40:36,173] {processor.py:161} INFO - Processing /home/airflow/.local/lib/python3.7/site-packages/airflow/example_dags/tutorial.py took 0.060 seconds
[2022-05-20 19:41:07,003] {processor.py:153} INFO - Started process (PID=4616) to work on /home/airflow/.local/lib/python3.7/site-packages/airflow/example_dags/tutorial.py
[2022-05-20 19:41:07,003] {processor.py:641} INFO - Processing file /home/airflow/.local/lib/python3.7/site-packages/airflow/example_dags/tutorial.py for tasks to queue
[2022-05-20 19:41:07,004] {logging_mixin.py:115} INFO - [2022-05-20 19:41:07,004] {dagbag.py:507} INFO - Filling up the DagBag from /home/airflow/.local/lib/python3.7/site-packages/airflow/example_dags/tutorial.py
[2022-05-20 19:41:07,008] {processor.py:651} INFO - DAG(s) dict_keys(['tutorial']) retrieved from /home/airflow/.local/lib/python3.7/site-packages/airflow/example_dags/tutorial.py
[2022-05-20 19:41:07,029] {logging_mixin.py:115} INFO - [2022-05-20 19:41:07,029] {dag.py:2371} INFO - Sync 1 DAGs
[2022-05-20 19:41:07,058] {logging_mixin.py:115} INFO - [2022-05-20 19:41:07,058] {dag.py:2919} INFO - Setting next_dagrun for tutorial to 2022-05-19T19:41:07.058339+00:00, run_after=2022-05-20T19:41:07.058339+00:00
[2022-05-20 19:41:07,069] {processor.py:161} INFO - Processing /home/airflow/.local/lib/python3.7/site-packages/airflow/example_dags/tutorial.py took 0.069 seconds
[2022-05-20 19:41:37,923] {processor.py:153} INFO - Started process (PID=4681) to work on /home/airflow/.local/lib/python3.7/site-packages/airflow/example_dags/tutorial.py
[2022-05-20 19:41:37,924] {processor.py:641} INFO - Processing file /home/airflow/.local/lib/python3.7/site-packages/airflow/example_dags/tutorial.py for tasks to queue
[2022-05-20 19:41:37,924] {logging_mixin.py:115} INFO - [2022-05-20 19:41:37,924] {dagbag.py:507} INFO - Filling up the DagBag from /home/airflow/.local/lib/python3.7/site-packages/airflow/example_dags/tutorial.py
[2022-05-20 19:41:37,928] {processor.py:651} INFO - DAG(s) dict_keys(['tutorial']) retrieved from /home/airflow/.local/lib/python3.7/site-packages/airflow/example_dags/tutorial.py
[2022-05-20 19:41:37,948] {logging_mixin.py:115} INFO - [2022-05-20 19:41:37,948] {dag.py:2371} INFO - Sync 1 DAGs
[2022-05-20 19:41:37,967] {logging_mixin.py:115} INFO - [2022-05-20 19:41:37,967] {dag.py:2919} INFO - Setting next_dagrun for tutorial to 2022-05-19T19:41:37.967513+00:00, run_after=2022-05-20T19:41:37.967513+00:00
[2022-05-20 19:41:37,977] {processor.py:161} INFO - Processing /home/airflow/.local/lib/python3.7/site-packages/airflow/example_dags/tutorial.py took 0.056 seconds
[2022-05-20 19:42:08,810] {processor.py:153} INFO - Started process (PID=4746) to work on /home/airflow/.local/lib/python3.7/site-packages/airflow/example_dags/tutorial.py
[2022-05-20 19:42:08,810] {processor.py:641} INFO - Processing file /home/airflow/.local/lib/python3.7/site-packages/airflow/example_dags/tutorial.py for tasks to queue
[2022-05-20 19:42:08,811] {logging_mixin.py:115} INFO - [2022-05-20 19:42:08,811] {dagbag.py:507} INFO - Filling up the DagBag from /home/airflow/.local/lib/python3.7/site-packages/airflow/example_dags/tutorial.py
[2022-05-20 19:42:08,815] {processor.py:651} INFO - DAG(s) dict_keys(['tutorial']) retrieved from /home/airflow/.local/lib/python3.7/site-packages/airflow/example_dags/tutorial.py
[2022-05-20 19:42:08,834] {logging_mixin.py:115} INFO - [2022-05-20 19:42:08,834] {dag.py:2371} INFO - Sync 1 DAGs
[2022-05-20 19:42:08,853] {logging_mixin.py:115} INFO - [2022-05-20 19:42:08,853] {dag.py:2919} INFO - Setting next_dagrun for tutorial to 2022-05-19T19:42:08.853222+00:00, run_after=2022-05-20T19:42:08.853222+00:00
[2022-05-20 19:42:08,863] {processor.py:161} INFO - Processing /home/airflow/.local/lib/python3.7/site-packages/airflow/example_dags/tutorial.py took 0.055 seconds
[2022-05-20 19:42:39,717] {processor.py:153} INFO - Started process (PID=4802) to work on /home/airflow/.local/lib/python3.7/site-packages/airflow/example_dags/tutorial.py
[2022-05-20 19:42:39,717] {processor.py:641} INFO - Processing file /home/airflow/.local/lib/python3.7/site-packages/airflow/example_dags/tutorial.py for tasks to queue
[2022-05-20 19:42:39,717] {logging_mixin.py:115} INFO - [2022-05-20 19:42:39,717] {dagbag.py:507} INFO - Filling up the DagBag from /home/airflow/.local/lib/python3.7/site-packages/airflow/example_dags/tutorial.py
[2022-05-20 19:42:39,721] {processor.py:651} INFO - DAG(s) dict_keys(['tutorial']) retrieved from /home/airflow/.local/lib/python3.7/site-packages/airflow/example_dags/tutorial.py
[2022-05-20 19:42:39,742] {logging_mixin.py:115} INFO - [2022-05-20 19:42:39,742] {dag.py:2371} INFO - Sync 1 DAGs
[2022-05-20 19:42:39,762] {logging_mixin.py:115} INFO - [2022-05-20 19:42:39,762] {dag.py:2919} INFO - Setting next_dagrun for tutorial to 2022-05-19T19:42:39.761868+00:00, run_after=2022-05-20T19:42:39.761868+00:00
[2022-05-20 19:42:39,772] {processor.py:161} INFO - Processing /home/airflow/.local/lib/python3.7/site-packages/airflow/example_dags/tutorial.py took 0.058 seconds
[2022-05-20 19:43:10,654] {processor.py:153} INFO - Started process (PID=4868) to work on /home/airflow/.local/lib/python3.7/site-packages/airflow/example_dags/tutorial.py
[2022-05-20 19:43:10,655] {processor.py:641} INFO - Processing file /home/airflow/.local/lib/python3.7/site-packages/airflow/example_dags/tutorial.py for tasks to queue
[2022-05-20 19:43:10,655] {logging_mixin.py:115} INFO - [2022-05-20 19:43:10,655] {dagbag.py:507} INFO - Filling up the DagBag from /home/airflow/.local/lib/python3.7/site-packages/airflow/example_dags/tutorial.py
[2022-05-20 19:43:10,659] {processor.py:651} INFO - DAG(s) dict_keys(['tutorial']) retrieved from /home/airflow/.local/lib/python3.7/site-packages/airflow/example_dags/tutorial.py
[2022-05-20 19:43:10,679] {logging_mixin.py:115} INFO - [2022-05-20 19:43:10,679] {dag.py:2371} INFO - Sync 1 DAGs
[2022-05-20 19:43:10,699] {logging_mixin.py:115} INFO - [2022-05-20 19:43:10,699] {dag.py:2919} INFO - Setting next_dagrun for tutorial to 2022-05-19T19:43:10.699150+00:00, run_after=2022-05-20T19:43:10.699150+00:00
[2022-05-20 19:43:10,709] {processor.py:161} INFO - Processing /home/airflow/.local/lib/python3.7/site-packages/airflow/example_dags/tutorial.py took 0.057 seconds
[2022-05-20 19:43:41,723] {processor.py:153} INFO - Started process (PID=4933) to work on /home/airflow/.local/lib/python3.7/site-packages/airflow/example_dags/tutorial.py
[2022-05-20 19:43:41,741] {processor.py:641} INFO - Processing file /home/airflow/.local/lib/python3.7/site-packages/airflow/example_dags/tutorial.py for tasks to queue
[2022-05-20 19:43:41,742] {logging_mixin.py:115} INFO - [2022-05-20 19:43:41,742] {dagbag.py:507} INFO - Filling up the DagBag from /home/airflow/.local/lib/python3.7/site-packages/airflow/example_dags/tutorial.py
[2022-05-20 19:43:41,756] {processor.py:651} INFO - DAG(s) dict_keys(['tutorial']) retrieved from /home/airflow/.local/lib/python3.7/site-packages/airflow/example_dags/tutorial.py
[2022-05-20 19:43:41,790] {logging_mixin.py:115} INFO - [2022-05-20 19:43:41,790] {dag.py:2371} INFO - Sync 1 DAGs
[2022-05-20 19:43:41,809] {logging_mixin.py:115} INFO - [2022-05-20 19:43:41,809] {dag.py:2919} INFO - Setting next_dagrun for tutorial to 2022-05-19T19:43:41.809553+00:00, run_after=2022-05-20T19:43:41.809553+00:00
[2022-05-20 19:43:41,835] {processor.py:161} INFO - Processing /home/airflow/.local/lib/python3.7/site-packages/airflow/example_dags/tutorial.py took 0.117 seconds
