[2022-05-18 23:42:50,762] {processor.py:153} INFO - Started process (PID=61) to work on /home/airflow/.local/lib/python3.7/site-packages/airflow/example_dags/example_branch_labels.py
[2022-05-18 23:42:50,764] {processor.py:641} INFO - Processing file /home/airflow/.local/lib/python3.7/site-packages/airflow/example_dags/example_branch_labels.py for tasks to queue
[2022-05-18 23:42:50,767] {logging_mixin.py:115} INFO - [2022-05-18 23:42:50,767] {dagbag.py:507} INFO - Filling up the DagBag from /home/airflow/.local/lib/python3.7/site-packages/airflow/example_dags/example_branch_labels.py
[2022-05-18 23:42:50,830] {processor.py:651} INFO - DAG(s) dict_keys(['example_branch_labels']) retrieved from /home/airflow/.local/lib/python3.7/site-packages/airflow/example_dags/example_branch_labels.py
[2022-05-18 23:42:52,359] {logging_mixin.py:115} INFO - [2022-05-18 23:42:52,359] {manager.py:508} INFO - Created Permission View: can edit on DAG:example_branch_labels
[2022-05-18 23:42:52,386] {logging_mixin.py:115} INFO - [2022-05-18 23:42:52,386] {manager.py:508} INFO - Created Permission View: can delete on DAG:example_branch_labels
[2022-05-18 23:42:52,404] {logging_mixin.py:115} INFO - [2022-05-18 23:42:52,404] {manager.py:508} INFO - Created Permission View: can read on DAG:example_branch_labels
[2022-05-18 23:42:52,405] {logging_mixin.py:115} INFO - [2022-05-18 23:42:52,405] {dag.py:2371} INFO - Sync 1 DAGs
[2022-05-18 23:42:52,433] {logging_mixin.py:115} INFO - [2022-05-18 23:42:52,432] {dag.py:2390} INFO - Creating ORM DAG for example_branch_labels
[2022-05-18 23:42:52,484] {logging_mixin.py:115} INFO - [2022-05-18 23:42:52,484] {dag.py:2919} INFO - Setting next_dagrun for example_branch_labels to 2022-05-17T00:00:00+00:00, run_after=2022-05-18T00:00:00+00:00
[2022-05-18 23:42:52,526] {processor.py:161} INFO - Processing /home/airflow/.local/lib/python3.7/site-packages/airflow/example_dags/example_branch_labels.py took 1.777 seconds
[2022-05-18 23:43:23,043] {processor.py:153} INFO - Started process (PID=123) to work on /home/airflow/.local/lib/python3.7/site-packages/airflow/example_dags/example_branch_labels.py
[2022-05-18 23:43:23,044] {processor.py:641} INFO - Processing file /home/airflow/.local/lib/python3.7/site-packages/airflow/example_dags/example_branch_labels.py for tasks to queue
[2022-05-18 23:43:23,045] {logging_mixin.py:115} INFO - [2022-05-18 23:43:23,045] {dagbag.py:507} INFO - Filling up the DagBag from /home/airflow/.local/lib/python3.7/site-packages/airflow/example_dags/example_branch_labels.py
[2022-05-18 23:43:23,057] {processor.py:651} INFO - DAG(s) dict_keys(['example_branch_labels']) retrieved from /home/airflow/.local/lib/python3.7/site-packages/airflow/example_dags/example_branch_labels.py
[2022-05-18 23:43:23,100] {logging_mixin.py:115} INFO - [2022-05-18 23:43:23,100] {dag.py:2371} INFO - Sync 1 DAGs
[2022-05-18 23:43:23,345] {logging_mixin.py:115} INFO - [2022-05-18 23:43:23,344] {dag.py:2919} INFO - Setting next_dagrun for example_branch_labels to 2022-05-17T00:00:00+00:00, run_after=2022-05-18T00:00:00+00:00
[2022-05-18 23:43:23,423] {processor.py:161} INFO - Processing /home/airflow/.local/lib/python3.7/site-packages/airflow/example_dags/example_branch_labels.py took 0.385 seconds
[2022-05-18 23:43:53,808] {processor.py:153} INFO - Started process (PID=177) to work on /home/airflow/.local/lib/python3.7/site-packages/airflow/example_dags/example_branch_labels.py
[2022-05-18 23:43:53,809] {processor.py:641} INFO - Processing file /home/airflow/.local/lib/python3.7/site-packages/airflow/example_dags/example_branch_labels.py for tasks to queue
[2022-05-18 23:43:53,810] {logging_mixin.py:115} INFO - [2022-05-18 23:43:53,810] {dagbag.py:507} INFO - Filling up the DagBag from /home/airflow/.local/lib/python3.7/site-packages/airflow/example_dags/example_branch_labels.py
[2022-05-18 23:43:53,827] {processor.py:651} INFO - DAG(s) dict_keys(['example_branch_labels']) retrieved from /home/airflow/.local/lib/python3.7/site-packages/airflow/example_dags/example_branch_labels.py
[2022-05-18 23:43:53,888] {logging_mixin.py:115} INFO - [2022-05-18 23:43:53,888] {dag.py:2371} INFO - Sync 1 DAGs
[2022-05-18 23:43:54,104] {logging_mixin.py:115} INFO - [2022-05-18 23:43:54,104] {dag.py:2919} INFO - Setting next_dagrun for example_branch_labels to 2022-05-17T00:00:00+00:00, run_after=2022-05-18T00:00:00+00:00
[2022-05-18 23:43:54,120] {processor.py:161} INFO - Processing /home/airflow/.local/lib/python3.7/site-packages/airflow/example_dags/example_branch_labels.py took 0.318 seconds
[2022-05-18 23:44:24,953] {processor.py:153} INFO - Started process (PID=231) to work on /home/airflow/.local/lib/python3.7/site-packages/airflow/example_dags/example_branch_labels.py
[2022-05-18 23:44:24,955] {processor.py:641} INFO - Processing file /home/airflow/.local/lib/python3.7/site-packages/airflow/example_dags/example_branch_labels.py for tasks to queue
[2022-05-18 23:44:24,956] {logging_mixin.py:115} INFO - [2022-05-18 23:44:24,956] {dagbag.py:507} INFO - Filling up the DagBag from /home/airflow/.local/lib/python3.7/site-packages/airflow/example_dags/example_branch_labels.py
[2022-05-18 23:44:24,970] {processor.py:651} INFO - DAG(s) dict_keys(['example_branch_labels']) retrieved from /home/airflow/.local/lib/python3.7/site-packages/airflow/example_dags/example_branch_labels.py
[2022-05-18 23:44:25,016] {logging_mixin.py:115} INFO - [2022-05-18 23:44:25,016] {dag.py:2371} INFO - Sync 1 DAGs
[2022-05-18 23:44:25,174] {logging_mixin.py:115} INFO - [2022-05-18 23:44:25,174] {dag.py:2919} INFO - Setting next_dagrun for example_branch_labels to 2022-05-17T00:00:00+00:00, run_after=2022-05-18T00:00:00+00:00
[2022-05-18 23:44:25,190] {processor.py:161} INFO - Processing /home/airflow/.local/lib/python3.7/site-packages/airflow/example_dags/example_branch_labels.py took 0.241 seconds
[2022-05-18 23:44:57,191] {processor.py:153} INFO - Started process (PID=294) to work on /home/airflow/.local/lib/python3.7/site-packages/airflow/example_dags/example_branch_labels.py
[2022-05-18 23:44:57,194] {processor.py:641} INFO - Processing file /home/airflow/.local/lib/python3.7/site-packages/airflow/example_dags/example_branch_labels.py for tasks to queue
[2022-05-18 23:44:57,196] {logging_mixin.py:115} INFO - [2022-05-18 23:44:57,196] {dagbag.py:507} INFO - Filling up the DagBag from /home/airflow/.local/lib/python3.7/site-packages/airflow/example_dags/example_branch_labels.py
[2022-05-18 23:44:57,219] {processor.py:651} INFO - DAG(s) dict_keys(['example_branch_labels']) retrieved from /home/airflow/.local/lib/python3.7/site-packages/airflow/example_dags/example_branch_labels.py
[2022-05-18 23:44:57,325] {logging_mixin.py:115} INFO - [2022-05-18 23:44:57,325] {dag.py:2371} INFO - Sync 1 DAGs
[2022-05-18 23:44:57,710] {logging_mixin.py:115} INFO - [2022-05-18 23:44:57,710] {dag.py:2919} INFO - Setting next_dagrun for example_branch_labels to 2022-05-17T00:00:00+00:00, run_after=2022-05-18T00:00:00+00:00
[2022-05-18 23:44:57,741] {processor.py:161} INFO - Processing /home/airflow/.local/lib/python3.7/site-packages/airflow/example_dags/example_branch_labels.py took 0.558 seconds
[2022-05-18 23:45:28,405] {processor.py:153} INFO - Started process (PID=347) to work on /home/airflow/.local/lib/python3.7/site-packages/airflow/example_dags/example_branch_labels.py
[2022-05-18 23:45:28,407] {processor.py:641} INFO - Processing file /home/airflow/.local/lib/python3.7/site-packages/airflow/example_dags/example_branch_labels.py for tasks to queue
[2022-05-18 23:45:28,409] {logging_mixin.py:115} INFO - [2022-05-18 23:45:28,408] {dagbag.py:507} INFO - Filling up the DagBag from /home/airflow/.local/lib/python3.7/site-packages/airflow/example_dags/example_branch_labels.py
[2022-05-18 23:45:28,430] {processor.py:651} INFO - DAG(s) dict_keys(['example_branch_labels']) retrieved from /home/airflow/.local/lib/python3.7/site-packages/airflow/example_dags/example_branch_labels.py
[2022-05-18 23:45:28,572] {logging_mixin.py:115} INFO - [2022-05-18 23:45:28,571] {dag.py:2371} INFO - Sync 1 DAGs
[2022-05-18 23:45:29,073] {logging_mixin.py:115} INFO - [2022-05-18 23:45:29,069] {dag.py:2919} INFO - Setting next_dagrun for example_branch_labels to 2022-05-17T00:00:00+00:00, run_after=2022-05-18T00:00:00+00:00
[2022-05-18 23:45:29,147] {processor.py:161} INFO - Processing /home/airflow/.local/lib/python3.7/site-packages/airflow/example_dags/example_branch_labels.py took 0.759 seconds
[2022-05-18 23:45:59,251] {processor.py:153} INFO - Started process (PID=401) to work on /home/airflow/.local/lib/python3.7/site-packages/airflow/example_dags/example_branch_labels.py
[2022-05-18 23:45:59,252] {processor.py:641} INFO - Processing file /home/airflow/.local/lib/python3.7/site-packages/airflow/example_dags/example_branch_labels.py for tasks to queue
[2022-05-18 23:45:59,254] {logging_mixin.py:115} INFO - [2022-05-18 23:45:59,254] {dagbag.py:507} INFO - Filling up the DagBag from /home/airflow/.local/lib/python3.7/site-packages/airflow/example_dags/example_branch_labels.py
[2022-05-18 23:45:59,289] {processor.py:651} INFO - DAG(s) dict_keys(['example_branch_labels']) retrieved from /home/airflow/.local/lib/python3.7/site-packages/airflow/example_dags/example_branch_labels.py
[2022-05-18 23:45:59,379] {logging_mixin.py:115} INFO - [2022-05-18 23:45:59,378] {dag.py:2371} INFO - Sync 1 DAGs
[2022-05-18 23:45:59,694] {logging_mixin.py:115} INFO - [2022-05-18 23:45:59,694] {dag.py:2919} INFO - Setting next_dagrun for example_branch_labels to 2022-05-17T00:00:00+00:00, run_after=2022-05-18T00:00:00+00:00
[2022-05-18 23:45:59,716] {processor.py:161} INFO - Processing /home/airflow/.local/lib/python3.7/site-packages/airflow/example_dags/example_branch_labels.py took 0.470 seconds
[2022-05-18 23:46:30,113] {processor.py:153} INFO - Started process (PID=455) to work on /home/airflow/.local/lib/python3.7/site-packages/airflow/example_dags/example_branch_labels.py
[2022-05-18 23:46:30,115] {processor.py:641} INFO - Processing file /home/airflow/.local/lib/python3.7/site-packages/airflow/example_dags/example_branch_labels.py for tasks to queue
[2022-05-18 23:46:30,116] {logging_mixin.py:115} INFO - [2022-05-18 23:46:30,116] {dagbag.py:507} INFO - Filling up the DagBag from /home/airflow/.local/lib/python3.7/site-packages/airflow/example_dags/example_branch_labels.py
[2022-05-18 23:46:30,136] {processor.py:651} INFO - DAG(s) dict_keys(['example_branch_labels']) retrieved from /home/airflow/.local/lib/python3.7/site-packages/airflow/example_dags/example_branch_labels.py
[2022-05-18 23:46:30,224] {logging_mixin.py:115} INFO - [2022-05-18 23:46:30,224] {dag.py:2371} INFO - Sync 1 DAGs
[2022-05-18 23:46:30,632] {logging_mixin.py:115} INFO - [2022-05-18 23:46:30,628] {dag.py:2919} INFO - Setting next_dagrun for example_branch_labels to 2022-05-17T00:00:00+00:00, run_after=2022-05-18T00:00:00+00:00
[2022-05-18 23:46:30,769] {processor.py:161} INFO - Processing /home/airflow/.local/lib/python3.7/site-packages/airflow/example_dags/example_branch_labels.py took 0.663 seconds
[2022-05-18 23:47:01,200] {processor.py:153} INFO - Started process (PID=519) to work on /home/airflow/.local/lib/python3.7/site-packages/airflow/example_dags/example_branch_labels.py
[2022-05-18 23:47:01,201] {processor.py:641} INFO - Processing file /home/airflow/.local/lib/python3.7/site-packages/airflow/example_dags/example_branch_labels.py for tasks to queue
[2022-05-18 23:47:01,202] {logging_mixin.py:115} INFO - [2022-05-18 23:47:01,202] {dagbag.py:507} INFO - Filling up the DagBag from /home/airflow/.local/lib/python3.7/site-packages/airflow/example_dags/example_branch_labels.py
[2022-05-18 23:47:01,218] {processor.py:651} INFO - DAG(s) dict_keys(['example_branch_labels']) retrieved from /home/airflow/.local/lib/python3.7/site-packages/airflow/example_dags/example_branch_labels.py
[2022-05-18 23:47:01,300] {logging_mixin.py:115} INFO - [2022-05-18 23:47:01,300] {dag.py:2371} INFO - Sync 1 DAGs
[2022-05-18 23:47:01,491] {logging_mixin.py:115} INFO - [2022-05-18 23:47:01,491] {dag.py:2919} INFO - Setting next_dagrun for example_branch_labels to 2022-05-17T00:00:00+00:00, run_after=2022-05-18T00:00:00+00:00
[2022-05-18 23:47:01,507] {processor.py:161} INFO - Processing /home/airflow/.local/lib/python3.7/site-packages/airflow/example_dags/example_branch_labels.py took 0.313 seconds
[2022-05-18 23:47:32,168] {processor.py:153} INFO - Started process (PID=571) to work on /home/airflow/.local/lib/python3.7/site-packages/airflow/example_dags/example_branch_labels.py
[2022-05-18 23:47:32,169] {processor.py:641} INFO - Processing file /home/airflow/.local/lib/python3.7/site-packages/airflow/example_dags/example_branch_labels.py for tasks to queue
[2022-05-18 23:47:32,170] {logging_mixin.py:115} INFO - [2022-05-18 23:47:32,170] {dagbag.py:507} INFO - Filling up the DagBag from /home/airflow/.local/lib/python3.7/site-packages/airflow/example_dags/example_branch_labels.py
[2022-05-18 23:47:32,185] {processor.py:651} INFO - DAG(s) dict_keys(['example_branch_labels']) retrieved from /home/airflow/.local/lib/python3.7/site-packages/airflow/example_dags/example_branch_labels.py
[2022-05-18 23:47:32,230] {logging_mixin.py:115} INFO - [2022-05-18 23:47:32,230] {dag.py:2371} INFO - Sync 1 DAGs
[2022-05-18 23:47:32,398] {logging_mixin.py:115} INFO - [2022-05-18 23:47:32,398] {dag.py:2919} INFO - Setting next_dagrun for example_branch_labels to 2022-05-17T00:00:00+00:00, run_after=2022-05-18T00:00:00+00:00
[2022-05-18 23:47:32,411] {processor.py:161} INFO - Processing /home/airflow/.local/lib/python3.7/site-packages/airflow/example_dags/example_branch_labels.py took 0.248 seconds
[2022-05-18 23:48:02,621] {processor.py:153} INFO - Started process (PID=625) to work on /home/airflow/.local/lib/python3.7/site-packages/airflow/example_dags/example_branch_labels.py
[2022-05-18 23:48:02,623] {processor.py:641} INFO - Processing file /home/airflow/.local/lib/python3.7/site-packages/airflow/example_dags/example_branch_labels.py for tasks to queue
[2022-05-18 23:48:02,625] {logging_mixin.py:115} INFO - [2022-05-18 23:48:02,625] {dagbag.py:507} INFO - Filling up the DagBag from /home/airflow/.local/lib/python3.7/site-packages/airflow/example_dags/example_branch_labels.py
[2022-05-18 23:48:02,652] {processor.py:651} INFO - DAG(s) dict_keys(['example_branch_labels']) retrieved from /home/airflow/.local/lib/python3.7/site-packages/airflow/example_dags/example_branch_labels.py
[2022-05-18 23:48:02,720] {logging_mixin.py:115} INFO - [2022-05-18 23:48:02,720] {dag.py:2371} INFO - Sync 1 DAGs
[2022-05-18 23:48:03,023] {logging_mixin.py:115} INFO - [2022-05-18 23:48:03,022] {dag.py:2919} INFO - Setting next_dagrun for example_branch_labels to 2022-05-17T00:00:00+00:00, run_after=2022-05-18T00:00:00+00:00
[2022-05-18 23:48:03,084] {processor.py:161} INFO - Processing /home/airflow/.local/lib/python3.7/site-packages/airflow/example_dags/example_branch_labels.py took 0.472 seconds
[2022-05-18 23:48:35,342] {processor.py:153} INFO - Started process (PID=668) to work on /home/airflow/.local/lib/python3.7/site-packages/airflow/example_dags/example_branch_labels.py
[2022-05-18 23:48:35,343] {processor.py:641} INFO - Processing file /home/airflow/.local/lib/python3.7/site-packages/airflow/example_dags/example_branch_labels.py for tasks to queue
[2022-05-18 23:48:35,344] {logging_mixin.py:115} INFO - [2022-05-18 23:48:35,344] {dagbag.py:507} INFO - Filling up the DagBag from /home/airflow/.local/lib/python3.7/site-packages/airflow/example_dags/example_branch_labels.py
[2022-05-18 23:48:35,356] {processor.py:651} INFO - DAG(s) dict_keys(['example_branch_labels']) retrieved from /home/airflow/.local/lib/python3.7/site-packages/airflow/example_dags/example_branch_labels.py
[2022-05-18 23:48:35,394] {logging_mixin.py:115} INFO - [2022-05-18 23:48:35,394] {dag.py:2371} INFO - Sync 1 DAGs
[2022-05-18 23:48:35,552] {logging_mixin.py:115} INFO - [2022-05-18 23:48:35,552] {dag.py:2919} INFO - Setting next_dagrun for example_branch_labels to 2022-05-17T00:00:00+00:00, run_after=2022-05-18T00:00:00+00:00
[2022-05-18 23:48:35,566] {processor.py:161} INFO - Processing /home/airflow/.local/lib/python3.7/site-packages/airflow/example_dags/example_branch_labels.py took 0.229 seconds
[2022-05-18 23:49:06,386] {processor.py:153} INFO - Started process (PID=732) to work on /home/airflow/.local/lib/python3.7/site-packages/airflow/example_dags/example_branch_labels.py
[2022-05-18 23:49:06,388] {processor.py:641} INFO - Processing file /home/airflow/.local/lib/python3.7/site-packages/airflow/example_dags/example_branch_labels.py for tasks to queue
[2022-05-18 23:49:06,390] {logging_mixin.py:115} INFO - [2022-05-18 23:49:06,389] {dagbag.py:507} INFO - Filling up the DagBag from /home/airflow/.local/lib/python3.7/site-packages/airflow/example_dags/example_branch_labels.py
[2022-05-18 23:49:06,406] {processor.py:651} INFO - DAG(s) dict_keys(['example_branch_labels']) retrieved from /home/airflow/.local/lib/python3.7/site-packages/airflow/example_dags/example_branch_labels.py
[2022-05-18 23:49:06,464] {logging_mixin.py:115} INFO - [2022-05-18 23:49:06,464] {dag.py:2371} INFO - Sync 1 DAGs
[2022-05-18 23:49:06,781] {logging_mixin.py:115} INFO - [2022-05-18 23:49:06,778] {dag.py:2919} INFO - Setting next_dagrun for example_branch_labels to 2022-05-17T00:00:00+00:00, run_after=2022-05-18T00:00:00+00:00
[2022-05-18 23:49:06,902] {processor.py:161} INFO - Processing /home/airflow/.local/lib/python3.7/site-packages/airflow/example_dags/example_branch_labels.py took 0.521 seconds
[2022-05-18 23:49:38,940] {processor.py:153} INFO - Started process (PID=784) to work on /home/airflow/.local/lib/python3.7/site-packages/airflow/example_dags/example_branch_labels.py
[2022-05-18 23:49:38,941] {processor.py:641} INFO - Processing file /home/airflow/.local/lib/python3.7/site-packages/airflow/example_dags/example_branch_labels.py for tasks to queue
[2022-05-18 23:49:38,943] {logging_mixin.py:115} INFO - [2022-05-18 23:49:38,942] {dagbag.py:507} INFO - Filling up the DagBag from /home/airflow/.local/lib/python3.7/site-packages/airflow/example_dags/example_branch_labels.py
[2022-05-18 23:49:38,958] {processor.py:651} INFO - DAG(s) dict_keys(['example_branch_labels']) retrieved from /home/airflow/.local/lib/python3.7/site-packages/airflow/example_dags/example_branch_labels.py
[2022-05-18 23:49:39,036] {logging_mixin.py:115} INFO - [2022-05-18 23:49:39,036] {dag.py:2371} INFO - Sync 1 DAGs
[2022-05-18 23:49:39,265] {logging_mixin.py:115} INFO - [2022-05-18 23:49:39,264] {dag.py:2919} INFO - Setting next_dagrun for example_branch_labels to 2022-05-17T00:00:00+00:00, run_after=2022-05-18T00:00:00+00:00
[2022-05-18 23:49:39,282] {processor.py:161} INFO - Processing /home/airflow/.local/lib/python3.7/site-packages/airflow/example_dags/example_branch_labels.py took 0.349 seconds
[2022-05-18 23:50:09,880] {processor.py:153} INFO - Started process (PID=848) to work on /home/airflow/.local/lib/python3.7/site-packages/airflow/example_dags/example_branch_labels.py
[2022-05-18 23:50:09,882] {processor.py:641} INFO - Processing file /home/airflow/.local/lib/python3.7/site-packages/airflow/example_dags/example_branch_labels.py for tasks to queue
[2022-05-18 23:50:09,883] {logging_mixin.py:115} INFO - [2022-05-18 23:50:09,883] {dagbag.py:507} INFO - Filling up the DagBag from /home/airflow/.local/lib/python3.7/site-packages/airflow/example_dags/example_branch_labels.py
[2022-05-18 23:50:09,903] {processor.py:651} INFO - DAG(s) dict_keys(['example_branch_labels']) retrieved from /home/airflow/.local/lib/python3.7/site-packages/airflow/example_dags/example_branch_labels.py
[2022-05-18 23:50:09,971] {logging_mixin.py:115} INFO - [2022-05-18 23:50:09,971] {dag.py:2371} INFO - Sync 1 DAGs
[2022-05-18 23:50:11,799] {logging_mixin.py:115} INFO - [2022-05-18 23:50:11,799] {dag.py:2919} INFO - Setting next_dagrun for example_branch_labels to 2022-05-17T00:00:00+00:00, run_after=2022-05-18T00:00:00+00:00
[2022-05-18 23:50:11,846] {processor.py:161} INFO - Processing /home/airflow/.local/lib/python3.7/site-packages/airflow/example_dags/example_branch_labels.py took 1.973 seconds
[2022-05-18 23:51:09,705] {processor.py:153} INFO - Started process (PID=898) to work on /home/airflow/.local/lib/python3.7/site-packages/airflow/example_dags/example_branch_labels.py
[2022-05-18 23:51:09,707] {processor.py:641} INFO - Processing file /home/airflow/.local/lib/python3.7/site-packages/airflow/example_dags/example_branch_labels.py for tasks to queue
[2022-05-18 23:51:09,708] {logging_mixin.py:115} INFO - [2022-05-18 23:51:09,708] {dagbag.py:507} INFO - Filling up the DagBag from /home/airflow/.local/lib/python3.7/site-packages/airflow/example_dags/example_branch_labels.py
[2022-05-18 23:51:09,729] {processor.py:651} INFO - DAG(s) dict_keys(['example_branch_labels']) retrieved from /home/airflow/.local/lib/python3.7/site-packages/airflow/example_dags/example_branch_labels.py
[2022-05-18 23:51:09,797] {logging_mixin.py:115} INFO - [2022-05-18 23:51:09,797] {dag.py:2371} INFO - Sync 1 DAGs
[2022-05-18 23:51:10,066] {logging_mixin.py:115} INFO - [2022-05-18 23:51:10,065] {dag.py:2919} INFO - Setting next_dagrun for example_branch_labels to 2022-05-17T00:00:00+00:00, run_after=2022-05-18T00:00:00+00:00
[2022-05-18 23:51:10,090] {processor.py:161} INFO - Processing /home/airflow/.local/lib/python3.7/site-packages/airflow/example_dags/example_branch_labels.py took 0.392 seconds
[2022-05-18 23:51:40,320] {processor.py:153} INFO - Started process (PID=950) to work on /home/airflow/.local/lib/python3.7/site-packages/airflow/example_dags/example_branch_labels.py
[2022-05-18 23:51:40,320] {processor.py:641} INFO - Processing file /home/airflow/.local/lib/python3.7/site-packages/airflow/example_dags/example_branch_labels.py for tasks to queue
[2022-05-18 23:51:40,321] {logging_mixin.py:115} INFO - [2022-05-18 23:51:40,321] {dagbag.py:507} INFO - Filling up the DagBag from /home/airflow/.local/lib/python3.7/site-packages/airflow/example_dags/example_branch_labels.py
[2022-05-18 23:51:40,329] {processor.py:651} INFO - DAG(s) dict_keys(['example_branch_labels']) retrieved from /home/airflow/.local/lib/python3.7/site-packages/airflow/example_dags/example_branch_labels.py
[2022-05-18 23:51:40,365] {logging_mixin.py:115} INFO - [2022-05-18 23:51:40,364] {dag.py:2371} INFO - Sync 1 DAGs
[2022-05-18 23:51:40,502] {logging_mixin.py:115} INFO - [2022-05-18 23:51:40,502] {dag.py:2919} INFO - Setting next_dagrun for example_branch_labels to 2022-05-17T00:00:00+00:00, run_after=2022-05-18T00:00:00+00:00
[2022-05-18 23:51:40,514] {processor.py:161} INFO - Processing /home/airflow/.local/lib/python3.7/site-packages/airflow/example_dags/example_branch_labels.py took 0.198 seconds
[2022-05-18 23:52:11,090] {processor.py:153} INFO - Started process (PID=1003) to work on /home/airflow/.local/lib/python3.7/site-packages/airflow/example_dags/example_branch_labels.py
[2022-05-18 23:52:11,091] {processor.py:641} INFO - Processing file /home/airflow/.local/lib/python3.7/site-packages/airflow/example_dags/example_branch_labels.py for tasks to queue
[2022-05-18 23:52:11,092] {logging_mixin.py:115} INFO - [2022-05-18 23:52:11,092] {dagbag.py:507} INFO - Filling up the DagBag from /home/airflow/.local/lib/python3.7/site-packages/airflow/example_dags/example_branch_labels.py
[2022-05-18 23:52:11,103] {processor.py:651} INFO - DAG(s) dict_keys(['example_branch_labels']) retrieved from /home/airflow/.local/lib/python3.7/site-packages/airflow/example_dags/example_branch_labels.py
[2022-05-18 23:52:11,159] {logging_mixin.py:115} INFO - [2022-05-18 23:52:11,159] {dag.py:2371} INFO - Sync 1 DAGs
[2022-05-18 23:52:11,331] {logging_mixin.py:115} INFO - [2022-05-18 23:52:11,331] {dag.py:2919} INFO - Setting next_dagrun for example_branch_labels to 2022-05-17T00:00:00+00:00, run_after=2022-05-18T00:00:00+00:00
[2022-05-18 23:52:11,344] {processor.py:161} INFO - Processing /home/airflow/.local/lib/python3.7/site-packages/airflow/example_dags/example_branch_labels.py took 0.260 seconds
[2022-05-18 23:52:41,405] {processor.py:153} INFO - Started process (PID=1066) to work on /home/airflow/.local/lib/python3.7/site-packages/airflow/example_dags/example_branch_labels.py
[2022-05-18 23:52:41,405] {processor.py:641} INFO - Processing file /home/airflow/.local/lib/python3.7/site-packages/airflow/example_dags/example_branch_labels.py for tasks to queue
[2022-05-18 23:52:41,407] {logging_mixin.py:115} INFO - [2022-05-18 23:52:41,406] {dagbag.py:507} INFO - Filling up the DagBag from /home/airflow/.local/lib/python3.7/site-packages/airflow/example_dags/example_branch_labels.py
[2022-05-18 23:52:41,417] {processor.py:651} INFO - DAG(s) dict_keys(['example_branch_labels']) retrieved from /home/airflow/.local/lib/python3.7/site-packages/airflow/example_dags/example_branch_labels.py
[2022-05-18 23:52:41,457] {logging_mixin.py:115} INFO - [2022-05-18 23:52:41,457] {dag.py:2371} INFO - Sync 1 DAGs
[2022-05-18 23:52:41,634] {logging_mixin.py:115} INFO - [2022-05-18 23:52:41,634] {dag.py:2919} INFO - Setting next_dagrun for example_branch_labels to 2022-05-17T00:00:00+00:00, run_after=2022-05-18T00:00:00+00:00
[2022-05-18 23:52:41,646] {processor.py:161} INFO - Processing /home/airflow/.local/lib/python3.7/site-packages/airflow/example_dags/example_branch_labels.py took 0.245 seconds
[2022-05-18 23:53:12,526] {processor.py:153} INFO - Started process (PID=1119) to work on /home/airflow/.local/lib/python3.7/site-packages/airflow/example_dags/example_branch_labels.py
[2022-05-18 23:53:12,526] {processor.py:641} INFO - Processing file /home/airflow/.local/lib/python3.7/site-packages/airflow/example_dags/example_branch_labels.py for tasks to queue
[2022-05-18 23:53:12,527] {logging_mixin.py:115} INFO - [2022-05-18 23:53:12,527] {dagbag.py:507} INFO - Filling up the DagBag from /home/airflow/.local/lib/python3.7/site-packages/airflow/example_dags/example_branch_labels.py
[2022-05-18 23:53:12,535] {processor.py:651} INFO - DAG(s) dict_keys(['example_branch_labels']) retrieved from /home/airflow/.local/lib/python3.7/site-packages/airflow/example_dags/example_branch_labels.py
[2022-05-18 23:53:12,570] {logging_mixin.py:115} INFO - [2022-05-18 23:53:12,569] {dag.py:2371} INFO - Sync 1 DAGs
[2022-05-18 23:53:12,602] {logging_mixin.py:115} INFO - [2022-05-18 23:53:12,602] {dag.py:2919} INFO - Setting next_dagrun for example_branch_labels to 2022-05-17T00:00:00+00:00, run_after=2022-05-18T00:00:00+00:00
[2022-05-18 23:53:12,615] {processor.py:161} INFO - Processing /home/airflow/.local/lib/python3.7/site-packages/airflow/example_dags/example_branch_labels.py took 0.092 seconds
[2022-05-18 23:53:43,153] {processor.py:153} INFO - Started process (PID=1183) to work on /home/airflow/.local/lib/python3.7/site-packages/airflow/example_dags/example_branch_labels.py
[2022-05-18 23:53:43,154] {processor.py:641} INFO - Processing file /home/airflow/.local/lib/python3.7/site-packages/airflow/example_dags/example_branch_labels.py for tasks to queue
[2022-05-18 23:53:43,156] {logging_mixin.py:115} INFO - [2022-05-18 23:53:43,155] {dagbag.py:507} INFO - Filling up the DagBag from /home/airflow/.local/lib/python3.7/site-packages/airflow/example_dags/example_branch_labels.py
[2022-05-18 23:53:43,165] {processor.py:651} INFO - DAG(s) dict_keys(['example_branch_labels']) retrieved from /home/airflow/.local/lib/python3.7/site-packages/airflow/example_dags/example_branch_labels.py
[2022-05-18 23:53:43,205] {logging_mixin.py:115} INFO - [2022-05-18 23:53:43,204] {dag.py:2371} INFO - Sync 1 DAGs
[2022-05-18 23:53:43,236] {logging_mixin.py:115} INFO - [2022-05-18 23:53:43,236] {dag.py:2919} INFO - Setting next_dagrun for example_branch_labels to 2022-05-17T00:00:00+00:00, run_after=2022-05-18T00:00:00+00:00
[2022-05-18 23:53:43,252] {processor.py:161} INFO - Processing /home/airflow/.local/lib/python3.7/site-packages/airflow/example_dags/example_branch_labels.py took 0.105 seconds
[2022-05-18 23:54:13,375] {processor.py:153} INFO - Started process (PID=1244) to work on /home/airflow/.local/lib/python3.7/site-packages/airflow/example_dags/example_branch_labels.py
[2022-05-18 23:54:13,376] {processor.py:641} INFO - Processing file /home/airflow/.local/lib/python3.7/site-packages/airflow/example_dags/example_branch_labels.py for tasks to queue
[2022-05-18 23:54:13,378] {logging_mixin.py:115} INFO - [2022-05-18 23:54:13,378] {dagbag.py:507} INFO - Filling up the DagBag from /home/airflow/.local/lib/python3.7/site-packages/airflow/example_dags/example_branch_labels.py
[2022-05-18 23:54:13,393] {processor.py:651} INFO - DAG(s) dict_keys(['example_branch_labels']) retrieved from /home/airflow/.local/lib/python3.7/site-packages/airflow/example_dags/example_branch_labels.py
[2022-05-18 23:54:13,454] {logging_mixin.py:115} INFO - [2022-05-18 23:54:13,454] {dag.py:2371} INFO - Sync 1 DAGs
[2022-05-18 23:54:13,504] {logging_mixin.py:115} INFO - [2022-05-18 23:54:13,504] {dag.py:2919} INFO - Setting next_dagrun for example_branch_labels to 2022-05-17T00:00:00+00:00, run_after=2022-05-18T00:00:00+00:00
[2022-05-18 23:54:13,527] {processor.py:161} INFO - Processing /home/airflow/.local/lib/python3.7/site-packages/airflow/example_dags/example_branch_labels.py took 0.157 seconds
[2022-05-18 23:54:44,166] {processor.py:153} INFO - Started process (PID=1300) to work on /home/airflow/.local/lib/python3.7/site-packages/airflow/example_dags/example_branch_labels.py
[2022-05-18 23:54:44,167] {processor.py:641} INFO - Processing file /home/airflow/.local/lib/python3.7/site-packages/airflow/example_dags/example_branch_labels.py for tasks to queue
[2022-05-18 23:54:44,169] {logging_mixin.py:115} INFO - [2022-05-18 23:54:44,168] {dagbag.py:507} INFO - Filling up the DagBag from /home/airflow/.local/lib/python3.7/site-packages/airflow/example_dags/example_branch_labels.py
[2022-05-18 23:54:44,179] {processor.py:651} INFO - DAG(s) dict_keys(['example_branch_labels']) retrieved from /home/airflow/.local/lib/python3.7/site-packages/airflow/example_dags/example_branch_labels.py
[2022-05-18 23:54:44,222] {logging_mixin.py:115} INFO - [2022-05-18 23:54:44,222] {dag.py:2371} INFO - Sync 1 DAGs
[2022-05-18 23:54:44,257] {logging_mixin.py:115} INFO - [2022-05-18 23:54:44,257] {dag.py:2919} INFO - Setting next_dagrun for example_branch_labels to 2022-05-17T00:00:00+00:00, run_after=2022-05-18T00:00:00+00:00
[2022-05-18 23:54:44,273] {processor.py:161} INFO - Processing /home/airflow/.local/lib/python3.7/site-packages/airflow/example_dags/example_branch_labels.py took 0.112 seconds
[2022-05-18 23:55:14,599] {processor.py:153} INFO - Started process (PID=1360) to work on /home/airflow/.local/lib/python3.7/site-packages/airflow/example_dags/example_branch_labels.py
[2022-05-18 23:55:14,600] {processor.py:641} INFO - Processing file /home/airflow/.local/lib/python3.7/site-packages/airflow/example_dags/example_branch_labels.py for tasks to queue
[2022-05-18 23:55:14,602] {logging_mixin.py:115} INFO - [2022-05-18 23:55:14,602] {dagbag.py:507} INFO - Filling up the DagBag from /home/airflow/.local/lib/python3.7/site-packages/airflow/example_dags/example_branch_labels.py
[2022-05-18 23:55:14,621] {processor.py:651} INFO - DAG(s) dict_keys(['example_branch_labels']) retrieved from /home/airflow/.local/lib/python3.7/site-packages/airflow/example_dags/example_branch_labels.py
[2022-05-18 23:55:14,705] {logging_mixin.py:115} INFO - [2022-05-18 23:55:14,704] {dag.py:2371} INFO - Sync 1 DAGs
[2022-05-18 23:55:14,765] {logging_mixin.py:115} INFO - [2022-05-18 23:55:14,765] {dag.py:2919} INFO - Setting next_dagrun for example_branch_labels to 2022-05-17T00:00:00+00:00, run_after=2022-05-18T00:00:00+00:00
[2022-05-18 23:55:14,789] {processor.py:161} INFO - Processing /home/airflow/.local/lib/python3.7/site-packages/airflow/example_dags/example_branch_labels.py took 0.200 seconds
[2022-05-18 23:55:45,407] {processor.py:153} INFO - Started process (PID=1415) to work on /home/airflow/.local/lib/python3.7/site-packages/airflow/example_dags/example_branch_labels.py
[2022-05-18 23:55:45,408] {processor.py:641} INFO - Processing file /home/airflow/.local/lib/python3.7/site-packages/airflow/example_dags/example_branch_labels.py for tasks to queue
[2022-05-18 23:55:45,409] {logging_mixin.py:115} INFO - [2022-05-18 23:55:45,409] {dagbag.py:507} INFO - Filling up the DagBag from /home/airflow/.local/lib/python3.7/site-packages/airflow/example_dags/example_branch_labels.py
[2022-05-18 23:55:45,417] {processor.py:651} INFO - DAG(s) dict_keys(['example_branch_labels']) retrieved from /home/airflow/.local/lib/python3.7/site-packages/airflow/example_dags/example_branch_labels.py
[2022-05-18 23:55:45,452] {logging_mixin.py:115} INFO - [2022-05-18 23:55:45,452] {dag.py:2371} INFO - Sync 1 DAGs
[2022-05-18 23:55:45,479] {logging_mixin.py:115} INFO - [2022-05-18 23:55:45,479] {dag.py:2919} INFO - Setting next_dagrun for example_branch_labels to 2022-05-17T00:00:00+00:00, run_after=2022-05-18T00:00:00+00:00
[2022-05-18 23:55:45,492] {processor.py:161} INFO - Processing /home/airflow/.local/lib/python3.7/site-packages/airflow/example_dags/example_branch_labels.py took 0.089 seconds
[2022-05-18 23:56:16,079] {processor.py:153} INFO - Started process (PID=1476) to work on /home/airflow/.local/lib/python3.7/site-packages/airflow/example_dags/example_branch_labels.py
[2022-05-18 23:56:16,080] {processor.py:641} INFO - Processing file /home/airflow/.local/lib/python3.7/site-packages/airflow/example_dags/example_branch_labels.py for tasks to queue
[2022-05-18 23:56:16,081] {logging_mixin.py:115} INFO - [2022-05-18 23:56:16,081] {dagbag.py:507} INFO - Filling up the DagBag from /home/airflow/.local/lib/python3.7/site-packages/airflow/example_dags/example_branch_labels.py
[2022-05-18 23:56:16,093] {processor.py:651} INFO - DAG(s) dict_keys(['example_branch_labels']) retrieved from /home/airflow/.local/lib/python3.7/site-packages/airflow/example_dags/example_branch_labels.py
[2022-05-18 23:56:16,141] {logging_mixin.py:115} INFO - [2022-05-18 23:56:16,141] {dag.py:2371} INFO - Sync 1 DAGs
[2022-05-18 23:56:16,182] {logging_mixin.py:115} INFO - [2022-05-18 23:56:16,182] {dag.py:2919} INFO - Setting next_dagrun for example_branch_labels to 2022-05-17T00:00:00+00:00, run_after=2022-05-18T00:00:00+00:00
[2022-05-18 23:56:16,201] {processor.py:161} INFO - Processing /home/airflow/.local/lib/python3.7/site-packages/airflow/example_dags/example_branch_labels.py took 0.126 seconds
[2022-05-18 23:56:46,709] {processor.py:153} INFO - Started process (PID=1529) to work on /home/airflow/.local/lib/python3.7/site-packages/airflow/example_dags/example_branch_labels.py
[2022-05-18 23:56:46,710] {processor.py:641} INFO - Processing file /home/airflow/.local/lib/python3.7/site-packages/airflow/example_dags/example_branch_labels.py for tasks to queue
[2022-05-18 23:56:46,711] {logging_mixin.py:115} INFO - [2022-05-18 23:56:46,711] {dagbag.py:507} INFO - Filling up the DagBag from /home/airflow/.local/lib/python3.7/site-packages/airflow/example_dags/example_branch_labels.py
[2022-05-18 23:56:46,726] {processor.py:651} INFO - DAG(s) dict_keys(['example_branch_labels']) retrieved from /home/airflow/.local/lib/python3.7/site-packages/airflow/example_dags/example_branch_labels.py
[2022-05-18 23:56:46,760] {logging_mixin.py:115} INFO - [2022-05-18 23:56:46,760] {dag.py:2371} INFO - Sync 1 DAGs
[2022-05-18 23:56:46,788] {logging_mixin.py:115} INFO - [2022-05-18 23:56:46,787] {dag.py:2919} INFO - Setting next_dagrun for example_branch_labels to 2022-05-17T00:00:00+00:00, run_after=2022-05-18T00:00:00+00:00
[2022-05-18 23:56:46,802] {processor.py:161} INFO - Processing /home/airflow/.local/lib/python3.7/site-packages/airflow/example_dags/example_branch_labels.py took 0.096 seconds
[2022-05-18 23:57:17,666] {processor.py:153} INFO - Started process (PID=1592) to work on /home/airflow/.local/lib/python3.7/site-packages/airflow/example_dags/example_branch_labels.py
[2022-05-18 23:57:17,667] {processor.py:641} INFO - Processing file /home/airflow/.local/lib/python3.7/site-packages/airflow/example_dags/example_branch_labels.py for tasks to queue
[2022-05-18 23:57:17,669] {logging_mixin.py:115} INFO - [2022-05-18 23:57:17,669] {dagbag.py:507} INFO - Filling up the DagBag from /home/airflow/.local/lib/python3.7/site-packages/airflow/example_dags/example_branch_labels.py
[2022-05-18 23:57:17,681] {processor.py:651} INFO - DAG(s) dict_keys(['example_branch_labels']) retrieved from /home/airflow/.local/lib/python3.7/site-packages/airflow/example_dags/example_branch_labels.py
[2022-05-18 23:57:17,730] {logging_mixin.py:115} INFO - [2022-05-18 23:57:17,730] {dag.py:2371} INFO - Sync 1 DAGs
[2022-05-18 23:57:17,773] {logging_mixin.py:115} INFO - [2022-05-18 23:57:17,772] {dag.py:2919} INFO - Setting next_dagrun for example_branch_labels to 2022-05-17T00:00:00+00:00, run_after=2022-05-18T00:00:00+00:00
[2022-05-18 23:57:17,793] {processor.py:161} INFO - Processing /home/airflow/.local/lib/python3.7/site-packages/airflow/example_dags/example_branch_labels.py took 0.132 seconds
[2022-05-18 23:57:47,923] {processor.py:153} INFO - Started process (PID=1645) to work on /home/airflow/.local/lib/python3.7/site-packages/airflow/example_dags/example_branch_labels.py
[2022-05-18 23:57:47,924] {processor.py:641} INFO - Processing file /home/airflow/.local/lib/python3.7/site-packages/airflow/example_dags/example_branch_labels.py for tasks to queue
[2022-05-18 23:57:47,925] {logging_mixin.py:115} INFO - [2022-05-18 23:57:47,925] {dagbag.py:507} INFO - Filling up the DagBag from /home/airflow/.local/lib/python3.7/site-packages/airflow/example_dags/example_branch_labels.py
[2022-05-18 23:57:47,932] {processor.py:651} INFO - DAG(s) dict_keys(['example_branch_labels']) retrieved from /home/airflow/.local/lib/python3.7/site-packages/airflow/example_dags/example_branch_labels.py
[2022-05-18 23:57:48,129] {logging_mixin.py:115} INFO - [2022-05-18 23:57:48,129] {dag.py:2371} INFO - Sync 1 DAGs
[2022-05-18 23:57:48,155] {logging_mixin.py:115} INFO - [2022-05-18 23:57:48,155] {dag.py:2919} INFO - Setting next_dagrun for example_branch_labels to 2022-05-17T00:00:00+00:00, run_after=2022-05-18T00:00:00+00:00
[2022-05-18 23:57:48,169] {processor.py:161} INFO - Processing /home/airflow/.local/lib/python3.7/site-packages/airflow/example_dags/example_branch_labels.py took 0.250 seconds
[2022-05-18 23:58:18,527] {processor.py:153} INFO - Started process (PID=1699) to work on /home/airflow/.local/lib/python3.7/site-packages/airflow/example_dags/example_branch_labels.py
[2022-05-18 23:58:18,528] {processor.py:641} INFO - Processing file /home/airflow/.local/lib/python3.7/site-packages/airflow/example_dags/example_branch_labels.py for tasks to queue
[2022-05-18 23:58:18,529] {logging_mixin.py:115} INFO - [2022-05-18 23:58:18,529] {dagbag.py:507} INFO - Filling up the DagBag from /home/airflow/.local/lib/python3.7/site-packages/airflow/example_dags/example_branch_labels.py
[2022-05-18 23:58:18,542] {processor.py:651} INFO - DAG(s) dict_keys(['example_branch_labels']) retrieved from /home/airflow/.local/lib/python3.7/site-packages/airflow/example_dags/example_branch_labels.py
[2022-05-18 23:58:18,811] {logging_mixin.py:115} INFO - [2022-05-18 23:58:18,811] {dag.py:2371} INFO - Sync 1 DAGs
[2022-05-18 23:58:18,859] {logging_mixin.py:115} INFO - [2022-05-18 23:58:18,858] {dag.py:2919} INFO - Setting next_dagrun for example_branch_labels to 2022-05-17T00:00:00+00:00, run_after=2022-05-18T00:00:00+00:00
[2022-05-18 23:58:18,885] {processor.py:161} INFO - Processing /home/airflow/.local/lib/python3.7/site-packages/airflow/example_dags/example_branch_labels.py took 0.365 seconds
[2022-05-18 23:58:49,463] {processor.py:153} INFO - Started process (PID=1753) to work on /home/airflow/.local/lib/python3.7/site-packages/airflow/example_dags/example_branch_labels.py
[2022-05-18 23:58:49,464] {processor.py:641} INFO - Processing file /home/airflow/.local/lib/python3.7/site-packages/airflow/example_dags/example_branch_labels.py for tasks to queue
[2022-05-18 23:58:49,465] {logging_mixin.py:115} INFO - [2022-05-18 23:58:49,465] {dagbag.py:507} INFO - Filling up the DagBag from /home/airflow/.local/lib/python3.7/site-packages/airflow/example_dags/example_branch_labels.py
[2022-05-18 23:58:49,478] {processor.py:651} INFO - DAG(s) dict_keys(['example_branch_labels']) retrieved from /home/airflow/.local/lib/python3.7/site-packages/airflow/example_dags/example_branch_labels.py
[2022-05-18 23:58:49,675] {logging_mixin.py:115} INFO - [2022-05-18 23:58:49,675] {dag.py:2371} INFO - Sync 1 DAGs
[2022-05-18 23:58:49,702] {logging_mixin.py:115} INFO - [2022-05-18 23:58:49,702] {dag.py:2919} INFO - Setting next_dagrun for example_branch_labels to 2022-05-17T00:00:00+00:00, run_after=2022-05-18T00:00:00+00:00
[2022-05-18 23:58:49,715] {processor.py:161} INFO - Processing /home/airflow/.local/lib/python3.7/site-packages/airflow/example_dags/example_branch_labels.py took 0.256 seconds
[2022-05-18 23:59:20,034] {processor.py:153} INFO - Started process (PID=1806) to work on /home/airflow/.local/lib/python3.7/site-packages/airflow/example_dags/example_branch_labels.py
[2022-05-18 23:59:20,035] {processor.py:641} INFO - Processing file /home/airflow/.local/lib/python3.7/site-packages/airflow/example_dags/example_branch_labels.py for tasks to queue
[2022-05-18 23:59:20,036] {logging_mixin.py:115} INFO - [2022-05-18 23:59:20,036] {dagbag.py:507} INFO - Filling up the DagBag from /home/airflow/.local/lib/python3.7/site-packages/airflow/example_dags/example_branch_labels.py
[2022-05-18 23:59:20,047] {processor.py:651} INFO - DAG(s) dict_keys(['example_branch_labels']) retrieved from /home/airflow/.local/lib/python3.7/site-packages/airflow/example_dags/example_branch_labels.py
[2022-05-18 23:59:20,252] {logging_mixin.py:115} INFO - [2022-05-18 23:59:20,252] {dag.py:2371} INFO - Sync 1 DAGs
[2022-05-18 23:59:20,280] {logging_mixin.py:115} INFO - [2022-05-18 23:59:20,280] {dag.py:2919} INFO - Setting next_dagrun for example_branch_labels to 2022-05-17T00:00:00+00:00, run_after=2022-05-18T00:00:00+00:00
[2022-05-18 23:59:20,294] {processor.py:161} INFO - Processing /home/airflow/.local/lib/python3.7/site-packages/airflow/example_dags/example_branch_labels.py took 0.264 seconds
[2022-05-18 23:59:50,714] {processor.py:153} INFO - Started process (PID=1869) to work on /home/airflow/.local/lib/python3.7/site-packages/airflow/example_dags/example_branch_labels.py
[2022-05-18 23:59:50,715] {processor.py:641} INFO - Processing file /home/airflow/.local/lib/python3.7/site-packages/airflow/example_dags/example_branch_labels.py for tasks to queue
[2022-05-18 23:59:50,716] {logging_mixin.py:115} INFO - [2022-05-18 23:59:50,716] {dagbag.py:507} INFO - Filling up the DagBag from /home/airflow/.local/lib/python3.7/site-packages/airflow/example_dags/example_branch_labels.py
[2022-05-18 23:59:50,728] {processor.py:651} INFO - DAG(s) dict_keys(['example_branch_labels']) retrieved from /home/airflow/.local/lib/python3.7/site-packages/airflow/example_dags/example_branch_labels.py
[2022-05-18 23:59:50,942] {logging_mixin.py:115} INFO - [2022-05-18 23:59:50,942] {dag.py:2371} INFO - Sync 1 DAGs
[2022-05-18 23:59:50,974] {logging_mixin.py:115} INFO - [2022-05-18 23:59:50,974] {dag.py:2919} INFO - Setting next_dagrun for example_branch_labels to 2022-05-17T00:00:00+00:00, run_after=2022-05-18T00:00:00+00:00
[2022-05-18 23:59:50,989] {processor.py:161} INFO - Processing /home/airflow/.local/lib/python3.7/site-packages/airflow/example_dags/example_branch_labels.py took 0.280 seconds
