[2022-05-18 23:43:02,124] {processor.py:153} INFO - Started process (PID=85) to work on /home/airflow/.local/lib/python3.7/site-packages/airflow/example_dags/example_nested_branch_dag.py
[2022-05-18 23:43:02,125] {processor.py:641} INFO - Processing file /home/airflow/.local/lib/python3.7/site-packages/airflow/example_dags/example_nested_branch_dag.py for tasks to queue
[2022-05-18 23:43:02,126] {logging_mixin.py:115} INFO - [2022-05-18 23:43:02,126] {dagbag.py:507} INFO - Filling up the DagBag from /home/airflow/.local/lib/python3.7/site-packages/airflow/example_dags/example_nested_branch_dag.py
[2022-05-18 23:43:02,147] {processor.py:651} INFO - DAG(s) dict_keys(['example_nested_branch_dag']) retrieved from /home/airflow/.local/lib/python3.7/site-packages/airflow/example_dags/example_nested_branch_dag.py
[2022-05-18 23:43:02,599] {logging_mixin.py:115} INFO - [2022-05-18 23:43:02,598] {manager.py:508} INFO - Created Permission View: can edit on DAG:example_nested_branch_dag
[2022-05-18 23:43:02,630] {logging_mixin.py:115} INFO - [2022-05-18 23:43:02,630] {manager.py:508} INFO - Created Permission View: can delete on DAG:example_nested_branch_dag
[2022-05-18 23:43:02,656] {logging_mixin.py:115} INFO - [2022-05-18 23:43:02,656] {manager.py:508} INFO - Created Permission View: can read on DAG:example_nested_branch_dag
[2022-05-18 23:43:02,657] {logging_mixin.py:115} INFO - [2022-05-18 23:43:02,657] {dag.py:2371} INFO - Sync 1 DAGs
[2022-05-18 23:43:02,691] {logging_mixin.py:115} INFO - [2022-05-18 23:43:02,691] {dag.py:2390} INFO - Creating ORM DAG for example_nested_branch_dag
[2022-05-18 23:43:02,733] {logging_mixin.py:115} INFO - [2022-05-18 23:43:02,733] {dag.py:2919} INFO - Setting next_dagrun for example_nested_branch_dag to 2022-05-17T00:00:00+00:00, run_after=2022-05-18T00:00:00+00:00
[2022-05-18 23:43:02,842] {processor.py:161} INFO - Processing /home/airflow/.local/lib/python3.7/site-packages/airflow/example_dags/example_nested_branch_dag.py took 0.723 seconds
[2022-05-18 23:43:32,992] {processor.py:153} INFO - Started process (PID=138) to work on /home/airflow/.local/lib/python3.7/site-packages/airflow/example_dags/example_nested_branch_dag.py
[2022-05-18 23:43:32,993] {processor.py:641} INFO - Processing file /home/airflow/.local/lib/python3.7/site-packages/airflow/example_dags/example_nested_branch_dag.py for tasks to queue
[2022-05-18 23:43:32,994] {logging_mixin.py:115} INFO - [2022-05-18 23:43:32,994] {dagbag.py:507} INFO - Filling up the DagBag from /home/airflow/.local/lib/python3.7/site-packages/airflow/example_dags/example_nested_branch_dag.py
[2022-05-18 23:43:33,010] {processor.py:651} INFO - DAG(s) dict_keys(['example_nested_branch_dag']) retrieved from /home/airflow/.local/lib/python3.7/site-packages/airflow/example_dags/example_nested_branch_dag.py
[2022-05-18 23:43:33,058] {logging_mixin.py:115} INFO - [2022-05-18 23:43:33,058] {dag.py:2371} INFO - Sync 1 DAGs
[2022-05-18 23:43:33,217] {logging_mixin.py:115} INFO - [2022-05-18 23:43:33,217] {dag.py:2919} INFO - Setting next_dagrun for example_nested_branch_dag to 2022-05-17T00:00:00+00:00, run_after=2022-05-18T00:00:00+00:00
[2022-05-18 23:43:33,231] {processor.py:161} INFO - Processing /home/airflow/.local/lib/python3.7/site-packages/airflow/example_dags/example_nested_branch_dag.py took 0.242 seconds
[2022-05-18 23:44:04,132] {processor.py:153} INFO - Started process (PID=202) to work on /home/airflow/.local/lib/python3.7/site-packages/airflow/example_dags/example_nested_branch_dag.py
[2022-05-18 23:44:04,133] {processor.py:641} INFO - Processing file /home/airflow/.local/lib/python3.7/site-packages/airflow/example_dags/example_nested_branch_dag.py for tasks to queue
[2022-05-18 23:44:04,134] {logging_mixin.py:115} INFO - [2022-05-18 23:44:04,134] {dagbag.py:507} INFO - Filling up the DagBag from /home/airflow/.local/lib/python3.7/site-packages/airflow/example_dags/example_nested_branch_dag.py
[2022-05-18 23:44:04,152] {processor.py:651} INFO - DAG(s) dict_keys(['example_nested_branch_dag']) retrieved from /home/airflow/.local/lib/python3.7/site-packages/airflow/example_dags/example_nested_branch_dag.py
[2022-05-18 23:44:04,229] {logging_mixin.py:115} INFO - [2022-05-18 23:44:04,229] {dag.py:2371} INFO - Sync 1 DAGs
[2022-05-18 23:44:04,426] {logging_mixin.py:115} INFO - [2022-05-18 23:44:04,426] {dag.py:2919} INFO - Setting next_dagrun for example_nested_branch_dag to 2022-05-17T00:00:00+00:00, run_after=2022-05-18T00:00:00+00:00
[2022-05-18 23:44:04,446] {processor.py:161} INFO - Processing /home/airflow/.local/lib/python3.7/site-packages/airflow/example_dags/example_nested_branch_dag.py took 0.319 seconds
[2022-05-18 23:44:35,673] {processor.py:153} INFO - Started process (PID=255) to work on /home/airflow/.local/lib/python3.7/site-packages/airflow/example_dags/example_nested_branch_dag.py
[2022-05-18 23:44:35,675] {processor.py:641} INFO - Processing file /home/airflow/.local/lib/python3.7/site-packages/airflow/example_dags/example_nested_branch_dag.py for tasks to queue
[2022-05-18 23:44:35,678] {logging_mixin.py:115} INFO - [2022-05-18 23:44:35,678] {dagbag.py:507} INFO - Filling up the DagBag from /home/airflow/.local/lib/python3.7/site-packages/airflow/example_dags/example_nested_branch_dag.py
[2022-05-18 23:44:35,732] {processor.py:651} INFO - DAG(s) dict_keys(['example_nested_branch_dag']) retrieved from /home/airflow/.local/lib/python3.7/site-packages/airflow/example_dags/example_nested_branch_dag.py
[2022-05-18 23:44:35,853] {logging_mixin.py:115} INFO - [2022-05-18 23:44:35,852] {dag.py:2371} INFO - Sync 1 DAGs
[2022-05-18 23:44:36,687] {logging_mixin.py:115} INFO - [2022-05-18 23:44:36,687] {dag.py:2919} INFO - Setting next_dagrun for example_nested_branch_dag to 2022-05-17T00:00:00+00:00, run_after=2022-05-18T00:00:00+00:00
[2022-05-18 23:44:36,713] {processor.py:161} INFO - Processing /home/airflow/.local/lib/python3.7/site-packages/airflow/example_dags/example_nested_branch_dag.py took 1.057 seconds
[2022-05-18 23:45:06,769] {processor.py:153} INFO - Started process (PID=309) to work on /home/airflow/.local/lib/python3.7/site-packages/airflow/example_dags/example_nested_branch_dag.py
[2022-05-18 23:45:06,770] {processor.py:641} INFO - Processing file /home/airflow/.local/lib/python3.7/site-packages/airflow/example_dags/example_nested_branch_dag.py for tasks to queue
[2022-05-18 23:45:06,771] {logging_mixin.py:115} INFO - [2022-05-18 23:45:06,771] {dagbag.py:507} INFO - Filling up the DagBag from /home/airflow/.local/lib/python3.7/site-packages/airflow/example_dags/example_nested_branch_dag.py
[2022-05-18 23:45:06,784] {processor.py:651} INFO - DAG(s) dict_keys(['example_nested_branch_dag']) retrieved from /home/airflow/.local/lib/python3.7/site-packages/airflow/example_dags/example_nested_branch_dag.py
[2022-05-18 23:45:06,816] {logging_mixin.py:115} INFO - [2022-05-18 23:45:06,816] {dag.py:2371} INFO - Sync 1 DAGs
[2022-05-18 23:45:06,967] {logging_mixin.py:115} INFO - [2022-05-18 23:45:06,967] {dag.py:2919} INFO - Setting next_dagrun for example_nested_branch_dag to 2022-05-17T00:00:00+00:00, run_after=2022-05-18T00:00:00+00:00
[2022-05-18 23:45:06,981] {processor.py:161} INFO - Processing /home/airflow/.local/lib/python3.7/site-packages/airflow/example_dags/example_nested_branch_dag.py took 0.216 seconds
[2022-05-18 23:45:37,637] {processor.py:153} INFO - Started process (PID=372) to work on /home/airflow/.local/lib/python3.7/site-packages/airflow/example_dags/example_nested_branch_dag.py
[2022-05-18 23:45:37,638] {processor.py:641} INFO - Processing file /home/airflow/.local/lib/python3.7/site-packages/airflow/example_dags/example_nested_branch_dag.py for tasks to queue
[2022-05-18 23:45:37,639] {logging_mixin.py:115} INFO - [2022-05-18 23:45:37,638] {dagbag.py:507} INFO - Filling up the DagBag from /home/airflow/.local/lib/python3.7/site-packages/airflow/example_dags/example_nested_branch_dag.py
[2022-05-18 23:45:37,667] {processor.py:651} INFO - DAG(s) dict_keys(['example_nested_branch_dag']) retrieved from /home/airflow/.local/lib/python3.7/site-packages/airflow/example_dags/example_nested_branch_dag.py
[2022-05-18 23:45:37,738] {logging_mixin.py:115} INFO - [2022-05-18 23:45:37,738] {dag.py:2371} INFO - Sync 1 DAGs
[2022-05-18 23:45:37,913] {logging_mixin.py:115} INFO - [2022-05-18 23:45:37,912] {dag.py:2919} INFO - Setting next_dagrun for example_nested_branch_dag to 2022-05-17T00:00:00+00:00, run_after=2022-05-18T00:00:00+00:00
[2022-05-18 23:45:37,926] {processor.py:161} INFO - Processing /home/airflow/.local/lib/python3.7/site-packages/airflow/example_dags/example_nested_branch_dag.py took 0.295 seconds
[2022-05-18 23:46:12,915] {processor.py:153} INFO - Started process (PID=426) to work on /home/airflow/.local/lib/python3.7/site-packages/airflow/example_dags/example_nested_branch_dag.py
[2022-05-18 23:46:12,916] {processor.py:641} INFO - Processing file /home/airflow/.local/lib/python3.7/site-packages/airflow/example_dags/example_nested_branch_dag.py for tasks to queue
[2022-05-18 23:46:12,918] {logging_mixin.py:115} INFO - [2022-05-18 23:46:12,918] {dagbag.py:507} INFO - Filling up the DagBag from /home/airflow/.local/lib/python3.7/site-packages/airflow/example_dags/example_nested_branch_dag.py
[2022-05-18 23:46:12,937] {processor.py:651} INFO - DAG(s) dict_keys(['example_nested_branch_dag']) retrieved from /home/airflow/.local/lib/python3.7/site-packages/airflow/example_dags/example_nested_branch_dag.py
[2022-05-18 23:46:12,988] {logging_mixin.py:115} INFO - [2022-05-18 23:46:12,987] {dag.py:2371} INFO - Sync 1 DAGs
[2022-05-18 23:46:13,208] {logging_mixin.py:115} INFO - [2022-05-18 23:46:13,208] {dag.py:2919} INFO - Setting next_dagrun for example_nested_branch_dag to 2022-05-17T00:00:00+00:00, run_after=2022-05-18T00:00:00+00:00
[2022-05-18 23:46:13,227] {processor.py:161} INFO - Processing /home/airflow/.local/lib/python3.7/site-packages/airflow/example_dags/example_nested_branch_dag.py took 0.318 seconds
[2022-05-18 23:46:43,793] {processor.py:153} INFO - Started process (PID=480) to work on /home/airflow/.local/lib/python3.7/site-packages/airflow/example_dags/example_nested_branch_dag.py
[2022-05-18 23:46:43,794] {processor.py:641} INFO - Processing file /home/airflow/.local/lib/python3.7/site-packages/airflow/example_dags/example_nested_branch_dag.py for tasks to queue
[2022-05-18 23:46:43,795] {logging_mixin.py:115} INFO - [2022-05-18 23:46:43,795] {dagbag.py:507} INFO - Filling up the DagBag from /home/airflow/.local/lib/python3.7/site-packages/airflow/example_dags/example_nested_branch_dag.py
[2022-05-18 23:46:43,810] {processor.py:651} INFO - DAG(s) dict_keys(['example_nested_branch_dag']) retrieved from /home/airflow/.local/lib/python3.7/site-packages/airflow/example_dags/example_nested_branch_dag.py
[2022-05-18 23:46:43,865] {logging_mixin.py:115} INFO - [2022-05-18 23:46:43,865] {dag.py:2371} INFO - Sync 1 DAGs
[2022-05-18 23:46:44,650] {logging_mixin.py:115} INFO - [2022-05-18 23:46:44,648] {dag.py:2919} INFO - Setting next_dagrun for example_nested_branch_dag to 2022-05-17T00:00:00+00:00, run_after=2022-05-18T00:00:00+00:00
[2022-05-18 23:46:44,877] {processor.py:161} INFO - Processing /home/airflow/.local/lib/python3.7/site-packages/airflow/example_dags/example_nested_branch_dag.py took 1.088 seconds
[2022-05-18 23:47:15,183] {processor.py:153} INFO - Started process (PID=543) to work on /home/airflow/.local/lib/python3.7/site-packages/airflow/example_dags/example_nested_branch_dag.py
[2022-05-18 23:47:15,185] {processor.py:641} INFO - Processing file /home/airflow/.local/lib/python3.7/site-packages/airflow/example_dags/example_nested_branch_dag.py for tasks to queue
[2022-05-18 23:47:15,187] {logging_mixin.py:115} INFO - [2022-05-18 23:47:15,186] {dagbag.py:507} INFO - Filling up the DagBag from /home/airflow/.local/lib/python3.7/site-packages/airflow/example_dags/example_nested_branch_dag.py
[2022-05-18 23:47:15,208] {processor.py:651} INFO - DAG(s) dict_keys(['example_nested_branch_dag']) retrieved from /home/airflow/.local/lib/python3.7/site-packages/airflow/example_dags/example_nested_branch_dag.py
[2022-05-18 23:47:15,242] {logging_mixin.py:115} INFO - [2022-05-18 23:47:15,242] {dag.py:2371} INFO - Sync 1 DAGs
[2022-05-18 23:47:15,419] {logging_mixin.py:115} INFO - [2022-05-18 23:47:15,419] {dag.py:2919} INFO - Setting next_dagrun for example_nested_branch_dag to 2022-05-17T00:00:00+00:00, run_after=2022-05-18T00:00:00+00:00
[2022-05-18 23:47:15,437] {processor.py:161} INFO - Processing /home/airflow/.local/lib/python3.7/site-packages/airflow/example_dags/example_nested_branch_dag.py took 0.260 seconds
[2022-05-18 23:47:45,564] {processor.py:153} INFO - Started process (PID=596) to work on /home/airflow/.local/lib/python3.7/site-packages/airflow/example_dags/example_nested_branch_dag.py
[2022-05-18 23:47:45,564] {processor.py:641} INFO - Processing file /home/airflow/.local/lib/python3.7/site-packages/airflow/example_dags/example_nested_branch_dag.py for tasks to queue
[2022-05-18 23:47:45,565] {logging_mixin.py:115} INFO - [2022-05-18 23:47:45,565] {dagbag.py:507} INFO - Filling up the DagBag from /home/airflow/.local/lib/python3.7/site-packages/airflow/example_dags/example_nested_branch_dag.py
[2022-05-18 23:47:45,577] {processor.py:651} INFO - DAG(s) dict_keys(['example_nested_branch_dag']) retrieved from /home/airflow/.local/lib/python3.7/site-packages/airflow/example_dags/example_nested_branch_dag.py
[2022-05-18 23:47:45,609] {logging_mixin.py:115} INFO - [2022-05-18 23:47:45,609] {dag.py:2371} INFO - Sync 1 DAGs
[2022-05-18 23:47:45,770] {logging_mixin.py:115} INFO - [2022-05-18 23:47:45,770] {dag.py:2919} INFO - Setting next_dagrun for example_nested_branch_dag to 2022-05-17T00:00:00+00:00, run_after=2022-05-18T00:00:00+00:00
[2022-05-18 23:47:45,783] {processor.py:161} INFO - Processing /home/airflow/.local/lib/python3.7/site-packages/airflow/example_dags/example_nested_branch_dag.py took 0.223 seconds
[2022-05-18 23:48:33,069] {processor.py:153} INFO - Started process (PID=651) to work on /home/airflow/.local/lib/python3.7/site-packages/airflow/example_dags/example_nested_branch_dag.py
[2022-05-18 23:48:33,070] {processor.py:641} INFO - Processing file /home/airflow/.local/lib/python3.7/site-packages/airflow/example_dags/example_nested_branch_dag.py for tasks to queue
[2022-05-18 23:48:33,071] {logging_mixin.py:115} INFO - [2022-05-18 23:48:33,071] {dagbag.py:507} INFO - Filling up the DagBag from /home/airflow/.local/lib/python3.7/site-packages/airflow/example_dags/example_nested_branch_dag.py
[2022-05-18 23:48:33,085] {processor.py:651} INFO - DAG(s) dict_keys(['example_nested_branch_dag']) retrieved from /home/airflow/.local/lib/python3.7/site-packages/airflow/example_dags/example_nested_branch_dag.py
[2022-05-18 23:48:33,124] {logging_mixin.py:115} INFO - [2022-05-18 23:48:33,124] {dag.py:2371} INFO - Sync 1 DAGs
[2022-05-18 23:48:33,284] {logging_mixin.py:115} INFO - [2022-05-18 23:48:33,284] {dag.py:2919} INFO - Setting next_dagrun for example_nested_branch_dag to 2022-05-17T00:00:00+00:00, run_after=2022-05-18T00:00:00+00:00
[2022-05-18 23:48:33,298] {processor.py:161} INFO - Processing /home/airflow/.local/lib/python3.7/site-packages/airflow/example_dags/example_nested_branch_dag.py took 0.233 seconds
[2022-05-18 23:49:03,579] {processor.py:153} INFO - Started process (PID=705) to work on /home/airflow/.local/lib/python3.7/site-packages/airflow/example_dags/example_nested_branch_dag.py
[2022-05-18 23:49:03,580] {processor.py:641} INFO - Processing file /home/airflow/.local/lib/python3.7/site-packages/airflow/example_dags/example_nested_branch_dag.py for tasks to queue
[2022-05-18 23:49:03,581] {logging_mixin.py:115} INFO - [2022-05-18 23:49:03,581] {dagbag.py:507} INFO - Filling up the DagBag from /home/airflow/.local/lib/python3.7/site-packages/airflow/example_dags/example_nested_branch_dag.py
[2022-05-18 23:49:03,594] {processor.py:651} INFO - DAG(s) dict_keys(['example_nested_branch_dag']) retrieved from /home/airflow/.local/lib/python3.7/site-packages/airflow/example_dags/example_nested_branch_dag.py
[2022-05-18 23:49:03,627] {logging_mixin.py:115} INFO - [2022-05-18 23:49:03,627] {dag.py:2371} INFO - Sync 1 DAGs
[2022-05-18 23:49:03,774] {logging_mixin.py:115} INFO - [2022-05-18 23:49:03,773] {dag.py:2919} INFO - Setting next_dagrun for example_nested_branch_dag to 2022-05-17T00:00:00+00:00, run_after=2022-05-18T00:00:00+00:00
[2022-05-18 23:49:03,786] {processor.py:161} INFO - Processing /home/airflow/.local/lib/python3.7/site-packages/airflow/example_dags/example_nested_branch_dag.py took 0.211 seconds
[2022-05-18 23:49:35,808] {processor.py:153} INFO - Started process (PID=767) to work on /home/airflow/.local/lib/python3.7/site-packages/airflow/example_dags/example_nested_branch_dag.py
[2022-05-18 23:49:35,810] {processor.py:641} INFO - Processing file /home/airflow/.local/lib/python3.7/site-packages/airflow/example_dags/example_nested_branch_dag.py for tasks to queue
[2022-05-18 23:49:35,811] {logging_mixin.py:115} INFO - [2022-05-18 23:49:35,811] {dagbag.py:507} INFO - Filling up the DagBag from /home/airflow/.local/lib/python3.7/site-packages/airflow/example_dags/example_nested_branch_dag.py
[2022-05-18 23:49:35,833] {processor.py:651} INFO - DAG(s) dict_keys(['example_nested_branch_dag']) retrieved from /home/airflow/.local/lib/python3.7/site-packages/airflow/example_dags/example_nested_branch_dag.py
[2022-05-18 23:49:35,885] {logging_mixin.py:115} INFO - [2022-05-18 23:49:35,885] {dag.py:2371} INFO - Sync 1 DAGs
[2022-05-18 23:49:36,139] {logging_mixin.py:115} INFO - [2022-05-18 23:49:36,138] {dag.py:2919} INFO - Setting next_dagrun for example_nested_branch_dag to 2022-05-17T00:00:00+00:00, run_after=2022-05-18T00:00:00+00:00
[2022-05-18 23:49:36,162] {processor.py:161} INFO - Processing /home/airflow/.local/lib/python3.7/site-packages/airflow/example_dags/example_nested_branch_dag.py took 0.359 seconds
[2022-05-18 23:50:06,335] {processor.py:153} INFO - Started process (PID=821) to work on /home/airflow/.local/lib/python3.7/site-packages/airflow/example_dags/example_nested_branch_dag.py
[2022-05-18 23:50:06,337] {processor.py:641} INFO - Processing file /home/airflow/.local/lib/python3.7/site-packages/airflow/example_dags/example_nested_branch_dag.py for tasks to queue
[2022-05-18 23:50:06,338] {logging_mixin.py:115} INFO - [2022-05-18 23:50:06,338] {dagbag.py:507} INFO - Filling up the DagBag from /home/airflow/.local/lib/python3.7/site-packages/airflow/example_dags/example_nested_branch_dag.py
[2022-05-18 23:50:06,353] {processor.py:651} INFO - DAG(s) dict_keys(['example_nested_branch_dag']) retrieved from /home/airflow/.local/lib/python3.7/site-packages/airflow/example_dags/example_nested_branch_dag.py
[2022-05-18 23:50:06,389] {logging_mixin.py:115} INFO - [2022-05-18 23:50:06,389] {dag.py:2371} INFO - Sync 1 DAGs
[2022-05-18 23:50:06,538] {logging_mixin.py:115} INFO - [2022-05-18 23:50:06,538] {dag.py:2919} INFO - Setting next_dagrun for example_nested_branch_dag to 2022-05-17T00:00:00+00:00, run_after=2022-05-18T00:00:00+00:00
[2022-05-18 23:50:06,551] {processor.py:161} INFO - Processing /home/airflow/.local/lib/python3.7/site-packages/airflow/example_dags/example_nested_branch_dag.py took 0.219 seconds
[2022-05-18 23:51:08,488] {processor.py:153} INFO - Started process (PID=884) to work on /home/airflow/.local/lib/python3.7/site-packages/airflow/example_dags/example_nested_branch_dag.py
[2022-05-18 23:51:08,489] {processor.py:641} INFO - Processing file /home/airflow/.local/lib/python3.7/site-packages/airflow/example_dags/example_nested_branch_dag.py for tasks to queue
[2022-05-18 23:51:08,491] {logging_mixin.py:115} INFO - [2022-05-18 23:51:08,491] {dagbag.py:507} INFO - Filling up the DagBag from /home/airflow/.local/lib/python3.7/site-packages/airflow/example_dags/example_nested_branch_dag.py
[2022-05-18 23:51:08,580] {processor.py:651} INFO - DAG(s) dict_keys(['example_nested_branch_dag']) retrieved from /home/airflow/.local/lib/python3.7/site-packages/airflow/example_dags/example_nested_branch_dag.py
[2022-05-18 23:51:08,747] {logging_mixin.py:115} INFO - [2022-05-18 23:51:08,746] {dag.py:2371} INFO - Sync 1 DAGs
[2022-05-18 23:51:09,055] {logging_mixin.py:115} INFO - [2022-05-18 23:51:09,055] {dag.py:2919} INFO - Setting next_dagrun for example_nested_branch_dag to 2022-05-17T00:00:00+00:00, run_after=2022-05-18T00:00:00+00:00
[2022-05-18 23:51:09,081] {processor.py:161} INFO - Processing /home/airflow/.local/lib/python3.7/site-packages/airflow/example_dags/example_nested_branch_dag.py took 0.606 seconds
[2022-05-18 23:51:39,815] {processor.py:153} INFO - Started process (PID=947) to work on /home/airflow/.local/lib/python3.7/site-packages/airflow/example_dags/example_nested_branch_dag.py
[2022-05-18 23:51:39,816] {processor.py:641} INFO - Processing file /home/airflow/.local/lib/python3.7/site-packages/airflow/example_dags/example_nested_branch_dag.py for tasks to queue
[2022-05-18 23:51:39,817] {logging_mixin.py:115} INFO - [2022-05-18 23:51:39,817] {dagbag.py:507} INFO - Filling up the DagBag from /home/airflow/.local/lib/python3.7/site-packages/airflow/example_dags/example_nested_branch_dag.py
[2022-05-18 23:51:39,833] {processor.py:651} INFO - DAG(s) dict_keys(['example_nested_branch_dag']) retrieved from /home/airflow/.local/lib/python3.7/site-packages/airflow/example_dags/example_nested_branch_dag.py
[2022-05-18 23:51:39,873] {logging_mixin.py:115} INFO - [2022-05-18 23:51:39,873] {dag.py:2371} INFO - Sync 1 DAGs
[2022-05-18 23:51:40,024] {logging_mixin.py:115} INFO - [2022-05-18 23:51:40,024] {dag.py:2919} INFO - Setting next_dagrun for example_nested_branch_dag to 2022-05-17T00:00:00+00:00, run_after=2022-05-18T00:00:00+00:00
[2022-05-18 23:51:40,037] {processor.py:161} INFO - Processing /home/airflow/.local/lib/python3.7/site-packages/airflow/example_dags/example_nested_branch_dag.py took 0.225 seconds
[2022-05-18 23:52:10,511] {processor.py:153} INFO - Started process (PID=1000) to work on /home/airflow/.local/lib/python3.7/site-packages/airflow/example_dags/example_nested_branch_dag.py
[2022-05-18 23:52:10,511] {processor.py:641} INFO - Processing file /home/airflow/.local/lib/python3.7/site-packages/airflow/example_dags/example_nested_branch_dag.py for tasks to queue
[2022-05-18 23:52:10,512] {logging_mixin.py:115} INFO - [2022-05-18 23:52:10,512] {dagbag.py:507} INFO - Filling up the DagBag from /home/airflow/.local/lib/python3.7/site-packages/airflow/example_dags/example_nested_branch_dag.py
[2022-05-18 23:52:10,531] {processor.py:651} INFO - DAG(s) dict_keys(['example_nested_branch_dag']) retrieved from /home/airflow/.local/lib/python3.7/site-packages/airflow/example_dags/example_nested_branch_dag.py
[2022-05-18 23:52:10,575] {logging_mixin.py:115} INFO - [2022-05-18 23:52:10,575] {dag.py:2371} INFO - Sync 1 DAGs
[2022-05-18 23:52:10,717] {logging_mixin.py:115} INFO - [2022-05-18 23:52:10,717] {dag.py:2919} INFO - Setting next_dagrun for example_nested_branch_dag to 2022-05-17T00:00:00+00:00, run_after=2022-05-18T00:00:00+00:00
[2022-05-18 23:52:10,729] {processor.py:161} INFO - Processing /home/airflow/.local/lib/python3.7/site-packages/airflow/example_dags/example_nested_branch_dag.py took 0.223 seconds
[2022-05-18 23:52:40,855] {processor.py:153} INFO - Started process (PID=1063) to work on /home/airflow/.local/lib/python3.7/site-packages/airflow/example_dags/example_nested_branch_dag.py
[2022-05-18 23:52:40,856] {processor.py:641} INFO - Processing file /home/airflow/.local/lib/python3.7/site-packages/airflow/example_dags/example_nested_branch_dag.py for tasks to queue
[2022-05-18 23:52:40,857] {logging_mixin.py:115} INFO - [2022-05-18 23:52:40,857] {dagbag.py:507} INFO - Filling up the DagBag from /home/airflow/.local/lib/python3.7/site-packages/airflow/example_dags/example_nested_branch_dag.py
[2022-05-18 23:52:40,869] {processor.py:651} INFO - DAG(s) dict_keys(['example_nested_branch_dag']) retrieved from /home/airflow/.local/lib/python3.7/site-packages/airflow/example_dags/example_nested_branch_dag.py
[2022-05-18 23:52:40,901] {logging_mixin.py:115} INFO - [2022-05-18 23:52:40,901] {dag.py:2371} INFO - Sync 1 DAGs
[2022-05-18 23:52:41,048] {logging_mixin.py:115} INFO - [2022-05-18 23:52:41,048] {dag.py:2919} INFO - Setting next_dagrun for example_nested_branch_dag to 2022-05-17T00:00:00+00:00, run_after=2022-05-18T00:00:00+00:00
[2022-05-18 23:52:41,061] {processor.py:161} INFO - Processing /home/airflow/.local/lib/python3.7/site-packages/airflow/example_dags/example_nested_branch_dag.py took 0.208 seconds
[2022-05-18 23:53:11,385] {processor.py:153} INFO - Started process (PID=1116) to work on /home/airflow/.local/lib/python3.7/site-packages/airflow/example_dags/example_nested_branch_dag.py
[2022-05-18 23:53:11,385] {processor.py:641} INFO - Processing file /home/airflow/.local/lib/python3.7/site-packages/airflow/example_dags/example_nested_branch_dag.py for tasks to queue
[2022-05-18 23:53:11,387] {logging_mixin.py:115} INFO - [2022-05-18 23:53:11,387] {dagbag.py:507} INFO - Filling up the DagBag from /home/airflow/.local/lib/python3.7/site-packages/airflow/example_dags/example_nested_branch_dag.py
[2022-05-18 23:53:11,407] {processor.py:651} INFO - DAG(s) dict_keys(['example_nested_branch_dag']) retrieved from /home/airflow/.local/lib/python3.7/site-packages/airflow/example_dags/example_nested_branch_dag.py
[2022-05-18 23:53:11,439] {logging_mixin.py:115} INFO - [2022-05-18 23:53:11,439] {dag.py:2371} INFO - Sync 1 DAGs
[2022-05-18 23:53:11,477] {logging_mixin.py:115} INFO - [2022-05-18 23:53:11,477] {dag.py:2919} INFO - Setting next_dagrun for example_nested_branch_dag to 2022-05-17T00:00:00+00:00, run_after=2022-05-18T00:00:00+00:00
[2022-05-18 23:53:11,493] {processor.py:161} INFO - Processing /home/airflow/.local/lib/python3.7/site-packages/airflow/example_dags/example_nested_branch_dag.py took 0.114 seconds
[2022-05-18 23:53:42,133] {processor.py:153} INFO - Started process (PID=1181) to work on /home/airflow/.local/lib/python3.7/site-packages/airflow/example_dags/example_nested_branch_dag.py
[2022-05-18 23:53:42,134] {processor.py:641} INFO - Processing file /home/airflow/.local/lib/python3.7/site-packages/airflow/example_dags/example_nested_branch_dag.py for tasks to queue
[2022-05-18 23:53:42,135] {logging_mixin.py:115} INFO - [2022-05-18 23:53:42,135] {dagbag.py:507} INFO - Filling up the DagBag from /home/airflow/.local/lib/python3.7/site-packages/airflow/example_dags/example_nested_branch_dag.py
[2022-05-18 23:53:42,152] {processor.py:651} INFO - DAG(s) dict_keys(['example_nested_branch_dag']) retrieved from /home/airflow/.local/lib/python3.7/site-packages/airflow/example_dags/example_nested_branch_dag.py
[2022-05-18 23:53:42,188] {logging_mixin.py:115} INFO - [2022-05-18 23:53:42,188] {dag.py:2371} INFO - Sync 1 DAGs
[2022-05-18 23:53:42,224] {logging_mixin.py:115} INFO - [2022-05-18 23:53:42,224] {dag.py:2919} INFO - Setting next_dagrun for example_nested_branch_dag to 2022-05-17T00:00:00+00:00, run_after=2022-05-18T00:00:00+00:00
[2022-05-18 23:53:42,238] {processor.py:161} INFO - Processing /home/airflow/.local/lib/python3.7/site-packages/airflow/example_dags/example_nested_branch_dag.py took 0.109 seconds
[2022-05-18 23:54:12,357] {processor.py:153} INFO - Started process (PID=1235) to work on /home/airflow/.local/lib/python3.7/site-packages/airflow/example_dags/example_nested_branch_dag.py
[2022-05-18 23:54:12,358] {processor.py:641} INFO - Processing file /home/airflow/.local/lib/python3.7/site-packages/airflow/example_dags/example_nested_branch_dag.py for tasks to queue
[2022-05-18 23:54:12,359] {logging_mixin.py:115} INFO - [2022-05-18 23:54:12,359] {dagbag.py:507} INFO - Filling up the DagBag from /home/airflow/.local/lib/python3.7/site-packages/airflow/example_dags/example_nested_branch_dag.py
[2022-05-18 23:54:12,383] {processor.py:651} INFO - DAG(s) dict_keys(['example_nested_branch_dag']) retrieved from /home/airflow/.local/lib/python3.7/site-packages/airflow/example_dags/example_nested_branch_dag.py
[2022-05-18 23:54:12,420] {logging_mixin.py:115} INFO - [2022-05-18 23:54:12,420] {dag.py:2371} INFO - Sync 1 DAGs
[2022-05-18 23:54:12,455] {logging_mixin.py:115} INFO - [2022-05-18 23:54:12,455] {dag.py:2919} INFO - Setting next_dagrun for example_nested_branch_dag to 2022-05-17T00:00:00+00:00, run_after=2022-05-18T00:00:00+00:00
[2022-05-18 23:54:12,473] {processor.py:161} INFO - Processing /home/airflow/.local/lib/python3.7/site-packages/airflow/example_dags/example_nested_branch_dag.py took 0.120 seconds
[2022-05-18 23:54:43,030] {processor.py:153} INFO - Started process (PID=1298) to work on /home/airflow/.local/lib/python3.7/site-packages/airflow/example_dags/example_nested_branch_dag.py
[2022-05-18 23:54:43,031] {processor.py:641} INFO - Processing file /home/airflow/.local/lib/python3.7/site-packages/airflow/example_dags/example_nested_branch_dag.py for tasks to queue
[2022-05-18 23:54:43,032] {logging_mixin.py:115} INFO - [2022-05-18 23:54:43,032] {dagbag.py:507} INFO - Filling up the DagBag from /home/airflow/.local/lib/python3.7/site-packages/airflow/example_dags/example_nested_branch_dag.py
[2022-05-18 23:54:43,050] {processor.py:651} INFO - DAG(s) dict_keys(['example_nested_branch_dag']) retrieved from /home/airflow/.local/lib/python3.7/site-packages/airflow/example_dags/example_nested_branch_dag.py
[2022-05-18 23:54:43,084] {logging_mixin.py:115} INFO - [2022-05-18 23:54:43,084] {dag.py:2371} INFO - Sync 1 DAGs
[2022-05-18 23:54:43,114] {logging_mixin.py:115} INFO - [2022-05-18 23:54:43,114] {dag.py:2919} INFO - Setting next_dagrun for example_nested_branch_dag to 2022-05-17T00:00:00+00:00, run_after=2022-05-18T00:00:00+00:00
[2022-05-18 23:54:43,129] {processor.py:161} INFO - Processing /home/airflow/.local/lib/python3.7/site-packages/airflow/example_dags/example_nested_branch_dag.py took 0.105 seconds
[2022-05-18 23:55:13,568] {processor.py:153} INFO - Started process (PID=1351) to work on /home/airflow/.local/lib/python3.7/site-packages/airflow/example_dags/example_nested_branch_dag.py
[2022-05-18 23:55:13,569] {processor.py:641} INFO - Processing file /home/airflow/.local/lib/python3.7/site-packages/airflow/example_dags/example_nested_branch_dag.py for tasks to queue
[2022-05-18 23:55:13,570] {logging_mixin.py:115} INFO - [2022-05-18 23:55:13,569] {dagbag.py:507} INFO - Filling up the DagBag from /home/airflow/.local/lib/python3.7/site-packages/airflow/example_dags/example_nested_branch_dag.py
[2022-05-18 23:55:13,590] {processor.py:651} INFO - DAG(s) dict_keys(['example_nested_branch_dag']) retrieved from /home/airflow/.local/lib/python3.7/site-packages/airflow/example_dags/example_nested_branch_dag.py
[2022-05-18 23:55:13,628] {logging_mixin.py:115} INFO - [2022-05-18 23:55:13,627] {dag.py:2371} INFO - Sync 1 DAGs
[2022-05-18 23:55:13,666] {logging_mixin.py:115} INFO - [2022-05-18 23:55:13,666] {dag.py:2919} INFO - Setting next_dagrun for example_nested_branch_dag to 2022-05-17T00:00:00+00:00, run_after=2022-05-18T00:00:00+00:00
[2022-05-18 23:55:13,682] {processor.py:161} INFO - Processing /home/airflow/.local/lib/python3.7/site-packages/airflow/example_dags/example_nested_branch_dag.py took 0.119 seconds
[2022-05-18 23:55:44,386] {processor.py:153} INFO - Started process (PID=1413) to work on /home/airflow/.local/lib/python3.7/site-packages/airflow/example_dags/example_nested_branch_dag.py
[2022-05-18 23:55:44,388] {processor.py:641} INFO - Processing file /home/airflow/.local/lib/python3.7/site-packages/airflow/example_dags/example_nested_branch_dag.py for tasks to queue
[2022-05-18 23:55:44,388] {logging_mixin.py:115} INFO - [2022-05-18 23:55:44,388] {dagbag.py:507} INFO - Filling up the DagBag from /home/airflow/.local/lib/python3.7/site-packages/airflow/example_dags/example_nested_branch_dag.py
[2022-05-18 23:55:44,404] {processor.py:651} INFO - DAG(s) dict_keys(['example_nested_branch_dag']) retrieved from /home/airflow/.local/lib/python3.7/site-packages/airflow/example_dags/example_nested_branch_dag.py
[2022-05-18 23:55:44,434] {logging_mixin.py:115} INFO - [2022-05-18 23:55:44,434] {dag.py:2371} INFO - Sync 1 DAGs
[2022-05-18 23:55:44,461] {logging_mixin.py:115} INFO - [2022-05-18 23:55:44,461] {dag.py:2919} INFO - Setting next_dagrun for example_nested_branch_dag to 2022-05-17T00:00:00+00:00, run_after=2022-05-18T00:00:00+00:00
[2022-05-18 23:55:44,475] {processor.py:161} INFO - Processing /home/airflow/.local/lib/python3.7/site-packages/airflow/example_dags/example_nested_branch_dag.py took 0.092 seconds
[2022-05-18 23:56:14,950] {processor.py:153} INFO - Started process (PID=1472) to work on /home/airflow/.local/lib/python3.7/site-packages/airflow/example_dags/example_nested_branch_dag.py
[2022-05-18 23:56:14,951] {processor.py:641} INFO - Processing file /home/airflow/.local/lib/python3.7/site-packages/airflow/example_dags/example_nested_branch_dag.py for tasks to queue
[2022-05-18 23:56:14,953] {logging_mixin.py:115} INFO - [2022-05-18 23:56:14,952] {dagbag.py:507} INFO - Filling up the DagBag from /home/airflow/.local/lib/python3.7/site-packages/airflow/example_dags/example_nested_branch_dag.py
[2022-05-18 23:56:14,977] {processor.py:651} INFO - DAG(s) dict_keys(['example_nested_branch_dag']) retrieved from /home/airflow/.local/lib/python3.7/site-packages/airflow/example_dags/example_nested_branch_dag.py
[2022-05-18 23:56:15,019] {logging_mixin.py:115} INFO - [2022-05-18 23:56:15,019] {dag.py:2371} INFO - Sync 1 DAGs
[2022-05-18 23:56:15,061] {logging_mixin.py:115} INFO - [2022-05-18 23:56:15,061] {dag.py:2919} INFO - Setting next_dagrun for example_nested_branch_dag to 2022-05-17T00:00:00+00:00, run_after=2022-05-18T00:00:00+00:00
[2022-05-18 23:56:15,075] {processor.py:161} INFO - Processing /home/airflow/.local/lib/python3.7/site-packages/airflow/example_dags/example_nested_branch_dag.py took 0.129 seconds
[2022-05-18 23:56:45,590] {processor.py:153} INFO - Started process (PID=1527) to work on /home/airflow/.local/lib/python3.7/site-packages/airflow/example_dags/example_nested_branch_dag.py
[2022-05-18 23:56:45,591] {processor.py:641} INFO - Processing file /home/airflow/.local/lib/python3.7/site-packages/airflow/example_dags/example_nested_branch_dag.py for tasks to queue
[2022-05-18 23:56:45,592] {logging_mixin.py:115} INFO - [2022-05-18 23:56:45,592] {dagbag.py:507} INFO - Filling up the DagBag from /home/airflow/.local/lib/python3.7/site-packages/airflow/example_dags/example_nested_branch_dag.py
[2022-05-18 23:56:45,608] {processor.py:651} INFO - DAG(s) dict_keys(['example_nested_branch_dag']) retrieved from /home/airflow/.local/lib/python3.7/site-packages/airflow/example_dags/example_nested_branch_dag.py
[2022-05-18 23:56:45,638] {logging_mixin.py:115} INFO - [2022-05-18 23:56:45,638] {dag.py:2371} INFO - Sync 1 DAGs
[2022-05-18 23:56:45,665] {logging_mixin.py:115} INFO - [2022-05-18 23:56:45,664] {dag.py:2919} INFO - Setting next_dagrun for example_nested_branch_dag to 2022-05-17T00:00:00+00:00, run_after=2022-05-18T00:00:00+00:00
[2022-05-18 23:56:45,680] {processor.py:161} INFO - Processing /home/airflow/.local/lib/python3.7/site-packages/airflow/example_dags/example_nested_branch_dag.py took 0.093 seconds
[2022-05-18 23:57:16,431] {processor.py:153} INFO - Started process (PID=1588) to work on /home/airflow/.local/lib/python3.7/site-packages/airflow/example_dags/example_nested_branch_dag.py
[2022-05-18 23:57:16,432] {processor.py:641} INFO - Processing file /home/airflow/.local/lib/python3.7/site-packages/airflow/example_dags/example_nested_branch_dag.py for tasks to queue
[2022-05-18 23:57:16,434] {logging_mixin.py:115} INFO - [2022-05-18 23:57:16,434] {dagbag.py:507} INFO - Filling up the DagBag from /home/airflow/.local/lib/python3.7/site-packages/airflow/example_dags/example_nested_branch_dag.py
[2022-05-18 23:57:16,471] {processor.py:651} INFO - DAG(s) dict_keys(['example_nested_branch_dag']) retrieved from /home/airflow/.local/lib/python3.7/site-packages/airflow/example_dags/example_nested_branch_dag.py
[2022-05-18 23:57:16,531] {logging_mixin.py:115} INFO - [2022-05-18 23:57:16,531] {dag.py:2371} INFO - Sync 1 DAGs
[2022-05-18 23:57:16,592] {logging_mixin.py:115} INFO - [2022-05-18 23:57:16,592] {dag.py:2919} INFO - Setting next_dagrun for example_nested_branch_dag to 2022-05-17T00:00:00+00:00, run_after=2022-05-18T00:00:00+00:00
[2022-05-18 23:57:16,621] {processor.py:161} INFO - Processing /home/airflow/.local/lib/python3.7/site-packages/airflow/example_dags/example_nested_branch_dag.py took 0.197 seconds
[2022-05-18 23:57:46,734] {processor.py:153} INFO - Started process (PID=1642) to work on /home/airflow/.local/lib/python3.7/site-packages/airflow/example_dags/example_nested_branch_dag.py
[2022-05-18 23:57:46,735] {processor.py:641} INFO - Processing file /home/airflow/.local/lib/python3.7/site-packages/airflow/example_dags/example_nested_branch_dag.py for tasks to queue
[2022-05-18 23:57:46,736] {logging_mixin.py:115} INFO - [2022-05-18 23:57:46,736] {dagbag.py:507} INFO - Filling up the DagBag from /home/airflow/.local/lib/python3.7/site-packages/airflow/example_dags/example_nested_branch_dag.py
[2022-05-18 23:57:46,755] {processor.py:651} INFO - DAG(s) dict_keys(['example_nested_branch_dag']) retrieved from /home/airflow/.local/lib/python3.7/site-packages/airflow/example_dags/example_nested_branch_dag.py
[2022-05-18 23:57:46,787] {logging_mixin.py:115} INFO - [2022-05-18 23:57:46,787] {dag.py:2371} INFO - Sync 1 DAGs
[2022-05-18 23:57:46,820] {logging_mixin.py:115} INFO - [2022-05-18 23:57:46,819] {dag.py:2919} INFO - Setting next_dagrun for example_nested_branch_dag to 2022-05-17T00:00:00+00:00, run_after=2022-05-18T00:00:00+00:00
[2022-05-18 23:57:46,838] {processor.py:161} INFO - Processing /home/airflow/.local/lib/python3.7/site-packages/airflow/example_dags/example_nested_branch_dag.py took 0.109 seconds
[2022-05-18 23:58:17,166] {processor.py:153} INFO - Started process (PID=1697) to work on /home/airflow/.local/lib/python3.7/site-packages/airflow/example_dags/example_nested_branch_dag.py
[2022-05-18 23:58:17,168] {processor.py:641} INFO - Processing file /home/airflow/.local/lib/python3.7/site-packages/airflow/example_dags/example_nested_branch_dag.py for tasks to queue
[2022-05-18 23:58:17,169] {logging_mixin.py:115} INFO - [2022-05-18 23:58:17,169] {dagbag.py:507} INFO - Filling up the DagBag from /home/airflow/.local/lib/python3.7/site-packages/airflow/example_dags/example_nested_branch_dag.py
[2022-05-18 23:58:17,393] {processor.py:651} INFO - DAG(s) dict_keys(['example_nested_branch_dag']) retrieved from /home/airflow/.local/lib/python3.7/site-packages/airflow/example_dags/example_nested_branch_dag.py
[2022-05-18 23:58:17,426] {logging_mixin.py:115} INFO - [2022-05-18 23:58:17,426] {dag.py:2371} INFO - Sync 1 DAGs
[2022-05-18 23:58:17,470] {logging_mixin.py:115} INFO - [2022-05-18 23:58:17,469] {dag.py:2919} INFO - Setting next_dagrun for example_nested_branch_dag to 2022-05-17T00:00:00+00:00, run_after=2022-05-18T00:00:00+00:00
[2022-05-18 23:58:17,495] {processor.py:161} INFO - Processing /home/airflow/.local/lib/python3.7/site-packages/airflow/example_dags/example_nested_branch_dag.py took 0.335 seconds
[2022-05-18 23:58:48,168] {processor.py:153} INFO - Started process (PID=1751) to work on /home/airflow/.local/lib/python3.7/site-packages/airflow/example_dags/example_nested_branch_dag.py
[2022-05-18 23:58:48,169] {processor.py:641} INFO - Processing file /home/airflow/.local/lib/python3.7/site-packages/airflow/example_dags/example_nested_branch_dag.py for tasks to queue
[2022-05-18 23:58:48,170] {logging_mixin.py:115} INFO - [2022-05-18 23:58:48,170] {dagbag.py:507} INFO - Filling up the DagBag from /home/airflow/.local/lib/python3.7/site-packages/airflow/example_dags/example_nested_branch_dag.py
[2022-05-18 23:58:48,323] {processor.py:651} INFO - DAG(s) dict_keys(['example_nested_branch_dag']) retrieved from /home/airflow/.local/lib/python3.7/site-packages/airflow/example_dags/example_nested_branch_dag.py
[2022-05-18 23:58:48,347] {logging_mixin.py:115} INFO - [2022-05-18 23:58:48,346] {dag.py:2371} INFO - Sync 1 DAGs
[2022-05-18 23:58:48,372] {logging_mixin.py:115} INFO - [2022-05-18 23:58:48,372] {dag.py:2919} INFO - Setting next_dagrun for example_nested_branch_dag to 2022-05-17T00:00:00+00:00, run_after=2022-05-18T00:00:00+00:00
[2022-05-18 23:58:48,384] {processor.py:161} INFO - Processing /home/airflow/.local/lib/python3.7/site-packages/airflow/example_dags/example_nested_branch_dag.py took 0.220 seconds
[2022-05-18 23:59:19,031] {processor.py:153} INFO - Started process (PID=1804) to work on /home/airflow/.local/lib/python3.7/site-packages/airflow/example_dags/example_nested_branch_dag.py
[2022-05-18 23:59:19,032] {processor.py:641} INFO - Processing file /home/airflow/.local/lib/python3.7/site-packages/airflow/example_dags/example_nested_branch_dag.py for tasks to queue
[2022-05-18 23:59:19,033] {logging_mixin.py:115} INFO - [2022-05-18 23:59:19,033] {dagbag.py:507} INFO - Filling up the DagBag from /home/airflow/.local/lib/python3.7/site-packages/airflow/example_dags/example_nested_branch_dag.py
[2022-05-18 23:59:19,189] {processor.py:651} INFO - DAG(s) dict_keys(['example_nested_branch_dag']) retrieved from /home/airflow/.local/lib/python3.7/site-packages/airflow/example_dags/example_nested_branch_dag.py
[2022-05-18 23:59:19,221] {logging_mixin.py:115} INFO - [2022-05-18 23:59:19,220] {dag.py:2371} INFO - Sync 1 DAGs
[2022-05-18 23:59:19,261] {logging_mixin.py:115} INFO - [2022-05-18 23:59:19,260] {dag.py:2919} INFO - Setting next_dagrun for example_nested_branch_dag to 2022-05-17T00:00:00+00:00, run_after=2022-05-18T00:00:00+00:00
[2022-05-18 23:59:19,277] {processor.py:161} INFO - Processing /home/airflow/.local/lib/python3.7/site-packages/airflow/example_dags/example_nested_branch_dag.py took 0.251 seconds
[2022-05-18 23:59:50,411] {processor.py:153} INFO - Started process (PID=1867) to work on /home/airflow/.local/lib/python3.7/site-packages/airflow/example_dags/example_nested_branch_dag.py
[2022-05-18 23:59:50,412] {processor.py:641} INFO - Processing file /home/airflow/.local/lib/python3.7/site-packages/airflow/example_dags/example_nested_branch_dag.py for tasks to queue
[2022-05-18 23:59:50,413] {logging_mixin.py:115} INFO - [2022-05-18 23:59:50,412] {dagbag.py:507} INFO - Filling up the DagBag from /home/airflow/.local/lib/python3.7/site-packages/airflow/example_dags/example_nested_branch_dag.py
[2022-05-18 23:59:50,593] {processor.py:651} INFO - DAG(s) dict_keys(['example_nested_branch_dag']) retrieved from /home/airflow/.local/lib/python3.7/site-packages/airflow/example_dags/example_nested_branch_dag.py
[2022-05-18 23:59:50,623] {logging_mixin.py:115} INFO - [2022-05-18 23:59:50,623] {dag.py:2371} INFO - Sync 1 DAGs
[2022-05-18 23:59:50,654] {logging_mixin.py:115} INFO - [2022-05-18 23:59:50,654] {dag.py:2919} INFO - Setting next_dagrun for example_nested_branch_dag to 2022-05-17T00:00:00+00:00, run_after=2022-05-18T00:00:00+00:00
[2022-05-18 23:59:50,671] {processor.py:161} INFO - Processing /home/airflow/.local/lib/python3.7/site-packages/airflow/example_dags/example_nested_branch_dag.py took 0.265 seconds
