[2022-05-18 23:42:52,667] {processor.py:153} INFO - Started process (PID=64) to work on /home/airflow/.local/lib/python3.7/site-packages/airflow/example_dags/example_task_group.py
[2022-05-18 23:42:52,668] {processor.py:641} INFO - Processing file /home/airflow/.local/lib/python3.7/site-packages/airflow/example_dags/example_task_group.py for tasks to queue
[2022-05-18 23:42:52,670] {logging_mixin.py:115} INFO - [2022-05-18 23:42:52,670] {dagbag.py:507} INFO - Filling up the DagBag from /home/airflow/.local/lib/python3.7/site-packages/airflow/example_dags/example_task_group.py
[2022-05-18 23:42:52,694] {processor.py:651} INFO - DAG(s) dict_keys(['example_task_group']) retrieved from /home/airflow/.local/lib/python3.7/site-packages/airflow/example_dags/example_task_group.py
[2022-05-18 23:42:53,890] {logging_mixin.py:115} INFO - [2022-05-18 23:42:53,889] {manager.py:508} INFO - Created Permission View: can edit on DAG:example_task_group
[2022-05-18 23:42:53,937] {logging_mixin.py:115} INFO - [2022-05-18 23:42:53,937] {manager.py:508} INFO - Created Permission View: can delete on DAG:example_task_group
[2022-05-18 23:42:53,990] {logging_mixin.py:115} INFO - [2022-05-18 23:42:53,989] {manager.py:508} INFO - Created Permission View: can read on DAG:example_task_group
[2022-05-18 23:42:53,991] {logging_mixin.py:115} INFO - [2022-05-18 23:42:53,991] {dag.py:2371} INFO - Sync 1 DAGs
[2022-05-18 23:42:54,037] {logging_mixin.py:115} INFO - [2022-05-18 23:42:54,036] {dag.py:2390} INFO - Creating ORM DAG for example_task_group
[2022-05-18 23:42:54,100] {logging_mixin.py:115} INFO - [2022-05-18 23:42:54,100] {dag.py:2919} INFO - Setting next_dagrun for example_task_group to 2022-05-17T23:42:54.098624+00:00, run_after=2022-05-18T23:42:54.098624+00:00
[2022-05-18 23:42:54,137] {processor.py:161} INFO - Processing /home/airflow/.local/lib/python3.7/site-packages/airflow/example_dags/example_task_group.py took 1.476 seconds
[2022-05-18 23:43:24,494] {processor.py:153} INFO - Started process (PID=126) to work on /home/airflow/.local/lib/python3.7/site-packages/airflow/example_dags/example_task_group.py
[2022-05-18 23:43:24,496] {processor.py:641} INFO - Processing file /home/airflow/.local/lib/python3.7/site-packages/airflow/example_dags/example_task_group.py for tasks to queue
[2022-05-18 23:43:24,498] {logging_mixin.py:115} INFO - [2022-05-18 23:43:24,497] {dagbag.py:507} INFO - Filling up the DagBag from /home/airflow/.local/lib/python3.7/site-packages/airflow/example_dags/example_task_group.py
[2022-05-18 23:43:24,513] {processor.py:651} INFO - DAG(s) dict_keys(['example_task_group']) retrieved from /home/airflow/.local/lib/python3.7/site-packages/airflow/example_dags/example_task_group.py
[2022-05-18 23:43:24,585] {logging_mixin.py:115} INFO - [2022-05-18 23:43:24,585] {dag.py:2371} INFO - Sync 1 DAGs
[2022-05-18 23:43:25,473] {logging_mixin.py:115} INFO - [2022-05-18 23:43:25,473] {dag.py:2919} INFO - Setting next_dagrun for example_task_group to 2022-05-17T23:43:25.472345+00:00, run_after=2022-05-18T23:43:25.472345+00:00
[2022-05-18 23:43:25,494] {processor.py:161} INFO - Processing /home/airflow/.local/lib/python3.7/site-packages/airflow/example_dags/example_task_group.py took 1.005 seconds
[2022-05-18 23:43:56,160] {processor.py:153} INFO - Started process (PID=180) to work on /home/airflow/.local/lib/python3.7/site-packages/airflow/example_dags/example_task_group.py
[2022-05-18 23:43:56,161] {processor.py:641} INFO - Processing file /home/airflow/.local/lib/python3.7/site-packages/airflow/example_dags/example_task_group.py for tasks to queue
[2022-05-18 23:43:56,162] {logging_mixin.py:115} INFO - [2022-05-18 23:43:56,161] {dagbag.py:507} INFO - Filling up the DagBag from /home/airflow/.local/lib/python3.7/site-packages/airflow/example_dags/example_task_group.py
[2022-05-18 23:43:56,173] {processor.py:651} INFO - DAG(s) dict_keys(['example_task_group']) retrieved from /home/airflow/.local/lib/python3.7/site-packages/airflow/example_dags/example_task_group.py
[2022-05-18 23:43:56,208] {logging_mixin.py:115} INFO - [2022-05-18 23:43:56,208] {dag.py:2371} INFO - Sync 1 DAGs
[2022-05-18 23:43:56,394] {logging_mixin.py:115} INFO - [2022-05-18 23:43:56,394] {dag.py:2919} INFO - Setting next_dagrun for example_task_group to 2022-05-17T23:43:56.394135+00:00, run_after=2022-05-18T23:43:56.394135+00:00
[2022-05-18 23:43:56,408] {processor.py:161} INFO - Processing /home/airflow/.local/lib/python3.7/site-packages/airflow/example_dags/example_task_group.py took 0.252 seconds
[2022-05-18 23:44:27,239] {processor.py:153} INFO - Started process (PID=241) to work on /home/airflow/.local/lib/python3.7/site-packages/airflow/example_dags/example_task_group.py
[2022-05-18 23:44:27,240] {processor.py:641} INFO - Processing file /home/airflow/.local/lib/python3.7/site-packages/airflow/example_dags/example_task_group.py for tasks to queue
[2022-05-18 23:44:27,241] {logging_mixin.py:115} INFO - [2022-05-18 23:44:27,241] {dagbag.py:507} INFO - Filling up the DagBag from /home/airflow/.local/lib/python3.7/site-packages/airflow/example_dags/example_task_group.py
[2022-05-18 23:44:27,256] {processor.py:651} INFO - DAG(s) dict_keys(['example_task_group']) retrieved from /home/airflow/.local/lib/python3.7/site-packages/airflow/example_dags/example_task_group.py
[2022-05-18 23:44:27,296] {logging_mixin.py:115} INFO - [2022-05-18 23:44:27,296] {dag.py:2371} INFO - Sync 1 DAGs
[2022-05-18 23:44:27,493] {logging_mixin.py:115} INFO - [2022-05-18 23:44:27,493] {dag.py:2919} INFO - Setting next_dagrun for example_task_group to 2022-05-17T23:44:27.492878+00:00, run_after=2022-05-18T23:44:27.492878+00:00
[2022-05-18 23:44:27,513] {processor.py:161} INFO - Processing /home/airflow/.local/lib/python3.7/site-packages/airflow/example_dags/example_task_group.py took 0.278 seconds
[2022-05-18 23:44:57,974] {processor.py:153} INFO - Started process (PID=297) to work on /home/airflow/.local/lib/python3.7/site-packages/airflow/example_dags/example_task_group.py
[2022-05-18 23:44:57,976] {processor.py:641} INFO - Processing file /home/airflow/.local/lib/python3.7/site-packages/airflow/example_dags/example_task_group.py for tasks to queue
[2022-05-18 23:44:57,978] {logging_mixin.py:115} INFO - [2022-05-18 23:44:57,977] {dagbag.py:507} INFO - Filling up the DagBag from /home/airflow/.local/lib/python3.7/site-packages/airflow/example_dags/example_task_group.py
[2022-05-18 23:44:58,000] {processor.py:651} INFO - DAG(s) dict_keys(['example_task_group']) retrieved from /home/airflow/.local/lib/python3.7/site-packages/airflow/example_dags/example_task_group.py
[2022-05-18 23:44:58,076] {logging_mixin.py:115} INFO - [2022-05-18 23:44:58,075] {dag.py:2371} INFO - Sync 1 DAGs
[2022-05-18 23:44:58,404] {logging_mixin.py:115} INFO - [2022-05-18 23:44:58,403] {dag.py:2919} INFO - Setting next_dagrun for example_task_group to 2022-05-17T23:44:58.400702+00:00, run_after=2022-05-18T23:44:58.400702+00:00
[2022-05-18 23:44:58,435] {processor.py:161} INFO - Processing /home/airflow/.local/lib/python3.7/site-packages/airflow/example_dags/example_task_group.py took 0.468 seconds
[2022-05-18 23:45:29,444] {processor.py:153} INFO - Started process (PID=350) to work on /home/airflow/.local/lib/python3.7/site-packages/airflow/example_dags/example_task_group.py
[2022-05-18 23:45:29,446] {processor.py:641} INFO - Processing file /home/airflow/.local/lib/python3.7/site-packages/airflow/example_dags/example_task_group.py for tasks to queue
[2022-05-18 23:45:29,447] {logging_mixin.py:115} INFO - [2022-05-18 23:45:29,447] {dagbag.py:507} INFO - Filling up the DagBag from /home/airflow/.local/lib/python3.7/site-packages/airflow/example_dags/example_task_group.py
[2022-05-18 23:45:29,480] {processor.py:651} INFO - DAG(s) dict_keys(['example_task_group']) retrieved from /home/airflow/.local/lib/python3.7/site-packages/airflow/example_dags/example_task_group.py
[2022-05-18 23:45:29,609] {logging_mixin.py:115} INFO - [2022-05-18 23:45:29,609] {dag.py:2371} INFO - Sync 1 DAGs
[2022-05-18 23:45:30,275] {logging_mixin.py:115} INFO - [2022-05-18 23:45:30,274] {dag.py:2919} INFO - Setting next_dagrun for example_task_group to 2022-05-17T23:45:30.273739+00:00, run_after=2022-05-18T23:45:30.273739+00:00
[2022-05-18 23:45:30,293] {processor.py:161} INFO - Processing /home/airflow/.local/lib/python3.7/site-packages/airflow/example_dags/example_task_group.py took 0.856 seconds
[2022-05-18 23:46:00,765] {processor.py:153} INFO - Started process (PID=404) to work on /home/airflow/.local/lib/python3.7/site-packages/airflow/example_dags/example_task_group.py
[2022-05-18 23:46:00,766] {processor.py:641} INFO - Processing file /home/airflow/.local/lib/python3.7/site-packages/airflow/example_dags/example_task_group.py for tasks to queue
[2022-05-18 23:46:00,768] {logging_mixin.py:115} INFO - [2022-05-18 23:46:00,768] {dagbag.py:507} INFO - Filling up the DagBag from /home/airflow/.local/lib/python3.7/site-packages/airflow/example_dags/example_task_group.py
[2022-05-18 23:46:00,785] {processor.py:651} INFO - DAG(s) dict_keys(['example_task_group']) retrieved from /home/airflow/.local/lib/python3.7/site-packages/airflow/example_dags/example_task_group.py
[2022-05-18 23:46:00,834] {logging_mixin.py:115} INFO - [2022-05-18 23:46:00,834] {dag.py:2371} INFO - Sync 1 DAGs
[2022-05-18 23:46:01,140] {logging_mixin.py:115} INFO - [2022-05-18 23:46:01,140] {dag.py:2919} INFO - Setting next_dagrun for example_task_group to 2022-05-17T23:46:01.137039+00:00, run_after=2022-05-18T23:46:01.137039+00:00
[2022-05-18 23:46:01,174] {processor.py:161} INFO - Processing /home/airflow/.local/lib/python3.7/site-packages/airflow/example_dags/example_task_group.py took 0.415 seconds
[2022-05-18 23:46:31,830] {processor.py:153} INFO - Started process (PID=458) to work on /home/airflow/.local/lib/python3.7/site-packages/airflow/example_dags/example_task_group.py
[2022-05-18 23:46:31,831] {processor.py:641} INFO - Processing file /home/airflow/.local/lib/python3.7/site-packages/airflow/example_dags/example_task_group.py for tasks to queue
[2022-05-18 23:46:31,833] {logging_mixin.py:115} INFO - [2022-05-18 23:46:31,832] {dagbag.py:507} INFO - Filling up the DagBag from /home/airflow/.local/lib/python3.7/site-packages/airflow/example_dags/example_task_group.py
[2022-05-18 23:46:31,849] {processor.py:651} INFO - DAG(s) dict_keys(['example_task_group']) retrieved from /home/airflow/.local/lib/python3.7/site-packages/airflow/example_dags/example_task_group.py
[2022-05-18 23:46:31,899] {logging_mixin.py:115} INFO - [2022-05-18 23:46:31,899] {dag.py:2371} INFO - Sync 1 DAGs
[2022-05-18 23:46:32,089] {logging_mixin.py:115} INFO - [2022-05-18 23:46:32,089] {dag.py:2919} INFO - Setting next_dagrun for example_task_group to 2022-05-17T23:46:32.087064+00:00, run_after=2022-05-18T23:46:32.087064+00:00
[2022-05-18 23:46:32,110] {processor.py:161} INFO - Processing /home/airflow/.local/lib/python3.7/site-packages/airflow/example_dags/example_task_group.py took 0.284 seconds
[2022-05-18 23:47:02,545] {processor.py:153} INFO - Started process (PID=522) to work on /home/airflow/.local/lib/python3.7/site-packages/airflow/example_dags/example_task_group.py
[2022-05-18 23:47:02,546] {processor.py:641} INFO - Processing file /home/airflow/.local/lib/python3.7/site-packages/airflow/example_dags/example_task_group.py for tasks to queue
[2022-05-18 23:47:02,547] {logging_mixin.py:115} INFO - [2022-05-18 23:47:02,547] {dagbag.py:507} INFO - Filling up the DagBag from /home/airflow/.local/lib/python3.7/site-packages/airflow/example_dags/example_task_group.py
[2022-05-18 23:47:02,558] {processor.py:651} INFO - DAG(s) dict_keys(['example_task_group']) retrieved from /home/airflow/.local/lib/python3.7/site-packages/airflow/example_dags/example_task_group.py
[2022-05-18 23:47:02,594] {logging_mixin.py:115} INFO - [2022-05-18 23:47:02,594] {dag.py:2371} INFO - Sync 1 DAGs
[2022-05-18 23:47:02,787] {logging_mixin.py:115} INFO - [2022-05-18 23:47:02,787] {dag.py:2919} INFO - Setting next_dagrun for example_task_group to 2022-05-17T23:47:02.786035+00:00, run_after=2022-05-18T23:47:02.786035+00:00
[2022-05-18 23:47:02,814] {processor.py:161} INFO - Processing /home/airflow/.local/lib/python3.7/site-packages/airflow/example_dags/example_task_group.py took 0.272 seconds
[2022-05-18 23:47:33,465] {processor.py:153} INFO - Started process (PID=574) to work on /home/airflow/.local/lib/python3.7/site-packages/airflow/example_dags/example_task_group.py
[2022-05-18 23:47:33,467] {processor.py:641} INFO - Processing file /home/airflow/.local/lib/python3.7/site-packages/airflow/example_dags/example_task_group.py for tasks to queue
[2022-05-18 23:47:33,468] {logging_mixin.py:115} INFO - [2022-05-18 23:47:33,468] {dagbag.py:507} INFO - Filling up the DagBag from /home/airflow/.local/lib/python3.7/site-packages/airflow/example_dags/example_task_group.py
[2022-05-18 23:47:33,491] {processor.py:651} INFO - DAG(s) dict_keys(['example_task_group']) retrieved from /home/airflow/.local/lib/python3.7/site-packages/airflow/example_dags/example_task_group.py
[2022-05-18 23:47:33,554] {logging_mixin.py:115} INFO - [2022-05-18 23:47:33,553] {dag.py:2371} INFO - Sync 1 DAGs
[2022-05-18 23:47:33,847] {logging_mixin.py:115} INFO - [2022-05-18 23:47:33,846] {dag.py:2919} INFO - Setting next_dagrun for example_task_group to 2022-05-17T23:47:33.844346+00:00, run_after=2022-05-18T23:47:33.844346+00:00
[2022-05-18 23:47:33,890] {processor.py:161} INFO - Processing /home/airflow/.local/lib/python3.7/site-packages/airflow/example_dags/example_task_group.py took 0.431 seconds
[2022-05-18 23:48:04,148] {processor.py:153} INFO - Started process (PID=637) to work on /home/airflow/.local/lib/python3.7/site-packages/airflow/example_dags/example_task_group.py
[2022-05-18 23:48:04,149] {processor.py:641} INFO - Processing file /home/airflow/.local/lib/python3.7/site-packages/airflow/example_dags/example_task_group.py for tasks to queue
[2022-05-18 23:48:04,150] {logging_mixin.py:115} INFO - [2022-05-18 23:48:04,150] {dagbag.py:507} INFO - Filling up the DagBag from /home/airflow/.local/lib/python3.7/site-packages/airflow/example_dags/example_task_group.py
[2022-05-18 23:48:04,170] {processor.py:651} INFO - DAG(s) dict_keys(['example_task_group']) retrieved from /home/airflow/.local/lib/python3.7/site-packages/airflow/example_dags/example_task_group.py
[2022-05-18 23:48:04,258] {logging_mixin.py:115} INFO - [2022-05-18 23:48:04,258] {dag.py:2371} INFO - Sync 1 DAGs
[2022-05-18 23:48:04,494] {logging_mixin.py:115} INFO - [2022-05-18 23:48:04,493] {dag.py:2919} INFO - Setting next_dagrun for example_task_group to 2022-05-17T23:48:04.492643+00:00, run_after=2022-05-18T23:48:04.492643+00:00
[2022-05-18 23:48:04,520] {processor.py:161} INFO - Processing /home/airflow/.local/lib/python3.7/site-packages/airflow/example_dags/example_task_group.py took 0.379 seconds
[2022-05-18 23:48:35,630] {processor.py:153} INFO - Started process (PID=671) to work on /home/airflow/.local/lib/python3.7/site-packages/airflow/example_dags/example_task_group.py
[2022-05-18 23:48:35,631] {processor.py:641} INFO - Processing file /home/airflow/.local/lib/python3.7/site-packages/airflow/example_dags/example_task_group.py for tasks to queue
[2022-05-18 23:48:35,632] {logging_mixin.py:115} INFO - [2022-05-18 23:48:35,632] {dagbag.py:507} INFO - Filling up the DagBag from /home/airflow/.local/lib/python3.7/site-packages/airflow/example_dags/example_task_group.py
[2022-05-18 23:48:35,642] {processor.py:651} INFO - DAG(s) dict_keys(['example_task_group']) retrieved from /home/airflow/.local/lib/python3.7/site-packages/airflow/example_dags/example_task_group.py
[2022-05-18 23:48:35,681] {logging_mixin.py:115} INFO - [2022-05-18 23:48:35,681] {dag.py:2371} INFO - Sync 1 DAGs
[2022-05-18 23:48:35,837] {logging_mixin.py:115} INFO - [2022-05-18 23:48:35,836] {dag.py:2919} INFO - Setting next_dagrun for example_task_group to 2022-05-17T23:48:35.836698+00:00, run_after=2022-05-18T23:48:35.836698+00:00
[2022-05-18 23:48:35,852] {processor.py:161} INFO - Processing /home/airflow/.local/lib/python3.7/site-packages/airflow/example_dags/example_task_group.py took 0.226 seconds
[2022-05-18 23:49:08,354] {processor.py:153} INFO - Started process (PID=735) to work on /home/airflow/.local/lib/python3.7/site-packages/airflow/example_dags/example_task_group.py
[2022-05-18 23:49:08,356] {processor.py:641} INFO - Processing file /home/airflow/.local/lib/python3.7/site-packages/airflow/example_dags/example_task_group.py for tasks to queue
[2022-05-18 23:49:08,358] {logging_mixin.py:115} INFO - [2022-05-18 23:49:08,358] {dagbag.py:507} INFO - Filling up the DagBag from /home/airflow/.local/lib/python3.7/site-packages/airflow/example_dags/example_task_group.py
[2022-05-18 23:49:08,383] {processor.py:651} INFO - DAG(s) dict_keys(['example_task_group']) retrieved from /home/airflow/.local/lib/python3.7/site-packages/airflow/example_dags/example_task_group.py
[2022-05-18 23:49:08,462] {logging_mixin.py:115} INFO - [2022-05-18 23:49:08,462] {dag.py:2371} INFO - Sync 1 DAGs
[2022-05-18 23:49:08,731] {logging_mixin.py:115} INFO - [2022-05-18 23:49:08,731] {dag.py:2919} INFO - Setting next_dagrun for example_task_group to 2022-05-17T23:49:08.730455+00:00, run_after=2022-05-18T23:49:08.730455+00:00
[2022-05-18 23:49:08,753] {processor.py:161} INFO - Processing /home/airflow/.local/lib/python3.7/site-packages/airflow/example_dags/example_task_group.py took 0.410 seconds
[2022-05-18 23:49:39,573] {processor.py:153} INFO - Started process (PID=787) to work on /home/airflow/.local/lib/python3.7/site-packages/airflow/example_dags/example_task_group.py
[2022-05-18 23:49:39,574] {processor.py:641} INFO - Processing file /home/airflow/.local/lib/python3.7/site-packages/airflow/example_dags/example_task_group.py for tasks to queue
[2022-05-18 23:49:39,576] {logging_mixin.py:115} INFO - [2022-05-18 23:49:39,575] {dagbag.py:507} INFO - Filling up the DagBag from /home/airflow/.local/lib/python3.7/site-packages/airflow/example_dags/example_task_group.py
[2022-05-18 23:49:39,591] {processor.py:651} INFO - DAG(s) dict_keys(['example_task_group']) retrieved from /home/airflow/.local/lib/python3.7/site-packages/airflow/example_dags/example_task_group.py
[2022-05-18 23:49:39,645] {logging_mixin.py:115} INFO - [2022-05-18 23:49:39,644] {dag.py:2371} INFO - Sync 1 DAGs
[2022-05-18 23:49:39,815] {logging_mixin.py:115} INFO - [2022-05-18 23:49:39,815] {dag.py:2919} INFO - Setting next_dagrun for example_task_group to 2022-05-17T23:49:39.815289+00:00, run_after=2022-05-18T23:49:39.815289+00:00
[2022-05-18 23:49:39,831] {processor.py:161} INFO - Processing /home/airflow/.local/lib/python3.7/site-packages/airflow/example_dags/example_task_group.py took 0.263 seconds
[2022-05-18 23:50:12,611] {processor.py:153} INFO - Started process (PID=851) to work on /home/airflow/.local/lib/python3.7/site-packages/airflow/example_dags/example_task_group.py
[2022-05-18 23:50:12,612] {processor.py:641} INFO - Processing file /home/airflow/.local/lib/python3.7/site-packages/airflow/example_dags/example_task_group.py for tasks to queue
[2022-05-18 23:50:12,614] {logging_mixin.py:115} INFO - [2022-05-18 23:50:12,614] {dagbag.py:507} INFO - Filling up the DagBag from /home/airflow/.local/lib/python3.7/site-packages/airflow/example_dags/example_task_group.py
[2022-05-18 23:50:12,635] {processor.py:651} INFO - DAG(s) dict_keys(['example_task_group']) retrieved from /home/airflow/.local/lib/python3.7/site-packages/airflow/example_dags/example_task_group.py
[2022-05-18 23:50:12,701] {logging_mixin.py:115} INFO - [2022-05-18 23:50:12,701] {dag.py:2371} INFO - Sync 1 DAGs
[2022-05-18 23:50:13,015] {logging_mixin.py:115} INFO - [2022-05-18 23:50:13,015] {dag.py:2919} INFO - Setting next_dagrun for example_task_group to 2022-05-17T23:50:13.015506+00:00, run_after=2022-05-18T23:50:13.015506+00:00
[2022-05-18 23:50:13,032] {processor.py:161} INFO - Processing /home/airflow/.local/lib/python3.7/site-packages/airflow/example_dags/example_task_group.py took 0.428 seconds
[2022-05-18 23:51:10,520] {processor.py:153} INFO - Started process (PID=901) to work on /home/airflow/.local/lib/python3.7/site-packages/airflow/example_dags/example_task_group.py
[2022-05-18 23:51:10,521] {processor.py:641} INFO - Processing file /home/airflow/.local/lib/python3.7/site-packages/airflow/example_dags/example_task_group.py for tasks to queue
[2022-05-18 23:51:10,523] {logging_mixin.py:115} INFO - [2022-05-18 23:51:10,523] {dagbag.py:507} INFO - Filling up the DagBag from /home/airflow/.local/lib/python3.7/site-packages/airflow/example_dags/example_task_group.py
[2022-05-18 23:51:10,544] {processor.py:651} INFO - DAG(s) dict_keys(['example_task_group']) retrieved from /home/airflow/.local/lib/python3.7/site-packages/airflow/example_dags/example_task_group.py
[2022-05-18 23:51:10,618] {logging_mixin.py:115} INFO - [2022-05-18 23:51:10,618] {dag.py:2371} INFO - Sync 1 DAGs
[2022-05-18 23:51:10,902] {logging_mixin.py:115} INFO - [2022-05-18 23:51:10,902] {dag.py:2919} INFO - Setting next_dagrun for example_task_group to 2022-05-17T23:51:10.902012+00:00, run_after=2022-05-18T23:51:10.902012+00:00
[2022-05-18 23:51:10,930] {processor.py:161} INFO - Processing /home/airflow/.local/lib/python3.7/site-packages/airflow/example_dags/example_task_group.py took 0.418 seconds
[2022-05-18 23:51:41,030] {processor.py:153} INFO - Started process (PID=953) to work on /home/airflow/.local/lib/python3.7/site-packages/airflow/example_dags/example_task_group.py
[2022-05-18 23:51:41,031] {processor.py:641} INFO - Processing file /home/airflow/.local/lib/python3.7/site-packages/airflow/example_dags/example_task_group.py for tasks to queue
[2022-05-18 23:51:41,032] {logging_mixin.py:115} INFO - [2022-05-18 23:51:41,032] {dagbag.py:507} INFO - Filling up the DagBag from /home/airflow/.local/lib/python3.7/site-packages/airflow/example_dags/example_task_group.py
[2022-05-18 23:51:41,041] {processor.py:651} INFO - DAG(s) dict_keys(['example_task_group']) retrieved from /home/airflow/.local/lib/python3.7/site-packages/airflow/example_dags/example_task_group.py
[2022-05-18 23:51:41,076] {logging_mixin.py:115} INFO - [2022-05-18 23:51:41,076] {dag.py:2371} INFO - Sync 1 DAGs
[2022-05-18 23:51:41,231] {logging_mixin.py:115} INFO - [2022-05-18 23:51:41,231] {dag.py:2919} INFO - Setting next_dagrun for example_task_group to 2022-05-17T23:51:41.231281+00:00, run_after=2022-05-18T23:51:41.231281+00:00
[2022-05-18 23:51:41,244] {processor.py:161} INFO - Processing /home/airflow/.local/lib/python3.7/site-packages/airflow/example_dags/example_task_group.py took 0.217 seconds
[2022-05-18 23:52:11,432] {processor.py:153} INFO - Started process (PID=1006) to work on /home/airflow/.local/lib/python3.7/site-packages/airflow/example_dags/example_task_group.py
[2022-05-18 23:52:11,433] {processor.py:641} INFO - Processing file /home/airflow/.local/lib/python3.7/site-packages/airflow/example_dags/example_task_group.py for tasks to queue
[2022-05-18 23:52:11,434] {logging_mixin.py:115} INFO - [2022-05-18 23:52:11,434] {dagbag.py:507} INFO - Filling up the DagBag from /home/airflow/.local/lib/python3.7/site-packages/airflow/example_dags/example_task_group.py
[2022-05-18 23:52:11,444] {processor.py:651} INFO - DAG(s) dict_keys(['example_task_group']) retrieved from /home/airflow/.local/lib/python3.7/site-packages/airflow/example_dags/example_task_group.py
[2022-05-18 23:52:11,483] {logging_mixin.py:115} INFO - [2022-05-18 23:52:11,483] {dag.py:2371} INFO - Sync 1 DAGs
[2022-05-18 23:52:11,642] {logging_mixin.py:115} INFO - [2022-05-18 23:52:11,641] {dag.py:2919} INFO - Setting next_dagrun for example_task_group to 2022-05-17T23:52:11.641422+00:00, run_after=2022-05-18T23:52:11.641422+00:00
[2022-05-18 23:52:11,676] {processor.py:161} INFO - Processing /home/airflow/.local/lib/python3.7/site-packages/airflow/example_dags/example_task_group.py took 0.248 seconds
[2022-05-18 23:52:41,914] {processor.py:153} INFO - Started process (PID=1069) to work on /home/airflow/.local/lib/python3.7/site-packages/airflow/example_dags/example_task_group.py
[2022-05-18 23:52:41,915] {processor.py:641} INFO - Processing file /home/airflow/.local/lib/python3.7/site-packages/airflow/example_dags/example_task_group.py for tasks to queue
[2022-05-18 23:52:41,916] {logging_mixin.py:115} INFO - [2022-05-18 23:52:41,916] {dagbag.py:507} INFO - Filling up the DagBag from /home/airflow/.local/lib/python3.7/site-packages/airflow/example_dags/example_task_group.py
[2022-05-18 23:52:41,925] {processor.py:651} INFO - DAG(s) dict_keys(['example_task_group']) retrieved from /home/airflow/.local/lib/python3.7/site-packages/airflow/example_dags/example_task_group.py
[2022-05-18 23:52:41,965] {logging_mixin.py:115} INFO - [2022-05-18 23:52:41,964] {dag.py:2371} INFO - Sync 1 DAGs
[2022-05-18 23:52:42,123] {logging_mixin.py:115} INFO - [2022-05-18 23:52:42,123] {dag.py:2919} INFO - Setting next_dagrun for example_task_group to 2022-05-17T23:52:42.123068+00:00, run_after=2022-05-18T23:52:42.123068+00:00
[2022-05-18 23:52:42,137] {processor.py:161} INFO - Processing /home/airflow/.local/lib/python3.7/site-packages/airflow/example_dags/example_task_group.py took 0.226 seconds
[2022-05-18 23:53:12,823] {processor.py:153} INFO - Started process (PID=1122) to work on /home/airflow/.local/lib/python3.7/site-packages/airflow/example_dags/example_task_group.py
[2022-05-18 23:53:12,826] {processor.py:641} INFO - Processing file /home/airflow/.local/lib/python3.7/site-packages/airflow/example_dags/example_task_group.py for tasks to queue
[2022-05-18 23:53:12,829] {logging_mixin.py:115} INFO - [2022-05-18 23:53:12,828] {dagbag.py:507} INFO - Filling up the DagBag from /home/airflow/.local/lib/python3.7/site-packages/airflow/example_dags/example_task_group.py
[2022-05-18 23:53:12,848] {processor.py:651} INFO - DAG(s) dict_keys(['example_task_group']) retrieved from /home/airflow/.local/lib/python3.7/site-packages/airflow/example_dags/example_task_group.py
[2022-05-18 23:53:12,925] {logging_mixin.py:115} INFO - [2022-05-18 23:53:12,925] {dag.py:2371} INFO - Sync 1 DAGs
[2022-05-18 23:53:12,973] {logging_mixin.py:115} INFO - [2022-05-18 23:53:12,973] {dag.py:2919} INFO - Setting next_dagrun for example_task_group to 2022-05-17T23:53:12.973158+00:00, run_after=2022-05-18T23:53:12.973158+00:00
[2022-05-18 23:53:12,995] {processor.py:161} INFO - Processing /home/airflow/.local/lib/python3.7/site-packages/airflow/example_dags/example_task_group.py took 0.180 seconds
[2022-05-18 23:53:43,354] {processor.py:153} INFO - Started process (PID=1185) to work on /home/airflow/.local/lib/python3.7/site-packages/airflow/example_dags/example_task_group.py
[2022-05-18 23:53:43,355] {processor.py:641} INFO - Processing file /home/airflow/.local/lib/python3.7/site-packages/airflow/example_dags/example_task_group.py for tasks to queue
[2022-05-18 23:53:43,356] {logging_mixin.py:115} INFO - [2022-05-18 23:53:43,356] {dagbag.py:507} INFO - Filling up the DagBag from /home/airflow/.local/lib/python3.7/site-packages/airflow/example_dags/example_task_group.py
[2022-05-18 23:53:43,365] {processor.py:651} INFO - DAG(s) dict_keys(['example_task_group']) retrieved from /home/airflow/.local/lib/python3.7/site-packages/airflow/example_dags/example_task_group.py
[2022-05-18 23:53:43,403] {logging_mixin.py:115} INFO - [2022-05-18 23:53:43,403] {dag.py:2371} INFO - Sync 1 DAGs
[2022-05-18 23:53:43,430] {logging_mixin.py:115} INFO - [2022-05-18 23:53:43,429] {dag.py:2919} INFO - Setting next_dagrun for example_task_group to 2022-05-17T23:53:43.429628+00:00, run_after=2022-05-18T23:53:43.429628+00:00
[2022-05-18 23:53:43,445] {processor.py:161} INFO - Processing /home/airflow/.local/lib/python3.7/site-packages/airflow/example_dags/example_task_group.py took 0.095 seconds
[2022-05-18 23:54:13,676] {processor.py:153} INFO - Started process (PID=1246) to work on /home/airflow/.local/lib/python3.7/site-packages/airflow/example_dags/example_task_group.py
[2022-05-18 23:54:13,677] {processor.py:641} INFO - Processing file /home/airflow/.local/lib/python3.7/site-packages/airflow/example_dags/example_task_group.py for tasks to queue
[2022-05-18 23:54:13,679] {logging_mixin.py:115} INFO - [2022-05-18 23:54:13,678] {dagbag.py:507} INFO - Filling up the DagBag from /home/airflow/.local/lib/python3.7/site-packages/airflow/example_dags/example_task_group.py
[2022-05-18 23:54:13,696] {processor.py:651} INFO - DAG(s) dict_keys(['example_task_group']) retrieved from /home/airflow/.local/lib/python3.7/site-packages/airflow/example_dags/example_task_group.py
[2022-05-18 23:54:13,759] {logging_mixin.py:115} INFO - [2022-05-18 23:54:13,759] {dag.py:2371} INFO - Sync 1 DAGs
[2022-05-18 23:54:13,805] {logging_mixin.py:115} INFO - [2022-05-18 23:54:13,805] {dag.py:2919} INFO - Setting next_dagrun for example_task_group to 2022-05-17T23:54:13.804913+00:00, run_after=2022-05-18T23:54:13.804913+00:00
[2022-05-18 23:54:13,828] {processor.py:161} INFO - Processing /home/airflow/.local/lib/python3.7/site-packages/airflow/example_dags/example_task_group.py took 0.157 seconds
[2022-05-18 23:54:44,438] {processor.py:153} INFO - Started process (PID=1303) to work on /home/airflow/.local/lib/python3.7/site-packages/airflow/example_dags/example_task_group.py
[2022-05-18 23:54:44,439] {processor.py:641} INFO - Processing file /home/airflow/.local/lib/python3.7/site-packages/airflow/example_dags/example_task_group.py for tasks to queue
[2022-05-18 23:54:44,440] {logging_mixin.py:115} INFO - [2022-05-18 23:54:44,440] {dagbag.py:507} INFO - Filling up the DagBag from /home/airflow/.local/lib/python3.7/site-packages/airflow/example_dags/example_task_group.py
[2022-05-18 23:54:44,452] {processor.py:651} INFO - DAG(s) dict_keys(['example_task_group']) retrieved from /home/airflow/.local/lib/python3.7/site-packages/airflow/example_dags/example_task_group.py
[2022-05-18 23:54:44,490] {logging_mixin.py:115} INFO - [2022-05-18 23:54:44,490] {dag.py:2371} INFO - Sync 1 DAGs
[2022-05-18 23:54:44,520] {logging_mixin.py:115} INFO - [2022-05-18 23:54:44,520] {dag.py:2919} INFO - Setting next_dagrun for example_task_group to 2022-05-17T23:54:44.519855+00:00, run_after=2022-05-18T23:54:44.519855+00:00
[2022-05-18 23:54:44,536] {processor.py:161} INFO - Processing /home/airflow/.local/lib/python3.7/site-packages/airflow/example_dags/example_task_group.py took 0.102 seconds
[2022-05-18 23:55:15,053] {processor.py:153} INFO - Started process (PID=1365) to work on /home/airflow/.local/lib/python3.7/site-packages/airflow/example_dags/example_task_group.py
[2022-05-18 23:55:15,054] {processor.py:641} INFO - Processing file /home/airflow/.local/lib/python3.7/site-packages/airflow/example_dags/example_task_group.py for tasks to queue
[2022-05-18 23:55:15,055] {logging_mixin.py:115} INFO - [2022-05-18 23:55:15,055] {dagbag.py:507} INFO - Filling up the DagBag from /home/airflow/.local/lib/python3.7/site-packages/airflow/example_dags/example_task_group.py
[2022-05-18 23:55:15,070] {processor.py:651} INFO - DAG(s) dict_keys(['example_task_group']) retrieved from /home/airflow/.local/lib/python3.7/site-packages/airflow/example_dags/example_task_group.py
[2022-05-18 23:55:15,133] {logging_mixin.py:115} INFO - [2022-05-18 23:55:15,133] {dag.py:2371} INFO - Sync 1 DAGs
[2022-05-18 23:55:15,170] {logging_mixin.py:115} INFO - [2022-05-18 23:55:15,170] {dag.py:2919} INFO - Setting next_dagrun for example_task_group to 2022-05-17T23:55:15.170544+00:00, run_after=2022-05-18T23:55:15.170544+00:00
[2022-05-18 23:55:15,189] {processor.py:161} INFO - Processing /home/airflow/.local/lib/python3.7/site-packages/airflow/example_dags/example_task_group.py took 0.142 seconds
[2022-05-18 23:55:45,644] {processor.py:153} INFO - Started process (PID=1418) to work on /home/airflow/.local/lib/python3.7/site-packages/airflow/example_dags/example_task_group.py
[2022-05-18 23:55:45,645] {processor.py:641} INFO - Processing file /home/airflow/.local/lib/python3.7/site-packages/airflow/example_dags/example_task_group.py for tasks to queue
[2022-05-18 23:55:45,646] {logging_mixin.py:115} INFO - [2022-05-18 23:55:45,646] {dagbag.py:507} INFO - Filling up the DagBag from /home/airflow/.local/lib/python3.7/site-packages/airflow/example_dags/example_task_group.py
[2022-05-18 23:55:45,656] {processor.py:651} INFO - DAG(s) dict_keys(['example_task_group']) retrieved from /home/airflow/.local/lib/python3.7/site-packages/airflow/example_dags/example_task_group.py
[2022-05-18 23:55:45,690] {logging_mixin.py:115} INFO - [2022-05-18 23:55:45,690] {dag.py:2371} INFO - Sync 1 DAGs
[2022-05-18 23:55:45,717] {logging_mixin.py:115} INFO - [2022-05-18 23:55:45,717] {dag.py:2919} INFO - Setting next_dagrun for example_task_group to 2022-05-17T23:55:45.716780+00:00, run_after=2022-05-18T23:55:45.716780+00:00
[2022-05-18 23:55:45,732] {processor.py:161} INFO - Processing /home/airflow/.local/lib/python3.7/site-packages/airflow/example_dags/example_task_group.py took 0.092 seconds
[2022-05-18 23:56:16,445] {processor.py:153} INFO - Started process (PID=1479) to work on /home/airflow/.local/lib/python3.7/site-packages/airflow/example_dags/example_task_group.py
[2022-05-18 23:56:16,446] {processor.py:641} INFO - Processing file /home/airflow/.local/lib/python3.7/site-packages/airflow/example_dags/example_task_group.py for tasks to queue
[2022-05-18 23:56:16,448] {logging_mixin.py:115} INFO - [2022-05-18 23:56:16,448] {dagbag.py:507} INFO - Filling up the DagBag from /home/airflow/.local/lib/python3.7/site-packages/airflow/example_dags/example_task_group.py
[2022-05-18 23:56:16,466] {processor.py:651} INFO - DAG(s) dict_keys(['example_task_group']) retrieved from /home/airflow/.local/lib/python3.7/site-packages/airflow/example_dags/example_task_group.py
[2022-05-18 23:56:16,523] {logging_mixin.py:115} INFO - [2022-05-18 23:56:16,523] {dag.py:2371} INFO - Sync 1 DAGs
[2022-05-18 23:56:16,581] {logging_mixin.py:115} INFO - [2022-05-18 23:56:16,580] {dag.py:2919} INFO - Setting next_dagrun for example_task_group to 2022-05-17T23:56:16.580053+00:00, run_after=2022-05-18T23:56:16.580053+00:00
[2022-05-18 23:56:16,611] {processor.py:161} INFO - Processing /home/airflow/.local/lib/python3.7/site-packages/airflow/example_dags/example_task_group.py took 0.172 seconds
[2022-05-18 23:56:46,947] {processor.py:153} INFO - Started process (PID=1532) to work on /home/airflow/.local/lib/python3.7/site-packages/airflow/example_dags/example_task_group.py
[2022-05-18 23:56:46,948] {processor.py:641} INFO - Processing file /home/airflow/.local/lib/python3.7/site-packages/airflow/example_dags/example_task_group.py for tasks to queue
[2022-05-18 23:56:46,949] {logging_mixin.py:115} INFO - [2022-05-18 23:56:46,949] {dagbag.py:507} INFO - Filling up the DagBag from /home/airflow/.local/lib/python3.7/site-packages/airflow/example_dags/example_task_group.py
[2022-05-18 23:56:46,961] {processor.py:651} INFO - DAG(s) dict_keys(['example_task_group']) retrieved from /home/airflow/.local/lib/python3.7/site-packages/airflow/example_dags/example_task_group.py
[2022-05-18 23:56:47,004] {logging_mixin.py:115} INFO - [2022-05-18 23:56:47,004] {dag.py:2371} INFO - Sync 1 DAGs
[2022-05-18 23:56:47,028] {logging_mixin.py:115} INFO - [2022-05-18 23:56:47,028] {dag.py:2919} INFO - Setting next_dagrun for example_task_group to 2022-05-17T23:56:47.028239+00:00, run_after=2022-05-18T23:56:47.028239+00:00
[2022-05-18 23:56:47,040] {processor.py:161} INFO - Processing /home/airflow/.local/lib/python3.7/site-packages/airflow/example_dags/example_task_group.py took 0.097 seconds
[2022-05-18 23:57:18,011] {processor.py:153} INFO - Started process (PID=1595) to work on /home/airflow/.local/lib/python3.7/site-packages/airflow/example_dags/example_task_group.py
[2022-05-18 23:57:18,012] {processor.py:641} INFO - Processing file /home/airflow/.local/lib/python3.7/site-packages/airflow/example_dags/example_task_group.py for tasks to queue
[2022-05-18 23:57:18,013] {logging_mixin.py:115} INFO - [2022-05-18 23:57:18,013] {dagbag.py:507} INFO - Filling up the DagBag from /home/airflow/.local/lib/python3.7/site-packages/airflow/example_dags/example_task_group.py
[2022-05-18 23:57:18,028] {processor.py:651} INFO - DAG(s) dict_keys(['example_task_group']) retrieved from /home/airflow/.local/lib/python3.7/site-packages/airflow/example_dags/example_task_group.py
[2022-05-18 23:57:18,077] {logging_mixin.py:115} INFO - [2022-05-18 23:57:18,077] {dag.py:2371} INFO - Sync 1 DAGs
[2022-05-18 23:57:18,115] {logging_mixin.py:115} INFO - [2022-05-18 23:57:18,114] {dag.py:2919} INFO - Setting next_dagrun for example_task_group to 2022-05-17T23:57:18.113449+00:00, run_after=2022-05-18T23:57:18.113449+00:00
[2022-05-18 23:57:18,137] {processor.py:161} INFO - Processing /home/airflow/.local/lib/python3.7/site-packages/airflow/example_dags/example_task_group.py took 0.131 seconds
[2022-05-18 23:57:48,274] {processor.py:153} INFO - Started process (PID=1647) to work on /home/airflow/.local/lib/python3.7/site-packages/airflow/example_dags/example_task_group.py
[2022-05-18 23:57:48,275] {processor.py:641} INFO - Processing file /home/airflow/.local/lib/python3.7/site-packages/airflow/example_dags/example_task_group.py for tasks to queue
[2022-05-18 23:57:48,276] {logging_mixin.py:115} INFO - [2022-05-18 23:57:48,276] {dagbag.py:507} INFO - Filling up the DagBag from /home/airflow/.local/lib/python3.7/site-packages/airflow/example_dags/example_task_group.py
[2022-05-18 23:57:48,285] {processor.py:651} INFO - DAG(s) dict_keys(['example_task_group']) retrieved from /home/airflow/.local/lib/python3.7/site-packages/airflow/example_dags/example_task_group.py
[2022-05-18 23:57:48,522] {logging_mixin.py:115} INFO - [2022-05-18 23:57:48,522] {dag.py:2371} INFO - Sync 1 DAGs
[2022-05-18 23:57:48,555] {logging_mixin.py:115} INFO - [2022-05-18 23:57:48,554] {dag.py:2919} INFO - Setting next_dagrun for example_task_group to 2022-05-17T23:57:48.553509+00:00, run_after=2022-05-18T23:57:48.553509+00:00
[2022-05-18 23:57:48,576] {processor.py:161} INFO - Processing /home/airflow/.local/lib/python3.7/site-packages/airflow/example_dags/example_task_group.py took 0.306 seconds
[2022-05-18 23:58:19,324] {processor.py:153} INFO - Started process (PID=1702) to work on /home/airflow/.local/lib/python3.7/site-packages/airflow/example_dags/example_task_group.py
[2022-05-18 23:58:19,325] {processor.py:641} INFO - Processing file /home/airflow/.local/lib/python3.7/site-packages/airflow/example_dags/example_task_group.py for tasks to queue
[2022-05-18 23:58:19,326] {logging_mixin.py:115} INFO - [2022-05-18 23:58:19,326] {dagbag.py:507} INFO - Filling up the DagBag from /home/airflow/.local/lib/python3.7/site-packages/airflow/example_dags/example_task_group.py
[2022-05-18 23:58:19,342] {processor.py:651} INFO - DAG(s) dict_keys(['example_task_group']) retrieved from /home/airflow/.local/lib/python3.7/site-packages/airflow/example_dags/example_task_group.py
[2022-05-18 23:58:19,570] {logging_mixin.py:115} INFO - [2022-05-18 23:58:19,570] {dag.py:2371} INFO - Sync 1 DAGs
[2022-05-18 23:58:19,607] {logging_mixin.py:115} INFO - [2022-05-18 23:58:19,607] {dag.py:2919} INFO - Setting next_dagrun for example_task_group to 2022-05-17T23:58:19.605390+00:00, run_after=2022-05-18T23:58:19.605390+00:00
[2022-05-18 23:58:19,627] {processor.py:161} INFO - Processing /home/airflow/.local/lib/python3.7/site-packages/airflow/example_dags/example_task_group.py took 0.308 seconds
[2022-05-18 23:58:50,015] {processor.py:153} INFO - Started process (PID=1756) to work on /home/airflow/.local/lib/python3.7/site-packages/airflow/example_dags/example_task_group.py
[2022-05-18 23:58:50,016] {processor.py:641} INFO - Processing file /home/airflow/.local/lib/python3.7/site-packages/airflow/example_dags/example_task_group.py for tasks to queue
[2022-05-18 23:58:50,017] {logging_mixin.py:115} INFO - [2022-05-18 23:58:50,017] {dagbag.py:507} INFO - Filling up the DagBag from /home/airflow/.local/lib/python3.7/site-packages/airflow/example_dags/example_task_group.py
[2022-05-18 23:58:50,028] {processor.py:651} INFO - DAG(s) dict_keys(['example_task_group']) retrieved from /home/airflow/.local/lib/python3.7/site-packages/airflow/example_dags/example_task_group.py
[2022-05-18 23:58:50,201] {logging_mixin.py:115} INFO - [2022-05-18 23:58:50,201] {dag.py:2371} INFO - Sync 1 DAGs
[2022-05-18 23:58:50,228] {logging_mixin.py:115} INFO - [2022-05-18 23:58:50,228] {dag.py:2919} INFO - Setting next_dagrun for example_task_group to 2022-05-17T23:58:50.228112+00:00, run_after=2022-05-18T23:58:50.228112+00:00
[2022-05-18 23:58:50,243] {processor.py:161} INFO - Processing /home/airflow/.local/lib/python3.7/site-packages/airflow/example_dags/example_task_group.py took 0.232 seconds
[2022-05-18 23:59:20,586] {processor.py:153} INFO - Started process (PID=1809) to work on /home/airflow/.local/lib/python3.7/site-packages/airflow/example_dags/example_task_group.py
[2022-05-18 23:59:20,587] {processor.py:641} INFO - Processing file /home/airflow/.local/lib/python3.7/site-packages/airflow/example_dags/example_task_group.py for tasks to queue
[2022-05-18 23:59:20,590] {logging_mixin.py:115} INFO - [2022-05-18 23:59:20,590] {dagbag.py:507} INFO - Filling up the DagBag from /home/airflow/.local/lib/python3.7/site-packages/airflow/example_dags/example_task_group.py
[2022-05-18 23:59:20,600] {processor.py:651} INFO - DAG(s) dict_keys(['example_task_group']) retrieved from /home/airflow/.local/lib/python3.7/site-packages/airflow/example_dags/example_task_group.py
[2022-05-18 23:59:20,770] {logging_mixin.py:115} INFO - [2022-05-18 23:59:20,770] {dag.py:2371} INFO - Sync 1 DAGs
[2022-05-18 23:59:20,796] {logging_mixin.py:115} INFO - [2022-05-18 23:59:20,796] {dag.py:2919} INFO - Setting next_dagrun for example_task_group to 2022-05-17T23:59:20.796055+00:00, run_after=2022-05-18T23:59:20.796055+00:00
[2022-05-18 23:59:20,811] {processor.py:161} INFO - Processing /home/airflow/.local/lib/python3.7/site-packages/airflow/example_dags/example_task_group.py took 0.229 seconds
[2022-05-18 23:59:51,346] {processor.py:153} INFO - Started process (PID=1872) to work on /home/airflow/.local/lib/python3.7/site-packages/airflow/example_dags/example_task_group.py
[2022-05-18 23:59:51,347] {processor.py:641} INFO - Processing file /home/airflow/.local/lib/python3.7/site-packages/airflow/example_dags/example_task_group.py for tasks to queue
[2022-05-18 23:59:51,348] {logging_mixin.py:115} INFO - [2022-05-18 23:59:51,348] {dagbag.py:507} INFO - Filling up the DagBag from /home/airflow/.local/lib/python3.7/site-packages/airflow/example_dags/example_task_group.py
[2022-05-18 23:59:51,359] {processor.py:651} INFO - DAG(s) dict_keys(['example_task_group']) retrieved from /home/airflow/.local/lib/python3.7/site-packages/airflow/example_dags/example_task_group.py
[2022-05-18 23:59:51,560] {logging_mixin.py:115} INFO - [2022-05-18 23:59:51,560] {dag.py:2371} INFO - Sync 1 DAGs
[2022-05-18 23:59:51,593] {logging_mixin.py:115} INFO - [2022-05-18 23:59:51,593] {dag.py:2919} INFO - Setting next_dagrun for example_task_group to 2022-05-17T23:59:51.592737+00:00, run_after=2022-05-18T23:59:51.592737+00:00
[2022-05-18 23:59:51,609] {processor.py:161} INFO - Processing /home/airflow/.local/lib/python3.7/site-packages/airflow/example_dags/example_task_group.py took 0.267 seconds
