[2022-05-18 23:42:50,800] {processor.py:153} INFO - Started process (PID=62) to work on /home/airflow/.local/lib/python3.7/site-packages/airflow/example_dags/example_branch_operator_decorator.py
[2022-05-18 23:42:50,802] {processor.py:641} INFO - Processing file /home/airflow/.local/lib/python3.7/site-packages/airflow/example_dags/example_branch_operator_decorator.py for tasks to queue
[2022-05-18 23:42:50,805] {logging_mixin.py:115} INFO - [2022-05-18 23:42:50,804] {dagbag.py:507} INFO - Filling up the DagBag from /home/airflow/.local/lib/python3.7/site-packages/airflow/example_dags/example_branch_operator_decorator.py
[2022-05-18 23:42:50,862] {processor.py:651} INFO - DAG(s) dict_keys(['example_branch_python_operator_decorator']) retrieved from /home/airflow/.local/lib/python3.7/site-packages/airflow/example_dags/example_branch_operator_decorator.py
[2022-05-18 23:42:52,429] {logging_mixin.py:115} INFO - [2022-05-18 23:42:52,429] {manager.py:508} INFO - Created Permission View: can edit on DAG:example_branch_python_operator_decorator
[2022-05-18 23:42:52,456] {logging_mixin.py:115} INFO - [2022-05-18 23:42:52,455] {manager.py:508} INFO - Created Permission View: can delete on DAG:example_branch_python_operator_decorator
[2022-05-18 23:42:52,473] {logging_mixin.py:115} INFO - [2022-05-18 23:42:52,473] {manager.py:508} INFO - Created Permission View: can read on DAG:example_branch_python_operator_decorator
[2022-05-18 23:42:52,474] {logging_mixin.py:115} INFO - [2022-05-18 23:42:52,474] {dag.py:2371} INFO - Sync 1 DAGs
[2022-05-18 23:42:52,512] {logging_mixin.py:115} INFO - [2022-05-18 23:42:52,511] {dag.py:2390} INFO - Creating ORM DAG for example_branch_python_operator_decorator
[2022-05-18 23:42:52,562] {logging_mixin.py:115} INFO - [2022-05-18 23:42:52,562] {dag.py:2919} INFO - Setting next_dagrun for example_branch_python_operator_decorator to 2022-05-17T00:00:00+00:00, run_after=2022-05-18T00:00:00+00:00
[2022-05-18 23:42:52,616] {processor.py:161} INFO - Processing /home/airflow/.local/lib/python3.7/site-packages/airflow/example_dags/example_branch_operator_decorator.py took 1.823 seconds
[2022-05-18 23:43:23,042] {processor.py:153} INFO - Started process (PID=124) to work on /home/airflow/.local/lib/python3.7/site-packages/airflow/example_dags/example_branch_operator_decorator.py
[2022-05-18 23:43:23,044] {processor.py:641} INFO - Processing file /home/airflow/.local/lib/python3.7/site-packages/airflow/example_dags/example_branch_operator_decorator.py for tasks to queue
[2022-05-18 23:43:23,045] {logging_mixin.py:115} INFO - [2022-05-18 23:43:23,045] {dagbag.py:507} INFO - Filling up the DagBag from /home/airflow/.local/lib/python3.7/site-packages/airflow/example_dags/example_branch_operator_decorator.py
[2022-05-18 23:43:23,081] {processor.py:651} INFO - DAG(s) dict_keys(['example_branch_python_operator_decorator']) retrieved from /home/airflow/.local/lib/python3.7/site-packages/airflow/example_dags/example_branch_operator_decorator.py
[2022-05-18 23:43:23,123] {logging_mixin.py:115} INFO - [2022-05-18 23:43:23,123] {dag.py:2371} INFO - Sync 1 DAGs
[2022-05-18 23:43:23,359] {logging_mixin.py:115} INFO - [2022-05-18 23:43:23,359] {dag.py:2919} INFO - Setting next_dagrun for example_branch_python_operator_decorator to 2022-05-17T00:00:00+00:00, run_after=2022-05-18T00:00:00+00:00
[2022-05-18 23:43:23,423] {processor.py:161} INFO - Processing /home/airflow/.local/lib/python3.7/site-packages/airflow/example_dags/example_branch_operator_decorator.py took 0.385 seconds
[2022-05-18 23:43:53,872] {processor.py:153} INFO - Started process (PID=178) to work on /home/airflow/.local/lib/python3.7/site-packages/airflow/example_dags/example_branch_operator_decorator.py
[2022-05-18 23:43:53,873] {processor.py:641} INFO - Processing file /home/airflow/.local/lib/python3.7/site-packages/airflow/example_dags/example_branch_operator_decorator.py for tasks to queue
[2022-05-18 23:43:53,874] {logging_mixin.py:115} INFO - [2022-05-18 23:43:53,874] {dagbag.py:507} INFO - Filling up the DagBag from /home/airflow/.local/lib/python3.7/site-packages/airflow/example_dags/example_branch_operator_decorator.py
[2022-05-18 23:43:53,910] {processor.py:651} INFO - DAG(s) dict_keys(['example_branch_python_operator_decorator']) retrieved from /home/airflow/.local/lib/python3.7/site-packages/airflow/example_dags/example_branch_operator_decorator.py
[2022-05-18 23:43:53,956] {logging_mixin.py:115} INFO - [2022-05-18 23:43:53,956] {dag.py:2371} INFO - Sync 1 DAGs
[2022-05-18 23:43:54,154] {logging_mixin.py:115} INFO - [2022-05-18 23:43:54,154] {dag.py:2919} INFO - Setting next_dagrun for example_branch_python_operator_decorator to 2022-05-17T00:00:00+00:00, run_after=2022-05-18T00:00:00+00:00
[2022-05-18 23:43:54,169] {processor.py:161} INFO - Processing /home/airflow/.local/lib/python3.7/site-packages/airflow/example_dags/example_branch_operator_decorator.py took 0.301 seconds
[2022-05-18 23:44:24,997] {processor.py:153} INFO - Started process (PID=232) to work on /home/airflow/.local/lib/python3.7/site-packages/airflow/example_dags/example_branch_operator_decorator.py
[2022-05-18 23:44:24,998] {processor.py:641} INFO - Processing file /home/airflow/.local/lib/python3.7/site-packages/airflow/example_dags/example_branch_operator_decorator.py for tasks to queue
[2022-05-18 23:44:24,999] {logging_mixin.py:115} INFO - [2022-05-18 23:44:24,999] {dagbag.py:507} INFO - Filling up the DagBag from /home/airflow/.local/lib/python3.7/site-packages/airflow/example_dags/example_branch_operator_decorator.py
[2022-05-18 23:44:25,030] {processor.py:651} INFO - DAG(s) dict_keys(['example_branch_python_operator_decorator']) retrieved from /home/airflow/.local/lib/python3.7/site-packages/airflow/example_dags/example_branch_operator_decorator.py
[2022-05-18 23:44:25,067] {logging_mixin.py:115} INFO - [2022-05-18 23:44:25,067] {dag.py:2371} INFO - Sync 1 DAGs
[2022-05-18 23:44:25,226] {logging_mixin.py:115} INFO - [2022-05-18 23:44:25,226] {dag.py:2919} INFO - Setting next_dagrun for example_branch_python_operator_decorator to 2022-05-17T00:00:00+00:00, run_after=2022-05-18T00:00:00+00:00
[2022-05-18 23:44:25,239] {processor.py:161} INFO - Processing /home/airflow/.local/lib/python3.7/site-packages/airflow/example_dags/example_branch_operator_decorator.py took 0.246 seconds
[2022-05-18 23:44:57,321] {processor.py:153} INFO - Started process (PID=295) to work on /home/airflow/.local/lib/python3.7/site-packages/airflow/example_dags/example_branch_operator_decorator.py
[2022-05-18 23:44:57,323] {processor.py:641} INFO - Processing file /home/airflow/.local/lib/python3.7/site-packages/airflow/example_dags/example_branch_operator_decorator.py for tasks to queue
[2022-05-18 23:44:57,328] {logging_mixin.py:115} INFO - [2022-05-18 23:44:57,327] {dagbag.py:507} INFO - Filling up the DagBag from /home/airflow/.local/lib/python3.7/site-packages/airflow/example_dags/example_branch_operator_decorator.py
[2022-05-18 23:44:57,441] {processor.py:651} INFO - DAG(s) dict_keys(['example_branch_python_operator_decorator']) retrieved from /home/airflow/.local/lib/python3.7/site-packages/airflow/example_dags/example_branch_operator_decorator.py
[2022-05-18 23:44:57,554] {logging_mixin.py:115} INFO - [2022-05-18 23:44:57,554] {dag.py:2371} INFO - Sync 1 DAGs
[2022-05-18 23:44:57,898] {logging_mixin.py:115} INFO - [2022-05-18 23:44:57,898] {dag.py:2919} INFO - Setting next_dagrun for example_branch_python_operator_decorator to 2022-05-17T00:00:00+00:00, run_after=2022-05-18T00:00:00+00:00
[2022-05-18 23:44:57,926] {processor.py:161} INFO - Processing /home/airflow/.local/lib/python3.7/site-packages/airflow/example_dags/example_branch_operator_decorator.py took 0.612 seconds
[2022-05-18 23:45:28,447] {processor.py:153} INFO - Started process (PID=348) to work on /home/airflow/.local/lib/python3.7/site-packages/airflow/example_dags/example_branch_operator_decorator.py
[2022-05-18 23:45:28,448] {processor.py:641} INFO - Processing file /home/airflow/.local/lib/python3.7/site-packages/airflow/example_dags/example_branch_operator_decorator.py for tasks to queue
[2022-05-18 23:45:28,450] {logging_mixin.py:115} INFO - [2022-05-18 23:45:28,449] {dagbag.py:507} INFO - Filling up the DagBag from /home/airflow/.local/lib/python3.7/site-packages/airflow/example_dags/example_branch_operator_decorator.py
[2022-05-18 23:45:28,513] {processor.py:651} INFO - DAG(s) dict_keys(['example_branch_python_operator_decorator']) retrieved from /home/airflow/.local/lib/python3.7/site-packages/airflow/example_dags/example_branch_operator_decorator.py
[2022-05-18 23:45:28,607] {logging_mixin.py:115} INFO - [2022-05-18 23:45:28,607] {dag.py:2371} INFO - Sync 1 DAGs
[2022-05-18 23:45:29,100] {logging_mixin.py:115} INFO - [2022-05-18 23:45:29,100] {dag.py:2919} INFO - Setting next_dagrun for example_branch_python_operator_decorator to 2022-05-17T00:00:00+00:00, run_after=2022-05-18T00:00:00+00:00
[2022-05-18 23:45:29,148] {processor.py:161} INFO - Processing /home/airflow/.local/lib/python3.7/site-packages/airflow/example_dags/example_branch_operator_decorator.py took 0.718 seconds
[2022-05-18 23:45:59,326] {processor.py:153} INFO - Started process (PID=402) to work on /home/airflow/.local/lib/python3.7/site-packages/airflow/example_dags/example_branch_operator_decorator.py
[2022-05-18 23:45:59,331] {processor.py:641} INFO - Processing file /home/airflow/.local/lib/python3.7/site-packages/airflow/example_dags/example_branch_operator_decorator.py for tasks to queue
[2022-05-18 23:45:59,333] {logging_mixin.py:115} INFO - [2022-05-18 23:45:59,333] {dagbag.py:507} INFO - Filling up the DagBag from /home/airflow/.local/lib/python3.7/site-packages/airflow/example_dags/example_branch_operator_decorator.py
[2022-05-18 23:45:59,409] {processor.py:651} INFO - DAG(s) dict_keys(['example_branch_python_operator_decorator']) retrieved from /home/airflow/.local/lib/python3.7/site-packages/airflow/example_dags/example_branch_operator_decorator.py
[2022-05-18 23:45:59,474] {logging_mixin.py:115} INFO - [2022-05-18 23:45:59,474] {dag.py:2371} INFO - Sync 1 DAGs
[2022-05-18 23:45:59,718] {logging_mixin.py:115} INFO - [2022-05-18 23:45:59,717] {dag.py:2919} INFO - Setting next_dagrun for example_branch_python_operator_decorator to 2022-05-17T00:00:00+00:00, run_after=2022-05-18T00:00:00+00:00
[2022-05-18 23:45:59,737] {processor.py:161} INFO - Processing /home/airflow/.local/lib/python3.7/site-packages/airflow/example_dags/example_branch_operator_decorator.py took 0.419 seconds
[2022-05-18 23:46:30,140] {processor.py:153} INFO - Started process (PID=456) to work on /home/airflow/.local/lib/python3.7/site-packages/airflow/example_dags/example_branch_operator_decorator.py
[2022-05-18 23:46:30,141] {processor.py:641} INFO - Processing file /home/airflow/.local/lib/python3.7/site-packages/airflow/example_dags/example_branch_operator_decorator.py for tasks to queue
[2022-05-18 23:46:30,143] {logging_mixin.py:115} INFO - [2022-05-18 23:46:30,142] {dagbag.py:507} INFO - Filling up the DagBag from /home/airflow/.local/lib/python3.7/site-packages/airflow/example_dags/example_branch_operator_decorator.py
[2022-05-18 23:46:30,181] {processor.py:651} INFO - DAG(s) dict_keys(['example_branch_python_operator_decorator']) retrieved from /home/airflow/.local/lib/python3.7/site-packages/airflow/example_dags/example_branch_operator_decorator.py
[2022-05-18 23:46:30,224] {logging_mixin.py:115} INFO - [2022-05-18 23:46:30,224] {dag.py:2371} INFO - Sync 1 DAGs
[2022-05-18 23:46:30,692] {logging_mixin.py:115} INFO - [2022-05-18 23:46:30,690] {dag.py:2919} INFO - Setting next_dagrun for example_branch_python_operator_decorator to 2022-05-17T00:00:00+00:00, run_after=2022-05-18T00:00:00+00:00
[2022-05-18 23:46:30,793] {processor.py:161} INFO - Processing /home/airflow/.local/lib/python3.7/site-packages/airflow/example_dags/example_branch_operator_decorator.py took 0.658 seconds
[2022-05-18 23:47:01,541] {processor.py:153} INFO - Started process (PID=520) to work on /home/airflow/.local/lib/python3.7/site-packages/airflow/example_dags/example_branch_operator_decorator.py
[2022-05-18 23:47:01,542] {processor.py:641} INFO - Processing file /home/airflow/.local/lib/python3.7/site-packages/airflow/example_dags/example_branch_operator_decorator.py for tasks to queue
[2022-05-18 23:47:01,543] {logging_mixin.py:115} INFO - [2022-05-18 23:47:01,543] {dagbag.py:507} INFO - Filling up the DagBag from /home/airflow/.local/lib/python3.7/site-packages/airflow/example_dags/example_branch_operator_decorator.py
[2022-05-18 23:47:01,572] {processor.py:651} INFO - DAG(s) dict_keys(['example_branch_python_operator_decorator']) retrieved from /home/airflow/.local/lib/python3.7/site-packages/airflow/example_dags/example_branch_operator_decorator.py
[2022-05-18 23:47:01,613] {logging_mixin.py:115} INFO - [2022-05-18 23:47:01,613] {dag.py:2371} INFO - Sync 1 DAGs
[2022-05-18 23:47:01,776] {logging_mixin.py:115} INFO - [2022-05-18 23:47:01,776] {dag.py:2919} INFO - Setting next_dagrun for example_branch_python_operator_decorator to 2022-05-17T00:00:00+00:00, run_after=2022-05-18T00:00:00+00:00
[2022-05-18 23:47:01,791] {processor.py:161} INFO - Processing /home/airflow/.local/lib/python3.7/site-packages/airflow/example_dags/example_branch_operator_decorator.py took 0.254 seconds
[2022-05-18 23:47:32,209] {processor.py:153} INFO - Started process (PID=572) to work on /home/airflow/.local/lib/python3.7/site-packages/airflow/example_dags/example_branch_operator_decorator.py
[2022-05-18 23:47:32,210] {processor.py:641} INFO - Processing file /home/airflow/.local/lib/python3.7/site-packages/airflow/example_dags/example_branch_operator_decorator.py for tasks to queue
[2022-05-18 23:47:32,211] {logging_mixin.py:115} INFO - [2022-05-18 23:47:32,211] {dagbag.py:507} INFO - Filling up the DagBag from /home/airflow/.local/lib/python3.7/site-packages/airflow/example_dags/example_branch_operator_decorator.py
[2022-05-18 23:47:32,243] {processor.py:651} INFO - DAG(s) dict_keys(['example_branch_python_operator_decorator']) retrieved from /home/airflow/.local/lib/python3.7/site-packages/airflow/example_dags/example_branch_operator_decorator.py
[2022-05-18 23:47:32,281] {logging_mixin.py:115} INFO - [2022-05-18 23:47:32,281] {dag.py:2371} INFO - Sync 1 DAGs
[2022-05-18 23:47:32,437] {logging_mixin.py:115} INFO - [2022-05-18 23:47:32,436] {dag.py:2919} INFO - Setting next_dagrun for example_branch_python_operator_decorator to 2022-05-17T00:00:00+00:00, run_after=2022-05-18T00:00:00+00:00
[2022-05-18 23:47:32,449] {processor.py:161} INFO - Processing /home/airflow/.local/lib/python3.7/site-packages/airflow/example_dags/example_branch_operator_decorator.py took 0.244 seconds
[2022-05-18 23:48:02,693] {processor.py:153} INFO - Started process (PID=626) to work on /home/airflow/.local/lib/python3.7/site-packages/airflow/example_dags/example_branch_operator_decorator.py
[2022-05-18 23:48:02,694] {processor.py:641} INFO - Processing file /home/airflow/.local/lib/python3.7/site-packages/airflow/example_dags/example_branch_operator_decorator.py for tasks to queue
[2022-05-18 23:48:02,696] {logging_mixin.py:115} INFO - [2022-05-18 23:48:02,696] {dagbag.py:507} INFO - Filling up the DagBag from /home/airflow/.local/lib/python3.7/site-packages/airflow/example_dags/example_branch_operator_decorator.py
[2022-05-18 23:48:02,747] {processor.py:651} INFO - DAG(s) dict_keys(['example_branch_python_operator_decorator']) retrieved from /home/airflow/.local/lib/python3.7/site-packages/airflow/example_dags/example_branch_operator_decorator.py
[2022-05-18 23:48:02,997] {logging_mixin.py:115} INFO - [2022-05-18 23:48:02,996] {dag.py:2371} INFO - Sync 1 DAGs
[2022-05-18 23:48:03,086] {logging_mixin.py:115} INFO - [2022-05-18 23:48:03,085] {dag.py:2919} INFO - Setting next_dagrun for example_branch_python_operator_decorator to 2022-05-17T00:00:00+00:00, run_after=2022-05-18T00:00:00+00:00
[2022-05-18 23:48:03,115] {processor.py:161} INFO - Processing /home/airflow/.local/lib/python3.7/site-packages/airflow/example_dags/example_branch_operator_decorator.py took 0.429 seconds
[2022-05-18 23:48:35,366] {processor.py:153} INFO - Started process (PID=669) to work on /home/airflow/.local/lib/python3.7/site-packages/airflow/example_dags/example_branch_operator_decorator.py
[2022-05-18 23:48:35,367] {processor.py:641} INFO - Processing file /home/airflow/.local/lib/python3.7/site-packages/airflow/example_dags/example_branch_operator_decorator.py for tasks to queue
[2022-05-18 23:48:35,368] {logging_mixin.py:115} INFO - [2022-05-18 23:48:35,368] {dagbag.py:507} INFO - Filling up the DagBag from /home/airflow/.local/lib/python3.7/site-packages/airflow/example_dags/example_branch_operator_decorator.py
[2022-05-18 23:48:35,398] {processor.py:651} INFO - DAG(s) dict_keys(['example_branch_python_operator_decorator']) retrieved from /home/airflow/.local/lib/python3.7/site-packages/airflow/example_dags/example_branch_operator_decorator.py
[2022-05-18 23:48:35,556] {logging_mixin.py:115} INFO - [2022-05-18 23:48:35,556] {dag.py:2371} INFO - Sync 1 DAGs
[2022-05-18 23:48:35,585] {logging_mixin.py:115} INFO - [2022-05-18 23:48:35,585] {dag.py:2919} INFO - Setting next_dagrun for example_branch_python_operator_decorator to 2022-05-17T00:00:00+00:00, run_after=2022-05-18T00:00:00+00:00
[2022-05-18 23:48:35,601] {processor.py:161} INFO - Processing /home/airflow/.local/lib/python3.7/site-packages/airflow/example_dags/example_branch_operator_decorator.py took 0.239 seconds
[2022-05-18 23:49:07,032] {processor.py:153} INFO - Started process (PID=733) to work on /home/airflow/.local/lib/python3.7/site-packages/airflow/example_dags/example_branch_operator_decorator.py
[2022-05-18 23:49:07,033] {processor.py:641} INFO - Processing file /home/airflow/.local/lib/python3.7/site-packages/airflow/example_dags/example_branch_operator_decorator.py for tasks to queue
[2022-05-18 23:49:07,039] {logging_mixin.py:115} INFO - [2022-05-18 23:49:07,039] {dagbag.py:507} INFO - Filling up the DagBag from /home/airflow/.local/lib/python3.7/site-packages/airflow/example_dags/example_branch_operator_decorator.py
[2022-05-18 23:49:07,202] {processor.py:651} INFO - DAG(s) dict_keys(['example_branch_python_operator_decorator']) retrieved from /home/airflow/.local/lib/python3.7/site-packages/airflow/example_dags/example_branch_operator_decorator.py
[2022-05-18 23:49:08,196] {logging_mixin.py:115} INFO - [2022-05-18 23:49:08,195] {dag.py:2371} INFO - Sync 1 DAGs
[2022-05-18 23:49:08,261] {logging_mixin.py:115} INFO - [2022-05-18 23:49:08,261] {dag.py:2919} INFO - Setting next_dagrun for example_branch_python_operator_decorator to 2022-05-17T00:00:00+00:00, run_after=2022-05-18T00:00:00+00:00
[2022-05-18 23:49:08,293] {processor.py:161} INFO - Processing /home/airflow/.local/lib/python3.7/site-packages/airflow/example_dags/example_branch_operator_decorator.py took 1.294 seconds
[2022-05-18 23:49:39,238] {processor.py:153} INFO - Started process (PID=785) to work on /home/airflow/.local/lib/python3.7/site-packages/airflow/example_dags/example_branch_operator_decorator.py
[2022-05-18 23:49:39,239] {processor.py:641} INFO - Processing file /home/airflow/.local/lib/python3.7/site-packages/airflow/example_dags/example_branch_operator_decorator.py for tasks to queue
[2022-05-18 23:49:39,240] {logging_mixin.py:115} INFO - [2022-05-18 23:49:39,240] {dagbag.py:507} INFO - Filling up the DagBag from /home/airflow/.local/lib/python3.7/site-packages/airflow/example_dags/example_branch_operator_decorator.py
[2022-05-18 23:49:39,279] {processor.py:651} INFO - DAG(s) dict_keys(['example_branch_python_operator_decorator']) retrieved from /home/airflow/.local/lib/python3.7/site-packages/airflow/example_dags/example_branch_operator_decorator.py
[2022-05-18 23:49:39,486] {logging_mixin.py:115} INFO - [2022-05-18 23:49:39,486] {dag.py:2371} INFO - Sync 1 DAGs
[2022-05-18 23:49:39,520] {logging_mixin.py:115} INFO - [2022-05-18 23:49:39,519] {dag.py:2919} INFO - Setting next_dagrun for example_branch_python_operator_decorator to 2022-05-17T00:00:00+00:00, run_after=2022-05-18T00:00:00+00:00
[2022-05-18 23:49:39,539] {processor.py:161} INFO - Processing /home/airflow/.local/lib/python3.7/site-packages/airflow/example_dags/example_branch_operator_decorator.py took 0.306 seconds
[2022-05-18 23:50:11,955] {processor.py:153} INFO - Started process (PID=849) to work on /home/airflow/.local/lib/python3.7/site-packages/airflow/example_dags/example_branch_operator_decorator.py
[2022-05-18 23:50:11,960] {processor.py:641} INFO - Processing file /home/airflow/.local/lib/python3.7/site-packages/airflow/example_dags/example_branch_operator_decorator.py for tasks to queue
[2022-05-18 23:50:11,965] {logging_mixin.py:115} INFO - [2022-05-18 23:50:11,964] {dagbag.py:507} INFO - Filling up the DagBag from /home/airflow/.local/lib/python3.7/site-packages/airflow/example_dags/example_branch_operator_decorator.py
[2022-05-18 23:50:12,076] {processor.py:651} INFO - DAG(s) dict_keys(['example_branch_python_operator_decorator']) retrieved from /home/airflow/.local/lib/python3.7/site-packages/airflow/example_dags/example_branch_operator_decorator.py
[2022-05-18 23:50:12,471] {logging_mixin.py:115} INFO - [2022-05-18 23:50:12,471] {dag.py:2371} INFO - Sync 1 DAGs
[2022-05-18 23:50:12,532] {logging_mixin.py:115} INFO - [2022-05-18 23:50:12,531] {dag.py:2919} INFO - Setting next_dagrun for example_branch_python_operator_decorator to 2022-05-17T00:00:00+00:00, run_after=2022-05-18T00:00:00+00:00
[2022-05-18 23:50:12,557] {processor.py:161} INFO - Processing /home/airflow/.local/lib/python3.7/site-packages/airflow/example_dags/example_branch_operator_decorator.py took 0.620 seconds
[2022-05-18 23:51:10,053] {processor.py:153} INFO - Started process (PID=899) to work on /home/airflow/.local/lib/python3.7/site-packages/airflow/example_dags/example_branch_operator_decorator.py
[2022-05-18 23:51:10,054] {processor.py:641} INFO - Processing file /home/airflow/.local/lib/python3.7/site-packages/airflow/example_dags/example_branch_operator_decorator.py for tasks to queue
[2022-05-18 23:51:10,056] {logging_mixin.py:115} INFO - [2022-05-18 23:51:10,056] {dagbag.py:507} INFO - Filling up the DagBag from /home/airflow/.local/lib/python3.7/site-packages/airflow/example_dags/example_branch_operator_decorator.py
[2022-05-18 23:51:10,116] {processor.py:651} INFO - DAG(s) dict_keys(['example_branch_python_operator_decorator']) retrieved from /home/airflow/.local/lib/python3.7/site-packages/airflow/example_dags/example_branch_operator_decorator.py
[2022-05-18 23:51:10,395] {logging_mixin.py:115} INFO - [2022-05-18 23:51:10,395] {dag.py:2371} INFO - Sync 1 DAGs
[2022-05-18 23:51:10,447] {logging_mixin.py:115} INFO - [2022-05-18 23:51:10,447] {dag.py:2919} INFO - Setting next_dagrun for example_branch_python_operator_decorator to 2022-05-17T00:00:00+00:00, run_after=2022-05-18T00:00:00+00:00
[2022-05-18 23:51:10,472] {processor.py:161} INFO - Processing /home/airflow/.local/lib/python3.7/site-packages/airflow/example_dags/example_branch_operator_decorator.py took 0.426 seconds
[2022-05-18 23:51:40,547] {processor.py:153} INFO - Started process (PID=951) to work on /home/airflow/.local/lib/python3.7/site-packages/airflow/example_dags/example_branch_operator_decorator.py
[2022-05-18 23:51:40,548] {processor.py:641} INFO - Processing file /home/airflow/.local/lib/python3.7/site-packages/airflow/example_dags/example_branch_operator_decorator.py for tasks to queue
[2022-05-18 23:51:40,549] {logging_mixin.py:115} INFO - [2022-05-18 23:51:40,549] {dagbag.py:507} INFO - Filling up the DagBag from /home/airflow/.local/lib/python3.7/site-packages/airflow/example_dags/example_branch_operator_decorator.py
[2022-05-18 23:51:40,573] {processor.py:651} INFO - DAG(s) dict_keys(['example_branch_python_operator_decorator']) retrieved from /home/airflow/.local/lib/python3.7/site-packages/airflow/example_dags/example_branch_operator_decorator.py
[2022-05-18 23:51:40,714] {logging_mixin.py:115} INFO - [2022-05-18 23:51:40,714] {dag.py:2371} INFO - Sync 1 DAGs
[2022-05-18 23:51:40,737] {logging_mixin.py:115} INFO - [2022-05-18 23:51:40,737] {dag.py:2919} INFO - Setting next_dagrun for example_branch_python_operator_decorator to 2022-05-17T00:00:00+00:00, run_after=2022-05-18T00:00:00+00:00
[2022-05-18 23:51:40,750] {processor.py:161} INFO - Processing /home/airflow/.local/lib/python3.7/site-packages/airflow/example_dags/example_branch_operator_decorator.py took 0.206 seconds
[2022-05-18 23:52:11,159] {processor.py:153} INFO - Started process (PID=1004) to work on /home/airflow/.local/lib/python3.7/site-packages/airflow/example_dags/example_branch_operator_decorator.py
[2022-05-18 23:52:11,160] {processor.py:641} INFO - Processing file /home/airflow/.local/lib/python3.7/site-packages/airflow/example_dags/example_branch_operator_decorator.py for tasks to queue
[2022-05-18 23:52:11,161] {logging_mixin.py:115} INFO - [2022-05-18 23:52:11,161] {dagbag.py:507} INFO - Filling up the DagBag from /home/airflow/.local/lib/python3.7/site-packages/airflow/example_dags/example_branch_operator_decorator.py
[2022-05-18 23:52:11,190] {processor.py:651} INFO - DAG(s) dict_keys(['example_branch_python_operator_decorator']) retrieved from /home/airflow/.local/lib/python3.7/site-packages/airflow/example_dags/example_branch_operator_decorator.py
[2022-05-18 23:52:11,358] {logging_mixin.py:115} INFO - [2022-05-18 23:52:11,358] {dag.py:2371} INFO - Sync 1 DAGs
[2022-05-18 23:52:11,387] {logging_mixin.py:115} INFO - [2022-05-18 23:52:11,387] {dag.py:2919} INFO - Setting next_dagrun for example_branch_python_operator_decorator to 2022-05-17T00:00:00+00:00, run_after=2022-05-18T00:00:00+00:00
[2022-05-18 23:52:11,402] {processor.py:161} INFO - Processing /home/airflow/.local/lib/python3.7/site-packages/airflow/example_dags/example_branch_operator_decorator.py took 0.248 seconds
[2022-05-18 23:52:41,679] {processor.py:153} INFO - Started process (PID=1067) to work on /home/airflow/.local/lib/python3.7/site-packages/airflow/example_dags/example_branch_operator_decorator.py
[2022-05-18 23:52:41,680] {processor.py:641} INFO - Processing file /home/airflow/.local/lib/python3.7/site-packages/airflow/example_dags/example_branch_operator_decorator.py for tasks to queue
[2022-05-18 23:52:41,681] {logging_mixin.py:115} INFO - [2022-05-18 23:52:41,681] {dagbag.py:507} INFO - Filling up the DagBag from /home/airflow/.local/lib/python3.7/site-packages/airflow/example_dags/example_branch_operator_decorator.py
[2022-05-18 23:52:41,705] {processor.py:651} INFO - DAG(s) dict_keys(['example_branch_python_operator_decorator']) retrieved from /home/airflow/.local/lib/python3.7/site-packages/airflow/example_dags/example_branch_operator_decorator.py
[2022-05-18 23:52:41,845] {logging_mixin.py:115} INFO - [2022-05-18 23:52:41,845] {dag.py:2371} INFO - Sync 1 DAGs
[2022-05-18 23:52:41,868] {logging_mixin.py:115} INFO - [2022-05-18 23:52:41,868] {dag.py:2919} INFO - Setting next_dagrun for example_branch_python_operator_decorator to 2022-05-17T00:00:00+00:00, run_after=2022-05-18T00:00:00+00:00
[2022-05-18 23:52:41,881] {processor.py:161} INFO - Processing /home/airflow/.local/lib/python3.7/site-packages/airflow/example_dags/example_branch_operator_decorator.py took 0.205 seconds
[2022-05-18 23:53:12,636] {processor.py:153} INFO - Started process (PID=1120) to work on /home/airflow/.local/lib/python3.7/site-packages/airflow/example_dags/example_branch_operator_decorator.py
[2022-05-18 23:53:12,637] {processor.py:641} INFO - Processing file /home/airflow/.local/lib/python3.7/site-packages/airflow/example_dags/example_branch_operator_decorator.py for tasks to queue
[2022-05-18 23:53:12,638] {logging_mixin.py:115} INFO - [2022-05-18 23:53:12,638] {dagbag.py:507} INFO - Filling up the DagBag from /home/airflow/.local/lib/python3.7/site-packages/airflow/example_dags/example_branch_operator_decorator.py
[2022-05-18 23:53:12,665] {processor.py:651} INFO - DAG(s) dict_keys(['example_branch_python_operator_decorator']) retrieved from /home/airflow/.local/lib/python3.7/site-packages/airflow/example_dags/example_branch_operator_decorator.py
[2022-05-18 23:53:12,696] {logging_mixin.py:115} INFO - [2022-05-18 23:53:12,696] {dag.py:2371} INFO - Sync 1 DAGs
[2022-05-18 23:53:12,727] {logging_mixin.py:115} INFO - [2022-05-18 23:53:12,727] {dag.py:2919} INFO - Setting next_dagrun for example_branch_python_operator_decorator to 2022-05-17T00:00:00+00:00, run_after=2022-05-18T00:00:00+00:00
[2022-05-18 23:53:12,755] {processor.py:161} INFO - Processing /home/airflow/.local/lib/python3.7/site-packages/airflow/example_dags/example_branch_operator_decorator.py took 0.123 seconds
[2022-05-18 23:53:43,279] {processor.py:153} INFO - Started process (PID=1184) to work on /home/airflow/.local/lib/python3.7/site-packages/airflow/example_dags/example_branch_operator_decorator.py
[2022-05-18 23:53:43,280] {processor.py:641} INFO - Processing file /home/airflow/.local/lib/python3.7/site-packages/airflow/example_dags/example_branch_operator_decorator.py for tasks to queue
[2022-05-18 23:53:43,281] {logging_mixin.py:115} INFO - [2022-05-18 23:53:43,281] {dagbag.py:507} INFO - Filling up the DagBag from /home/airflow/.local/lib/python3.7/site-packages/airflow/example_dags/example_branch_operator_decorator.py
[2022-05-18 23:53:43,312] {processor.py:651} INFO - DAG(s) dict_keys(['example_branch_python_operator_decorator']) retrieved from /home/airflow/.local/lib/python3.7/site-packages/airflow/example_dags/example_branch_operator_decorator.py
[2022-05-18 23:53:43,345] {logging_mixin.py:115} INFO - [2022-05-18 23:53:43,345] {dag.py:2371} INFO - Sync 1 DAGs
[2022-05-18 23:53:43,376] {logging_mixin.py:115} INFO - [2022-05-18 23:53:43,376] {dag.py:2919} INFO - Setting next_dagrun for example_branch_python_operator_decorator to 2022-05-17T00:00:00+00:00, run_after=2022-05-18T00:00:00+00:00
[2022-05-18 23:53:43,391] {processor.py:161} INFO - Processing /home/airflow/.local/lib/python3.7/site-packages/airflow/example_dags/example_branch_operator_decorator.py took 0.116 seconds
[2022-05-18 23:54:13,565] {processor.py:153} INFO - Started process (PID=1245) to work on /home/airflow/.local/lib/python3.7/site-packages/airflow/example_dags/example_branch_operator_decorator.py
[2022-05-18 23:54:13,566] {processor.py:641} INFO - Processing file /home/airflow/.local/lib/python3.7/site-packages/airflow/example_dags/example_branch_operator_decorator.py for tasks to queue
[2022-05-18 23:54:13,568] {logging_mixin.py:115} INFO - [2022-05-18 23:54:13,568] {dagbag.py:507} INFO - Filling up the DagBag from /home/airflow/.local/lib/python3.7/site-packages/airflow/example_dags/example_branch_operator_decorator.py
[2022-05-18 23:54:13,611] {processor.py:651} INFO - DAG(s) dict_keys(['example_branch_python_operator_decorator']) retrieved from /home/airflow/.local/lib/python3.7/site-packages/airflow/example_dags/example_branch_operator_decorator.py
[2022-05-18 23:54:13,662] {logging_mixin.py:115} INFO - [2022-05-18 23:54:13,662] {dag.py:2371} INFO - Sync 1 DAGs
[2022-05-18 23:54:13,717] {logging_mixin.py:115} INFO - [2022-05-18 23:54:13,717] {dag.py:2919} INFO - Setting next_dagrun for example_branch_python_operator_decorator to 2022-05-17T00:00:00+00:00, run_after=2022-05-18T00:00:00+00:00
[2022-05-18 23:54:13,741] {processor.py:161} INFO - Processing /home/airflow/.local/lib/python3.7/site-packages/airflow/example_dags/example_branch_operator_decorator.py took 0.184 seconds
[2022-05-18 23:54:44,301] {processor.py:153} INFO - Started process (PID=1301) to work on /home/airflow/.local/lib/python3.7/site-packages/airflow/example_dags/example_branch_operator_decorator.py
[2022-05-18 23:54:44,302] {processor.py:641} INFO - Processing file /home/airflow/.local/lib/python3.7/site-packages/airflow/example_dags/example_branch_operator_decorator.py for tasks to queue
[2022-05-18 23:54:44,303] {logging_mixin.py:115} INFO - [2022-05-18 23:54:44,303] {dagbag.py:507} INFO - Filling up the DagBag from /home/airflow/.local/lib/python3.7/site-packages/airflow/example_dags/example_branch_operator_decorator.py
[2022-05-18 23:54:44,334] {processor.py:651} INFO - DAG(s) dict_keys(['example_branch_python_operator_decorator']) retrieved from /home/airflow/.local/lib/python3.7/site-packages/airflow/example_dags/example_branch_operator_decorator.py
[2022-05-18 23:54:44,368] {logging_mixin.py:115} INFO - [2022-05-18 23:54:44,368] {dag.py:2371} INFO - Sync 1 DAGs
[2022-05-18 23:54:44,398] {logging_mixin.py:115} INFO - [2022-05-18 23:54:44,398] {dag.py:2919} INFO - Setting next_dagrun for example_branch_python_operator_decorator to 2022-05-17T00:00:00+00:00, run_after=2022-05-18T00:00:00+00:00
[2022-05-18 23:54:44,413] {processor.py:161} INFO - Processing /home/airflow/.local/lib/python3.7/site-packages/airflow/example_dags/example_branch_operator_decorator.py took 0.116 seconds
[2022-05-18 23:55:14,830] {processor.py:153} INFO - Started process (PID=1361) to work on /home/airflow/.local/lib/python3.7/site-packages/airflow/example_dags/example_branch_operator_decorator.py
[2022-05-18 23:55:14,831] {processor.py:641} INFO - Processing file /home/airflow/.local/lib/python3.7/site-packages/airflow/example_dags/example_branch_operator_decorator.py for tasks to queue
[2022-05-18 23:55:14,832] {logging_mixin.py:115} INFO - [2022-05-18 23:55:14,832] {dagbag.py:507} INFO - Filling up the DagBag from /home/airflow/.local/lib/python3.7/site-packages/airflow/example_dags/example_branch_operator_decorator.py
[2022-05-18 23:55:14,873] {processor.py:651} INFO - DAG(s) dict_keys(['example_branch_python_operator_decorator']) retrieved from /home/airflow/.local/lib/python3.7/site-packages/airflow/example_dags/example_branch_operator_decorator.py
[2022-05-18 23:55:14,935] {logging_mixin.py:115} INFO - [2022-05-18 23:55:14,935] {dag.py:2371} INFO - Sync 1 DAGs
[2022-05-18 23:55:14,989] {logging_mixin.py:115} INFO - [2022-05-18 23:55:14,989] {dag.py:2919} INFO - Setting next_dagrun for example_branch_python_operator_decorator to 2022-05-17T00:00:00+00:00, run_after=2022-05-18T00:00:00+00:00
[2022-05-18 23:55:15,016] {processor.py:161} INFO - Processing /home/airflow/.local/lib/python3.7/site-packages/airflow/example_dags/example_branch_operator_decorator.py took 0.194 seconds
[2022-05-18 23:55:45,516] {processor.py:153} INFO - Started process (PID=1416) to work on /home/airflow/.local/lib/python3.7/site-packages/airflow/example_dags/example_branch_operator_decorator.py
[2022-05-18 23:55:45,517] {processor.py:641} INFO - Processing file /home/airflow/.local/lib/python3.7/site-packages/airflow/example_dags/example_branch_operator_decorator.py for tasks to queue
[2022-05-18 23:55:45,518] {logging_mixin.py:115} INFO - [2022-05-18 23:55:45,518] {dagbag.py:507} INFO - Filling up the DagBag from /home/airflow/.local/lib/python3.7/site-packages/airflow/example_dags/example_branch_operator_decorator.py
[2022-05-18 23:55:45,546] {processor.py:651} INFO - DAG(s) dict_keys(['example_branch_python_operator_decorator']) retrieved from /home/airflow/.local/lib/python3.7/site-packages/airflow/example_dags/example_branch_operator_decorator.py
[2022-05-18 23:55:45,577] {logging_mixin.py:115} INFO - [2022-05-18 23:55:45,577] {dag.py:2371} INFO - Sync 1 DAGs
[2022-05-18 23:55:45,604] {logging_mixin.py:115} INFO - [2022-05-18 23:55:45,603] {dag.py:2919} INFO - Setting next_dagrun for example_branch_python_operator_decorator to 2022-05-17T00:00:00+00:00, run_after=2022-05-18T00:00:00+00:00
[2022-05-18 23:55:45,619] {processor.py:161} INFO - Processing /home/airflow/.local/lib/python3.7/site-packages/airflow/example_dags/example_branch_operator_decorator.py took 0.107 seconds
[2022-05-18 23:56:16,232] {processor.py:153} INFO - Started process (PID=1477) to work on /home/airflow/.local/lib/python3.7/site-packages/airflow/example_dags/example_branch_operator_decorator.py
[2022-05-18 23:56:16,233] {processor.py:641} INFO - Processing file /home/airflow/.local/lib/python3.7/site-packages/airflow/example_dags/example_branch_operator_decorator.py for tasks to queue
[2022-05-18 23:56:16,235] {logging_mixin.py:115} INFO - [2022-05-18 23:56:16,235] {dagbag.py:507} INFO - Filling up the DagBag from /home/airflow/.local/lib/python3.7/site-packages/airflow/example_dags/example_branch_operator_decorator.py
[2022-05-18 23:56:16,282] {processor.py:651} INFO - DAG(s) dict_keys(['example_branch_python_operator_decorator']) retrieved from /home/airflow/.local/lib/python3.7/site-packages/airflow/example_dags/example_branch_operator_decorator.py
[2022-05-18 23:56:16,331] {logging_mixin.py:115} INFO - [2022-05-18 23:56:16,331] {dag.py:2371} INFO - Sync 1 DAGs
[2022-05-18 23:56:16,383] {logging_mixin.py:115} INFO - [2022-05-18 23:56:16,383] {dag.py:2919} INFO - Setting next_dagrun for example_branch_python_operator_decorator to 2022-05-17T00:00:00+00:00, run_after=2022-05-18T00:00:00+00:00
[2022-05-18 23:56:16,409] {processor.py:161} INFO - Processing /home/airflow/.local/lib/python3.7/site-packages/airflow/example_dags/example_branch_operator_decorator.py took 0.182 seconds
[2022-05-18 23:56:46,826] {processor.py:153} INFO - Started process (PID=1530) to work on /home/airflow/.local/lib/python3.7/site-packages/airflow/example_dags/example_branch_operator_decorator.py
[2022-05-18 23:56:46,827] {processor.py:641} INFO - Processing file /home/airflow/.local/lib/python3.7/site-packages/airflow/example_dags/example_branch_operator_decorator.py for tasks to queue
[2022-05-18 23:56:46,827] {logging_mixin.py:115} INFO - [2022-05-18 23:56:46,827] {dagbag.py:507} INFO - Filling up the DagBag from /home/airflow/.local/lib/python3.7/site-packages/airflow/example_dags/example_branch_operator_decorator.py
[2022-05-18 23:56:46,855] {processor.py:651} INFO - DAG(s) dict_keys(['example_branch_python_operator_decorator']) retrieved from /home/airflow/.local/lib/python3.7/site-packages/airflow/example_dags/example_branch_operator_decorator.py
[2022-05-18 23:56:46,884] {logging_mixin.py:115} INFO - [2022-05-18 23:56:46,884] {dag.py:2371} INFO - Sync 1 DAGs
[2022-05-18 23:56:46,911] {logging_mixin.py:115} INFO - [2022-05-18 23:56:46,911] {dag.py:2919} INFO - Setting next_dagrun for example_branch_python_operator_decorator to 2022-05-17T00:00:00+00:00, run_after=2022-05-18T00:00:00+00:00
[2022-05-18 23:56:46,924] {processor.py:161} INFO - Processing /home/airflow/.local/lib/python3.7/site-packages/airflow/example_dags/example_branch_operator_decorator.py took 0.102 seconds
[2022-05-18 23:57:17,825] {processor.py:153} INFO - Started process (PID=1593) to work on /home/airflow/.local/lib/python3.7/site-packages/airflow/example_dags/example_branch_operator_decorator.py
[2022-05-18 23:57:17,826] {processor.py:641} INFO - Processing file /home/airflow/.local/lib/python3.7/site-packages/airflow/example_dags/example_branch_operator_decorator.py for tasks to queue
[2022-05-18 23:57:17,827] {logging_mixin.py:115} INFO - [2022-05-18 23:57:17,827] {dagbag.py:507} INFO - Filling up the DagBag from /home/airflow/.local/lib/python3.7/site-packages/airflow/example_dags/example_branch_operator_decorator.py
[2022-05-18 23:57:17,868] {processor.py:651} INFO - DAG(s) dict_keys(['example_branch_python_operator_decorator']) retrieved from /home/airflow/.local/lib/python3.7/site-packages/airflow/example_dags/example_branch_operator_decorator.py
[2022-05-18 23:57:17,919] {logging_mixin.py:115} INFO - [2022-05-18 23:57:17,918] {dag.py:2371} INFO - Sync 1 DAGs
[2022-05-18 23:57:17,962] {logging_mixin.py:115} INFO - [2022-05-18 23:57:17,962] {dag.py:2919} INFO - Setting next_dagrun for example_branch_python_operator_decorator to 2022-05-17T00:00:00+00:00, run_after=2022-05-18T00:00:00+00:00
[2022-05-18 23:57:17,983] {processor.py:161} INFO - Processing /home/airflow/.local/lib/python3.7/site-packages/airflow/example_dags/example_branch_operator_decorator.py took 0.164 seconds
[2022-05-18 23:57:48,196] {processor.py:153} INFO - Started process (PID=1646) to work on /home/airflow/.local/lib/python3.7/site-packages/airflow/example_dags/example_branch_operator_decorator.py
[2022-05-18 23:57:48,197] {processor.py:641} INFO - Processing file /home/airflow/.local/lib/python3.7/site-packages/airflow/example_dags/example_branch_operator_decorator.py for tasks to queue
[2022-05-18 23:57:48,199] {logging_mixin.py:115} INFO - [2022-05-18 23:57:48,198] {dagbag.py:507} INFO - Filling up the DagBag from /home/airflow/.local/lib/python3.7/site-packages/airflow/example_dags/example_branch_operator_decorator.py
[2022-05-18 23:57:48,392] {processor.py:651} INFO - DAG(s) dict_keys(['example_branch_python_operator_decorator']) retrieved from /home/airflow/.local/lib/python3.7/site-packages/airflow/example_dags/example_branch_operator_decorator.py
[2022-05-18 23:57:48,422] {logging_mixin.py:115} INFO - [2022-05-18 23:57:48,422] {dag.py:2371} INFO - Sync 1 DAGs
[2022-05-18 23:57:48,448] {logging_mixin.py:115} INFO - [2022-05-18 23:57:48,448] {dag.py:2919} INFO - Setting next_dagrun for example_branch_python_operator_decorator to 2022-05-17T00:00:00+00:00, run_after=2022-05-18T00:00:00+00:00
[2022-05-18 23:57:48,460] {processor.py:161} INFO - Processing /home/airflow/.local/lib/python3.7/site-packages/airflow/example_dags/example_branch_operator_decorator.py took 0.268 seconds
[2022-05-18 23:58:18,938] {processor.py:153} INFO - Started process (PID=1700) to work on /home/airflow/.local/lib/python3.7/site-packages/airflow/example_dags/example_branch_operator_decorator.py
[2022-05-18 23:58:18,939] {processor.py:641} INFO - Processing file /home/airflow/.local/lib/python3.7/site-packages/airflow/example_dags/example_branch_operator_decorator.py for tasks to queue
[2022-05-18 23:58:18,940] {logging_mixin.py:115} INFO - [2022-05-18 23:58:18,940] {dagbag.py:507} INFO - Filling up the DagBag from /home/airflow/.local/lib/python3.7/site-packages/airflow/example_dags/example_branch_operator_decorator.py
[2022-05-18 23:58:19,169] {processor.py:651} INFO - DAG(s) dict_keys(['example_branch_python_operator_decorator']) retrieved from /home/airflow/.local/lib/python3.7/site-packages/airflow/example_dags/example_branch_operator_decorator.py
[2022-05-18 23:58:19,219] {logging_mixin.py:115} INFO - [2022-05-18 23:58:19,219] {dag.py:2371} INFO - Sync 1 DAGs
[2022-05-18 23:58:19,265] {logging_mixin.py:115} INFO - [2022-05-18 23:58:19,265] {dag.py:2919} INFO - Setting next_dagrun for example_branch_python_operator_decorator to 2022-05-17T00:00:00+00:00, run_after=2022-05-18T00:00:00+00:00
[2022-05-18 23:58:19,285] {processor.py:161} INFO - Processing /home/airflow/.local/lib/python3.7/site-packages/airflow/example_dags/example_branch_operator_decorator.py took 0.355 seconds
[2022-05-18 23:58:49,742] {processor.py:153} INFO - Started process (PID=1754) to work on /home/airflow/.local/lib/python3.7/site-packages/airflow/example_dags/example_branch_operator_decorator.py
[2022-05-18 23:58:49,743] {processor.py:641} INFO - Processing file /home/airflow/.local/lib/python3.7/site-packages/airflow/example_dags/example_branch_operator_decorator.py for tasks to queue
[2022-05-18 23:58:49,744] {logging_mixin.py:115} INFO - [2022-05-18 23:58:49,744] {dagbag.py:507} INFO - Filling up the DagBag from /home/airflow/.local/lib/python3.7/site-packages/airflow/example_dags/example_branch_operator_decorator.py
[2022-05-18 23:58:49,919] {processor.py:651} INFO - DAG(s) dict_keys(['example_branch_python_operator_decorator']) retrieved from /home/airflow/.local/lib/python3.7/site-packages/airflow/example_dags/example_branch_operator_decorator.py
[2022-05-18 23:58:49,945] {logging_mixin.py:115} INFO - [2022-05-18 23:58:49,945] {dag.py:2371} INFO - Sync 1 DAGs
[2022-05-18 23:58:49,971] {logging_mixin.py:115} INFO - [2022-05-18 23:58:49,971] {dag.py:2919} INFO - Setting next_dagrun for example_branch_python_operator_decorator to 2022-05-17T00:00:00+00:00, run_after=2022-05-18T00:00:00+00:00
[2022-05-18 23:58:49,986] {processor.py:161} INFO - Processing /home/airflow/.local/lib/python3.7/site-packages/airflow/example_dags/example_branch_operator_decorator.py took 0.248 seconds
[2022-05-18 23:59:20,328] {processor.py:153} INFO - Started process (PID=1807) to work on /home/airflow/.local/lib/python3.7/site-packages/airflow/example_dags/example_branch_operator_decorator.py
[2022-05-18 23:59:20,329] {processor.py:641} INFO - Processing file /home/airflow/.local/lib/python3.7/site-packages/airflow/example_dags/example_branch_operator_decorator.py for tasks to queue
[2022-05-18 23:59:20,330] {logging_mixin.py:115} INFO - [2022-05-18 23:59:20,329] {dagbag.py:507} INFO - Filling up the DagBag from /home/airflow/.local/lib/python3.7/site-packages/airflow/example_dags/example_branch_operator_decorator.py
[2022-05-18 23:59:20,486] {processor.py:651} INFO - DAG(s) dict_keys(['example_branch_python_operator_decorator']) retrieved from /home/airflow/.local/lib/python3.7/site-packages/airflow/example_dags/example_branch_operator_decorator.py
[2022-05-18 23:59:20,512] {logging_mixin.py:115} INFO - [2022-05-18 23:59:20,511] {dag.py:2371} INFO - Sync 1 DAGs
[2022-05-18 23:59:20,536] {logging_mixin.py:115} INFO - [2022-05-18 23:59:20,536] {dag.py:2919} INFO - Setting next_dagrun for example_branch_python_operator_decorator to 2022-05-17T00:00:00+00:00, run_after=2022-05-18T00:00:00+00:00
[2022-05-18 23:59:20,551] {processor.py:161} INFO - Processing /home/airflow/.local/lib/python3.7/site-packages/airflow/example_dags/example_branch_operator_decorator.py took 0.226 seconds
[2022-05-18 23:59:51,021] {processor.py:153} INFO - Started process (PID=1870) to work on /home/airflow/.local/lib/python3.7/site-packages/airflow/example_dags/example_branch_operator_decorator.py
[2022-05-18 23:59:51,023] {processor.py:641} INFO - Processing file /home/airflow/.local/lib/python3.7/site-packages/airflow/example_dags/example_branch_operator_decorator.py for tasks to queue
[2022-05-18 23:59:51,024] {logging_mixin.py:115} INFO - [2022-05-18 23:59:51,024] {dagbag.py:507} INFO - Filling up the DagBag from /home/airflow/.local/lib/python3.7/site-packages/airflow/example_dags/example_branch_operator_decorator.py
[2022-05-18 23:59:51,232] {processor.py:651} INFO - DAG(s) dict_keys(['example_branch_python_operator_decorator']) retrieved from /home/airflow/.local/lib/python3.7/site-packages/airflow/example_dags/example_branch_operator_decorator.py
[2022-05-18 23:59:51,266] {logging_mixin.py:115} INFO - [2022-05-18 23:59:51,265] {dag.py:2371} INFO - Sync 1 DAGs
[2022-05-18 23:59:51,300] {logging_mixin.py:115} INFO - [2022-05-18 23:59:51,300] {dag.py:2919} INFO - Setting next_dagrun for example_branch_python_operator_decorator to 2022-05-17T00:00:00+00:00, run_after=2022-05-18T00:00:00+00:00
[2022-05-18 23:59:51,317] {processor.py:161} INFO - Processing /home/airflow/.local/lib/python3.7/site-packages/airflow/example_dags/example_branch_operator_decorator.py took 0.302 seconds
