[2022-05-18 23:43:04,726] {processor.py:153} INFO - Started process (PID=90) to work on /home/airflow/.local/lib/python3.7/site-packages/airflow/example_dags/example_branch_python_dop_operator_3.py
[2022-05-18 23:43:04,729] {processor.py:641} INFO - Processing file /home/airflow/.local/lib/python3.7/site-packages/airflow/example_dags/example_branch_python_dop_operator_3.py for tasks to queue
[2022-05-18 23:43:04,731] {logging_mixin.py:115} INFO - [2022-05-18 23:43:04,731] {dagbag.py:507} INFO - Filling up the DagBag from /home/airflow/.local/lib/python3.7/site-packages/airflow/example_dags/example_branch_python_dop_operator_3.py
[2022-05-18 23:43:04,774] {processor.py:651} INFO - DAG(s) dict_keys(['example_branch_dop_operator_v3']) retrieved from /home/airflow/.local/lib/python3.7/site-packages/airflow/example_dags/example_branch_python_dop_operator_3.py
[2022-05-18 23:43:05,239] {logging_mixin.py:115} INFO - [2022-05-18 23:43:05,238] {manager.py:508} INFO - Created Permission View: can edit on DAG:example_branch_dop_operator_v3
[2022-05-18 23:43:05,269] {logging_mixin.py:115} INFO - [2022-05-18 23:43:05,269] {manager.py:508} INFO - Created Permission View: can delete on DAG:example_branch_dop_operator_v3
[2022-05-18 23:43:05,288] {logging_mixin.py:115} INFO - [2022-05-18 23:43:05,288] {manager.py:508} INFO - Created Permission View: can read on DAG:example_branch_dop_operator_v3
[2022-05-18 23:43:05,289] {logging_mixin.py:115} INFO - [2022-05-18 23:43:05,289] {dag.py:2371} INFO - Sync 1 DAGs
[2022-05-18 23:43:05,311] {logging_mixin.py:115} INFO - [2022-05-18 23:43:05,310] {dag.py:2390} INFO - Creating ORM DAG for example_branch_dop_operator_v3
[2022-05-18 23:43:05,355] {logging_mixin.py:115} INFO - [2022-05-18 23:43:05,355] {dag.py:2919} INFO - Setting next_dagrun for example_branch_dop_operator_v3 to 2022-05-18T23:42:00+00:00, run_after=2022-05-18T23:43:00+00:00
[2022-05-18 23:43:05,389] {processor.py:161} INFO - Processing /home/airflow/.local/lib/python3.7/site-packages/airflow/example_dags/example_branch_python_dop_operator_3.py took 0.670 seconds
[2022-05-18 23:43:35,769] {processor.py:153} INFO - Started process (PID=151) to work on /home/airflow/.local/lib/python3.7/site-packages/airflow/example_dags/example_branch_python_dop_operator_3.py
[2022-05-18 23:43:35,770] {processor.py:641} INFO - Processing file /home/airflow/.local/lib/python3.7/site-packages/airflow/example_dags/example_branch_python_dop_operator_3.py for tasks to queue
[2022-05-18 23:43:35,771] {logging_mixin.py:115} INFO - [2022-05-18 23:43:35,771] {dagbag.py:507} INFO - Filling up the DagBag from /home/airflow/.local/lib/python3.7/site-packages/airflow/example_dags/example_branch_python_dop_operator_3.py
[2022-05-18 23:43:35,786] {processor.py:651} INFO - DAG(s) dict_keys(['example_branch_dop_operator_v3']) retrieved from /home/airflow/.local/lib/python3.7/site-packages/airflow/example_dags/example_branch_python_dop_operator_3.py
[2022-05-18 23:43:35,839] {logging_mixin.py:115} INFO - [2022-05-18 23:43:35,838] {dag.py:2371} INFO - Sync 1 DAGs
[2022-05-18 23:43:36,066] {logging_mixin.py:115} INFO - [2022-05-18 23:43:36,066] {dag.py:2919} INFO - Setting next_dagrun for example_branch_dop_operator_v3 to 2022-05-18T23:42:00+00:00, run_after=2022-05-18T23:43:00+00:00
[2022-05-18 23:43:36,095] {processor.py:161} INFO - Processing /home/airflow/.local/lib/python3.7/site-packages/airflow/example_dags/example_branch_python_dop_operator_3.py took 0.331 seconds
[2022-05-18 23:44:06,314] {processor.py:153} INFO - Started process (PID=207) to work on /home/airflow/.local/lib/python3.7/site-packages/airflow/example_dags/example_branch_python_dop_operator_3.py
[2022-05-18 23:44:06,315] {processor.py:641} INFO - Processing file /home/airflow/.local/lib/python3.7/site-packages/airflow/example_dags/example_branch_python_dop_operator_3.py for tasks to queue
[2022-05-18 23:44:06,317] {logging_mixin.py:115} INFO - [2022-05-18 23:44:06,317] {dagbag.py:507} INFO - Filling up the DagBag from /home/airflow/.local/lib/python3.7/site-packages/airflow/example_dags/example_branch_python_dop_operator_3.py
[2022-05-18 23:44:06,347] {processor.py:651} INFO - DAG(s) dict_keys(['example_branch_dop_operator_v3']) retrieved from /home/airflow/.local/lib/python3.7/site-packages/airflow/example_dags/example_branch_python_dop_operator_3.py
[2022-05-18 23:44:06,417] {logging_mixin.py:115} INFO - [2022-05-18 23:44:06,417] {dag.py:2371} INFO - Sync 1 DAGs
[2022-05-18 23:44:06,663] {logging_mixin.py:115} INFO - [2022-05-18 23:44:06,663] {dag.py:2919} INFO - Setting next_dagrun for example_branch_dop_operator_v3 to 2022-05-18T23:43:00+00:00, run_after=2022-05-18T23:44:00+00:00
[2022-05-18 23:44:06,685] {processor.py:161} INFO - Processing /home/airflow/.local/lib/python3.7/site-packages/airflow/example_dags/example_branch_python_dop_operator_3.py took 0.377 seconds
[2022-05-18 23:44:37,412] {processor.py:153} INFO - Started process (PID=260) to work on /home/airflow/.local/lib/python3.7/site-packages/airflow/example_dags/example_branch_python_dop_operator_3.py
[2022-05-18 23:44:37,413] {processor.py:641} INFO - Processing file /home/airflow/.local/lib/python3.7/site-packages/airflow/example_dags/example_branch_python_dop_operator_3.py for tasks to queue
[2022-05-18 23:44:37,414] {logging_mixin.py:115} INFO - [2022-05-18 23:44:37,414] {dagbag.py:507} INFO - Filling up the DagBag from /home/airflow/.local/lib/python3.7/site-packages/airflow/example_dags/example_branch_python_dop_operator_3.py
[2022-05-18 23:44:37,432] {processor.py:651} INFO - DAG(s) dict_keys(['example_branch_dop_operator_v3']) retrieved from /home/airflow/.local/lib/python3.7/site-packages/airflow/example_dags/example_branch_python_dop_operator_3.py
[2022-05-18 23:44:37,470] {logging_mixin.py:115} INFO - [2022-05-18 23:44:37,470] {dag.py:2371} INFO - Sync 1 DAGs
[2022-05-18 23:44:37,715] {logging_mixin.py:115} INFO - [2022-05-18 23:44:37,715] {dag.py:2919} INFO - Setting next_dagrun for example_branch_dop_operator_v3 to 2022-05-18T23:43:00+00:00, run_after=2022-05-18T23:44:00+00:00
[2022-05-18 23:44:37,733] {processor.py:161} INFO - Processing /home/airflow/.local/lib/python3.7/site-packages/airflow/example_dags/example_branch_python_dop_operator_3.py took 0.327 seconds
[2022-05-18 23:45:08,406] {processor.py:153} INFO - Started process (PID=314) to work on /home/airflow/.local/lib/python3.7/site-packages/airflow/example_dags/example_branch_python_dop_operator_3.py
[2022-05-18 23:45:08,407] {processor.py:641} INFO - Processing file /home/airflow/.local/lib/python3.7/site-packages/airflow/example_dags/example_branch_python_dop_operator_3.py for tasks to queue
[2022-05-18 23:45:08,409] {logging_mixin.py:115} INFO - [2022-05-18 23:45:08,409] {dagbag.py:507} INFO - Filling up the DagBag from /home/airflow/.local/lib/python3.7/site-packages/airflow/example_dags/example_branch_python_dop_operator_3.py
[2022-05-18 23:45:08,427] {processor.py:651} INFO - DAG(s) dict_keys(['example_branch_dop_operator_v3']) retrieved from /home/airflow/.local/lib/python3.7/site-packages/airflow/example_dags/example_branch_python_dop_operator_3.py
[2022-05-18 23:45:08,478] {logging_mixin.py:115} INFO - [2022-05-18 23:45:08,478] {dag.py:2371} INFO - Sync 1 DAGs
[2022-05-18 23:45:08,704] {logging_mixin.py:115} INFO - [2022-05-18 23:45:08,704] {dag.py:2919} INFO - Setting next_dagrun for example_branch_dop_operator_v3 to 2022-05-18T23:44:00+00:00, run_after=2022-05-18T23:45:00+00:00
[2022-05-18 23:45:08,718] {processor.py:161} INFO - Processing /home/airflow/.local/lib/python3.7/site-packages/airflow/example_dags/example_branch_python_dop_operator_3.py took 0.316 seconds
[2022-05-18 23:45:39,498] {processor.py:153} INFO - Started process (PID=377) to work on /home/airflow/.local/lib/python3.7/site-packages/airflow/example_dags/example_branch_python_dop_operator_3.py
[2022-05-18 23:45:39,499] {processor.py:641} INFO - Processing file /home/airflow/.local/lib/python3.7/site-packages/airflow/example_dags/example_branch_python_dop_operator_3.py for tasks to queue
[2022-05-18 23:45:39,501] {logging_mixin.py:115} INFO - [2022-05-18 23:45:39,501] {dagbag.py:507} INFO - Filling up the DagBag from /home/airflow/.local/lib/python3.7/site-packages/airflow/example_dags/example_branch_python_dop_operator_3.py
[2022-05-18 23:45:39,535] {processor.py:651} INFO - DAG(s) dict_keys(['example_branch_dop_operator_v3']) retrieved from /home/airflow/.local/lib/python3.7/site-packages/airflow/example_dags/example_branch_python_dop_operator_3.py
[2022-05-18 23:45:39,652] {logging_mixin.py:115} INFO - [2022-05-18 23:45:39,652] {dag.py:2371} INFO - Sync 1 DAGs
[2022-05-18 23:45:39,906] {logging_mixin.py:115} INFO - [2022-05-18 23:45:39,906] {dag.py:2919} INFO - Setting next_dagrun for example_branch_dop_operator_v3 to 2022-05-18T23:44:00+00:00, run_after=2022-05-18T23:45:00+00:00
[2022-05-18 23:45:39,931] {processor.py:161} INFO - Processing /home/airflow/.local/lib/python3.7/site-packages/airflow/example_dags/example_branch_python_dop_operator_3.py took 0.440 seconds
[2022-05-18 23:46:13,654] {processor.py:153} INFO - Started process (PID=431) to work on /home/airflow/.local/lib/python3.7/site-packages/airflow/example_dags/example_branch_python_dop_operator_3.py
[2022-05-18 23:46:13,656] {processor.py:641} INFO - Processing file /home/airflow/.local/lib/python3.7/site-packages/airflow/example_dags/example_branch_python_dop_operator_3.py for tasks to queue
[2022-05-18 23:46:13,657] {logging_mixin.py:115} INFO - [2022-05-18 23:46:13,657] {dagbag.py:507} INFO - Filling up the DagBag from /home/airflow/.local/lib/python3.7/site-packages/airflow/example_dags/example_branch_python_dop_operator_3.py
[2022-05-18 23:46:13,678] {processor.py:651} INFO - DAG(s) dict_keys(['example_branch_dop_operator_v3']) retrieved from /home/airflow/.local/lib/python3.7/site-packages/airflow/example_dags/example_branch_python_dop_operator_3.py
[2022-05-18 23:46:13,725] {logging_mixin.py:115} INFO - [2022-05-18 23:46:13,725] {dag.py:2371} INFO - Sync 1 DAGs
[2022-05-18 23:46:14,005] {logging_mixin.py:115} INFO - [2022-05-18 23:46:14,005] {dag.py:2919} INFO - Setting next_dagrun for example_branch_dop_operator_v3 to 2022-05-18T23:45:00+00:00, run_after=2022-05-18T23:46:00+00:00
[2022-05-18 23:46:14,105] {processor.py:161} INFO - Processing /home/airflow/.local/lib/python3.7/site-packages/airflow/example_dags/example_branch_python_dop_operator_3.py took 0.455 seconds
[2022-05-18 23:46:46,380] {processor.py:153} INFO - Started process (PID=485) to work on /home/airflow/.local/lib/python3.7/site-packages/airflow/example_dags/example_branch_python_dop_operator_3.py
[2022-05-18 23:46:46,381] {processor.py:641} INFO - Processing file /home/airflow/.local/lib/python3.7/site-packages/airflow/example_dags/example_branch_python_dop_operator_3.py for tasks to queue
[2022-05-18 23:46:46,383] {logging_mixin.py:115} INFO - [2022-05-18 23:46:46,382] {dagbag.py:507} INFO - Filling up the DagBag from /home/airflow/.local/lib/python3.7/site-packages/airflow/example_dags/example_branch_python_dop_operator_3.py
[2022-05-18 23:46:46,401] {processor.py:651} INFO - DAG(s) dict_keys(['example_branch_dop_operator_v3']) retrieved from /home/airflow/.local/lib/python3.7/site-packages/airflow/example_dags/example_branch_python_dop_operator_3.py
[2022-05-18 23:46:46,450] {logging_mixin.py:115} INFO - [2022-05-18 23:46:46,450] {dag.py:2371} INFO - Sync 1 DAGs
[2022-05-18 23:46:46,728] {logging_mixin.py:115} INFO - [2022-05-18 23:46:46,728] {dag.py:2919} INFO - Setting next_dagrun for example_branch_dop_operator_v3 to 2022-05-18T23:45:00+00:00, run_after=2022-05-18T23:46:00+00:00
[2022-05-18 23:46:46,757] {processor.py:161} INFO - Processing /home/airflow/.local/lib/python3.7/site-packages/airflow/example_dags/example_branch_python_dop_operator_3.py took 0.382 seconds
[2022-05-18 23:47:17,002] {processor.py:153} INFO - Started process (PID=548) to work on /home/airflow/.local/lib/python3.7/site-packages/airflow/example_dags/example_branch_python_dop_operator_3.py
[2022-05-18 23:47:17,003] {processor.py:641} INFO - Processing file /home/airflow/.local/lib/python3.7/site-packages/airflow/example_dags/example_branch_python_dop_operator_3.py for tasks to queue
[2022-05-18 23:47:17,004] {logging_mixin.py:115} INFO - [2022-05-18 23:47:17,004] {dagbag.py:507} INFO - Filling up the DagBag from /home/airflow/.local/lib/python3.7/site-packages/airflow/example_dags/example_branch_python_dop_operator_3.py
[2022-05-18 23:47:17,019] {processor.py:651} INFO - DAG(s) dict_keys(['example_branch_dop_operator_v3']) retrieved from /home/airflow/.local/lib/python3.7/site-packages/airflow/example_dags/example_branch_python_dop_operator_3.py
[2022-05-18 23:47:17,053] {logging_mixin.py:115} INFO - [2022-05-18 23:47:17,052] {dag.py:2371} INFO - Sync 1 DAGs
[2022-05-18 23:47:17,228] {logging_mixin.py:115} INFO - [2022-05-18 23:47:17,228] {dag.py:2919} INFO - Setting next_dagrun for example_branch_dop_operator_v3 to 2022-05-18T23:46:00+00:00, run_after=2022-05-18T23:47:00+00:00
[2022-05-18 23:47:17,243] {processor.py:161} INFO - Processing /home/airflow/.local/lib/python3.7/site-packages/airflow/example_dags/example_branch_python_dop_operator_3.py took 0.246 seconds
[2022-05-18 23:47:47,407] {processor.py:153} INFO - Started process (PID=601) to work on /home/airflow/.local/lib/python3.7/site-packages/airflow/example_dags/example_branch_python_dop_operator_3.py
[2022-05-18 23:47:47,408] {processor.py:641} INFO - Processing file /home/airflow/.local/lib/python3.7/site-packages/airflow/example_dags/example_branch_python_dop_operator_3.py for tasks to queue
[2022-05-18 23:47:47,409] {logging_mixin.py:115} INFO - [2022-05-18 23:47:47,409] {dagbag.py:507} INFO - Filling up the DagBag from /home/airflow/.local/lib/python3.7/site-packages/airflow/example_dags/example_branch_python_dop_operator_3.py
[2022-05-18 23:47:47,423] {processor.py:651} INFO - DAG(s) dict_keys(['example_branch_dop_operator_v3']) retrieved from /home/airflow/.local/lib/python3.7/site-packages/airflow/example_dags/example_branch_python_dop_operator_3.py
[2022-05-18 23:47:47,472] {logging_mixin.py:115} INFO - [2022-05-18 23:47:47,471] {dag.py:2371} INFO - Sync 1 DAGs
[2022-05-18 23:47:47,658] {logging_mixin.py:115} INFO - [2022-05-18 23:47:47,658] {dag.py:2919} INFO - Setting next_dagrun for example_branch_dop_operator_v3 to 2022-05-18T23:46:00+00:00, run_after=2022-05-18T23:47:00+00:00
[2022-05-18 23:47:47,674] {processor.py:161} INFO - Processing /home/airflow/.local/lib/python3.7/site-packages/airflow/example_dags/example_branch_python_dop_operator_3.py took 0.271 seconds
[2022-05-18 23:48:33,881] {processor.py:153} INFO - Started process (PID=656) to work on /home/airflow/.local/lib/python3.7/site-packages/airflow/example_dags/example_branch_python_dop_operator_3.py
[2022-05-18 23:48:33,883] {processor.py:641} INFO - Processing file /home/airflow/.local/lib/python3.7/site-packages/airflow/example_dags/example_branch_python_dop_operator_3.py for tasks to queue
[2022-05-18 23:48:33,884] {logging_mixin.py:115} INFO - [2022-05-18 23:48:33,884] {dagbag.py:507} INFO - Filling up the DagBag from /home/airflow/.local/lib/python3.7/site-packages/airflow/example_dags/example_branch_python_dop_operator_3.py
[2022-05-18 23:48:33,899] {processor.py:651} INFO - DAG(s) dict_keys(['example_branch_dop_operator_v3']) retrieved from /home/airflow/.local/lib/python3.7/site-packages/airflow/example_dags/example_branch_python_dop_operator_3.py
[2022-05-18 23:48:33,937] {logging_mixin.py:115} INFO - [2022-05-18 23:48:33,937] {dag.py:2371} INFO - Sync 1 DAGs
[2022-05-18 23:48:34,117] {logging_mixin.py:115} INFO - [2022-05-18 23:48:34,117] {dag.py:2919} INFO - Setting next_dagrun for example_branch_dop_operator_v3 to 2022-05-18T23:47:00+00:00, run_after=2022-05-18T23:48:00+00:00
[2022-05-18 23:48:34,134] {processor.py:161} INFO - Processing /home/airflow/.local/lib/python3.7/site-packages/airflow/example_dags/example_branch_python_dop_operator_3.py took 0.257 seconds
[2022-05-18 23:49:04,308] {processor.py:153} INFO - Started process (PID=710) to work on /home/airflow/.local/lib/python3.7/site-packages/airflow/example_dags/example_branch_python_dop_operator_3.py
[2022-05-18 23:49:04,309] {processor.py:641} INFO - Processing file /home/airflow/.local/lib/python3.7/site-packages/airflow/example_dags/example_branch_python_dop_operator_3.py for tasks to queue
[2022-05-18 23:49:04,310] {logging_mixin.py:115} INFO - [2022-05-18 23:49:04,310] {dagbag.py:507} INFO - Filling up the DagBag from /home/airflow/.local/lib/python3.7/site-packages/airflow/example_dags/example_branch_python_dop_operator_3.py
[2022-05-18 23:49:04,322] {processor.py:651} INFO - DAG(s) dict_keys(['example_branch_dop_operator_v3']) retrieved from /home/airflow/.local/lib/python3.7/site-packages/airflow/example_dags/example_branch_python_dop_operator_3.py
[2022-05-18 23:49:04,354] {logging_mixin.py:115} INFO - [2022-05-18 23:49:04,354] {dag.py:2371} INFO - Sync 1 DAGs
[2022-05-18 23:49:04,518] {logging_mixin.py:115} INFO - [2022-05-18 23:49:04,517] {dag.py:2919} INFO - Setting next_dagrun for example_branch_dop_operator_v3 to 2022-05-18T23:48:00+00:00, run_after=2022-05-18T23:49:00+00:00
[2022-05-18 23:49:04,540] {processor.py:161} INFO - Processing /home/airflow/.local/lib/python3.7/site-packages/airflow/example_dags/example_branch_python_dop_operator_3.py took 0.236 seconds
[2022-05-18 23:49:36,986] {processor.py:153} INFO - Started process (PID=773) to work on /home/airflow/.local/lib/python3.7/site-packages/airflow/example_dags/example_branch_python_dop_operator_3.py
[2022-05-18 23:49:36,987] {processor.py:641} INFO - Processing file /home/airflow/.local/lib/python3.7/site-packages/airflow/example_dags/example_branch_python_dop_operator_3.py for tasks to queue
[2022-05-18 23:49:36,988] {logging_mixin.py:115} INFO - [2022-05-18 23:49:36,988] {dagbag.py:507} INFO - Filling up the DagBag from /home/airflow/.local/lib/python3.7/site-packages/airflow/example_dags/example_branch_python_dop_operator_3.py
[2022-05-18 23:49:37,009] {processor.py:651} INFO - DAG(s) dict_keys(['example_branch_dop_operator_v3']) retrieved from /home/airflow/.local/lib/python3.7/site-packages/airflow/example_dags/example_branch_python_dop_operator_3.py
[2022-05-18 23:49:37,071] {logging_mixin.py:115} INFO - [2022-05-18 23:49:37,071] {dag.py:2371} INFO - Sync 1 DAGs
[2022-05-18 23:49:37,318] {logging_mixin.py:115} INFO - [2022-05-18 23:49:37,318] {dag.py:2919} INFO - Setting next_dagrun for example_branch_dop_operator_v3 to 2022-05-18T23:48:00+00:00, run_after=2022-05-18T23:49:00+00:00
[2022-05-18 23:49:37,342] {processor.py:161} INFO - Processing /home/airflow/.local/lib/python3.7/site-packages/airflow/example_dags/example_branch_python_dop_operator_3.py took 0.362 seconds
[2022-05-18 23:50:07,508] {processor.py:153} INFO - Started process (PID=827) to work on /home/airflow/.local/lib/python3.7/site-packages/airflow/example_dags/example_branch_python_dop_operator_3.py
[2022-05-18 23:50:07,509] {processor.py:641} INFO - Processing file /home/airflow/.local/lib/python3.7/site-packages/airflow/example_dags/example_branch_python_dop_operator_3.py for tasks to queue
[2022-05-18 23:50:07,510] {logging_mixin.py:115} INFO - [2022-05-18 23:50:07,510] {dagbag.py:507} INFO - Filling up the DagBag from /home/airflow/.local/lib/python3.7/site-packages/airflow/example_dags/example_branch_python_dop_operator_3.py
[2022-05-18 23:50:07,524] {processor.py:651} INFO - DAG(s) dict_keys(['example_branch_dop_operator_v3']) retrieved from /home/airflow/.local/lib/python3.7/site-packages/airflow/example_dags/example_branch_python_dop_operator_3.py
[2022-05-18 23:50:07,556] {logging_mixin.py:115} INFO - [2022-05-18 23:50:07,556] {dag.py:2371} INFO - Sync 1 DAGs
[2022-05-18 23:50:07,749] {logging_mixin.py:115} INFO - [2022-05-18 23:50:07,749] {dag.py:2919} INFO - Setting next_dagrun for example_branch_dop_operator_v3 to 2022-05-18T23:49:00+00:00, run_after=2022-05-18T23:50:00+00:00
[2022-05-18 23:50:07,768] {processor.py:161} INFO - Processing /home/airflow/.local/lib/python3.7/site-packages/airflow/example_dags/example_branch_python_dop_operator_3.py took 0.264 seconds
[2022-05-18 23:51:14,871] {processor.py:153} INFO - Started process (PID=915) to work on /home/airflow/.local/lib/python3.7/site-packages/airflow/example_dags/example_branch_python_dop_operator_3.py
[2022-05-18 23:51:14,872] {processor.py:641} INFO - Processing file /home/airflow/.local/lib/python3.7/site-packages/airflow/example_dags/example_branch_python_dop_operator_3.py for tasks to queue
[2022-05-18 23:51:14,873] {logging_mixin.py:115} INFO - [2022-05-18 23:51:14,873] {dagbag.py:507} INFO - Filling up the DagBag from /home/airflow/.local/lib/python3.7/site-packages/airflow/example_dags/example_branch_python_dop_operator_3.py
[2022-05-18 23:51:14,891] {processor.py:651} INFO - DAG(s) dict_keys(['example_branch_dop_operator_v3']) retrieved from /home/airflow/.local/lib/python3.7/site-packages/airflow/example_dags/example_branch_python_dop_operator_3.py
[2022-05-18 23:51:14,945] {logging_mixin.py:115} INFO - [2022-05-18 23:51:14,944] {dag.py:2371} INFO - Sync 1 DAGs
[2022-05-18 23:51:15,172] {logging_mixin.py:115} INFO - [2022-05-18 23:51:15,172] {dag.py:2919} INFO - Setting next_dagrun for example_branch_dop_operator_v3 to 2022-05-18T23:50:00+00:00, run_after=2022-05-18T23:51:00+00:00
[2022-05-18 23:51:15,192] {processor.py:161} INFO - Processing /home/airflow/.local/lib/python3.7/site-packages/airflow/example_dags/example_branch_python_dop_operator_3.py took 0.328 seconds
[2022-05-18 23:51:45,725] {processor.py:153} INFO - Started process (PID=967) to work on /home/airflow/.local/lib/python3.7/site-packages/airflow/example_dags/example_branch_python_dop_operator_3.py
[2022-05-18 23:51:45,726] {processor.py:641} INFO - Processing file /home/airflow/.local/lib/python3.7/site-packages/airflow/example_dags/example_branch_python_dop_operator_3.py for tasks to queue
[2022-05-18 23:51:45,727] {logging_mixin.py:115} INFO - [2022-05-18 23:51:45,727] {dagbag.py:507} INFO - Filling up the DagBag from /home/airflow/.local/lib/python3.7/site-packages/airflow/example_dags/example_branch_python_dop_operator_3.py
[2022-05-18 23:51:45,740] {processor.py:651} INFO - DAG(s) dict_keys(['example_branch_dop_operator_v3']) retrieved from /home/airflow/.local/lib/python3.7/site-packages/airflow/example_dags/example_branch_python_dop_operator_3.py
[2022-05-18 23:51:45,773] {logging_mixin.py:115} INFO - [2022-05-18 23:51:45,773] {dag.py:2371} INFO - Sync 1 DAGs
[2022-05-18 23:51:45,924] {logging_mixin.py:115} INFO - [2022-05-18 23:51:45,924] {dag.py:2919} INFO - Setting next_dagrun for example_branch_dop_operator_v3 to 2022-05-18T23:50:00+00:00, run_after=2022-05-18T23:51:00+00:00
[2022-05-18 23:51:45,937] {processor.py:161} INFO - Processing /home/airflow/.local/lib/python3.7/site-packages/airflow/example_dags/example_branch_python_dop_operator_3.py took 0.216 seconds
[2022-05-18 23:52:16,253] {processor.py:153} INFO - Started process (PID=1029) to work on /home/airflow/.local/lib/python3.7/site-packages/airflow/example_dags/example_branch_python_dop_operator_3.py
[2022-05-18 23:52:16,254] {processor.py:641} INFO - Processing file /home/airflow/.local/lib/python3.7/site-packages/airflow/example_dags/example_branch_python_dop_operator_3.py for tasks to queue
[2022-05-18 23:52:16,256] {logging_mixin.py:115} INFO - [2022-05-18 23:52:16,255] {dagbag.py:507} INFO - Filling up the DagBag from /home/airflow/.local/lib/python3.7/site-packages/airflow/example_dags/example_branch_python_dop_operator_3.py
[2022-05-18 23:52:16,271] {processor.py:651} INFO - DAG(s) dict_keys(['example_branch_dop_operator_v3']) retrieved from /home/airflow/.local/lib/python3.7/site-packages/airflow/example_dags/example_branch_python_dop_operator_3.py
[2022-05-18 23:52:16,326] {logging_mixin.py:115} INFO - [2022-05-18 23:52:16,326] {dag.py:2371} INFO - Sync 1 DAGs
[2022-05-18 23:52:16,491] {logging_mixin.py:115} INFO - [2022-05-18 23:52:16,491] {dag.py:2919} INFO - Setting next_dagrun for example_branch_dop_operator_v3 to 2022-05-18T23:51:00+00:00, run_after=2022-05-18T23:52:00+00:00
[2022-05-18 23:52:16,504] {processor.py:161} INFO - Processing /home/airflow/.local/lib/python3.7/site-packages/airflow/example_dags/example_branch_python_dop_operator_3.py took 0.256 seconds
[2022-05-18 23:52:47,181] {processor.py:153} INFO - Started process (PID=1083) to work on /home/airflow/.local/lib/python3.7/site-packages/airflow/example_dags/example_branch_python_dop_operator_3.py
[2022-05-18 23:52:47,182] {processor.py:641} INFO - Processing file /home/airflow/.local/lib/python3.7/site-packages/airflow/example_dags/example_branch_python_dop_operator_3.py for tasks to queue
[2022-05-18 23:52:47,183] {logging_mixin.py:115} INFO - [2022-05-18 23:52:47,183] {dagbag.py:507} INFO - Filling up the DagBag from /home/airflow/.local/lib/python3.7/site-packages/airflow/example_dags/example_branch_python_dop_operator_3.py
[2022-05-18 23:52:47,200] {processor.py:651} INFO - DAG(s) dict_keys(['example_branch_dop_operator_v3']) retrieved from /home/airflow/.local/lib/python3.7/site-packages/airflow/example_dags/example_branch_python_dop_operator_3.py
[2022-05-18 23:52:47,237] {logging_mixin.py:115} INFO - [2022-05-18 23:52:47,237] {dag.py:2371} INFO - Sync 1 DAGs
[2022-05-18 23:52:47,277] {logging_mixin.py:115} INFO - [2022-05-18 23:52:47,277] {dag.py:2919} INFO - Setting next_dagrun for example_branch_dop_operator_v3 to 2022-05-18T23:51:00+00:00, run_after=2022-05-18T23:52:00+00:00
[2022-05-18 23:52:47,290] {processor.py:161} INFO - Processing /home/airflow/.local/lib/python3.7/site-packages/airflow/example_dags/example_branch_python_dop_operator_3.py took 0.114 seconds
[2022-05-18 23:53:18,073] {processor.py:153} INFO - Started process (PID=1146) to work on /home/airflow/.local/lib/python3.7/site-packages/airflow/example_dags/example_branch_python_dop_operator_3.py
[2022-05-18 23:53:18,074] {processor.py:641} INFO - Processing file /home/airflow/.local/lib/python3.7/site-packages/airflow/example_dags/example_branch_python_dop_operator_3.py for tasks to queue
[2022-05-18 23:53:18,074] {logging_mixin.py:115} INFO - [2022-05-18 23:53:18,074] {dagbag.py:507} INFO - Filling up the DagBag from /home/airflow/.local/lib/python3.7/site-packages/airflow/example_dags/example_branch_python_dop_operator_3.py
[2022-05-18 23:53:18,091] {processor.py:651} INFO - DAG(s) dict_keys(['example_branch_dop_operator_v3']) retrieved from /home/airflow/.local/lib/python3.7/site-packages/airflow/example_dags/example_branch_python_dop_operator_3.py
[2022-05-18 23:53:18,119] {logging_mixin.py:115} INFO - [2022-05-18 23:53:18,119] {dag.py:2371} INFO - Sync 1 DAGs
[2022-05-18 23:53:18,149] {logging_mixin.py:115} INFO - [2022-05-18 23:53:18,149] {dag.py:2919} INFO - Setting next_dagrun for example_branch_dop_operator_v3 to 2022-05-18T23:52:00+00:00, run_after=2022-05-18T23:53:00+00:00
[2022-05-18 23:53:18,165] {processor.py:161} INFO - Processing /home/airflow/.local/lib/python3.7/site-packages/airflow/example_dags/example_branch_python_dop_operator_3.py took 0.096 seconds
[2022-05-18 23:53:48,306] {processor.py:153} INFO - Started process (PID=1199) to work on /home/airflow/.local/lib/python3.7/site-packages/airflow/example_dags/example_branch_python_dop_operator_3.py
[2022-05-18 23:53:48,308] {processor.py:641} INFO - Processing file /home/airflow/.local/lib/python3.7/site-packages/airflow/example_dags/example_branch_python_dop_operator_3.py for tasks to queue
[2022-05-18 23:53:48,309] {logging_mixin.py:115} INFO - [2022-05-18 23:53:48,309] {dagbag.py:507} INFO - Filling up the DagBag from /home/airflow/.local/lib/python3.7/site-packages/airflow/example_dags/example_branch_python_dop_operator_3.py
[2022-05-18 23:53:48,340] {processor.py:651} INFO - DAG(s) dict_keys(['example_branch_dop_operator_v3']) retrieved from /home/airflow/.local/lib/python3.7/site-packages/airflow/example_dags/example_branch_python_dop_operator_3.py
[2022-05-18 23:53:48,391] {logging_mixin.py:115} INFO - [2022-05-18 23:53:48,391] {dag.py:2371} INFO - Sync 1 DAGs
[2022-05-18 23:53:48,436] {logging_mixin.py:115} INFO - [2022-05-18 23:53:48,436] {dag.py:2919} INFO - Setting next_dagrun for example_branch_dop_operator_v3 to 2022-05-18T23:52:00+00:00, run_after=2022-05-18T23:53:00+00:00
[2022-05-18 23:53:48,453] {processor.py:161} INFO - Processing /home/airflow/.local/lib/python3.7/site-packages/airflow/example_dags/example_branch_python_dop_operator_3.py took 0.152 seconds
[2022-05-18 23:54:18,919] {processor.py:153} INFO - Started process (PID=1262) to work on /home/airflow/.local/lib/python3.7/site-packages/airflow/example_dags/example_branch_python_dop_operator_3.py
[2022-05-18 23:54:18,920] {processor.py:641} INFO - Processing file /home/airflow/.local/lib/python3.7/site-packages/airflow/example_dags/example_branch_python_dop_operator_3.py for tasks to queue
[2022-05-18 23:54:18,921] {logging_mixin.py:115} INFO - [2022-05-18 23:54:18,921] {dagbag.py:507} INFO - Filling up the DagBag from /home/airflow/.local/lib/python3.7/site-packages/airflow/example_dags/example_branch_python_dop_operator_3.py
[2022-05-18 23:54:18,938] {processor.py:651} INFO - DAG(s) dict_keys(['example_branch_dop_operator_v3']) retrieved from /home/airflow/.local/lib/python3.7/site-packages/airflow/example_dags/example_branch_python_dop_operator_3.py
[2022-05-18 23:54:18,967] {logging_mixin.py:115} INFO - [2022-05-18 23:54:18,967] {dag.py:2371} INFO - Sync 1 DAGs
[2022-05-18 23:54:18,999] {logging_mixin.py:115} INFO - [2022-05-18 23:54:18,999] {dag.py:2919} INFO - Setting next_dagrun for example_branch_dop_operator_v3 to 2022-05-18T23:53:00+00:00, run_after=2022-05-18T23:54:00+00:00
[2022-05-18 23:54:19,014] {processor.py:161} INFO - Processing /home/airflow/.local/lib/python3.7/site-packages/airflow/example_dags/example_branch_python_dop_operator_3.py took 0.099 seconds
[2022-05-18 23:54:49,329] {processor.py:153} INFO - Started process (PID=1316) to work on /home/airflow/.local/lib/python3.7/site-packages/airflow/example_dags/example_branch_python_dop_operator_3.py
[2022-05-18 23:54:49,330] {processor.py:641} INFO - Processing file /home/airflow/.local/lib/python3.7/site-packages/airflow/example_dags/example_branch_python_dop_operator_3.py for tasks to queue
[2022-05-18 23:54:49,331] {logging_mixin.py:115} INFO - [2022-05-18 23:54:49,331] {dagbag.py:507} INFO - Filling up the DagBag from /home/airflow/.local/lib/python3.7/site-packages/airflow/example_dags/example_branch_python_dop_operator_3.py
[2022-05-18 23:54:49,360] {processor.py:651} INFO - DAG(s) dict_keys(['example_branch_dop_operator_v3']) retrieved from /home/airflow/.local/lib/python3.7/site-packages/airflow/example_dags/example_branch_python_dop_operator_3.py
[2022-05-18 23:54:49,401] {logging_mixin.py:115} INFO - [2022-05-18 23:54:49,401] {dag.py:2371} INFO - Sync 1 DAGs
[2022-05-18 23:54:49,440] {logging_mixin.py:115} INFO - [2022-05-18 23:54:49,440] {dag.py:2919} INFO - Setting next_dagrun for example_branch_dop_operator_v3 to 2022-05-18T23:53:00+00:00, run_after=2022-05-18T23:54:00+00:00
[2022-05-18 23:54:49,456] {processor.py:161} INFO - Processing /home/airflow/.local/lib/python3.7/site-packages/airflow/example_dags/example_branch_python_dop_operator_3.py took 0.131 seconds
[2022-05-18 23:55:20,185] {processor.py:153} INFO - Started process (PID=1378) to work on /home/airflow/.local/lib/python3.7/site-packages/airflow/example_dags/example_branch_python_dop_operator_3.py
[2022-05-18 23:55:20,186] {processor.py:641} INFO - Processing file /home/airflow/.local/lib/python3.7/site-packages/airflow/example_dags/example_branch_python_dop_operator_3.py for tasks to queue
[2022-05-18 23:55:20,187] {logging_mixin.py:115} INFO - [2022-05-18 23:55:20,187] {dagbag.py:507} INFO - Filling up the DagBag from /home/airflow/.local/lib/python3.7/site-packages/airflow/example_dags/example_branch_python_dop_operator_3.py
[2022-05-18 23:55:20,204] {processor.py:651} INFO - DAG(s) dict_keys(['example_branch_dop_operator_v3']) retrieved from /home/airflow/.local/lib/python3.7/site-packages/airflow/example_dags/example_branch_python_dop_operator_3.py
[2022-05-18 23:55:20,235] {logging_mixin.py:115} INFO - [2022-05-18 23:55:20,235] {dag.py:2371} INFO - Sync 1 DAGs
[2022-05-18 23:55:20,265] {logging_mixin.py:115} INFO - [2022-05-18 23:55:20,265] {dag.py:2919} INFO - Setting next_dagrun for example_branch_dop_operator_v3 to 2022-05-18T23:54:00+00:00, run_after=2022-05-18T23:55:00+00:00
[2022-05-18 23:55:20,277] {processor.py:161} INFO - Processing /home/airflow/.local/lib/python3.7/site-packages/airflow/example_dags/example_branch_python_dop_operator_3.py took 0.098 seconds
[2022-05-18 23:55:50,602] {processor.py:153} INFO - Started process (PID=1438) to work on /home/airflow/.local/lib/python3.7/site-packages/airflow/example_dags/example_branch_python_dop_operator_3.py
[2022-05-18 23:55:50,603] {processor.py:641} INFO - Processing file /home/airflow/.local/lib/python3.7/site-packages/airflow/example_dags/example_branch_python_dop_operator_3.py for tasks to queue
[2022-05-18 23:55:50,604] {logging_mixin.py:115} INFO - [2022-05-18 23:55:50,604] {dagbag.py:507} INFO - Filling up the DagBag from /home/airflow/.local/lib/python3.7/site-packages/airflow/example_dags/example_branch_python_dop_operator_3.py
[2022-05-18 23:55:50,622] {processor.py:651} INFO - DAG(s) dict_keys(['example_branch_dop_operator_v3']) retrieved from /home/airflow/.local/lib/python3.7/site-packages/airflow/example_dags/example_branch_python_dop_operator_3.py
[2022-05-18 23:55:50,656] {logging_mixin.py:115} INFO - [2022-05-18 23:55:50,656] {dag.py:2371} INFO - Sync 1 DAGs
[2022-05-18 23:55:50,698] {logging_mixin.py:115} INFO - [2022-05-18 23:55:50,698] {dag.py:2919} INFO - Setting next_dagrun for example_branch_dop_operator_v3 to 2022-05-18T23:54:00+00:00, run_after=2022-05-18T23:55:00+00:00
[2022-05-18 23:55:50,714] {processor.py:161} INFO - Processing /home/airflow/.local/lib/python3.7/site-packages/airflow/example_dags/example_branch_python_dop_operator_3.py took 0.117 seconds
[2022-05-18 23:56:21,532] {processor.py:153} INFO - Started process (PID=1492) to work on /home/airflow/.local/lib/python3.7/site-packages/airflow/example_dags/example_branch_python_dop_operator_3.py
[2022-05-18 23:56:21,533] {processor.py:641} INFO - Processing file /home/airflow/.local/lib/python3.7/site-packages/airflow/example_dags/example_branch_python_dop_operator_3.py for tasks to queue
[2022-05-18 23:56:21,534] {logging_mixin.py:115} INFO - [2022-05-18 23:56:21,534] {dagbag.py:507} INFO - Filling up the DagBag from /home/airflow/.local/lib/python3.7/site-packages/airflow/example_dags/example_branch_python_dop_operator_3.py
[2022-05-18 23:56:21,549] {processor.py:651} INFO - DAG(s) dict_keys(['example_branch_dop_operator_v3']) retrieved from /home/airflow/.local/lib/python3.7/site-packages/airflow/example_dags/example_branch_python_dop_operator_3.py
[2022-05-18 23:56:21,576] {logging_mixin.py:115} INFO - [2022-05-18 23:56:21,575] {dag.py:2371} INFO - Sync 1 DAGs
[2022-05-18 23:56:21,605] {logging_mixin.py:115} INFO - [2022-05-18 23:56:21,604] {dag.py:2919} INFO - Setting next_dagrun for example_branch_dop_operator_v3 to 2022-05-18T23:55:00+00:00, run_after=2022-05-18T23:56:00+00:00
[2022-05-18 23:56:21,619] {processor.py:161} INFO - Processing /home/airflow/.local/lib/python3.7/site-packages/airflow/example_dags/example_branch_python_dop_operator_3.py took 0.090 seconds
[2022-05-18 23:56:51,959] {processor.py:153} INFO - Started process (PID=1554) to work on /home/airflow/.local/lib/python3.7/site-packages/airflow/example_dags/example_branch_python_dop_operator_3.py
[2022-05-18 23:56:51,960] {processor.py:641} INFO - Processing file /home/airflow/.local/lib/python3.7/site-packages/airflow/example_dags/example_branch_python_dop_operator_3.py for tasks to queue
[2022-05-18 23:56:51,961] {logging_mixin.py:115} INFO - [2022-05-18 23:56:51,961] {dagbag.py:507} INFO - Filling up the DagBag from /home/airflow/.local/lib/python3.7/site-packages/airflow/example_dags/example_branch_python_dop_operator_3.py
[2022-05-18 23:56:51,982] {processor.py:651} INFO - DAG(s) dict_keys(['example_branch_dop_operator_v3']) retrieved from /home/airflow/.local/lib/python3.7/site-packages/airflow/example_dags/example_branch_python_dop_operator_3.py
[2022-05-18 23:56:52,020] {logging_mixin.py:115} INFO - [2022-05-18 23:56:52,020] {dag.py:2371} INFO - Sync 1 DAGs
[2022-05-18 23:56:52,063] {logging_mixin.py:115} INFO - [2022-05-18 23:56:52,063] {dag.py:2919} INFO - Setting next_dagrun for example_branch_dop_operator_v3 to 2022-05-18T23:55:00+00:00, run_after=2022-05-18T23:56:00+00:00
[2022-05-18 23:56:52,082] {processor.py:161} INFO - Processing /home/airflow/.local/lib/python3.7/site-packages/airflow/example_dags/example_branch_python_dop_operator_3.py took 0.127 seconds
[2022-05-18 23:57:22,641] {processor.py:153} INFO - Started process (PID=1608) to work on /home/airflow/.local/lib/python3.7/site-packages/airflow/example_dags/example_branch_python_dop_operator_3.py
[2022-05-18 23:57:22,642] {processor.py:641} INFO - Processing file /home/airflow/.local/lib/python3.7/site-packages/airflow/example_dags/example_branch_python_dop_operator_3.py for tasks to queue
[2022-05-18 23:57:22,642] {logging_mixin.py:115} INFO - [2022-05-18 23:57:22,642] {dagbag.py:507} INFO - Filling up the DagBag from /home/airflow/.local/lib/python3.7/site-packages/airflow/example_dags/example_branch_python_dop_operator_3.py
[2022-05-18 23:57:22,658] {processor.py:651} INFO - DAG(s) dict_keys(['example_branch_dop_operator_v3']) retrieved from /home/airflow/.local/lib/python3.7/site-packages/airflow/example_dags/example_branch_python_dop_operator_3.py
[2022-05-18 23:57:22,684] {logging_mixin.py:115} INFO - [2022-05-18 23:57:22,684] {dag.py:2371} INFO - Sync 1 DAGs
[2022-05-18 23:57:22,715] {logging_mixin.py:115} INFO - [2022-05-18 23:57:22,715] {dag.py:2919} INFO - Setting next_dagrun for example_branch_dop_operator_v3 to 2022-05-18T23:56:00+00:00, run_after=2022-05-18T23:57:00+00:00
[2022-05-18 23:57:22,729] {processor.py:161} INFO - Processing /home/airflow/.local/lib/python3.7/site-packages/airflow/example_dags/example_branch_python_dop_operator_3.py took 0.092 seconds
[2022-05-18 23:57:53,572] {processor.py:153} INFO - Started process (PID=1669) to work on /home/airflow/.local/lib/python3.7/site-packages/airflow/example_dags/example_branch_python_dop_operator_3.py
[2022-05-18 23:57:53,573] {processor.py:641} INFO - Processing file /home/airflow/.local/lib/python3.7/site-packages/airflow/example_dags/example_branch_python_dop_operator_3.py for tasks to queue
[2022-05-18 23:57:53,575] {logging_mixin.py:115} INFO - [2022-05-18 23:57:53,575] {dagbag.py:507} INFO - Filling up the DagBag from /home/airflow/.local/lib/python3.7/site-packages/airflow/example_dags/example_branch_python_dop_operator_3.py
[2022-05-18 23:57:53,598] {processor.py:651} INFO - DAG(s) dict_keys(['example_branch_dop_operator_v3']) retrieved from /home/airflow/.local/lib/python3.7/site-packages/airflow/example_dags/example_branch_python_dop_operator_3.py
[2022-05-18 23:57:53,958] {logging_mixin.py:115} INFO - [2022-05-18 23:57:53,957] {dag.py:2371} INFO - Sync 1 DAGs
[2022-05-18 23:57:54,034] {logging_mixin.py:115} INFO - [2022-05-18 23:57:54,034] {dag.py:2919} INFO - Setting next_dagrun for example_branch_dop_operator_v3 to 2022-05-18T23:56:00+00:00, run_after=2022-05-18T23:57:00+00:00
[2022-05-18 23:57:54,071] {processor.py:161} INFO - Processing /home/airflow/.local/lib/python3.7/site-packages/airflow/example_dags/example_branch_python_dop_operator_3.py took 0.506 seconds
[2022-05-18 23:58:24,693] {processor.py:153} INFO - Started process (PID=1715) to work on /home/airflow/.local/lib/python3.7/site-packages/airflow/example_dags/example_branch_python_dop_operator_3.py
[2022-05-18 23:58:24,694] {processor.py:641} INFO - Processing file /home/airflow/.local/lib/python3.7/site-packages/airflow/example_dags/example_branch_python_dop_operator_3.py for tasks to queue
[2022-05-18 23:58:24,695] {logging_mixin.py:115} INFO - [2022-05-18 23:58:24,694] {dagbag.py:507} INFO - Filling up the DagBag from /home/airflow/.local/lib/python3.7/site-packages/airflow/example_dags/example_branch_python_dop_operator_3.py
[2022-05-18 23:58:24,710] {processor.py:651} INFO - DAG(s) dict_keys(['example_branch_dop_operator_v3']) retrieved from /home/airflow/.local/lib/python3.7/site-packages/airflow/example_dags/example_branch_python_dop_operator_3.py
[2022-05-18 23:58:24,894] {logging_mixin.py:115} INFO - [2022-05-18 23:58:24,894] {dag.py:2371} INFO - Sync 1 DAGs
[2022-05-18 23:58:24,928] {logging_mixin.py:115} INFO - [2022-05-18 23:58:24,928] {dag.py:2919} INFO - Setting next_dagrun for example_branch_dop_operator_v3 to 2022-05-18T23:57:00+00:00, run_after=2022-05-18T23:58:00+00:00
[2022-05-18 23:58:24,944] {processor.py:161} INFO - Processing /home/airflow/.local/lib/python3.7/site-packages/airflow/example_dags/example_branch_python_dop_operator_3.py took 0.256 seconds
[2022-05-18 23:58:59,198] {processor.py:153} INFO - Started process (PID=1779) to work on /home/airflow/.local/lib/python3.7/site-packages/airflow/example_dags/example_branch_python_dop_operator_3.py
[2022-05-18 23:58:59,200] {processor.py:641} INFO - Processing file /home/airflow/.local/lib/python3.7/site-packages/airflow/example_dags/example_branch_python_dop_operator_3.py for tasks to queue
[2022-05-18 23:58:59,202] {logging_mixin.py:115} INFO - [2022-05-18 23:58:59,202] {dagbag.py:507} INFO - Filling up the DagBag from /home/airflow/.local/lib/python3.7/site-packages/airflow/example_dags/example_branch_python_dop_operator_3.py
[2022-05-18 23:58:59,224] {processor.py:651} INFO - DAG(s) dict_keys(['example_branch_dop_operator_v3']) retrieved from /home/airflow/.local/lib/python3.7/site-packages/airflow/example_dags/example_branch_python_dop_operator_3.py
[2022-05-18 23:58:59,480] {logging_mixin.py:115} INFO - [2022-05-18 23:58:59,480] {dag.py:2371} INFO - Sync 1 DAGs
[2022-05-18 23:58:59,540] {logging_mixin.py:115} INFO - [2022-05-18 23:58:59,540] {dag.py:2919} INFO - Setting next_dagrun for example_branch_dop_operator_v3 to 2022-05-18T23:57:00+00:00, run_after=2022-05-18T23:58:00+00:00
[2022-05-18 23:58:59,564] {processor.py:161} INFO - Processing /home/airflow/.local/lib/python3.7/site-packages/airflow/example_dags/example_branch_python_dop_operator_3.py took 0.373 seconds
[2022-05-18 23:59:29,744] {processor.py:153} INFO - Started process (PID=1833) to work on /home/airflow/.local/lib/python3.7/site-packages/airflow/example_dags/example_branch_python_dop_operator_3.py
[2022-05-18 23:59:29,745] {processor.py:641} INFO - Processing file /home/airflow/.local/lib/python3.7/site-packages/airflow/example_dags/example_branch_python_dop_operator_3.py for tasks to queue
[2022-05-18 23:59:29,746] {logging_mixin.py:115} INFO - [2022-05-18 23:59:29,746] {dagbag.py:507} INFO - Filling up the DagBag from /home/airflow/.local/lib/python3.7/site-packages/airflow/example_dags/example_branch_python_dop_operator_3.py
[2022-05-18 23:59:29,762] {processor.py:651} INFO - DAG(s) dict_keys(['example_branch_dop_operator_v3']) retrieved from /home/airflow/.local/lib/python3.7/site-packages/airflow/example_dags/example_branch_python_dop_operator_3.py
[2022-05-18 23:59:29,917] {logging_mixin.py:115} INFO - [2022-05-18 23:59:29,916] {dag.py:2371} INFO - Sync 1 DAGs
[2022-05-18 23:59:29,945] {logging_mixin.py:115} INFO - [2022-05-18 23:59:29,945] {dag.py:2919} INFO - Setting next_dagrun for example_branch_dop_operator_v3 to 2022-05-18T23:58:00+00:00, run_after=2022-05-18T23:59:00+00:00
[2022-05-18 23:59:29,959] {processor.py:161} INFO - Processing /home/airflow/.local/lib/python3.7/site-packages/airflow/example_dags/example_branch_python_dop_operator_3.py took 0.218 seconds
