[2022-05-18 23:42:59,881] {processor.py:153} INFO - Started process (PID=79) to work on /home/airflow/.local/lib/python3.7/site-packages/airflow/example_dags/example_branch_day_of_week_operator.py
[2022-05-18 23:42:59,882] {processor.py:641} INFO - Processing file /home/airflow/.local/lib/python3.7/site-packages/airflow/example_dags/example_branch_day_of_week_operator.py for tasks to queue
[2022-05-18 23:42:59,884] {logging_mixin.py:115} INFO - [2022-05-18 23:42:59,884] {dagbag.py:507} INFO - Filling up the DagBag from /home/airflow/.local/lib/python3.7/site-packages/airflow/example_dags/example_branch_day_of_week_operator.py
[2022-05-18 23:42:59,948] {processor.py:651} INFO - DAG(s) dict_keys(['example_weekday_branch_operator']) retrieved from /home/airflow/.local/lib/python3.7/site-packages/airflow/example_dags/example_branch_day_of_week_operator.py
[2022-05-18 23:43:00,474] {logging_mixin.py:115} INFO - [2022-05-18 23:43:00,473] {manager.py:508} INFO - Created Permission View: can edit on DAG:example_weekday_branch_operator
[2022-05-18 23:43:00,498] {logging_mixin.py:115} INFO - [2022-05-18 23:43:00,498] {manager.py:508} INFO - Created Permission View: can delete on DAG:example_weekday_branch_operator
[2022-05-18 23:43:00,515] {logging_mixin.py:115} INFO - [2022-05-18 23:43:00,515] {manager.py:508} INFO - Created Permission View: can read on DAG:example_weekday_branch_operator
[2022-05-18 23:43:00,516] {logging_mixin.py:115} INFO - [2022-05-18 23:43:00,516] {dag.py:2371} INFO - Sync 1 DAGs
[2022-05-18 23:43:00,545] {logging_mixin.py:115} INFO - [2022-05-18 23:43:00,544] {dag.py:2390} INFO - Creating ORM DAG for example_weekday_branch_operator
[2022-05-18 23:43:00,590] {logging_mixin.py:115} INFO - [2022-05-18 23:43:00,590] {dag.py:2919} INFO - Setting next_dagrun for example_weekday_branch_operator to 2022-05-17T00:00:00+00:00, run_after=2022-05-18T00:00:00+00:00
[2022-05-18 23:43:00,645] {processor.py:161} INFO - Processing /home/airflow/.local/lib/python3.7/site-packages/airflow/example_dags/example_branch_day_of_week_operator.py took 0.772 seconds
[2022-05-18 23:43:31,116] {processor.py:153} INFO - Started process (PID=132) to work on /home/airflow/.local/lib/python3.7/site-packages/airflow/example_dags/example_branch_day_of_week_operator.py
[2022-05-18 23:43:31,117] {processor.py:641} INFO - Processing file /home/airflow/.local/lib/python3.7/site-packages/airflow/example_dags/example_branch_day_of_week_operator.py for tasks to queue
[2022-05-18 23:43:31,118] {logging_mixin.py:115} INFO - [2022-05-18 23:43:31,118] {dagbag.py:507} INFO - Filling up the DagBag from /home/airflow/.local/lib/python3.7/site-packages/airflow/example_dags/example_branch_day_of_week_operator.py
[2022-05-18 23:43:31,133] {processor.py:651} INFO - DAG(s) dict_keys(['example_weekday_branch_operator']) retrieved from /home/airflow/.local/lib/python3.7/site-packages/airflow/example_dags/example_branch_day_of_week_operator.py
[2022-05-18 23:43:31,188] {logging_mixin.py:115} INFO - [2022-05-18 23:43:31,188] {dag.py:2371} INFO - Sync 1 DAGs
[2022-05-18 23:43:31,376] {logging_mixin.py:115} INFO - [2022-05-18 23:43:31,376] {dag.py:2919} INFO - Setting next_dagrun for example_weekday_branch_operator to 2022-05-17T00:00:00+00:00, run_after=2022-05-18T00:00:00+00:00
[2022-05-18 23:43:31,398] {processor.py:161} INFO - Processing /home/airflow/.local/lib/python3.7/site-packages/airflow/example_dags/example_branch_day_of_week_operator.py took 0.286 seconds
[2022-05-18 23:44:01,804] {processor.py:153} INFO - Started process (PID=186) to work on /home/airflow/.local/lib/python3.7/site-packages/airflow/example_dags/example_branch_day_of_week_operator.py
[2022-05-18 23:44:01,805] {processor.py:641} INFO - Processing file /home/airflow/.local/lib/python3.7/site-packages/airflow/example_dags/example_branch_day_of_week_operator.py for tasks to queue
[2022-05-18 23:44:01,807] {logging_mixin.py:115} INFO - [2022-05-18 23:44:01,806] {dagbag.py:507} INFO - Filling up the DagBag from /home/airflow/.local/lib/python3.7/site-packages/airflow/example_dags/example_branch_day_of_week_operator.py
[2022-05-18 23:44:01,824] {processor.py:651} INFO - DAG(s) dict_keys(['example_weekday_branch_operator']) retrieved from /home/airflow/.local/lib/python3.7/site-packages/airflow/example_dags/example_branch_day_of_week_operator.py
[2022-05-18 23:44:01,908] {logging_mixin.py:115} INFO - [2022-05-18 23:44:01,908] {dag.py:2371} INFO - Sync 1 DAGs
[2022-05-18 23:44:02,134] {logging_mixin.py:115} INFO - [2022-05-18 23:44:02,134] {dag.py:2919} INFO - Setting next_dagrun for example_weekday_branch_operator to 2022-05-17T00:00:00+00:00, run_after=2022-05-18T00:00:00+00:00
[2022-05-18 23:44:02,162] {processor.py:161} INFO - Processing /home/airflow/.local/lib/python3.7/site-packages/airflow/example_dags/example_branch_day_of_week_operator.py took 0.362 seconds
[2022-05-18 23:44:32,296] {processor.py:153} INFO - Started process (PID=249) to work on /home/airflow/.local/lib/python3.7/site-packages/airflow/example_dags/example_branch_day_of_week_operator.py
[2022-05-18 23:44:32,297] {processor.py:641} INFO - Processing file /home/airflow/.local/lib/python3.7/site-packages/airflow/example_dags/example_branch_day_of_week_operator.py for tasks to queue
[2022-05-18 23:44:32,298] {logging_mixin.py:115} INFO - [2022-05-18 23:44:32,298] {dagbag.py:507} INFO - Filling up the DagBag from /home/airflow/.local/lib/python3.7/site-packages/airflow/example_dags/example_branch_day_of_week_operator.py
[2022-05-18 23:44:32,317] {processor.py:651} INFO - DAG(s) dict_keys(['example_weekday_branch_operator']) retrieved from /home/airflow/.local/lib/python3.7/site-packages/airflow/example_dags/example_branch_day_of_week_operator.py
[2022-05-18 23:44:32,350] {logging_mixin.py:115} INFO - [2022-05-18 23:44:32,350] {dag.py:2371} INFO - Sync 1 DAGs
[2022-05-18 23:44:32,545] {logging_mixin.py:115} INFO - [2022-05-18 23:44:32,545] {dag.py:2919} INFO - Setting next_dagrun for example_weekday_branch_operator to 2022-05-17T00:00:00+00:00, run_after=2022-05-18T00:00:00+00:00
[2022-05-18 23:44:32,561] {processor.py:161} INFO - Processing /home/airflow/.local/lib/python3.7/site-packages/airflow/example_dags/example_branch_day_of_week_operator.py took 0.270 seconds
[2022-05-18 23:45:02,732] {processor.py:153} INFO - Started process (PID=303) to work on /home/airflow/.local/lib/python3.7/site-packages/airflow/example_dags/example_branch_day_of_week_operator.py
[2022-05-18 23:45:02,733] {processor.py:641} INFO - Processing file /home/airflow/.local/lib/python3.7/site-packages/airflow/example_dags/example_branch_day_of_week_operator.py for tasks to queue
[2022-05-18 23:45:02,735] {logging_mixin.py:115} INFO - [2022-05-18 23:45:02,734] {dagbag.py:507} INFO - Filling up the DagBag from /home/airflow/.local/lib/python3.7/site-packages/airflow/example_dags/example_branch_day_of_week_operator.py
[2022-05-18 23:45:02,761] {processor.py:651} INFO - DAG(s) dict_keys(['example_weekday_branch_operator']) retrieved from /home/airflow/.local/lib/python3.7/site-packages/airflow/example_dags/example_branch_day_of_week_operator.py
[2022-05-18 23:45:02,814] {logging_mixin.py:115} INFO - [2022-05-18 23:45:02,814] {dag.py:2371} INFO - Sync 1 DAGs
[2022-05-18 23:45:03,039] {logging_mixin.py:115} INFO - [2022-05-18 23:45:03,038] {dag.py:2919} INFO - Setting next_dagrun for example_weekday_branch_operator to 2022-05-17T00:00:00+00:00, run_after=2022-05-18T00:00:00+00:00
[2022-05-18 23:45:03,059] {processor.py:161} INFO - Processing /home/airflow/.local/lib/python3.7/site-packages/airflow/example_dags/example_branch_day_of_week_operator.py took 0.334 seconds
[2022-05-18 23:45:33,889] {processor.py:153} INFO - Started process (PID=356) to work on /home/airflow/.local/lib/python3.7/site-packages/airflow/example_dags/example_branch_day_of_week_operator.py
[2022-05-18 23:45:33,890] {processor.py:641} INFO - Processing file /home/airflow/.local/lib/python3.7/site-packages/airflow/example_dags/example_branch_day_of_week_operator.py for tasks to queue
[2022-05-18 23:45:33,891] {logging_mixin.py:115} INFO - [2022-05-18 23:45:33,891] {dagbag.py:507} INFO - Filling up the DagBag from /home/airflow/.local/lib/python3.7/site-packages/airflow/example_dags/example_branch_day_of_week_operator.py
[2022-05-18 23:45:33,907] {processor.py:651} INFO - DAG(s) dict_keys(['example_weekday_branch_operator']) retrieved from /home/airflow/.local/lib/python3.7/site-packages/airflow/example_dags/example_branch_day_of_week_operator.py
[2022-05-18 23:45:33,937] {logging_mixin.py:115} INFO - [2022-05-18 23:45:33,937] {dag.py:2371} INFO - Sync 1 DAGs
[2022-05-18 23:45:34,085] {logging_mixin.py:115} INFO - [2022-05-18 23:45:34,085] {dag.py:2919} INFO - Setting next_dagrun for example_weekday_branch_operator to 2022-05-17T00:00:00+00:00, run_after=2022-05-18T00:00:00+00:00
[2022-05-18 23:45:34,100] {processor.py:161} INFO - Processing /home/airflow/.local/lib/python3.7/site-packages/airflow/example_dags/example_branch_day_of_week_operator.py took 0.215 seconds
[2022-05-18 23:46:04,284] {processor.py:153} INFO - Started process (PID=420) to work on /home/airflow/.local/lib/python3.7/site-packages/airflow/example_dags/example_branch_day_of_week_operator.py
[2022-05-18 23:46:04,285] {processor.py:641} INFO - Processing file /home/airflow/.local/lib/python3.7/site-packages/airflow/example_dags/example_branch_day_of_week_operator.py for tasks to queue
[2022-05-18 23:46:04,287] {logging_mixin.py:115} INFO - [2022-05-18 23:46:04,286] {dagbag.py:507} INFO - Filling up the DagBag from /home/airflow/.local/lib/python3.7/site-packages/airflow/example_dags/example_branch_day_of_week_operator.py
[2022-05-18 23:46:04,313] {processor.py:651} INFO - DAG(s) dict_keys(['example_weekday_branch_operator']) retrieved from /home/airflow/.local/lib/python3.7/site-packages/airflow/example_dags/example_branch_day_of_week_operator.py
[2022-05-18 23:46:04,393] {logging_mixin.py:115} INFO - [2022-05-18 23:46:04,392] {dag.py:2371} INFO - Sync 1 DAGs
[2022-05-18 23:46:09,703] {logging_mixin.py:115} INFO - [2022-05-18 23:46:09,690] {dag.py:2919} INFO - Setting next_dagrun for example_weekday_branch_operator to 2022-05-17T00:00:00+00:00, run_after=2022-05-18T00:00:00+00:00
[2022-05-18 23:46:11,090] {processor.py:161} INFO - Processing /home/airflow/.local/lib/python3.7/site-packages/airflow/example_dags/example_branch_day_of_week_operator.py took 6.812 seconds
[2022-05-18 23:46:41,601] {processor.py:153} INFO - Started process (PID=474) to work on /home/airflow/.local/lib/python3.7/site-packages/airflow/example_dags/example_branch_day_of_week_operator.py
[2022-05-18 23:46:41,602] {processor.py:641} INFO - Processing file /home/airflow/.local/lib/python3.7/site-packages/airflow/example_dags/example_branch_day_of_week_operator.py for tasks to queue
[2022-05-18 23:46:41,603] {logging_mixin.py:115} INFO - [2022-05-18 23:46:41,603] {dagbag.py:507} INFO - Filling up the DagBag from /home/airflow/.local/lib/python3.7/site-packages/airflow/example_dags/example_branch_day_of_week_operator.py
[2022-05-18 23:46:41,618] {processor.py:651} INFO - DAG(s) dict_keys(['example_weekday_branch_operator']) retrieved from /home/airflow/.local/lib/python3.7/site-packages/airflow/example_dags/example_branch_day_of_week_operator.py
[2022-05-18 23:46:41,656] {logging_mixin.py:115} INFO - [2022-05-18 23:46:41,656] {dag.py:2371} INFO - Sync 1 DAGs
[2022-05-18 23:46:41,852] {logging_mixin.py:115} INFO - [2022-05-18 23:46:41,852] {dag.py:2919} INFO - Setting next_dagrun for example_weekday_branch_operator to 2022-05-17T00:00:00+00:00, run_after=2022-05-18T00:00:00+00:00
[2022-05-18 23:46:41,868] {processor.py:161} INFO - Processing /home/airflow/.local/lib/python3.7/site-packages/airflow/example_dags/example_branch_day_of_week_operator.py took 0.272 seconds
[2022-05-18 23:47:12,430] {processor.py:153} INFO - Started process (PID=528) to work on /home/airflow/.local/lib/python3.7/site-packages/airflow/example_dags/example_branch_day_of_week_operator.py
[2022-05-18 23:47:12,431] {processor.py:641} INFO - Processing file /home/airflow/.local/lib/python3.7/site-packages/airflow/example_dags/example_branch_day_of_week_operator.py for tasks to queue
[2022-05-18 23:47:12,432] {logging_mixin.py:115} INFO - [2022-05-18 23:47:12,432] {dagbag.py:507} INFO - Filling up the DagBag from /home/airflow/.local/lib/python3.7/site-packages/airflow/example_dags/example_branch_day_of_week_operator.py
[2022-05-18 23:47:12,467] {processor.py:651} INFO - DAG(s) dict_keys(['example_weekday_branch_operator']) retrieved from /home/airflow/.local/lib/python3.7/site-packages/airflow/example_dags/example_branch_day_of_week_operator.py
[2022-05-18 23:47:12,513] {logging_mixin.py:115} INFO - [2022-05-18 23:47:12,512] {dag.py:2371} INFO - Sync 1 DAGs
[2022-05-18 23:47:12,801] {logging_mixin.py:115} INFO - [2022-05-18 23:47:12,801] {dag.py:2919} INFO - Setting next_dagrun for example_weekday_branch_operator to 2022-05-17T00:00:00+00:00, run_after=2022-05-18T00:00:00+00:00
[2022-05-18 23:47:12,832] {processor.py:161} INFO - Processing /home/airflow/.local/lib/python3.7/site-packages/airflow/example_dags/example_branch_day_of_week_operator.py took 0.407 seconds
[2022-05-18 23:47:42,913] {processor.py:153} INFO - Started process (PID=590) to work on /home/airflow/.local/lib/python3.7/site-packages/airflow/example_dags/example_branch_day_of_week_operator.py
[2022-05-18 23:47:42,914] {processor.py:641} INFO - Processing file /home/airflow/.local/lib/python3.7/site-packages/airflow/example_dags/example_branch_day_of_week_operator.py for tasks to queue
[2022-05-18 23:47:42,916] {logging_mixin.py:115} INFO - [2022-05-18 23:47:42,916] {dagbag.py:507} INFO - Filling up the DagBag from /home/airflow/.local/lib/python3.7/site-packages/airflow/example_dags/example_branch_day_of_week_operator.py
[2022-05-18 23:47:42,932] {processor.py:651} INFO - DAG(s) dict_keys(['example_weekday_branch_operator']) retrieved from /home/airflow/.local/lib/python3.7/site-packages/airflow/example_dags/example_branch_day_of_week_operator.py
[2022-05-18 23:47:42,969] {logging_mixin.py:115} INFO - [2022-05-18 23:47:42,969] {dag.py:2371} INFO - Sync 1 DAGs
[2022-05-18 23:47:43,148] {logging_mixin.py:115} INFO - [2022-05-18 23:47:43,148] {dag.py:2919} INFO - Setting next_dagrun for example_weekday_branch_operator to 2022-05-17T00:00:00+00:00, run_after=2022-05-18T00:00:00+00:00
[2022-05-18 23:47:43,163] {processor.py:161} INFO - Processing /home/airflow/.local/lib/python3.7/site-packages/airflow/example_dags/example_branch_day_of_week_operator.py took 0.254 seconds
[2022-05-18 23:48:32,174] {processor.py:153} INFO - Started process (PID=645) to work on /home/airflow/.local/lib/python3.7/site-packages/airflow/example_dags/example_branch_day_of_week_operator.py
[2022-05-18 23:48:32,175] {processor.py:641} INFO - Processing file /home/airflow/.local/lib/python3.7/site-packages/airflow/example_dags/example_branch_day_of_week_operator.py for tasks to queue
[2022-05-18 23:48:32,176] {logging_mixin.py:115} INFO - [2022-05-18 23:48:32,176] {dagbag.py:507} INFO - Filling up the DagBag from /home/airflow/.local/lib/python3.7/site-packages/airflow/example_dags/example_branch_day_of_week_operator.py
[2022-05-18 23:48:32,188] {processor.py:651} INFO - DAG(s) dict_keys(['example_weekday_branch_operator']) retrieved from /home/airflow/.local/lib/python3.7/site-packages/airflow/example_dags/example_branch_day_of_week_operator.py
[2022-05-18 23:48:32,226] {logging_mixin.py:115} INFO - [2022-05-18 23:48:32,226] {dag.py:2371} INFO - Sync 1 DAGs
[2022-05-18 23:48:32,385] {logging_mixin.py:115} INFO - [2022-05-18 23:48:32,384] {dag.py:2919} INFO - Setting next_dagrun for example_weekday_branch_operator to 2022-05-17T00:00:00+00:00, run_after=2022-05-18T00:00:00+00:00
[2022-05-18 23:48:32,410] {processor.py:161} INFO - Processing /home/airflow/.local/lib/python3.7/site-packages/airflow/example_dags/example_branch_day_of_week_operator.py took 0.240 seconds
[2022-05-18 23:49:02,815] {processor.py:153} INFO - Started process (PID=699) to work on /home/airflow/.local/lib/python3.7/site-packages/airflow/example_dags/example_branch_day_of_week_operator.py
[2022-05-18 23:49:02,816] {processor.py:641} INFO - Processing file /home/airflow/.local/lib/python3.7/site-packages/airflow/example_dags/example_branch_day_of_week_operator.py for tasks to queue
[2022-05-18 23:49:02,817] {logging_mixin.py:115} INFO - [2022-05-18 23:49:02,817] {dagbag.py:507} INFO - Filling up the DagBag from /home/airflow/.local/lib/python3.7/site-packages/airflow/example_dags/example_branch_day_of_week_operator.py
[2022-05-18 23:49:02,829] {processor.py:651} INFO - DAG(s) dict_keys(['example_weekday_branch_operator']) retrieved from /home/airflow/.local/lib/python3.7/site-packages/airflow/example_dags/example_branch_day_of_week_operator.py
[2022-05-18 23:49:02,867] {logging_mixin.py:115} INFO - [2022-05-18 23:49:02,867] {dag.py:2371} INFO - Sync 1 DAGs
[2022-05-18 23:49:03,017] {logging_mixin.py:115} INFO - [2022-05-18 23:49:03,017] {dag.py:2919} INFO - Setting next_dagrun for example_weekday_branch_operator to 2022-05-17T00:00:00+00:00, run_after=2022-05-18T00:00:00+00:00
[2022-05-18 23:49:03,031] {processor.py:161} INFO - Processing /home/airflow/.local/lib/python3.7/site-packages/airflow/example_dags/example_branch_day_of_week_operator.py took 0.219 seconds
[2022-05-18 23:49:34,707] {processor.py:153} INFO - Started process (PID=761) to work on /home/airflow/.local/lib/python3.7/site-packages/airflow/example_dags/example_branch_day_of_week_operator.py
[2022-05-18 23:49:34,709] {processor.py:641} INFO - Processing file /home/airflow/.local/lib/python3.7/site-packages/airflow/example_dags/example_branch_day_of_week_operator.py for tasks to queue
[2022-05-18 23:49:34,711] {logging_mixin.py:115} INFO - [2022-05-18 23:49:34,710] {dagbag.py:507} INFO - Filling up the DagBag from /home/airflow/.local/lib/python3.7/site-packages/airflow/example_dags/example_branch_day_of_week_operator.py
[2022-05-18 23:49:34,730] {processor.py:651} INFO - DAG(s) dict_keys(['example_weekday_branch_operator']) retrieved from /home/airflow/.local/lib/python3.7/site-packages/airflow/example_dags/example_branch_day_of_week_operator.py
[2022-05-18 23:49:34,784] {logging_mixin.py:115} INFO - [2022-05-18 23:49:34,784] {dag.py:2371} INFO - Sync 1 DAGs
[2022-05-18 23:49:35,007] {logging_mixin.py:115} INFO - [2022-05-18 23:49:35,006] {dag.py:2919} INFO - Setting next_dagrun for example_weekday_branch_operator to 2022-05-17T00:00:00+00:00, run_after=2022-05-18T00:00:00+00:00
[2022-05-18 23:49:35,031] {processor.py:161} INFO - Processing /home/airflow/.local/lib/python3.7/site-packages/airflow/example_dags/example_branch_day_of_week_operator.py took 0.331 seconds
[2022-05-18 23:50:05,570] {processor.py:153} INFO - Started process (PID=815) to work on /home/airflow/.local/lib/python3.7/site-packages/airflow/example_dags/example_branch_day_of_week_operator.py
[2022-05-18 23:50:05,570] {processor.py:641} INFO - Processing file /home/airflow/.local/lib/python3.7/site-packages/airflow/example_dags/example_branch_day_of_week_operator.py for tasks to queue
[2022-05-18 23:50:05,572] {logging_mixin.py:115} INFO - [2022-05-18 23:50:05,571] {dagbag.py:507} INFO - Filling up the DagBag from /home/airflow/.local/lib/python3.7/site-packages/airflow/example_dags/example_branch_day_of_week_operator.py
[2022-05-18 23:50:05,583] {processor.py:651} INFO - DAG(s) dict_keys(['example_weekday_branch_operator']) retrieved from /home/airflow/.local/lib/python3.7/site-packages/airflow/example_dags/example_branch_day_of_week_operator.py
[2022-05-18 23:50:05,621] {logging_mixin.py:115} INFO - [2022-05-18 23:50:05,621] {dag.py:2371} INFO - Sync 1 DAGs
[2022-05-18 23:50:05,765] {logging_mixin.py:115} INFO - [2022-05-18 23:50:05,765] {dag.py:2919} INFO - Setting next_dagrun for example_weekday_branch_operator to 2022-05-17T00:00:00+00:00, run_after=2022-05-18T00:00:00+00:00
[2022-05-18 23:50:05,778] {processor.py:161} INFO - Processing /home/airflow/.local/lib/python3.7/site-packages/airflow/example_dags/example_branch_day_of_week_operator.py took 0.213 seconds
[2022-05-18 23:50:35,930] {processor.py:153} INFO - Started process (PID=878) to work on /home/airflow/.local/lib/python3.7/site-packages/airflow/example_dags/example_branch_day_of_week_operator.py
[2022-05-18 23:50:35,931] {processor.py:641} INFO - Processing file /home/airflow/.local/lib/python3.7/site-packages/airflow/example_dags/example_branch_day_of_week_operator.py for tasks to queue
[2022-05-18 23:50:35,932] {logging_mixin.py:115} INFO - [2022-05-18 23:50:35,932] {dagbag.py:507} INFO - Filling up the DagBag from /home/airflow/.local/lib/python3.7/site-packages/airflow/example_dags/example_branch_day_of_week_operator.py
[2022-05-18 23:50:35,945] {processor.py:651} INFO - DAG(s) dict_keys(['example_weekday_branch_operator']) retrieved from /home/airflow/.local/lib/python3.7/site-packages/airflow/example_dags/example_branch_day_of_week_operator.py
[2022-05-18 23:50:35,990] {logging_mixin.py:115} INFO - [2022-05-18 23:50:35,990] {dag.py:2371} INFO - Sync 1 DAGs
[2022-05-18 23:50:36,201] {logging_mixin.py:115} INFO - [2022-05-18 23:50:36,200] {dag.py:2919} INFO - Setting next_dagrun for example_weekday_branch_operator to 2022-05-17T00:00:00+00:00, run_after=2022-05-18T00:00:00+00:00
[2022-05-18 23:50:36,219] {processor.py:161} INFO - Processing /home/airflow/.local/lib/python3.7/site-packages/airflow/example_dags/example_branch_day_of_week_operator.py took 0.293 seconds
[2022-05-18 23:51:12,033] {processor.py:153} INFO - Started process (PID=907) to work on /home/airflow/.local/lib/python3.7/site-packages/airflow/example_dags/example_branch_day_of_week_operator.py
[2022-05-18 23:51:12,039] {processor.py:641} INFO - Processing file /home/airflow/.local/lib/python3.7/site-packages/airflow/example_dags/example_branch_day_of_week_operator.py for tasks to queue
[2022-05-18 23:51:12,041] {logging_mixin.py:115} INFO - [2022-05-18 23:51:12,040] {dagbag.py:507} INFO - Filling up the DagBag from /home/airflow/.local/lib/python3.7/site-packages/airflow/example_dags/example_branch_day_of_week_operator.py
[2022-05-18 23:51:12,080] {processor.py:651} INFO - DAG(s) dict_keys(['example_weekday_branch_operator']) retrieved from /home/airflow/.local/lib/python3.7/site-packages/airflow/example_dags/example_branch_day_of_week_operator.py
[2022-05-18 23:51:12,218] {logging_mixin.py:115} INFO - [2022-05-18 23:51:12,218] {dag.py:2371} INFO - Sync 1 DAGs
[2022-05-18 23:51:12,800] {logging_mixin.py:115} INFO - [2022-05-18 23:51:12,800] {dag.py:2919} INFO - Setting next_dagrun for example_weekday_branch_operator to 2022-05-17T00:00:00+00:00, run_after=2022-05-18T00:00:00+00:00
[2022-05-18 23:51:12,971] {processor.py:161} INFO - Processing /home/airflow/.local/lib/python3.7/site-packages/airflow/example_dags/example_branch_day_of_week_operator.py took 0.946 seconds
[2022-05-18 23:51:43,099] {processor.py:153} INFO - Started process (PID=959) to work on /home/airflow/.local/lib/python3.7/site-packages/airflow/example_dags/example_branch_day_of_week_operator.py
[2022-05-18 23:51:43,100] {processor.py:641} INFO - Processing file /home/airflow/.local/lib/python3.7/site-packages/airflow/example_dags/example_branch_day_of_week_operator.py for tasks to queue
[2022-05-18 23:51:43,101] {logging_mixin.py:115} INFO - [2022-05-18 23:51:43,101] {dagbag.py:507} INFO - Filling up the DagBag from /home/airflow/.local/lib/python3.7/site-packages/airflow/example_dags/example_branch_day_of_week_operator.py
[2022-05-18 23:51:43,114] {processor.py:651} INFO - DAG(s) dict_keys(['example_weekday_branch_operator']) retrieved from /home/airflow/.local/lib/python3.7/site-packages/airflow/example_dags/example_branch_day_of_week_operator.py
[2022-05-18 23:51:43,153] {logging_mixin.py:115} INFO - [2022-05-18 23:51:43,152] {dag.py:2371} INFO - Sync 1 DAGs
[2022-05-18 23:51:43,318] {logging_mixin.py:115} INFO - [2022-05-18 23:51:43,317] {dag.py:2919} INFO - Setting next_dagrun for example_weekday_branch_operator to 2022-05-17T00:00:00+00:00, run_after=2022-05-18T00:00:00+00:00
[2022-05-18 23:51:43,334] {processor.py:161} INFO - Processing /home/airflow/.local/lib/python3.7/site-packages/airflow/example_dags/example_branch_day_of_week_operator.py took 0.239 seconds
[2022-05-18 23:52:13,566] {processor.py:153} INFO - Started process (PID=1021) to work on /home/airflow/.local/lib/python3.7/site-packages/airflow/example_dags/example_branch_day_of_week_operator.py
[2022-05-18 23:52:13,568] {processor.py:641} INFO - Processing file /home/airflow/.local/lib/python3.7/site-packages/airflow/example_dags/example_branch_day_of_week_operator.py for tasks to queue
[2022-05-18 23:52:13,569] {logging_mixin.py:115} INFO - [2022-05-18 23:52:13,569] {dagbag.py:507} INFO - Filling up the DagBag from /home/airflow/.local/lib/python3.7/site-packages/airflow/example_dags/example_branch_day_of_week_operator.py
[2022-05-18 23:52:13,591] {processor.py:651} INFO - DAG(s) dict_keys(['example_weekday_branch_operator']) retrieved from /home/airflow/.local/lib/python3.7/site-packages/airflow/example_dags/example_branch_day_of_week_operator.py
[2022-05-18 23:52:13,686] {logging_mixin.py:115} INFO - [2022-05-18 23:52:13,685] {dag.py:2371} INFO - Sync 1 DAGs
[2022-05-18 23:52:13,866] {logging_mixin.py:115} INFO - [2022-05-18 23:52:13,866] {dag.py:2919} INFO - Setting next_dagrun for example_weekday_branch_operator to 2022-05-17T00:00:00+00:00, run_after=2022-05-18T00:00:00+00:00
[2022-05-18 23:52:13,885] {processor.py:161} INFO - Processing /home/airflow/.local/lib/python3.7/site-packages/airflow/example_dags/example_branch_day_of_week_operator.py took 0.327 seconds
[2022-05-18 23:52:43,921] {processor.py:153} INFO - Started process (PID=1075) to work on /home/airflow/.local/lib/python3.7/site-packages/airflow/example_dags/example_branch_day_of_week_operator.py
[2022-05-18 23:52:43,922] {processor.py:641} INFO - Processing file /home/airflow/.local/lib/python3.7/site-packages/airflow/example_dags/example_branch_day_of_week_operator.py for tasks to queue
[2022-05-18 23:52:43,923] {logging_mixin.py:115} INFO - [2022-05-18 23:52:43,923] {dagbag.py:507} INFO - Filling up the DagBag from /home/airflow/.local/lib/python3.7/site-packages/airflow/example_dags/example_branch_day_of_week_operator.py
[2022-05-18 23:52:43,934] {processor.py:651} INFO - DAG(s) dict_keys(['example_weekday_branch_operator']) retrieved from /home/airflow/.local/lib/python3.7/site-packages/airflow/example_dags/example_branch_day_of_week_operator.py
[2022-05-18 23:52:43,965] {logging_mixin.py:115} INFO - [2022-05-18 23:52:43,964] {dag.py:2371} INFO - Sync 1 DAGs
[2022-05-18 23:52:44,101] {logging_mixin.py:115} INFO - [2022-05-18 23:52:44,101] {dag.py:2919} INFO - Setting next_dagrun for example_weekday_branch_operator to 2022-05-17T00:00:00+00:00, run_after=2022-05-18T00:00:00+00:00
[2022-05-18 23:52:44,113] {processor.py:161} INFO - Processing /home/airflow/.local/lib/python3.7/site-packages/airflow/example_dags/example_branch_day_of_week_operator.py took 0.196 seconds
[2022-05-18 23:53:14,568] {processor.py:153} INFO - Started process (PID=1138) to work on /home/airflow/.local/lib/python3.7/site-packages/airflow/example_dags/example_branch_day_of_week_operator.py
[2022-05-18 23:53:14,569] {processor.py:641} INFO - Processing file /home/airflow/.local/lib/python3.7/site-packages/airflow/example_dags/example_branch_day_of_week_operator.py for tasks to queue
[2022-05-18 23:53:14,571] {logging_mixin.py:115} INFO - [2022-05-18 23:53:14,570] {dagbag.py:507} INFO - Filling up the DagBag from /home/airflow/.local/lib/python3.7/site-packages/airflow/example_dags/example_branch_day_of_week_operator.py
[2022-05-18 23:53:14,585] {processor.py:651} INFO - DAG(s) dict_keys(['example_weekday_branch_operator']) retrieved from /home/airflow/.local/lib/python3.7/site-packages/airflow/example_dags/example_branch_day_of_week_operator.py
[2022-05-18 23:53:14,628] {logging_mixin.py:115} INFO - [2022-05-18 23:53:14,627] {dag.py:2371} INFO - Sync 1 DAGs
[2022-05-18 23:53:14,660] {logging_mixin.py:115} INFO - [2022-05-18 23:53:14,660] {dag.py:2919} INFO - Setting next_dagrun for example_weekday_branch_operator to 2022-05-17T00:00:00+00:00, run_after=2022-05-18T00:00:00+00:00
[2022-05-18 23:53:14,676] {processor.py:161} INFO - Processing /home/airflow/.local/lib/python3.7/site-packages/airflow/example_dags/example_branch_day_of_week_operator.py took 0.112 seconds
[2022-05-18 23:53:44,802] {processor.py:153} INFO - Started process (PID=1192) to work on /home/airflow/.local/lib/python3.7/site-packages/airflow/example_dags/example_branch_day_of_week_operator.py
[2022-05-18 23:53:44,803] {processor.py:641} INFO - Processing file /home/airflow/.local/lib/python3.7/site-packages/airflow/example_dags/example_branch_day_of_week_operator.py for tasks to queue
[2022-05-18 23:53:44,804] {logging_mixin.py:115} INFO - [2022-05-18 23:53:44,804] {dagbag.py:507} INFO - Filling up the DagBag from /home/airflow/.local/lib/python3.7/site-packages/airflow/example_dags/example_branch_day_of_week_operator.py
[2022-05-18 23:53:44,815] {processor.py:651} INFO - DAG(s) dict_keys(['example_weekday_branch_operator']) retrieved from /home/airflow/.local/lib/python3.7/site-packages/airflow/example_dags/example_branch_day_of_week_operator.py
[2022-05-18 23:53:44,850] {logging_mixin.py:115} INFO - [2022-05-18 23:53:44,850] {dag.py:2371} INFO - Sync 1 DAGs
[2022-05-18 23:53:44,880] {logging_mixin.py:115} INFO - [2022-05-18 23:53:44,880] {dag.py:2919} INFO - Setting next_dagrun for example_weekday_branch_operator to 2022-05-17T00:00:00+00:00, run_after=2022-05-18T00:00:00+00:00
[2022-05-18 23:53:44,899] {processor.py:161} INFO - Processing /home/airflow/.local/lib/python3.7/site-packages/airflow/example_dags/example_branch_day_of_week_operator.py took 0.100 seconds
[2022-05-18 23:54:15,411] {processor.py:153} INFO - Started process (PID=1255) to work on /home/airflow/.local/lib/python3.7/site-packages/airflow/example_dags/example_branch_day_of_week_operator.py
[2022-05-18 23:54:15,412] {processor.py:641} INFO - Processing file /home/airflow/.local/lib/python3.7/site-packages/airflow/example_dags/example_branch_day_of_week_operator.py for tasks to queue
[2022-05-18 23:54:15,414] {logging_mixin.py:115} INFO - [2022-05-18 23:54:15,414] {dagbag.py:507} INFO - Filling up the DagBag from /home/airflow/.local/lib/python3.7/site-packages/airflow/example_dags/example_branch_day_of_week_operator.py
[2022-05-18 23:54:15,458] {processor.py:651} INFO - DAG(s) dict_keys(['example_weekday_branch_operator']) retrieved from /home/airflow/.local/lib/python3.7/site-packages/airflow/example_dags/example_branch_day_of_week_operator.py
[2022-05-18 23:54:15,516] {logging_mixin.py:115} INFO - [2022-05-18 23:54:15,516] {dag.py:2371} INFO - Sync 1 DAGs
[2022-05-18 23:54:15,555] {logging_mixin.py:115} INFO - [2022-05-18 23:54:15,555] {dag.py:2919} INFO - Setting next_dagrun for example_weekday_branch_operator to 2022-05-17T00:00:00+00:00, run_after=2022-05-18T00:00:00+00:00
[2022-05-18 23:54:15,570] {processor.py:161} INFO - Processing /home/airflow/.local/lib/python3.7/site-packages/airflow/example_dags/example_branch_day_of_week_operator.py took 0.164 seconds
[2022-05-18 23:54:45,816] {processor.py:153} INFO - Started process (PID=1309) to work on /home/airflow/.local/lib/python3.7/site-packages/airflow/example_dags/example_branch_day_of_week_operator.py
[2022-05-18 23:54:45,817] {processor.py:641} INFO - Processing file /home/airflow/.local/lib/python3.7/site-packages/airflow/example_dags/example_branch_day_of_week_operator.py for tasks to queue
[2022-05-18 23:54:45,818] {logging_mixin.py:115} INFO - [2022-05-18 23:54:45,818] {dagbag.py:507} INFO - Filling up the DagBag from /home/airflow/.local/lib/python3.7/site-packages/airflow/example_dags/example_branch_day_of_week_operator.py
[2022-05-18 23:54:45,828] {processor.py:651} INFO - DAG(s) dict_keys(['example_weekday_branch_operator']) retrieved from /home/airflow/.local/lib/python3.7/site-packages/airflow/example_dags/example_branch_day_of_week_operator.py
[2022-05-18 23:54:45,875] {logging_mixin.py:115} INFO - [2022-05-18 23:54:45,875] {dag.py:2371} INFO - Sync 1 DAGs
[2022-05-18 23:54:45,905] {logging_mixin.py:115} INFO - [2022-05-18 23:54:45,905] {dag.py:2919} INFO - Setting next_dagrun for example_weekday_branch_operator to 2022-05-17T00:00:00+00:00, run_after=2022-05-18T00:00:00+00:00
[2022-05-18 23:54:45,920] {processor.py:161} INFO - Processing /home/airflow/.local/lib/python3.7/site-packages/airflow/example_dags/example_branch_day_of_week_operator.py took 0.110 seconds
[2022-05-18 23:55:16,638] {processor.py:153} INFO - Started process (PID=1371) to work on /home/airflow/.local/lib/python3.7/site-packages/airflow/example_dags/example_branch_day_of_week_operator.py
[2022-05-18 23:55:16,639] {processor.py:641} INFO - Processing file /home/airflow/.local/lib/python3.7/site-packages/airflow/example_dags/example_branch_day_of_week_operator.py for tasks to queue
[2022-05-18 23:55:16,640] {logging_mixin.py:115} INFO - [2022-05-18 23:55:16,640] {dagbag.py:507} INFO - Filling up the DagBag from /home/airflow/.local/lib/python3.7/site-packages/airflow/example_dags/example_branch_day_of_week_operator.py
[2022-05-18 23:55:16,667] {processor.py:651} INFO - DAG(s) dict_keys(['example_weekday_branch_operator']) retrieved from /home/airflow/.local/lib/python3.7/site-packages/airflow/example_dags/example_branch_day_of_week_operator.py
[2022-05-18 23:55:16,739] {logging_mixin.py:115} INFO - [2022-05-18 23:55:16,739] {dag.py:2371} INFO - Sync 1 DAGs
[2022-05-18 23:55:16,800] {logging_mixin.py:115} INFO - [2022-05-18 23:55:16,799] {dag.py:2919} INFO - Setting next_dagrun for example_weekday_branch_operator to 2022-05-17T00:00:00+00:00, run_after=2022-05-18T00:00:00+00:00
[2022-05-18 23:55:16,820] {processor.py:161} INFO - Processing /home/airflow/.local/lib/python3.7/site-packages/airflow/example_dags/example_branch_day_of_week_operator.py took 0.188 seconds
[2022-05-18 23:55:47,074] {processor.py:153} INFO - Started process (PID=1424) to work on /home/airflow/.local/lib/python3.7/site-packages/airflow/example_dags/example_branch_day_of_week_operator.py
[2022-05-18 23:55:47,075] {processor.py:641} INFO - Processing file /home/airflow/.local/lib/python3.7/site-packages/airflow/example_dags/example_branch_day_of_week_operator.py for tasks to queue
[2022-05-18 23:55:47,076] {logging_mixin.py:115} INFO - [2022-05-18 23:55:47,076] {dagbag.py:507} INFO - Filling up the DagBag from /home/airflow/.local/lib/python3.7/site-packages/airflow/example_dags/example_branch_day_of_week_operator.py
[2022-05-18 23:55:47,089] {processor.py:651} INFO - DAG(s) dict_keys(['example_weekday_branch_operator']) retrieved from /home/airflow/.local/lib/python3.7/site-packages/airflow/example_dags/example_branch_day_of_week_operator.py
[2022-05-18 23:55:47,125] {logging_mixin.py:115} INFO - [2022-05-18 23:55:47,125] {dag.py:2371} INFO - Sync 1 DAGs
[2022-05-18 23:55:47,154] {logging_mixin.py:115} INFO - [2022-05-18 23:55:47,154] {dag.py:2919} INFO - Setting next_dagrun for example_weekday_branch_operator to 2022-05-17T00:00:00+00:00, run_after=2022-05-18T00:00:00+00:00
[2022-05-18 23:55:47,169] {processor.py:161} INFO - Processing /home/airflow/.local/lib/python3.7/site-packages/airflow/example_dags/example_branch_day_of_week_operator.py took 0.099 seconds
[2022-05-18 23:56:17,946] {processor.py:153} INFO - Started process (PID=1485) to work on /home/airflow/.local/lib/python3.7/site-packages/airflow/example_dags/example_branch_day_of_week_operator.py
[2022-05-18 23:56:17,947] {processor.py:641} INFO - Processing file /home/airflow/.local/lib/python3.7/site-packages/airflow/example_dags/example_branch_day_of_week_operator.py for tasks to queue
[2022-05-18 23:56:17,948] {logging_mixin.py:115} INFO - [2022-05-18 23:56:17,948] {dagbag.py:507} INFO - Filling up the DagBag from /home/airflow/.local/lib/python3.7/site-packages/airflow/example_dags/example_branch_day_of_week_operator.py
[2022-05-18 23:56:17,964] {processor.py:651} INFO - DAG(s) dict_keys(['example_weekday_branch_operator']) retrieved from /home/airflow/.local/lib/python3.7/site-packages/airflow/example_dags/example_branch_day_of_week_operator.py
[2022-05-18 23:56:18,012] {logging_mixin.py:115} INFO - [2022-05-18 23:56:18,012] {dag.py:2371} INFO - Sync 1 DAGs
[2022-05-18 23:56:18,047] {logging_mixin.py:115} INFO - [2022-05-18 23:56:18,047] {dag.py:2919} INFO - Setting next_dagrun for example_weekday_branch_operator to 2022-05-17T00:00:00+00:00, run_after=2022-05-18T00:00:00+00:00
[2022-05-18 23:56:18,063] {processor.py:161} INFO - Processing /home/airflow/.local/lib/python3.7/site-packages/airflow/example_dags/example_branch_day_of_week_operator.py took 0.122 seconds
[2022-05-18 23:56:48,340] {processor.py:153} INFO - Started process (PID=1538) to work on /home/airflow/.local/lib/python3.7/site-packages/airflow/example_dags/example_branch_day_of_week_operator.py
[2022-05-18 23:56:48,341] {processor.py:641} INFO - Processing file /home/airflow/.local/lib/python3.7/site-packages/airflow/example_dags/example_branch_day_of_week_operator.py for tasks to queue
[2022-05-18 23:56:48,342] {logging_mixin.py:115} INFO - [2022-05-18 23:56:48,342] {dagbag.py:507} INFO - Filling up the DagBag from /home/airflow/.local/lib/python3.7/site-packages/airflow/example_dags/example_branch_day_of_week_operator.py
[2022-05-18 23:56:48,356] {processor.py:651} INFO - DAG(s) dict_keys(['example_weekday_branch_operator']) retrieved from /home/airflow/.local/lib/python3.7/site-packages/airflow/example_dags/example_branch_day_of_week_operator.py
[2022-05-18 23:56:48,393] {logging_mixin.py:115} INFO - [2022-05-18 23:56:48,393] {dag.py:2371} INFO - Sync 1 DAGs
[2022-05-18 23:56:48,420] {logging_mixin.py:115} INFO - [2022-05-18 23:56:48,419] {dag.py:2919} INFO - Setting next_dagrun for example_weekday_branch_operator to 2022-05-17T00:00:00+00:00, run_after=2022-05-18T00:00:00+00:00
[2022-05-18 23:56:48,432] {processor.py:161} INFO - Processing /home/airflow/.local/lib/python3.7/site-packages/airflow/example_dags/example_branch_day_of_week_operator.py took 0.096 seconds
[2022-05-18 23:57:18,939] {processor.py:153} INFO - Started process (PID=1601) to work on /home/airflow/.local/lib/python3.7/site-packages/airflow/example_dags/example_branch_day_of_week_operator.py
[2022-05-18 23:57:18,941] {processor.py:641} INFO - Processing file /home/airflow/.local/lib/python3.7/site-packages/airflow/example_dags/example_branch_day_of_week_operator.py for tasks to queue
[2022-05-18 23:57:18,942] {logging_mixin.py:115} INFO - [2022-05-18 23:57:18,942] {dagbag.py:507} INFO - Filling up the DagBag from /home/airflow/.local/lib/python3.7/site-packages/airflow/example_dags/example_branch_day_of_week_operator.py
[2022-05-18 23:57:18,961] {processor.py:651} INFO - DAG(s) dict_keys(['example_weekday_branch_operator']) retrieved from /home/airflow/.local/lib/python3.7/site-packages/airflow/example_dags/example_branch_day_of_week_operator.py
[2022-05-18 23:57:19,021] {logging_mixin.py:115} INFO - [2022-05-18 23:57:19,021] {dag.py:2371} INFO - Sync 1 DAGs
[2022-05-18 23:57:19,078] {logging_mixin.py:115} INFO - [2022-05-18 23:57:19,078] {dag.py:2919} INFO - Setting next_dagrun for example_weekday_branch_operator to 2022-05-17T00:00:00+00:00, run_after=2022-05-18T00:00:00+00:00
[2022-05-18 23:57:19,123] {processor.py:161} INFO - Processing /home/airflow/.local/lib/python3.7/site-packages/airflow/example_dags/example_branch_day_of_week_operator.py took 0.191 seconds
[2022-05-18 23:57:49,460] {processor.py:153} INFO - Started process (PID=1654) to work on /home/airflow/.local/lib/python3.7/site-packages/airflow/example_dags/example_branch_day_of_week_operator.py
[2022-05-18 23:57:49,461] {processor.py:641} INFO - Processing file /home/airflow/.local/lib/python3.7/site-packages/airflow/example_dags/example_branch_day_of_week_operator.py for tasks to queue
[2022-05-18 23:57:49,462] {logging_mixin.py:115} INFO - [2022-05-18 23:57:49,462] {dagbag.py:507} INFO - Filling up the DagBag from /home/airflow/.local/lib/python3.7/site-packages/airflow/example_dags/example_branch_day_of_week_operator.py
[2022-05-18 23:57:49,477] {processor.py:651} INFO - DAG(s) dict_keys(['example_weekday_branch_operator']) retrieved from /home/airflow/.local/lib/python3.7/site-packages/airflow/example_dags/example_branch_day_of_week_operator.py
[2022-05-18 23:57:49,664] {logging_mixin.py:115} INFO - [2022-05-18 23:57:49,664] {dag.py:2371} INFO - Sync 1 DAGs
[2022-05-18 23:57:49,693] {logging_mixin.py:115} INFO - [2022-05-18 23:57:49,693] {dag.py:2919} INFO - Setting next_dagrun for example_weekday_branch_operator to 2022-05-17T00:00:00+00:00, run_after=2022-05-18T00:00:00+00:00
[2022-05-18 23:57:49,708] {processor.py:161} INFO - Processing /home/airflow/.local/lib/python3.7/site-packages/airflow/example_dags/example_branch_day_of_week_operator.py took 0.252 seconds
[2022-05-18 23:58:20,459] {processor.py:153} INFO - Started process (PID=1708) to work on /home/airflow/.local/lib/python3.7/site-packages/airflow/example_dags/example_branch_day_of_week_operator.py
[2022-05-18 23:58:20,461] {processor.py:641} INFO - Processing file /home/airflow/.local/lib/python3.7/site-packages/airflow/example_dags/example_branch_day_of_week_operator.py for tasks to queue
[2022-05-18 23:58:20,463] {logging_mixin.py:115} INFO - [2022-05-18 23:58:20,463] {dagbag.py:507} INFO - Filling up the DagBag from /home/airflow/.local/lib/python3.7/site-packages/airflow/example_dags/example_branch_day_of_week_operator.py
[2022-05-18 23:58:20,480] {processor.py:651} INFO - DAG(s) dict_keys(['example_weekday_branch_operator']) retrieved from /home/airflow/.local/lib/python3.7/site-packages/airflow/example_dags/example_branch_day_of_week_operator.py
[2022-05-18 23:58:20,658] {logging_mixin.py:115} INFO - [2022-05-18 23:58:20,658] {dag.py:2371} INFO - Sync 1 DAGs
[2022-05-18 23:58:20,687] {logging_mixin.py:115} INFO - [2022-05-18 23:58:20,687] {dag.py:2919} INFO - Setting next_dagrun for example_weekday_branch_operator to 2022-05-17T00:00:00+00:00, run_after=2022-05-18T00:00:00+00:00
[2022-05-18 23:58:20,706] {processor.py:161} INFO - Processing /home/airflow/.local/lib/python3.7/site-packages/airflow/example_dags/example_branch_day_of_week_operator.py took 0.251 seconds
[2022-05-18 23:58:50,810] {processor.py:153} INFO - Started process (PID=1762) to work on /home/airflow/.local/lib/python3.7/site-packages/airflow/example_dags/example_branch_day_of_week_operator.py
[2022-05-18 23:58:50,811] {processor.py:641} INFO - Processing file /home/airflow/.local/lib/python3.7/site-packages/airflow/example_dags/example_branch_day_of_week_operator.py for tasks to queue
[2022-05-18 23:58:50,812] {logging_mixin.py:115} INFO - [2022-05-18 23:58:50,812] {dagbag.py:507} INFO - Filling up the DagBag from /home/airflow/.local/lib/python3.7/site-packages/airflow/example_dags/example_branch_day_of_week_operator.py
[2022-05-18 23:58:50,823] {processor.py:651} INFO - DAG(s) dict_keys(['example_weekday_branch_operator']) retrieved from /home/airflow/.local/lib/python3.7/site-packages/airflow/example_dags/example_branch_day_of_week_operator.py
[2022-05-18 23:58:50,986] {logging_mixin.py:115} INFO - [2022-05-18 23:58:50,986] {dag.py:2371} INFO - Sync 1 DAGs
[2022-05-18 23:58:51,012] {logging_mixin.py:115} INFO - [2022-05-18 23:58:51,012] {dag.py:2919} INFO - Setting next_dagrun for example_weekday_branch_operator to 2022-05-17T00:00:00+00:00, run_after=2022-05-18T00:00:00+00:00
[2022-05-18 23:58:51,025] {processor.py:161} INFO - Processing /home/airflow/.local/lib/python3.7/site-packages/airflow/example_dags/example_branch_day_of_week_operator.py took 0.220 seconds
[2022-05-18 23:59:21,612] {processor.py:153} INFO - Started process (PID=1823) to work on /home/airflow/.local/lib/python3.7/site-packages/airflow/example_dags/example_branch_day_of_week_operator.py
[2022-05-18 23:59:21,614] {processor.py:641} INFO - Processing file /home/airflow/.local/lib/python3.7/site-packages/airflow/example_dags/example_branch_day_of_week_operator.py for tasks to queue
[2022-05-18 23:59:21,615] {logging_mixin.py:115} INFO - [2022-05-18 23:59:21,615] {dagbag.py:507} INFO - Filling up the DagBag from /home/airflow/.local/lib/python3.7/site-packages/airflow/example_dags/example_branch_day_of_week_operator.py
[2022-05-18 23:59:21,632] {processor.py:651} INFO - DAG(s) dict_keys(['example_weekday_branch_operator']) retrieved from /home/airflow/.local/lib/python3.7/site-packages/airflow/example_dags/example_branch_day_of_week_operator.py
[2022-05-18 23:59:21,817] {logging_mixin.py:115} INFO - [2022-05-18 23:59:21,817] {dag.py:2371} INFO - Sync 1 DAGs
[2022-05-18 23:59:21,849] {logging_mixin.py:115} INFO - [2022-05-18 23:59:21,849] {dag.py:2919} INFO - Setting next_dagrun for example_weekday_branch_operator to 2022-05-17T00:00:00+00:00, run_after=2022-05-18T00:00:00+00:00
[2022-05-18 23:59:21,868] {processor.py:161} INFO - Processing /home/airflow/.local/lib/python3.7/site-packages/airflow/example_dags/example_branch_day_of_week_operator.py took 0.260 seconds
[2022-05-18 23:59:52,408] {processor.py:153} INFO - Started process (PID=1878) to work on /home/airflow/.local/lib/python3.7/site-packages/airflow/example_dags/example_branch_day_of_week_operator.py
[2022-05-18 23:59:52,409] {processor.py:641} INFO - Processing file /home/airflow/.local/lib/python3.7/site-packages/airflow/example_dags/example_branch_day_of_week_operator.py for tasks to queue
[2022-05-18 23:59:52,410] {logging_mixin.py:115} INFO - [2022-05-18 23:59:52,410] {dagbag.py:507} INFO - Filling up the DagBag from /home/airflow/.local/lib/python3.7/site-packages/airflow/example_dags/example_branch_day_of_week_operator.py
[2022-05-18 23:59:52,430] {processor.py:651} INFO - DAG(s) dict_keys(['example_weekday_branch_operator']) retrieved from /home/airflow/.local/lib/python3.7/site-packages/airflow/example_dags/example_branch_day_of_week_operator.py
[2022-05-18 23:59:52,628] {logging_mixin.py:115} INFO - [2022-05-18 23:59:52,628] {dag.py:2371} INFO - Sync 1 DAGs
[2022-05-18 23:59:52,661] {logging_mixin.py:115} INFO - [2022-05-18 23:59:52,661] {dag.py:2919} INFO - Setting next_dagrun for example_weekday_branch_operator to 2022-05-17T00:00:00+00:00, run_after=2022-05-18T00:00:00+00:00
[2022-05-18 23:59:52,676] {processor.py:161} INFO - Processing /home/airflow/.local/lib/python3.7/site-packages/airflow/example_dags/example_branch_day_of_week_operator.py took 0.272 seconds
