[2022-05-18 23:43:05,691] {processor.py:153} INFO - Started process (PID=93) to work on /home/airflow/.local/lib/python3.7/site-packages/airflow/example_dags/example_latest_only_with_trigger.py
[2022-05-18 23:43:05,693] {processor.py:641} INFO - Processing file /home/airflow/.local/lib/python3.7/site-packages/airflow/example_dags/example_latest_only_with_trigger.py for tasks to queue
[2022-05-18 23:43:05,695] {logging_mixin.py:115} INFO - [2022-05-18 23:43:05,695] {dagbag.py:507} INFO - Filling up the DagBag from /home/airflow/.local/lib/python3.7/site-packages/airflow/example_dags/example_latest_only_with_trigger.py
[2022-05-18 23:43:05,720] {processor.py:651} INFO - DAG(s) dict_keys(['latest_only_with_trigger']) retrieved from /home/airflow/.local/lib/python3.7/site-packages/airflow/example_dags/example_latest_only_with_trigger.py
[2022-05-18 23:43:07,076] {logging_mixin.py:115} INFO - [2022-05-18 23:43:07,076] {manager.py:508} INFO - Created Permission View: can edit on DAG:latest_only_with_trigger
[2022-05-18 23:43:07,104] {logging_mixin.py:115} INFO - [2022-05-18 23:43:07,104] {manager.py:508} INFO - Created Permission View: can delete on DAG:latest_only_with_trigger
[2022-05-18 23:43:07,122] {logging_mixin.py:115} INFO - [2022-05-18 23:43:07,122] {manager.py:508} INFO - Created Permission View: can read on DAG:latest_only_with_trigger
[2022-05-18 23:43:07,123] {logging_mixin.py:115} INFO - [2022-05-18 23:43:07,123] {dag.py:2371} INFO - Sync 1 DAGs
[2022-05-18 23:43:07,151] {logging_mixin.py:115} INFO - [2022-05-18 23:43:07,151] {dag.py:2390} INFO - Creating ORM DAG for latest_only_with_trigger
[2022-05-18 23:43:07,187] {logging_mixin.py:115} INFO - [2022-05-18 23:43:07,187] {dag.py:2919} INFO - Setting next_dagrun for latest_only_with_trigger to 2022-05-18T19:43:07.186089+00:00, run_after=2022-05-18T23:43:07.186089+00:00
[2022-05-18 23:43:07,221] {processor.py:161} INFO - Processing /home/airflow/.local/lib/python3.7/site-packages/airflow/example_dags/example_latest_only_with_trigger.py took 1.537 seconds
[2022-05-18 23:43:37,561] {processor.py:153} INFO - Started process (PID=156) to work on /home/airflow/.local/lib/python3.7/site-packages/airflow/example_dags/example_latest_only_with_trigger.py
[2022-05-18 23:43:37,563] {processor.py:641} INFO - Processing file /home/airflow/.local/lib/python3.7/site-packages/airflow/example_dags/example_latest_only_with_trigger.py for tasks to queue
[2022-05-18 23:43:37,564] {logging_mixin.py:115} INFO - [2022-05-18 23:43:37,564] {dagbag.py:507} INFO - Filling up the DagBag from /home/airflow/.local/lib/python3.7/site-packages/airflow/example_dags/example_latest_only_with_trigger.py
[2022-05-18 23:43:37,578] {processor.py:651} INFO - DAG(s) dict_keys(['latest_only_with_trigger']) retrieved from /home/airflow/.local/lib/python3.7/site-packages/airflow/example_dags/example_latest_only_with_trigger.py
[2022-05-18 23:43:37,642] {logging_mixin.py:115} INFO - [2022-05-18 23:43:37,642] {dag.py:2371} INFO - Sync 1 DAGs
[2022-05-18 23:43:38,601] {logging_mixin.py:115} INFO - [2022-05-18 23:43:38,601] {dag.py:2919} INFO - Setting next_dagrun for latest_only_with_trigger to 2022-05-18T19:43:38.597504+00:00, run_after=2022-05-18T23:43:38.597504+00:00
[2022-05-18 23:43:38,634] {processor.py:161} INFO - Processing /home/airflow/.local/lib/python3.7/site-packages/airflow/example_dags/example_latest_only_with_trigger.py took 1.079 seconds
[2022-05-18 23:44:08,845] {processor.py:153} INFO - Started process (PID=210) to work on /home/airflow/.local/lib/python3.7/site-packages/airflow/example_dags/example_latest_only_with_trigger.py
[2022-05-18 23:44:08,847] {processor.py:641} INFO - Processing file /home/airflow/.local/lib/python3.7/site-packages/airflow/example_dags/example_latest_only_with_trigger.py for tasks to queue
[2022-05-18 23:44:08,848] {logging_mixin.py:115} INFO - [2022-05-18 23:44:08,848] {dagbag.py:507} INFO - Filling up the DagBag from /home/airflow/.local/lib/python3.7/site-packages/airflow/example_dags/example_latest_only_with_trigger.py
[2022-05-18 23:44:08,860] {processor.py:651} INFO - DAG(s) dict_keys(['latest_only_with_trigger']) retrieved from /home/airflow/.local/lib/python3.7/site-packages/airflow/example_dags/example_latest_only_with_trigger.py
[2022-05-18 23:44:08,910] {logging_mixin.py:115} INFO - [2022-05-18 23:44:08,910] {dag.py:2371} INFO - Sync 1 DAGs
[2022-05-18 23:44:09,249] {logging_mixin.py:115} INFO - [2022-05-18 23:44:09,246] {dag.py:2919} INFO - Setting next_dagrun for latest_only_with_trigger to 2022-05-18T19:44:09.241437+00:00, run_after=2022-05-18T23:44:09.241437+00:00
[2022-05-18 23:44:09,383] {processor.py:161} INFO - Processing /home/airflow/.local/lib/python3.7/site-packages/airflow/example_dags/example_latest_only_with_trigger.py took 0.544 seconds
[2022-05-18 23:44:39,926] {processor.py:153} INFO - Started process (PID=271) to work on /home/airflow/.local/lib/python3.7/site-packages/airflow/example_dags/example_latest_only_with_trigger.py
[2022-05-18 23:44:39,928] {processor.py:641} INFO - Processing file /home/airflow/.local/lib/python3.7/site-packages/airflow/example_dags/example_latest_only_with_trigger.py for tasks to queue
[2022-05-18 23:44:39,930] {logging_mixin.py:115} INFO - [2022-05-18 23:44:39,930] {dagbag.py:507} INFO - Filling up the DagBag from /home/airflow/.local/lib/python3.7/site-packages/airflow/example_dags/example_latest_only_with_trigger.py
[2022-05-18 23:44:39,953] {processor.py:651} INFO - DAG(s) dict_keys(['latest_only_with_trigger']) retrieved from /home/airflow/.local/lib/python3.7/site-packages/airflow/example_dags/example_latest_only_with_trigger.py
[2022-05-18 23:44:40,051] {logging_mixin.py:115} INFO - [2022-05-18 23:44:40,051] {dag.py:2371} INFO - Sync 1 DAGs
[2022-05-18 23:44:40,493] {logging_mixin.py:115} INFO - [2022-05-18 23:44:40,493] {dag.py:2919} INFO - Setting next_dagrun for latest_only_with_trigger to 2022-05-18T19:44:40.492064+00:00, run_after=2022-05-18T23:44:40.492064+00:00
[2022-05-18 23:44:40,532] {processor.py:161} INFO - Processing /home/airflow/.local/lib/python3.7/site-packages/airflow/example_dags/example_latest_only_with_trigger.py took 0.613 seconds
[2022-05-18 23:45:10,790] {processor.py:153} INFO - Started process (PID=326) to work on /home/airflow/.local/lib/python3.7/site-packages/airflow/example_dags/example_latest_only_with_trigger.py
[2022-05-18 23:45:10,791] {processor.py:641} INFO - Processing file /home/airflow/.local/lib/python3.7/site-packages/airflow/example_dags/example_latest_only_with_trigger.py for tasks to queue
[2022-05-18 23:45:10,792] {logging_mixin.py:115} INFO - [2022-05-18 23:45:10,792] {dagbag.py:507} INFO - Filling up the DagBag from /home/airflow/.local/lib/python3.7/site-packages/airflow/example_dags/example_latest_only_with_trigger.py
[2022-05-18 23:45:10,807] {processor.py:651} INFO - DAG(s) dict_keys(['latest_only_with_trigger']) retrieved from /home/airflow/.local/lib/python3.7/site-packages/airflow/example_dags/example_latest_only_with_trigger.py
[2022-05-18 23:45:10,904] {logging_mixin.py:115} INFO - [2022-05-18 23:45:10,904] {dag.py:2371} INFO - Sync 1 DAGs
[2022-05-18 23:45:11,536] {logging_mixin.py:115} INFO - [2022-05-18 23:45:11,535] {dag.py:2919} INFO - Setting next_dagrun for latest_only_with_trigger to 2022-05-18T19:45:11.532922+00:00, run_after=2022-05-18T23:45:11.532922+00:00
[2022-05-18 23:45:11,582] {processor.py:161} INFO - Processing /home/airflow/.local/lib/python3.7/site-packages/airflow/example_dags/example_latest_only_with_trigger.py took 0.797 seconds
[2022-05-18 23:45:42,089] {processor.py:153} INFO - Started process (PID=380) to work on /home/airflow/.local/lib/python3.7/site-packages/airflow/example_dags/example_latest_only_with_trigger.py
[2022-05-18 23:45:42,090] {processor.py:641} INFO - Processing file /home/airflow/.local/lib/python3.7/site-packages/airflow/example_dags/example_latest_only_with_trigger.py for tasks to queue
[2022-05-18 23:45:42,092] {logging_mixin.py:115} INFO - [2022-05-18 23:45:42,092] {dagbag.py:507} INFO - Filling up the DagBag from /home/airflow/.local/lib/python3.7/site-packages/airflow/example_dags/example_latest_only_with_trigger.py
[2022-05-18 23:45:42,104] {processor.py:651} INFO - DAG(s) dict_keys(['latest_only_with_trigger']) retrieved from /home/airflow/.local/lib/python3.7/site-packages/airflow/example_dags/example_latest_only_with_trigger.py
[2022-05-18 23:45:42,152] {logging_mixin.py:115} INFO - [2022-05-18 23:45:42,152] {dag.py:2371} INFO - Sync 1 DAGs
[2022-05-18 23:45:42,410] {logging_mixin.py:115} INFO - [2022-05-18 23:45:42,409] {dag.py:2919} INFO - Setting next_dagrun for latest_only_with_trigger to 2022-05-18T19:45:42.405970+00:00, run_after=2022-05-18T23:45:42.405970+00:00
[2022-05-18 23:45:42,436] {processor.py:161} INFO - Processing /home/airflow/.local/lib/python3.7/site-packages/airflow/example_dags/example_latest_only_with_trigger.py took 0.352 seconds
[2022-05-18 23:46:14,904] {processor.py:153} INFO - Started process (PID=434) to work on /home/airflow/.local/lib/python3.7/site-packages/airflow/example_dags/example_latest_only_with_trigger.py
[2022-05-18 23:46:14,906] {processor.py:641} INFO - Processing file /home/airflow/.local/lib/python3.7/site-packages/airflow/example_dags/example_latest_only_with_trigger.py for tasks to queue
[2022-05-18 23:46:14,912] {logging_mixin.py:115} INFO - [2022-05-18 23:46:14,912] {dagbag.py:507} INFO - Filling up the DagBag from /home/airflow/.local/lib/python3.7/site-packages/airflow/example_dags/example_latest_only_with_trigger.py
[2022-05-18 23:46:14,946] {processor.py:651} INFO - DAG(s) dict_keys(['latest_only_with_trigger']) retrieved from /home/airflow/.local/lib/python3.7/site-packages/airflow/example_dags/example_latest_only_with_trigger.py
[2022-05-18 23:46:15,141] {logging_mixin.py:115} INFO - [2022-05-18 23:46:15,140] {dag.py:2371} INFO - Sync 1 DAGs
[2022-05-18 23:46:15,855] {logging_mixin.py:115} INFO - [2022-05-18 23:46:15,855] {dag.py:2919} INFO - Setting next_dagrun for latest_only_with_trigger to 2022-05-18T19:46:15.850522+00:00, run_after=2022-05-18T23:46:15.850522+00:00
[2022-05-18 23:46:15,897] {processor.py:161} INFO - Processing /home/airflow/.local/lib/python3.7/site-packages/airflow/example_dags/example_latest_only_with_trigger.py took 1.001 seconds
[2022-05-18 23:46:46,801] {processor.py:153} INFO - Started process (PID=488) to work on /home/airflow/.local/lib/python3.7/site-packages/airflow/example_dags/example_latest_only_with_trigger.py
[2022-05-18 23:46:46,802] {processor.py:641} INFO - Processing file /home/airflow/.local/lib/python3.7/site-packages/airflow/example_dags/example_latest_only_with_trigger.py for tasks to queue
[2022-05-18 23:46:46,804] {logging_mixin.py:115} INFO - [2022-05-18 23:46:46,803] {dagbag.py:507} INFO - Filling up the DagBag from /home/airflow/.local/lib/python3.7/site-packages/airflow/example_dags/example_latest_only_with_trigger.py
[2022-05-18 23:46:46,818] {processor.py:651} INFO - DAG(s) dict_keys(['latest_only_with_trigger']) retrieved from /home/airflow/.local/lib/python3.7/site-packages/airflow/example_dags/example_latest_only_with_trigger.py
[2022-05-18 23:46:46,981] {logging_mixin.py:115} INFO - [2022-05-18 23:46:46,980] {dag.py:2371} INFO - Sync 1 DAGs
[2022-05-18 23:46:47,232] {logging_mixin.py:115} INFO - [2022-05-18 23:46:47,232] {dag.py:2919} INFO - Setting next_dagrun for latest_only_with_trigger to 2022-05-18T19:46:47.232054+00:00, run_after=2022-05-18T23:46:47.232054+00:00
[2022-05-18 23:46:47,260] {processor.py:161} INFO - Processing /home/airflow/.local/lib/python3.7/site-packages/airflow/example_dags/example_latest_only_with_trigger.py took 0.466 seconds
[2022-05-18 23:47:17,510] {processor.py:153} INFO - Started process (PID=551) to work on /home/airflow/.local/lib/python3.7/site-packages/airflow/example_dags/example_latest_only_with_trigger.py
[2022-05-18 23:47:17,511] {processor.py:641} INFO - Processing file /home/airflow/.local/lib/python3.7/site-packages/airflow/example_dags/example_latest_only_with_trigger.py for tasks to queue
[2022-05-18 23:47:17,512] {logging_mixin.py:115} INFO - [2022-05-18 23:47:17,512] {dagbag.py:507} INFO - Filling up the DagBag from /home/airflow/.local/lib/python3.7/site-packages/airflow/example_dags/example_latest_only_with_trigger.py
[2022-05-18 23:47:17,522] {processor.py:651} INFO - DAG(s) dict_keys(['latest_only_with_trigger']) retrieved from /home/airflow/.local/lib/python3.7/site-packages/airflow/example_dags/example_latest_only_with_trigger.py
[2022-05-18 23:47:17,563] {logging_mixin.py:115} INFO - [2022-05-18 23:47:17,563] {dag.py:2371} INFO - Sync 1 DAGs
[2022-05-18 23:47:17,721] {logging_mixin.py:115} INFO - [2022-05-18 23:47:17,721] {dag.py:2919} INFO - Setting next_dagrun for latest_only_with_trigger to 2022-05-18T19:47:17.721510+00:00, run_after=2022-05-18T23:47:17.721510+00:00
[2022-05-18 23:47:17,737] {processor.py:161} INFO - Processing /home/airflow/.local/lib/python3.7/site-packages/airflow/example_dags/example_latest_only_with_trigger.py took 0.230 seconds
[2022-05-18 23:47:47,967] {processor.py:153} INFO - Started process (PID=604) to work on /home/airflow/.local/lib/python3.7/site-packages/airflow/example_dags/example_latest_only_with_trigger.py
[2022-05-18 23:47:47,968] {processor.py:641} INFO - Processing file /home/airflow/.local/lib/python3.7/site-packages/airflow/example_dags/example_latest_only_with_trigger.py for tasks to queue
[2022-05-18 23:47:47,969] {logging_mixin.py:115} INFO - [2022-05-18 23:47:47,969] {dagbag.py:507} INFO - Filling up the DagBag from /home/airflow/.local/lib/python3.7/site-packages/airflow/example_dags/example_latest_only_with_trigger.py
[2022-05-18 23:47:47,980] {processor.py:651} INFO - DAG(s) dict_keys(['latest_only_with_trigger']) retrieved from /home/airflow/.local/lib/python3.7/site-packages/airflow/example_dags/example_latest_only_with_trigger.py
[2022-05-18 23:47:48,018] {logging_mixin.py:115} INFO - [2022-05-18 23:47:48,017] {dag.py:2371} INFO - Sync 1 DAGs
[2022-05-18 23:47:48,187] {logging_mixin.py:115} INFO - [2022-05-18 23:47:48,187] {dag.py:2919} INFO - Setting next_dagrun for latest_only_with_trigger to 2022-05-18T19:47:48.187043+00:00, run_after=2022-05-18T23:47:48.187043+00:00
[2022-05-18 23:47:48,203] {processor.py:161} INFO - Processing /home/airflow/.local/lib/python3.7/site-packages/airflow/example_dags/example_latest_only_with_trigger.py took 0.241 seconds
[2022-05-18 23:48:34,240] {processor.py:153} INFO - Started process (PID=659) to work on /home/airflow/.local/lib/python3.7/site-packages/airflow/example_dags/example_latest_only_with_trigger.py
[2022-05-18 23:48:34,241] {processor.py:641} INFO - Processing file /home/airflow/.local/lib/python3.7/site-packages/airflow/example_dags/example_latest_only_with_trigger.py for tasks to queue
[2022-05-18 23:48:34,241] {logging_mixin.py:115} INFO - [2022-05-18 23:48:34,241] {dagbag.py:507} INFO - Filling up the DagBag from /home/airflow/.local/lib/python3.7/site-packages/airflow/example_dags/example_latest_only_with_trigger.py
[2022-05-18 23:48:34,250] {processor.py:651} INFO - DAG(s) dict_keys(['latest_only_with_trigger']) retrieved from /home/airflow/.local/lib/python3.7/site-packages/airflow/example_dags/example_latest_only_with_trigger.py
[2022-05-18 23:48:34,287] {logging_mixin.py:115} INFO - [2022-05-18 23:48:34,287] {dag.py:2371} INFO - Sync 1 DAGs
[2022-05-18 23:48:34,448] {logging_mixin.py:115} INFO - [2022-05-18 23:48:34,448] {dag.py:2919} INFO - Setting next_dagrun for latest_only_with_trigger to 2022-05-18T19:48:34.448174+00:00, run_after=2022-05-18T23:48:34.448174+00:00
[2022-05-18 23:48:34,464] {processor.py:161} INFO - Processing /home/airflow/.local/lib/python3.7/site-packages/airflow/example_dags/example_latest_only_with_trigger.py took 0.228 seconds
[2022-05-18 23:49:04,744] {processor.py:153} INFO - Started process (PID=721) to work on /home/airflow/.local/lib/python3.7/site-packages/airflow/example_dags/example_latest_only_with_trigger.py
[2022-05-18 23:49:04,745] {processor.py:641} INFO - Processing file /home/airflow/.local/lib/python3.7/site-packages/airflow/example_dags/example_latest_only_with_trigger.py for tasks to queue
[2022-05-18 23:49:04,746] {logging_mixin.py:115} INFO - [2022-05-18 23:49:04,746] {dagbag.py:507} INFO - Filling up the DagBag from /home/airflow/.local/lib/python3.7/site-packages/airflow/example_dags/example_latest_only_with_trigger.py
[2022-05-18 23:49:04,754] {processor.py:651} INFO - DAG(s) dict_keys(['latest_only_with_trigger']) retrieved from /home/airflow/.local/lib/python3.7/site-packages/airflow/example_dags/example_latest_only_with_trigger.py
[2022-05-18 23:49:04,799] {logging_mixin.py:115} INFO - [2022-05-18 23:49:04,799] {dag.py:2371} INFO - Sync 1 DAGs
[2022-05-18 23:49:05,022] {logging_mixin.py:115} INFO - [2022-05-18 23:49:05,021] {dag.py:2919} INFO - Setting next_dagrun for latest_only_with_trigger to 2022-05-18T19:49:05.021092+00:00, run_after=2022-05-18T23:49:05.021092+00:00
[2022-05-18 23:49:05,040] {processor.py:161} INFO - Processing /home/airflow/.local/lib/python3.7/site-packages/airflow/example_dags/example_latest_only_with_trigger.py took 0.301 seconds
[2022-05-18 23:49:37,729] {processor.py:153} INFO - Started process (PID=776) to work on /home/airflow/.local/lib/python3.7/site-packages/airflow/example_dags/example_latest_only_with_trigger.py
[2022-05-18 23:49:37,730] {processor.py:641} INFO - Processing file /home/airflow/.local/lib/python3.7/site-packages/airflow/example_dags/example_latest_only_with_trigger.py for tasks to queue
[2022-05-18 23:49:37,731] {logging_mixin.py:115} INFO - [2022-05-18 23:49:37,731] {dagbag.py:507} INFO - Filling up the DagBag from /home/airflow/.local/lib/python3.7/site-packages/airflow/example_dags/example_latest_only_with_trigger.py
[2022-05-18 23:49:37,745] {processor.py:651} INFO - DAG(s) dict_keys(['latest_only_with_trigger']) retrieved from /home/airflow/.local/lib/python3.7/site-packages/airflow/example_dags/example_latest_only_with_trigger.py
[2022-05-18 23:49:37,790] {logging_mixin.py:115} INFO - [2022-05-18 23:49:37,790] {dag.py:2371} INFO - Sync 1 DAGs
[2022-05-18 23:49:37,998] {logging_mixin.py:115} INFO - [2022-05-18 23:49:37,998] {dag.py:2919} INFO - Setting next_dagrun for latest_only_with_trigger to 2022-05-18T19:49:37.998116+00:00, run_after=2022-05-18T23:49:37.998116+00:00
[2022-05-18 23:49:38,019] {processor.py:161} INFO - Processing /home/airflow/.local/lib/python3.7/site-packages/airflow/example_dags/example_latest_only_with_trigger.py took 0.294 seconds
[2022-05-18 23:50:08,111] {processor.py:153} INFO - Started process (PID=838) to work on /home/airflow/.local/lib/python3.7/site-packages/airflow/example_dags/example_latest_only_with_trigger.py
[2022-05-18 23:50:08,112] {processor.py:641} INFO - Processing file /home/airflow/.local/lib/python3.7/site-packages/airflow/example_dags/example_latest_only_with_trigger.py for tasks to queue
[2022-05-18 23:50:08,113] {logging_mixin.py:115} INFO - [2022-05-18 23:50:08,112] {dagbag.py:507} INFO - Filling up the DagBag from /home/airflow/.local/lib/python3.7/site-packages/airflow/example_dags/example_latest_only_with_trigger.py
[2022-05-18 23:50:08,125] {processor.py:651} INFO - DAG(s) dict_keys(['latest_only_with_trigger']) retrieved from /home/airflow/.local/lib/python3.7/site-packages/airflow/example_dags/example_latest_only_with_trigger.py
[2022-05-18 23:50:08,168] {logging_mixin.py:115} INFO - [2022-05-18 23:50:08,168] {dag.py:2371} INFO - Sync 1 DAGs
[2022-05-18 23:50:08,356] {logging_mixin.py:115} INFO - [2022-05-18 23:50:08,355] {dag.py:2919} INFO - Setting next_dagrun for latest_only_with_trigger to 2022-05-18T19:50:08.355633+00:00, run_after=2022-05-18T23:50:08.355633+00:00
[2022-05-18 23:50:08,373] {processor.py:161} INFO - Processing /home/airflow/.local/lib/python3.7/site-packages/airflow/example_dags/example_latest_only_with_trigger.py took 0.268 seconds
[2022-05-18 23:51:15,287] {processor.py:153} INFO - Started process (PID=918) to work on /home/airflow/.local/lib/python3.7/site-packages/airflow/example_dags/example_latest_only_with_trigger.py
[2022-05-18 23:51:15,288] {processor.py:641} INFO - Processing file /home/airflow/.local/lib/python3.7/site-packages/airflow/example_dags/example_latest_only_with_trigger.py for tasks to queue
[2022-05-18 23:51:15,289] {logging_mixin.py:115} INFO - [2022-05-18 23:51:15,289] {dagbag.py:507} INFO - Filling up the DagBag from /home/airflow/.local/lib/python3.7/site-packages/airflow/example_dags/example_latest_only_with_trigger.py
[2022-05-18 23:51:15,301] {processor.py:651} INFO - DAG(s) dict_keys(['latest_only_with_trigger']) retrieved from /home/airflow/.local/lib/python3.7/site-packages/airflow/example_dags/example_latest_only_with_trigger.py
[2022-05-18 23:51:15,355] {logging_mixin.py:115} INFO - [2022-05-18 23:51:15,355] {dag.py:2371} INFO - Sync 1 DAGs
[2022-05-18 23:51:15,586] {logging_mixin.py:115} INFO - [2022-05-18 23:51:15,586] {dag.py:2919} INFO - Setting next_dagrun for latest_only_with_trigger to 2022-05-18T19:51:15.585905+00:00, run_after=2022-05-18T23:51:15.585905+00:00
[2022-05-18 23:51:15,610] {processor.py:161} INFO - Processing /home/airflow/.local/lib/python3.7/site-packages/airflow/example_dags/example_latest_only_with_trigger.py took 0.328 seconds
[2022-05-18 23:51:46,139] {processor.py:153} INFO - Started process (PID=970) to work on /home/airflow/.local/lib/python3.7/site-packages/airflow/example_dags/example_latest_only_with_trigger.py
[2022-05-18 23:51:46,140] {processor.py:641} INFO - Processing file /home/airflow/.local/lib/python3.7/site-packages/airflow/example_dags/example_latest_only_with_trigger.py for tasks to queue
[2022-05-18 23:51:46,141] {logging_mixin.py:115} INFO - [2022-05-18 23:51:46,141] {dagbag.py:507} INFO - Filling up the DagBag from /home/airflow/.local/lib/python3.7/site-packages/airflow/example_dags/example_latest_only_with_trigger.py
[2022-05-18 23:51:46,150] {processor.py:651} INFO - DAG(s) dict_keys(['latest_only_with_trigger']) retrieved from /home/airflow/.local/lib/python3.7/site-packages/airflow/example_dags/example_latest_only_with_trigger.py
[2022-05-18 23:51:46,189] {logging_mixin.py:115} INFO - [2022-05-18 23:51:46,189] {dag.py:2371} INFO - Sync 1 DAGs
[2022-05-18 23:51:46,359] {logging_mixin.py:115} INFO - [2022-05-18 23:51:46,359] {dag.py:2919} INFO - Setting next_dagrun for latest_only_with_trigger to 2022-05-18T19:51:46.358703+00:00, run_after=2022-05-18T23:51:46.358703+00:00
[2022-05-18 23:51:46,377] {processor.py:161} INFO - Processing /home/airflow/.local/lib/python3.7/site-packages/airflow/example_dags/example_latest_only_with_trigger.py took 0.242 seconds
[2022-05-18 23:52:16,755] {processor.py:153} INFO - Started process (PID=1032) to work on /home/airflow/.local/lib/python3.7/site-packages/airflow/example_dags/example_latest_only_with_trigger.py
[2022-05-18 23:52:16,756] {processor.py:641} INFO - Processing file /home/airflow/.local/lib/python3.7/site-packages/airflow/example_dags/example_latest_only_with_trigger.py for tasks to queue
[2022-05-18 23:52:16,756] {logging_mixin.py:115} INFO - [2022-05-18 23:52:16,756] {dagbag.py:507} INFO - Filling up the DagBag from /home/airflow/.local/lib/python3.7/site-packages/airflow/example_dags/example_latest_only_with_trigger.py
[2022-05-18 23:52:16,766] {processor.py:651} INFO - DAG(s) dict_keys(['latest_only_with_trigger']) retrieved from /home/airflow/.local/lib/python3.7/site-packages/airflow/example_dags/example_latest_only_with_trigger.py
[2022-05-18 23:52:16,803] {logging_mixin.py:115} INFO - [2022-05-18 23:52:16,803] {dag.py:2371} INFO - Sync 1 DAGs
[2022-05-18 23:52:16,952] {logging_mixin.py:115} INFO - [2022-05-18 23:52:16,952] {dag.py:2919} INFO - Setting next_dagrun for latest_only_with_trigger to 2022-05-18T19:52:16.951947+00:00, run_after=2022-05-18T23:52:16.951947+00:00
[2022-05-18 23:52:16,969] {processor.py:161} INFO - Processing /home/airflow/.local/lib/python3.7/site-packages/airflow/example_dags/example_latest_only_with_trigger.py took 0.218 seconds
[2022-05-18 23:52:47,572] {processor.py:153} INFO - Started process (PID=1086) to work on /home/airflow/.local/lib/python3.7/site-packages/airflow/example_dags/example_latest_only_with_trigger.py
[2022-05-18 23:52:47,573] {processor.py:641} INFO - Processing file /home/airflow/.local/lib/python3.7/site-packages/airflow/example_dags/example_latest_only_with_trigger.py for tasks to queue
[2022-05-18 23:52:47,574] {logging_mixin.py:115} INFO - [2022-05-18 23:52:47,574] {dagbag.py:507} INFO - Filling up the DagBag from /home/airflow/.local/lib/python3.7/site-packages/airflow/example_dags/example_latest_only_with_trigger.py
[2022-05-18 23:52:47,585] {processor.py:651} INFO - DAG(s) dict_keys(['latest_only_with_trigger']) retrieved from /home/airflow/.local/lib/python3.7/site-packages/airflow/example_dags/example_latest_only_with_trigger.py
[2022-05-18 23:52:47,626] {logging_mixin.py:115} INFO - [2022-05-18 23:52:47,626] {dag.py:2371} INFO - Sync 1 DAGs
[2022-05-18 23:52:47,657] {logging_mixin.py:115} INFO - [2022-05-18 23:52:47,657] {dag.py:2919} INFO - Setting next_dagrun for latest_only_with_trigger to 2022-05-18T19:52:47.657294+00:00, run_after=2022-05-18T23:52:47.657294+00:00
[2022-05-18 23:52:47,673] {processor.py:161} INFO - Processing /home/airflow/.local/lib/python3.7/site-packages/airflow/example_dags/example_latest_only_with_trigger.py took 0.107 seconds
[2022-05-18 23:53:18,358] {processor.py:153} INFO - Started process (PID=1149) to work on /home/airflow/.local/lib/python3.7/site-packages/airflow/example_dags/example_latest_only_with_trigger.py
[2022-05-18 23:53:18,358] {processor.py:641} INFO - Processing file /home/airflow/.local/lib/python3.7/site-packages/airflow/example_dags/example_latest_only_with_trigger.py for tasks to queue
[2022-05-18 23:53:18,359] {logging_mixin.py:115} INFO - [2022-05-18 23:53:18,359] {dagbag.py:507} INFO - Filling up the DagBag from /home/airflow/.local/lib/python3.7/site-packages/airflow/example_dags/example_latest_only_with_trigger.py
[2022-05-18 23:53:18,368] {processor.py:651} INFO - DAG(s) dict_keys(['latest_only_with_trigger']) retrieved from /home/airflow/.local/lib/python3.7/site-packages/airflow/example_dags/example_latest_only_with_trigger.py
[2022-05-18 23:53:18,408] {logging_mixin.py:115} INFO - [2022-05-18 23:53:18,407] {dag.py:2371} INFO - Sync 1 DAGs
[2022-05-18 23:53:18,436] {logging_mixin.py:115} INFO - [2022-05-18 23:53:18,436] {dag.py:2919} INFO - Setting next_dagrun for latest_only_with_trigger to 2022-05-18T19:53:18.436252+00:00, run_after=2022-05-18T23:53:18.436252+00:00
[2022-05-18 23:53:18,453] {processor.py:161} INFO - Processing /home/airflow/.local/lib/python3.7/site-packages/airflow/example_dags/example_latest_only_with_trigger.py took 0.099 seconds
[2022-05-18 23:53:49,294] {processor.py:153} INFO - Started process (PID=1213) to work on /home/airflow/.local/lib/python3.7/site-packages/airflow/example_dags/example_latest_only_with_trigger.py
[2022-05-18 23:53:49,295] {processor.py:641} INFO - Processing file /home/airflow/.local/lib/python3.7/site-packages/airflow/example_dags/example_latest_only_with_trigger.py for tasks to queue
[2022-05-18 23:53:49,296] {logging_mixin.py:115} INFO - [2022-05-18 23:53:49,296] {dagbag.py:507} INFO - Filling up the DagBag from /home/airflow/.local/lib/python3.7/site-packages/airflow/example_dags/example_latest_only_with_trigger.py
[2022-05-18 23:53:49,311] {processor.py:651} INFO - DAG(s) dict_keys(['latest_only_with_trigger']) retrieved from /home/airflow/.local/lib/python3.7/site-packages/airflow/example_dags/example_latest_only_with_trigger.py
[2022-05-18 23:53:49,371] {logging_mixin.py:115} INFO - [2022-05-18 23:53:49,371] {dag.py:2371} INFO - Sync 1 DAGs
[2022-05-18 23:53:49,420] {logging_mixin.py:115} INFO - [2022-05-18 23:53:49,420] {dag.py:2919} INFO - Setting next_dagrun for latest_only_with_trigger to 2022-05-18T19:53:49.419903+00:00, run_after=2022-05-18T23:53:49.419903+00:00
[2022-05-18 23:53:49,453] {processor.py:161} INFO - Processing /home/airflow/.local/lib/python3.7/site-packages/airflow/example_dags/example_latest_only_with_trigger.py took 0.167 seconds
[2022-05-18 23:54:20,201] {processor.py:153} INFO - Started process (PID=1266) to work on /home/airflow/.local/lib/python3.7/site-packages/airflow/example_dags/example_latest_only_with_trigger.py
[2022-05-18 23:54:20,202] {processor.py:641} INFO - Processing file /home/airflow/.local/lib/python3.7/site-packages/airflow/example_dags/example_latest_only_with_trigger.py for tasks to queue
[2022-05-18 23:54:20,204] {logging_mixin.py:115} INFO - [2022-05-18 23:54:20,204] {dagbag.py:507} INFO - Filling up the DagBag from /home/airflow/.local/lib/python3.7/site-packages/airflow/example_dags/example_latest_only_with_trigger.py
[2022-05-18 23:54:20,213] {processor.py:651} INFO - DAG(s) dict_keys(['latest_only_with_trigger']) retrieved from /home/airflow/.local/lib/python3.7/site-packages/airflow/example_dags/example_latest_only_with_trigger.py
[2022-05-18 23:54:20,252] {logging_mixin.py:115} INFO - [2022-05-18 23:54:20,251] {dag.py:2371} INFO - Sync 1 DAGs
[2022-05-18 23:54:20,280] {logging_mixin.py:115} INFO - [2022-05-18 23:54:20,280] {dag.py:2919} INFO - Setting next_dagrun for latest_only_with_trigger to 2022-05-18T19:54:20.279857+00:00, run_after=2022-05-18T23:54:20.279857+00:00
[2022-05-18 23:54:20,297] {processor.py:161} INFO - Processing /home/airflow/.local/lib/python3.7/site-packages/airflow/example_dags/example_latest_only_with_trigger.py took 0.100 seconds
[2022-05-18 23:54:50,663] {processor.py:153} INFO - Started process (PID=1329) to work on /home/airflow/.local/lib/python3.7/site-packages/airflow/example_dags/example_latest_only_with_trigger.py
[2022-05-18 23:54:50,664] {processor.py:641} INFO - Processing file /home/airflow/.local/lib/python3.7/site-packages/airflow/example_dags/example_latest_only_with_trigger.py for tasks to queue
[2022-05-18 23:54:50,665] {logging_mixin.py:115} INFO - [2022-05-18 23:54:50,665] {dagbag.py:507} INFO - Filling up the DagBag from /home/airflow/.local/lib/python3.7/site-packages/airflow/example_dags/example_latest_only_with_trigger.py
[2022-05-18 23:54:50,677] {processor.py:651} INFO - DAG(s) dict_keys(['latest_only_with_trigger']) retrieved from /home/airflow/.local/lib/python3.7/site-packages/airflow/example_dags/example_latest_only_with_trigger.py
[2022-05-18 23:54:50,735] {logging_mixin.py:115} INFO - [2022-05-18 23:54:50,735] {dag.py:2371} INFO - Sync 1 DAGs
[2022-05-18 23:54:50,786] {logging_mixin.py:115} INFO - [2022-05-18 23:54:50,785] {dag.py:2919} INFO - Setting next_dagrun for latest_only_with_trigger to 2022-05-18T19:54:50.785163+00:00, run_after=2022-05-18T23:54:50.785163+00:00
[2022-05-18 23:54:50,811] {processor.py:161} INFO - Processing /home/airflow/.local/lib/python3.7/site-packages/airflow/example_dags/example_latest_only_with_trigger.py took 0.154 seconds
[2022-05-18 23:55:21,448] {processor.py:153} INFO - Started process (PID=1382) to work on /home/airflow/.local/lib/python3.7/site-packages/airflow/example_dags/example_latest_only_with_trigger.py
[2022-05-18 23:55:21,449] {processor.py:641} INFO - Processing file /home/airflow/.local/lib/python3.7/site-packages/airflow/example_dags/example_latest_only_with_trigger.py for tasks to queue
[2022-05-18 23:55:21,450] {logging_mixin.py:115} INFO - [2022-05-18 23:55:21,450] {dagbag.py:507} INFO - Filling up the DagBag from /home/airflow/.local/lib/python3.7/site-packages/airflow/example_dags/example_latest_only_with_trigger.py
[2022-05-18 23:55:21,460] {processor.py:651} INFO - DAG(s) dict_keys(['latest_only_with_trigger']) retrieved from /home/airflow/.local/lib/python3.7/site-packages/airflow/example_dags/example_latest_only_with_trigger.py
[2022-05-18 23:55:21,495] {logging_mixin.py:115} INFO - [2022-05-18 23:55:21,495] {dag.py:2371} INFO - Sync 1 DAGs
[2022-05-18 23:55:21,520] {logging_mixin.py:115} INFO - [2022-05-18 23:55:21,520] {dag.py:2919} INFO - Setting next_dagrun for latest_only_with_trigger to 2022-05-18T19:55:21.520502+00:00, run_after=2022-05-18T23:55:21.520502+00:00
[2022-05-18 23:55:21,534] {processor.py:161} INFO - Processing /home/airflow/.local/lib/python3.7/site-packages/airflow/example_dags/example_latest_only_with_trigger.py took 0.090 seconds
[2022-05-18 23:55:52,001] {processor.py:153} INFO - Started process (PID=1444) to work on /home/airflow/.local/lib/python3.7/site-packages/airflow/example_dags/example_latest_only_with_trigger.py
[2022-05-18 23:55:52,002] {processor.py:641} INFO - Processing file /home/airflow/.local/lib/python3.7/site-packages/airflow/example_dags/example_latest_only_with_trigger.py for tasks to queue
[2022-05-18 23:55:52,003] {logging_mixin.py:115} INFO - [2022-05-18 23:55:52,003] {dagbag.py:507} INFO - Filling up the DagBag from /home/airflow/.local/lib/python3.7/site-packages/airflow/example_dags/example_latest_only_with_trigger.py
[2022-05-18 23:55:52,013] {processor.py:651} INFO - DAG(s) dict_keys(['latest_only_with_trigger']) retrieved from /home/airflow/.local/lib/python3.7/site-packages/airflow/example_dags/example_latest_only_with_trigger.py
[2022-05-18 23:55:52,064] {logging_mixin.py:115} INFO - [2022-05-18 23:55:52,064] {dag.py:2371} INFO - Sync 1 DAGs
[2022-05-18 23:55:52,103] {logging_mixin.py:115} INFO - [2022-05-18 23:55:52,103] {dag.py:2919} INFO - Setting next_dagrun for latest_only_with_trigger to 2022-05-18T19:55:52.102814+00:00, run_after=2022-05-18T23:55:52.102814+00:00
[2022-05-18 23:55:52,124] {processor.py:161} INFO - Processing /home/airflow/.local/lib/python3.7/site-packages/airflow/example_dags/example_latest_only_with_trigger.py took 0.126 seconds
[2022-05-18 23:56:22,768] {processor.py:153} INFO - Started process (PID=1496) to work on /home/airflow/.local/lib/python3.7/site-packages/airflow/example_dags/example_latest_only_with_trigger.py
[2022-05-18 23:56:22,769] {processor.py:641} INFO - Processing file /home/airflow/.local/lib/python3.7/site-packages/airflow/example_dags/example_latest_only_with_trigger.py for tasks to queue
[2022-05-18 23:56:22,770] {logging_mixin.py:115} INFO - [2022-05-18 23:56:22,770] {dagbag.py:507} INFO - Filling up the DagBag from /home/airflow/.local/lib/python3.7/site-packages/airflow/example_dags/example_latest_only_with_trigger.py
[2022-05-18 23:56:22,778] {processor.py:651} INFO - DAG(s) dict_keys(['latest_only_with_trigger']) retrieved from /home/airflow/.local/lib/python3.7/site-packages/airflow/example_dags/example_latest_only_with_trigger.py
[2022-05-18 23:56:22,866] {logging_mixin.py:115} INFO - [2022-05-18 23:56:22,866] {dag.py:2371} INFO - Sync 1 DAGs
[2022-05-18 23:56:22,906] {logging_mixin.py:115} INFO - [2022-05-18 23:56:22,906] {dag.py:2919} INFO - Setting next_dagrun for latest_only_with_trigger to 2022-05-18T19:56:22.906004+00:00, run_after=2022-05-18T23:56:22.906004+00:00
[2022-05-18 23:56:22,922] {processor.py:161} INFO - Processing /home/airflow/.local/lib/python3.7/site-packages/airflow/example_dags/example_latest_only_with_trigger.py took 0.159 seconds
[2022-05-18 23:56:53,374] {processor.py:153} INFO - Started process (PID=1558) to work on /home/airflow/.local/lib/python3.7/site-packages/airflow/example_dags/example_latest_only_with_trigger.py
[2022-05-18 23:56:53,376] {processor.py:641} INFO - Processing file /home/airflow/.local/lib/python3.7/site-packages/airflow/example_dags/example_latest_only_with_trigger.py for tasks to queue
[2022-05-18 23:56:53,377] {logging_mixin.py:115} INFO - [2022-05-18 23:56:53,377] {dagbag.py:507} INFO - Filling up the DagBag from /home/airflow/.local/lib/python3.7/site-packages/airflow/example_dags/example_latest_only_with_trigger.py
[2022-05-18 23:56:53,387] {processor.py:651} INFO - DAG(s) dict_keys(['latest_only_with_trigger']) retrieved from /home/airflow/.local/lib/python3.7/site-packages/airflow/example_dags/example_latest_only_with_trigger.py
[2022-05-18 23:56:53,435] {logging_mixin.py:115} INFO - [2022-05-18 23:56:53,435] {dag.py:2371} INFO - Sync 1 DAGs
[2022-05-18 23:56:53,470] {logging_mixin.py:115} INFO - [2022-05-18 23:56:53,470] {dag.py:2919} INFO - Setting next_dagrun for latest_only_with_trigger to 2022-05-18T19:56:53.470372+00:00, run_after=2022-05-18T23:56:53.470372+00:00
[2022-05-18 23:56:53,487] {processor.py:161} INFO - Processing /home/airflow/.local/lib/python3.7/site-packages/airflow/example_dags/example_latest_only_with_trigger.py took 0.117 seconds
[2022-05-18 23:57:23,849] {processor.py:153} INFO - Started process (PID=1612) to work on /home/airflow/.local/lib/python3.7/site-packages/airflow/example_dags/example_latest_only_with_trigger.py
[2022-05-18 23:57:23,849] {processor.py:641} INFO - Processing file /home/airflow/.local/lib/python3.7/site-packages/airflow/example_dags/example_latest_only_with_trigger.py for tasks to queue
[2022-05-18 23:57:23,851] {logging_mixin.py:115} INFO - [2022-05-18 23:57:23,850] {dagbag.py:507} INFO - Filling up the DagBag from /home/airflow/.local/lib/python3.7/site-packages/airflow/example_dags/example_latest_only_with_trigger.py
[2022-05-18 23:57:23,859] {processor.py:651} INFO - DAG(s) dict_keys(['latest_only_with_trigger']) retrieved from /home/airflow/.local/lib/python3.7/site-packages/airflow/example_dags/example_latest_only_with_trigger.py
[2022-05-18 23:57:23,897] {logging_mixin.py:115} INFO - [2022-05-18 23:57:23,897] {dag.py:2371} INFO - Sync 1 DAGs
[2022-05-18 23:57:23,928] {logging_mixin.py:115} INFO - [2022-05-18 23:57:23,928] {dag.py:2919} INFO - Setting next_dagrun for latest_only_with_trigger to 2022-05-18T19:57:23.927935+00:00, run_after=2022-05-18T23:57:23.927935+00:00
[2022-05-18 23:57:23,949] {processor.py:161} INFO - Processing /home/airflow/.local/lib/python3.7/site-packages/airflow/example_dags/example_latest_only_with_trigger.py took 0.105 seconds
[2022-05-18 23:57:54,548] {processor.py:153} INFO - Started process (PID=1675) to work on /home/airflow/.local/lib/python3.7/site-packages/airflow/example_dags/example_latest_only_with_trigger.py
[2022-05-18 23:57:54,549] {processor.py:641} INFO - Processing file /home/airflow/.local/lib/python3.7/site-packages/airflow/example_dags/example_latest_only_with_trigger.py for tasks to queue
[2022-05-18 23:57:54,551] {logging_mixin.py:115} INFO - [2022-05-18 23:57:54,551] {dagbag.py:507} INFO - Filling up the DagBag from /home/airflow/.local/lib/python3.7/site-packages/airflow/example_dags/example_latest_only_with_trigger.py
[2022-05-18 23:57:54,568] {processor.py:651} INFO - DAG(s) dict_keys(['latest_only_with_trigger']) retrieved from /home/airflow/.local/lib/python3.7/site-packages/airflow/example_dags/example_latest_only_with_trigger.py
[2022-05-18 23:57:54,850] {logging_mixin.py:115} INFO - [2022-05-18 23:57:54,849] {dag.py:2371} INFO - Sync 1 DAGs
[2022-05-18 23:57:54,891] {logging_mixin.py:115} INFO - [2022-05-18 23:57:54,891] {dag.py:2919} INFO - Setting next_dagrun for latest_only_with_trigger to 2022-05-18T19:57:54.890768+00:00, run_after=2022-05-18T23:57:54.890768+00:00
[2022-05-18 23:57:54,915] {processor.py:161} INFO - Processing /home/airflow/.local/lib/python3.7/site-packages/airflow/example_dags/example_latest_only_with_trigger.py took 0.373 seconds
[2022-05-18 23:58:25,270] {processor.py:153} INFO - Started process (PID=1719) to work on /home/airflow/.local/lib/python3.7/site-packages/airflow/example_dags/example_latest_only_with_trigger.py
[2022-05-18 23:58:25,271] {processor.py:641} INFO - Processing file /home/airflow/.local/lib/python3.7/site-packages/airflow/example_dags/example_latest_only_with_trigger.py for tasks to queue
[2022-05-18 23:58:25,272] {logging_mixin.py:115} INFO - [2022-05-18 23:58:25,272] {dagbag.py:507} INFO - Filling up the DagBag from /home/airflow/.local/lib/python3.7/site-packages/airflow/example_dags/example_latest_only_with_trigger.py
[2022-05-18 23:58:25,283] {processor.py:651} INFO - DAG(s) dict_keys(['latest_only_with_trigger']) retrieved from /home/airflow/.local/lib/python3.7/site-packages/airflow/example_dags/example_latest_only_with_trigger.py
[2022-05-18 23:58:25,474] {logging_mixin.py:115} INFO - [2022-05-18 23:58:25,473] {dag.py:2371} INFO - Sync 1 DAGs
[2022-05-18 23:58:25,506] {logging_mixin.py:115} INFO - [2022-05-18 23:58:25,506] {dag.py:2919} INFO - Setting next_dagrun for latest_only_with_trigger to 2022-05-18T19:58:25.506400+00:00, run_after=2022-05-18T23:58:25.506400+00:00
[2022-05-18 23:58:25,522] {processor.py:161} INFO - Processing /home/airflow/.local/lib/python3.7/site-packages/airflow/example_dags/example_latest_only_with_trigger.py took 0.258 seconds
[2022-05-18 23:58:59,860] {processor.py:153} INFO - Started process (PID=1782) to work on /home/airflow/.local/lib/python3.7/site-packages/airflow/example_dags/example_latest_only_with_trigger.py
[2022-05-18 23:58:59,861] {processor.py:641} INFO - Processing file /home/airflow/.local/lib/python3.7/site-packages/airflow/example_dags/example_latest_only_with_trigger.py for tasks to queue
[2022-05-18 23:58:59,863] {logging_mixin.py:115} INFO - [2022-05-18 23:58:59,863] {dagbag.py:507} INFO - Filling up the DagBag from /home/airflow/.local/lib/python3.7/site-packages/airflow/example_dags/example_latest_only_with_trigger.py
[2022-05-18 23:58:59,881] {processor.py:651} INFO - DAG(s) dict_keys(['latest_only_with_trigger']) retrieved from /home/airflow/.local/lib/python3.7/site-packages/airflow/example_dags/example_latest_only_with_trigger.py
[2022-05-18 23:59:00,158] {logging_mixin.py:115} INFO - [2022-05-18 23:59:00,158] {dag.py:2371} INFO - Sync 1 DAGs
[2022-05-18 23:59:00,201] {logging_mixin.py:115} INFO - [2022-05-18 23:59:00,200] {dag.py:2919} INFO - Setting next_dagrun for latest_only_with_trigger to 2022-05-18T19:59:00.200322+00:00, run_after=2022-05-18T23:59:00.200322+00:00
[2022-05-18 23:59:00,230] {processor.py:161} INFO - Processing /home/airflow/.local/lib/python3.7/site-packages/airflow/example_dags/example_latest_only_with_trigger.py took 0.377 seconds
[2022-05-18 23:59:30,492] {processor.py:153} INFO - Started process (PID=1836) to work on /home/airflow/.local/lib/python3.7/site-packages/airflow/example_dags/example_latest_only_with_trigger.py
[2022-05-18 23:59:30,493] {processor.py:641} INFO - Processing file /home/airflow/.local/lib/python3.7/site-packages/airflow/example_dags/example_latest_only_with_trigger.py for tasks to queue
[2022-05-18 23:59:30,494] {logging_mixin.py:115} INFO - [2022-05-18 23:59:30,494] {dagbag.py:507} INFO - Filling up the DagBag from /home/airflow/.local/lib/python3.7/site-packages/airflow/example_dags/example_latest_only_with_trigger.py
[2022-05-18 23:59:30,503] {processor.py:651} INFO - DAG(s) dict_keys(['latest_only_with_trigger']) retrieved from /home/airflow/.local/lib/python3.7/site-packages/airflow/example_dags/example_latest_only_with_trigger.py
[2022-05-18 23:59:30,673] {logging_mixin.py:115} INFO - [2022-05-18 23:59:30,673] {dag.py:2371} INFO - Sync 1 DAGs
[2022-05-18 23:59:30,697] {logging_mixin.py:115} INFO - [2022-05-18 23:59:30,697] {dag.py:2919} INFO - Setting next_dagrun for latest_only_with_trigger to 2022-05-18T19:59:30.697396+00:00, run_after=2022-05-18T23:59:30.697396+00:00
[2022-05-18 23:59:30,713] {processor.py:161} INFO - Processing /home/airflow/.local/lib/python3.7/site-packages/airflow/example_dags/example_latest_only_with_trigger.py took 0.225 seconds
