[2022-05-18 23:43:08,105] {processor.py:153} INFO - Started process (PID=97) to work on /home/airflow/.local/lib/python3.7/site-packages/airflow/example_dags/example_xcomargs.py
[2022-05-18 23:43:08,107] {processor.py:641} INFO - Processing file /home/airflow/.local/lib/python3.7/site-packages/airflow/example_dags/example_xcomargs.py for tasks to queue
[2022-05-18 23:43:08,109] {logging_mixin.py:115} INFO - [2022-05-18 23:43:08,109] {dagbag.py:507} INFO - Filling up the DagBag from /home/airflow/.local/lib/python3.7/site-packages/airflow/example_dags/example_xcomargs.py
[2022-05-18 23:43:08,171] {processor.py:651} INFO - DAG(s) dict_keys(['example_xcom_args', 'example_xcom_args_with_operators']) retrieved from /home/airflow/.local/lib/python3.7/site-packages/airflow/example_dags/example_xcomargs.py
[2022-05-18 23:43:08,590] {logging_mixin.py:115} INFO - [2022-05-18 23:43:08,590] {manager.py:508} INFO - Created Permission View: can edit on DAG:example_xcom_args
[2022-05-18 23:43:08,611] {logging_mixin.py:115} INFO - [2022-05-18 23:43:08,611] {manager.py:508} INFO - Created Permission View: can delete on DAG:example_xcom_args
[2022-05-18 23:43:08,627] {logging_mixin.py:115} INFO - [2022-05-18 23:43:08,627] {manager.py:508} INFO - Created Permission View: can read on DAG:example_xcom_args
[2022-05-18 23:43:08,655] {logging_mixin.py:115} INFO - [2022-05-18 23:43:08,655] {manager.py:508} INFO - Created Permission View: can edit on DAG:example_xcom_args_with_operators
[2022-05-18 23:43:08,671] {logging_mixin.py:115} INFO - [2022-05-18 23:43:08,670] {manager.py:508} INFO - Created Permission View: can delete on DAG:example_xcom_args_with_operators
[2022-05-18 23:43:08,685] {logging_mixin.py:115} INFO - [2022-05-18 23:43:08,685] {manager.py:508} INFO - Created Permission View: can read on DAG:example_xcom_args_with_operators
[2022-05-18 23:43:08,686] {logging_mixin.py:115} INFO - [2022-05-18 23:43:08,686] {dag.py:2371} INFO - Sync 2 DAGs
[2022-05-18 23:43:08,705] {logging_mixin.py:115} INFO - [2022-05-18 23:43:08,705] {dag.py:2390} INFO - Creating ORM DAG for example_xcom_args
[2022-05-18 23:43:08,706] {logging_mixin.py:115} INFO - [2022-05-18 23:43:08,706] {dag.py:2390} INFO - Creating ORM DAG for example_xcom_args_with_operators
[2022-05-18 23:43:08,734] {logging_mixin.py:115} INFO - [2022-05-18 23:43:08,734] {dag.py:2919} INFO - Setting next_dagrun for example_xcom_args to None, run_after=None
[2022-05-18 23:43:08,735] {logging_mixin.py:115} INFO - [2022-05-18 23:43:08,735] {dag.py:2919} INFO - Setting next_dagrun for example_xcom_args_with_operators to None, run_after=None
[2022-05-18 23:43:08,762] {processor.py:161} INFO - Processing /home/airflow/.local/lib/python3.7/site-packages/airflow/example_dags/example_xcomargs.py took 0.664 seconds
[2022-05-18 23:43:39,315] {processor.py:153} INFO - Started process (PID=162) to work on /home/airflow/.local/lib/python3.7/site-packages/airflow/example_dags/example_xcomargs.py
[2022-05-18 23:43:39,317] {processor.py:641} INFO - Processing file /home/airflow/.local/lib/python3.7/site-packages/airflow/example_dags/example_xcomargs.py for tasks to queue
[2022-05-18 23:43:39,318] {logging_mixin.py:115} INFO - [2022-05-18 23:43:39,318] {dagbag.py:507} INFO - Filling up the DagBag from /home/airflow/.local/lib/python3.7/site-packages/airflow/example_dags/example_xcomargs.py
[2022-05-18 23:43:39,352] {processor.py:651} INFO - DAG(s) dict_keys(['example_xcom_args', 'example_xcom_args_with_operators']) retrieved from /home/airflow/.local/lib/python3.7/site-packages/airflow/example_dags/example_xcomargs.py
[2022-05-18 23:43:39,578] {logging_mixin.py:115} INFO - [2022-05-18 23:43:39,577] {dag.py:2371} INFO - Sync 2 DAGs
[2022-05-18 23:43:39,610] {logging_mixin.py:115} INFO - [2022-05-18 23:43:39,610] {dag.py:2919} INFO - Setting next_dagrun for example_xcom_args to None, run_after=None
[2022-05-18 23:43:39,611] {logging_mixin.py:115} INFO - [2022-05-18 23:43:39,611] {dag.py:2919} INFO - Setting next_dagrun for example_xcom_args_with_operators to None, run_after=None
[2022-05-18 23:43:39,630] {processor.py:161} INFO - Processing /home/airflow/.local/lib/python3.7/site-packages/airflow/example_dags/example_xcomargs.py took 0.322 seconds
[2022-05-18 23:44:10,115] {processor.py:153} INFO - Started process (PID=216) to work on /home/airflow/.local/lib/python3.7/site-packages/airflow/example_dags/example_xcomargs.py
[2022-05-18 23:44:10,116] {processor.py:641} INFO - Processing file /home/airflow/.local/lib/python3.7/site-packages/airflow/example_dags/example_xcomargs.py for tasks to queue
[2022-05-18 23:44:10,118] {logging_mixin.py:115} INFO - [2022-05-18 23:44:10,117] {dagbag.py:507} INFO - Filling up the DagBag from /home/airflow/.local/lib/python3.7/site-packages/airflow/example_dags/example_xcomargs.py
[2022-05-18 23:44:10,170] {processor.py:651} INFO - DAG(s) dict_keys(['example_xcom_args', 'example_xcom_args_with_operators']) retrieved from /home/airflow/.local/lib/python3.7/site-packages/airflow/example_dags/example_xcomargs.py
[2022-05-18 23:44:10,381] {logging_mixin.py:115} INFO - [2022-05-18 23:44:10,381] {dag.py:2371} INFO - Sync 2 DAGs
[2022-05-18 23:44:10,402] {logging_mixin.py:115} INFO - [2022-05-18 23:44:10,401] {dag.py:2919} INFO - Setting next_dagrun for example_xcom_args to None, run_after=None
[2022-05-18 23:44:10,402] {logging_mixin.py:115} INFO - [2022-05-18 23:44:10,402] {dag.py:2919} INFO - Setting next_dagrun for example_xcom_args_with_operators to None, run_after=None
[2022-05-18 23:44:10,417] {processor.py:161} INFO - Processing /home/airflow/.local/lib/python3.7/site-packages/airflow/example_dags/example_xcomargs.py took 0.308 seconds
[2022-05-18 23:44:41,650] {processor.py:153} INFO - Started process (PID=279) to work on /home/airflow/.local/lib/python3.7/site-packages/airflow/example_dags/example_xcomargs.py
[2022-05-18 23:44:41,652] {processor.py:641} INFO - Processing file /home/airflow/.local/lib/python3.7/site-packages/airflow/example_dags/example_xcomargs.py for tasks to queue
[2022-05-18 23:44:41,654] {logging_mixin.py:115} INFO - [2022-05-18 23:44:41,653] {dagbag.py:507} INFO - Filling up the DagBag from /home/airflow/.local/lib/python3.7/site-packages/airflow/example_dags/example_xcomargs.py
[2022-05-18 23:44:41,725] {processor.py:651} INFO - DAG(s) dict_keys(['example_xcom_args', 'example_xcom_args_with_operators']) retrieved from /home/airflow/.local/lib/python3.7/site-packages/airflow/example_dags/example_xcomargs.py
[2022-05-18 23:44:42,149] {logging_mixin.py:115} INFO - [2022-05-18 23:44:42,149] {dag.py:2371} INFO - Sync 2 DAGs
[2022-05-18 23:44:42,191] {logging_mixin.py:115} INFO - [2022-05-18 23:44:42,191] {dag.py:2919} INFO - Setting next_dagrun for example_xcom_args to None, run_after=None
[2022-05-18 23:44:42,192] {logging_mixin.py:115} INFO - [2022-05-18 23:44:42,192] {dag.py:2919} INFO - Setting next_dagrun for example_xcom_args_with_operators to None, run_after=None
[2022-05-18 23:44:42,221] {processor.py:161} INFO - Processing /home/airflow/.local/lib/python3.7/site-packages/airflow/example_dags/example_xcomargs.py took 0.582 seconds
[2022-05-18 23:45:12,322] {processor.py:153} INFO - Started process (PID=332) to work on /home/airflow/.local/lib/python3.7/site-packages/airflow/example_dags/example_xcomargs.py
[2022-05-18 23:45:12,323] {processor.py:641} INFO - Processing file /home/airflow/.local/lib/python3.7/site-packages/airflow/example_dags/example_xcomargs.py for tasks to queue
[2022-05-18 23:45:12,324] {logging_mixin.py:115} INFO - [2022-05-18 23:45:12,324] {dagbag.py:507} INFO - Filling up the DagBag from /home/airflow/.local/lib/python3.7/site-packages/airflow/example_dags/example_xcomargs.py
[2022-05-18 23:45:12,368] {processor.py:651} INFO - DAG(s) dict_keys(['example_xcom_args', 'example_xcom_args_with_operators']) retrieved from /home/airflow/.local/lib/python3.7/site-packages/airflow/example_dags/example_xcomargs.py
[2022-05-18 23:45:12,742] {logging_mixin.py:115} INFO - [2022-05-18 23:45:12,742] {dag.py:2371} INFO - Sync 2 DAGs
[2022-05-18 23:45:12,780] {logging_mixin.py:115} INFO - [2022-05-18 23:45:12,780] {dag.py:2919} INFO - Setting next_dagrun for example_xcom_args to None, run_after=None
[2022-05-18 23:45:12,781] {logging_mixin.py:115} INFO - [2022-05-18 23:45:12,781] {dag.py:2919} INFO - Setting next_dagrun for example_xcom_args_with_operators to None, run_after=None
[2022-05-18 23:45:12,802] {processor.py:161} INFO - Processing /home/airflow/.local/lib/python3.7/site-packages/airflow/example_dags/example_xcomargs.py took 0.487 seconds
[2022-05-18 23:45:43,192] {processor.py:153} INFO - Started process (PID=386) to work on /home/airflow/.local/lib/python3.7/site-packages/airflow/example_dags/example_xcomargs.py
[2022-05-18 23:45:43,193] {processor.py:641} INFO - Processing file /home/airflow/.local/lib/python3.7/site-packages/airflow/example_dags/example_xcomargs.py for tasks to queue
[2022-05-18 23:45:43,194] {logging_mixin.py:115} INFO - [2022-05-18 23:45:43,194] {dagbag.py:507} INFO - Filling up the DagBag from /home/airflow/.local/lib/python3.7/site-packages/airflow/example_dags/example_xcomargs.py
[2022-05-18 23:45:43,244] {processor.py:651} INFO - DAG(s) dict_keys(['example_xcom_args', 'example_xcom_args_with_operators']) retrieved from /home/airflow/.local/lib/python3.7/site-packages/airflow/example_dags/example_xcomargs.py
[2022-05-18 23:45:43,453] {logging_mixin.py:115} INFO - [2022-05-18 23:45:43,453] {dag.py:2371} INFO - Sync 2 DAGs
[2022-05-18 23:45:43,481] {logging_mixin.py:115} INFO - [2022-05-18 23:45:43,480] {dag.py:2919} INFO - Setting next_dagrun for example_xcom_args to None, run_after=None
[2022-05-18 23:45:43,482] {logging_mixin.py:115} INFO - [2022-05-18 23:45:43,481] {dag.py:2919} INFO - Setting next_dagrun for example_xcom_args_with_operators to None, run_after=None
[2022-05-18 23:45:43,497] {processor.py:161} INFO - Processing /home/airflow/.local/lib/python3.7/site-packages/airflow/example_dags/example_xcomargs.py took 0.311 seconds
[2022-05-18 23:46:17,377] {processor.py:153} INFO - Started process (PID=438) to work on /home/airflow/.local/lib/python3.7/site-packages/airflow/example_dags/example_xcomargs.py
[2022-05-18 23:46:17,379] {processor.py:641} INFO - Processing file /home/airflow/.local/lib/python3.7/site-packages/airflow/example_dags/example_xcomargs.py for tasks to queue
[2022-05-18 23:46:17,381] {logging_mixin.py:115} INFO - [2022-05-18 23:46:17,380] {dagbag.py:507} INFO - Filling up the DagBag from /home/airflow/.local/lib/python3.7/site-packages/airflow/example_dags/example_xcomargs.py
[2022-05-18 23:46:17,509] {processor.py:651} INFO - DAG(s) dict_keys(['example_xcom_args', 'example_xcom_args_with_operators']) retrieved from /home/airflow/.local/lib/python3.7/site-packages/airflow/example_dags/example_xcomargs.py
[2022-05-18 23:46:18,343] {logging_mixin.py:115} INFO - [2022-05-18 23:46:18,343] {dag.py:2371} INFO - Sync 2 DAGs
[2022-05-18 23:46:18,391] {logging_mixin.py:115} INFO - [2022-05-18 23:46:18,391] {dag.py:2919} INFO - Setting next_dagrun for example_xcom_args to None, run_after=None
[2022-05-18 23:46:18,393] {logging_mixin.py:115} INFO - [2022-05-18 23:46:18,393] {dag.py:2919} INFO - Setting next_dagrun for example_xcom_args_with_operators to None, run_after=None
[2022-05-18 23:46:18,422] {processor.py:161} INFO - Processing /home/airflow/.local/lib/python3.7/site-packages/airflow/example_dags/example_xcomargs.py took 1.055 seconds
[2022-05-18 23:46:49,108] {processor.py:153} INFO - Started process (PID=502) to work on /home/airflow/.local/lib/python3.7/site-packages/airflow/example_dags/example_xcomargs.py
[2022-05-18 23:46:49,109] {processor.py:641} INFO - Processing file /home/airflow/.local/lib/python3.7/site-packages/airflow/example_dags/example_xcomargs.py for tasks to queue
[2022-05-18 23:46:49,110] {logging_mixin.py:115} INFO - [2022-05-18 23:46:49,110] {dagbag.py:507} INFO - Filling up the DagBag from /home/airflow/.local/lib/python3.7/site-packages/airflow/example_dags/example_xcomargs.py
[2022-05-18 23:46:49,155] {processor.py:651} INFO - DAG(s) dict_keys(['example_xcom_args', 'example_xcom_args_with_operators']) retrieved from /home/airflow/.local/lib/python3.7/site-packages/airflow/example_dags/example_xcomargs.py
[2022-05-18 23:46:49,459] {logging_mixin.py:115} INFO - [2022-05-18 23:46:49,459] {dag.py:2371} INFO - Sync 2 DAGs
[2022-05-18 23:46:49,495] {logging_mixin.py:115} INFO - [2022-05-18 23:46:49,494] {dag.py:2919} INFO - Setting next_dagrun for example_xcom_args to None, run_after=None
[2022-05-18 23:46:49,495] {logging_mixin.py:115} INFO - [2022-05-18 23:46:49,495] {dag.py:2919} INFO - Setting next_dagrun for example_xcom_args_with_operators to None, run_after=None
[2022-05-18 23:46:49,517] {processor.py:161} INFO - Processing /home/airflow/.local/lib/python3.7/site-packages/airflow/example_dags/example_xcomargs.py took 0.414 seconds
[2022-05-18 23:47:20,087] {processor.py:153} INFO - Started process (PID=555) to work on /home/airflow/.local/lib/python3.7/site-packages/airflow/example_dags/example_xcomargs.py
[2022-05-18 23:47:20,088] {processor.py:641} INFO - Processing file /home/airflow/.local/lib/python3.7/site-packages/airflow/example_dags/example_xcomargs.py for tasks to queue
[2022-05-18 23:47:20,089] {logging_mixin.py:115} INFO - [2022-05-18 23:47:20,089] {dagbag.py:507} INFO - Filling up the DagBag from /home/airflow/.local/lib/python3.7/site-packages/airflow/example_dags/example_xcomargs.py
[2022-05-18 23:47:20,114] {processor.py:651} INFO - DAG(s) dict_keys(['example_xcom_args', 'example_xcom_args_with_operators']) retrieved from /home/airflow/.local/lib/python3.7/site-packages/airflow/example_dags/example_xcomargs.py
[2022-05-18 23:47:20,314] {logging_mixin.py:115} INFO - [2022-05-18 23:47:20,314] {dag.py:2371} INFO - Sync 2 DAGs
[2022-05-18 23:47:20,334] {logging_mixin.py:115} INFO - [2022-05-18 23:47:20,334] {dag.py:2919} INFO - Setting next_dagrun for example_xcom_args to None, run_after=None
[2022-05-18 23:47:20,335] {logging_mixin.py:115} INFO - [2022-05-18 23:47:20,335] {dag.py:2919} INFO - Setting next_dagrun for example_xcom_args_with_operators to None, run_after=None
[2022-05-18 23:47:20,350] {processor.py:161} INFO - Processing /home/airflow/.local/lib/python3.7/site-packages/airflow/example_dags/example_xcomargs.py took 0.268 seconds
[2022-05-18 23:47:50,815] {processor.py:153} INFO - Started process (PID=608) to work on /home/airflow/.local/lib/python3.7/site-packages/airflow/example_dags/example_xcomargs.py
[2022-05-18 23:47:50,816] {processor.py:641} INFO - Processing file /home/airflow/.local/lib/python3.7/site-packages/airflow/example_dags/example_xcomargs.py for tasks to queue
[2022-05-18 23:47:50,817] {logging_mixin.py:115} INFO - [2022-05-18 23:47:50,817] {dagbag.py:507} INFO - Filling up the DagBag from /home/airflow/.local/lib/python3.7/site-packages/airflow/example_dags/example_xcomargs.py
[2022-05-18 23:47:50,861] {processor.py:651} INFO - DAG(s) dict_keys(['example_xcom_args', 'example_xcom_args_with_operators']) retrieved from /home/airflow/.local/lib/python3.7/site-packages/airflow/example_dags/example_xcomargs.py
[2022-05-18 23:47:51,098] {logging_mixin.py:115} INFO - [2022-05-18 23:47:51,097] {dag.py:2371} INFO - Sync 2 DAGs
[2022-05-18 23:47:51,118] {logging_mixin.py:115} INFO - [2022-05-18 23:47:51,118] {dag.py:2919} INFO - Setting next_dagrun for example_xcom_args to None, run_after=None
[2022-05-18 23:47:51,119] {logging_mixin.py:115} INFO - [2022-05-18 23:47:51,119] {dag.py:2919} INFO - Setting next_dagrun for example_xcom_args_with_operators to None, run_after=None
[2022-05-18 23:47:51,136] {processor.py:161} INFO - Processing /home/airflow/.local/lib/python3.7/site-packages/airflow/example_dags/example_xcomargs.py took 0.325 seconds
[2022-05-18 23:48:34,806] {processor.py:153} INFO - Started process (PID=663) to work on /home/airflow/.local/lib/python3.7/site-packages/airflow/example_dags/example_xcomargs.py
[2022-05-18 23:48:34,807] {processor.py:641} INFO - Processing file /home/airflow/.local/lib/python3.7/site-packages/airflow/example_dags/example_xcomargs.py for tasks to queue
[2022-05-18 23:48:34,808] {logging_mixin.py:115} INFO - [2022-05-18 23:48:34,808] {dagbag.py:507} INFO - Filling up the DagBag from /home/airflow/.local/lib/python3.7/site-packages/airflow/example_dags/example_xcomargs.py
[2022-05-18 23:48:34,838] {processor.py:651} INFO - DAG(s) dict_keys(['example_xcom_args', 'example_xcom_args_with_operators']) retrieved from /home/airflow/.local/lib/python3.7/site-packages/airflow/example_dags/example_xcomargs.py
[2022-05-18 23:48:35,008] {logging_mixin.py:115} INFO - [2022-05-18 23:48:35,008] {dag.py:2371} INFO - Sync 2 DAGs
[2022-05-18 23:48:35,038] {logging_mixin.py:115} INFO - [2022-05-18 23:48:35,038] {dag.py:2919} INFO - Setting next_dagrun for example_xcom_args to None, run_after=None
[2022-05-18 23:48:35,039] {logging_mixin.py:115} INFO - [2022-05-18 23:48:35,039] {dag.py:2919} INFO - Setting next_dagrun for example_xcom_args_with_operators to None, run_after=None
[2022-05-18 23:48:35,056] {processor.py:161} INFO - Processing /home/airflow/.local/lib/python3.7/site-packages/airflow/example_dags/example_xcomargs.py took 0.254 seconds
[2022-05-18 23:49:05,882] {processor.py:153} INFO - Started process (PID=728) to work on /home/airflow/.local/lib/python3.7/site-packages/airflow/example_dags/example_xcomargs.py
[2022-05-18 23:49:05,884] {processor.py:641} INFO - Processing file /home/airflow/.local/lib/python3.7/site-packages/airflow/example_dags/example_xcomargs.py for tasks to queue
[2022-05-18 23:49:05,885] {logging_mixin.py:115} INFO - [2022-05-18 23:49:05,885] {dagbag.py:507} INFO - Filling up the DagBag from /home/airflow/.local/lib/python3.7/site-packages/airflow/example_dags/example_xcomargs.py
[2022-05-18 23:49:05,942] {processor.py:651} INFO - DAG(s) dict_keys(['example_xcom_args', 'example_xcom_args_with_operators']) retrieved from /home/airflow/.local/lib/python3.7/site-packages/airflow/example_dags/example_xcomargs.py
[2022-05-18 23:49:06,240] {logging_mixin.py:115} INFO - [2022-05-18 23:49:06,240] {dag.py:2371} INFO - Sync 2 DAGs
[2022-05-18 23:49:06,290] {logging_mixin.py:115} INFO - [2022-05-18 23:49:06,290] {dag.py:2919} INFO - Setting next_dagrun for example_xcom_args to None, run_after=None
[2022-05-18 23:49:06,292] {logging_mixin.py:115} INFO - [2022-05-18 23:49:06,291] {dag.py:2919} INFO - Setting next_dagrun for example_xcom_args_with_operators to None, run_after=None
[2022-05-18 23:49:06,316] {processor.py:161} INFO - Processing /home/airflow/.local/lib/python3.7/site-packages/airflow/example_dags/example_xcomargs.py took 0.440 seconds
[2022-05-18 23:49:38,424] {processor.py:153} INFO - Started process (PID=780) to work on /home/airflow/.local/lib/python3.7/site-packages/airflow/example_dags/example_xcomargs.py
[2022-05-18 23:49:38,425] {processor.py:641} INFO - Processing file /home/airflow/.local/lib/python3.7/site-packages/airflow/example_dags/example_xcomargs.py for tasks to queue
[2022-05-18 23:49:38,427] {logging_mixin.py:115} INFO - [2022-05-18 23:49:38,427] {dagbag.py:507} INFO - Filling up the DagBag from /home/airflow/.local/lib/python3.7/site-packages/airflow/example_dags/example_xcomargs.py
[2022-05-18 23:49:38,471] {processor.py:651} INFO - DAG(s) dict_keys(['example_xcom_args', 'example_xcom_args_with_operators']) retrieved from /home/airflow/.local/lib/python3.7/site-packages/airflow/example_dags/example_xcomargs.py
[2022-05-18 23:49:38,693] {logging_mixin.py:115} INFO - [2022-05-18 23:49:38,693] {dag.py:2371} INFO - Sync 2 DAGs
[2022-05-18 23:49:38,730] {logging_mixin.py:115} INFO - [2022-05-18 23:49:38,730] {dag.py:2919} INFO - Setting next_dagrun for example_xcom_args to None, run_after=None
[2022-05-18 23:49:38,732] {logging_mixin.py:115} INFO - [2022-05-18 23:49:38,732] {dag.py:2919} INFO - Setting next_dagrun for example_xcom_args_with_operators to None, run_after=None
[2022-05-18 23:49:38,761] {processor.py:161} INFO - Processing /home/airflow/.local/lib/python3.7/site-packages/airflow/example_dags/example_xcomargs.py took 0.342 seconds
[2022-05-18 23:50:09,079] {processor.py:153} INFO - Started process (PID=844) to work on /home/airflow/.local/lib/python3.7/site-packages/airflow/example_dags/example_xcomargs.py
[2022-05-18 23:50:09,080] {processor.py:641} INFO - Processing file /home/airflow/.local/lib/python3.7/site-packages/airflow/example_dags/example_xcomargs.py for tasks to queue
[2022-05-18 23:50:09,081] {logging_mixin.py:115} INFO - [2022-05-18 23:50:09,081] {dagbag.py:507} INFO - Filling up the DagBag from /home/airflow/.local/lib/python3.7/site-packages/airflow/example_dags/example_xcomargs.py
[2022-05-18 23:50:09,117] {processor.py:651} INFO - DAG(s) dict_keys(['example_xcom_args', 'example_xcom_args_with_operators']) retrieved from /home/airflow/.local/lib/python3.7/site-packages/airflow/example_dags/example_xcomargs.py
[2022-05-18 23:50:09,651] {logging_mixin.py:115} INFO - [2022-05-18 23:50:09,651] {dag.py:2371} INFO - Sync 2 DAGs
[2022-05-18 23:50:09,704] {logging_mixin.py:115} INFO - [2022-05-18 23:50:09,704] {dag.py:2919} INFO - Setting next_dagrun for example_xcom_args to None, run_after=None
[2022-05-18 23:50:09,706] {logging_mixin.py:115} INFO - [2022-05-18 23:50:09,705] {dag.py:2919} INFO - Setting next_dagrun for example_xcom_args_with_operators to None, run_after=None
[2022-05-18 23:50:09,734] {processor.py:161} INFO - Processing /home/airflow/.local/lib/python3.7/site-packages/airflow/example_dags/example_xcomargs.py took 0.659 seconds
[2022-05-18 23:51:16,082] {processor.py:153} INFO - Started process (PID=922) to work on /home/airflow/.local/lib/python3.7/site-packages/airflow/example_dags/example_xcomargs.py
[2022-05-18 23:51:16,083] {processor.py:641} INFO - Processing file /home/airflow/.local/lib/python3.7/site-packages/airflow/example_dags/example_xcomargs.py for tasks to queue
[2022-05-18 23:51:16,084] {logging_mixin.py:115} INFO - [2022-05-18 23:51:16,084] {dagbag.py:507} INFO - Filling up the DagBag from /home/airflow/.local/lib/python3.7/site-packages/airflow/example_dags/example_xcomargs.py
[2022-05-18 23:51:16,126] {processor.py:651} INFO - DAG(s) dict_keys(['example_xcom_args', 'example_xcom_args_with_operators']) retrieved from /home/airflow/.local/lib/python3.7/site-packages/airflow/example_dags/example_xcomargs.py
[2022-05-18 23:51:16,435] {logging_mixin.py:115} INFO - [2022-05-18 23:51:16,434] {dag.py:2371} INFO - Sync 2 DAGs
[2022-05-18 23:51:16,470] {logging_mixin.py:115} INFO - [2022-05-18 23:51:16,470] {dag.py:2919} INFO - Setting next_dagrun for example_xcom_args to None, run_after=None
[2022-05-18 23:51:16,471] {logging_mixin.py:115} INFO - [2022-05-18 23:51:16,471] {dag.py:2919} INFO - Setting next_dagrun for example_xcom_args_with_operators to None, run_after=None
[2022-05-18 23:51:16,490] {processor.py:161} INFO - Processing /home/airflow/.local/lib/python3.7/site-packages/airflow/example_dags/example_xcomargs.py took 0.414 seconds
[2022-05-18 23:51:46,765] {processor.py:153} INFO - Started process (PID=975) to work on /home/airflow/.local/lib/python3.7/site-packages/airflow/example_dags/example_xcomargs.py
[2022-05-18 23:51:46,765] {processor.py:641} INFO - Processing file /home/airflow/.local/lib/python3.7/site-packages/airflow/example_dags/example_xcomargs.py for tasks to queue
[2022-05-18 23:51:46,766] {logging_mixin.py:115} INFO - [2022-05-18 23:51:46,766] {dagbag.py:507} INFO - Filling up the DagBag from /home/airflow/.local/lib/python3.7/site-packages/airflow/example_dags/example_xcomargs.py
[2022-05-18 23:51:46,791] {processor.py:651} INFO - DAG(s) dict_keys(['example_xcom_args', 'example_xcom_args_with_operators']) retrieved from /home/airflow/.local/lib/python3.7/site-packages/airflow/example_dags/example_xcomargs.py
[2022-05-18 23:51:46,942] {logging_mixin.py:115} INFO - [2022-05-18 23:51:46,942] {dag.py:2371} INFO - Sync 2 DAGs
[2022-05-18 23:51:46,963] {logging_mixin.py:115} INFO - [2022-05-18 23:51:46,963] {dag.py:2919} INFO - Setting next_dagrun for example_xcom_args to None, run_after=None
[2022-05-18 23:51:46,964] {logging_mixin.py:115} INFO - [2022-05-18 23:51:46,964] {dag.py:2919} INFO - Setting next_dagrun for example_xcom_args_with_operators to None, run_after=None
[2022-05-18 23:51:46,976] {processor.py:161} INFO - Processing /home/airflow/.local/lib/python3.7/site-packages/airflow/example_dags/example_xcomargs.py took 0.215 seconds
[2022-05-18 23:52:17,306] {processor.py:153} INFO - Started process (PID=1037) to work on /home/airflow/.local/lib/python3.7/site-packages/airflow/example_dags/example_xcomargs.py
[2022-05-18 23:52:17,307] {processor.py:641} INFO - Processing file /home/airflow/.local/lib/python3.7/site-packages/airflow/example_dags/example_xcomargs.py for tasks to queue
[2022-05-18 23:52:17,308] {logging_mixin.py:115} INFO - [2022-05-18 23:52:17,308] {dagbag.py:507} INFO - Filling up the DagBag from /home/airflow/.local/lib/python3.7/site-packages/airflow/example_dags/example_xcomargs.py
[2022-05-18 23:52:17,341] {processor.py:651} INFO - DAG(s) dict_keys(['example_xcom_args', 'example_xcom_args_with_operators']) retrieved from /home/airflow/.local/lib/python3.7/site-packages/airflow/example_dags/example_xcomargs.py
[2022-05-18 23:52:17,496] {logging_mixin.py:115} INFO - [2022-05-18 23:52:17,496] {dag.py:2371} INFO - Sync 2 DAGs
[2022-05-18 23:52:17,520] {logging_mixin.py:115} INFO - [2022-05-18 23:52:17,520] {dag.py:2919} INFO - Setting next_dagrun for example_xcom_args to None, run_after=None
[2022-05-18 23:52:17,521] {logging_mixin.py:115} INFO - [2022-05-18 23:52:17,521] {dag.py:2919} INFO - Setting next_dagrun for example_xcom_args_with_operators to None, run_after=None
[2022-05-18 23:52:17,534] {processor.py:161} INFO - Processing /home/airflow/.local/lib/python3.7/site-packages/airflow/example_dags/example_xcomargs.py took 0.232 seconds
[2022-05-18 23:52:47,867] {processor.py:153} INFO - Started process (PID=1090) to work on /home/airflow/.local/lib/python3.7/site-packages/airflow/example_dags/example_xcomargs.py
[2022-05-18 23:52:47,868] {processor.py:641} INFO - Processing file /home/airflow/.local/lib/python3.7/site-packages/airflow/example_dags/example_xcomargs.py for tasks to queue
[2022-05-18 23:52:47,869] {logging_mixin.py:115} INFO - [2022-05-18 23:52:47,869] {dagbag.py:507} INFO - Filling up the DagBag from /home/airflow/.local/lib/python3.7/site-packages/airflow/example_dags/example_xcomargs.py
[2022-05-18 23:52:47,900] {processor.py:651} INFO - DAG(s) dict_keys(['example_xcom_args', 'example_xcom_args_with_operators']) retrieved from /home/airflow/.local/lib/python3.7/site-packages/airflow/example_dags/example_xcomargs.py
[2022-05-18 23:52:47,996] {logging_mixin.py:115} INFO - [2022-05-18 23:52:47,996] {dag.py:2371} INFO - Sync 2 DAGs
[2022-05-18 23:52:48,024] {logging_mixin.py:115} INFO - [2022-05-18 23:52:48,024] {dag.py:2919} INFO - Setting next_dagrun for example_xcom_args to None, run_after=None
[2022-05-18 23:52:48,025] {logging_mixin.py:115} INFO - [2022-05-18 23:52:48,024] {dag.py:2919} INFO - Setting next_dagrun for example_xcom_args_with_operators to None, run_after=None
[2022-05-18 23:52:48,041] {processor.py:161} INFO - Processing /home/airflow/.local/lib/python3.7/site-packages/airflow/example_dags/example_xcomargs.py took 0.178 seconds
[2022-05-18 23:53:18,649] {processor.py:153} INFO - Started process (PID=1153) to work on /home/airflow/.local/lib/python3.7/site-packages/airflow/example_dags/example_xcomargs.py
[2022-05-18 23:53:18,651] {processor.py:641} INFO - Processing file /home/airflow/.local/lib/python3.7/site-packages/airflow/example_dags/example_xcomargs.py for tasks to queue
[2022-05-18 23:53:18,652] {logging_mixin.py:115} INFO - [2022-05-18 23:53:18,652] {dagbag.py:507} INFO - Filling up the DagBag from /home/airflow/.local/lib/python3.7/site-packages/airflow/example_dags/example_xcomargs.py
[2022-05-18 23:53:18,685] {processor.py:651} INFO - DAG(s) dict_keys(['example_xcom_args', 'example_xcom_args_with_operators']) retrieved from /home/airflow/.local/lib/python3.7/site-packages/airflow/example_dags/example_xcomargs.py
[2022-05-18 23:53:18,780] {logging_mixin.py:115} INFO - [2022-05-18 23:53:18,780] {dag.py:2371} INFO - Sync 2 DAGs
[2022-05-18 23:53:18,802] {logging_mixin.py:115} INFO - [2022-05-18 23:53:18,802] {dag.py:2919} INFO - Setting next_dagrun for example_xcom_args to None, run_after=None
[2022-05-18 23:53:18,803] {logging_mixin.py:115} INFO - [2022-05-18 23:53:18,802] {dag.py:2919} INFO - Setting next_dagrun for example_xcom_args_with_operators to None, run_after=None
[2022-05-18 23:53:18,819] {processor.py:161} INFO - Processing /home/airflow/.local/lib/python3.7/site-packages/airflow/example_dags/example_xcomargs.py took 0.176 seconds
[2022-05-18 23:53:49,820] {processor.py:153} INFO - Started process (PID=1217) to work on /home/airflow/.local/lib/python3.7/site-packages/airflow/example_dags/example_xcomargs.py
[2022-05-18 23:53:49,822] {processor.py:641} INFO - Processing file /home/airflow/.local/lib/python3.7/site-packages/airflow/example_dags/example_xcomargs.py for tasks to queue
[2022-05-18 23:53:49,823] {logging_mixin.py:115} INFO - [2022-05-18 23:53:49,823] {dagbag.py:507} INFO - Filling up the DagBag from /home/airflow/.local/lib/python3.7/site-packages/airflow/example_dags/example_xcomargs.py
[2022-05-18 23:53:49,876] {processor.py:651} INFO - DAG(s) dict_keys(['example_xcom_args', 'example_xcom_args_with_operators']) retrieved from /home/airflow/.local/lib/python3.7/site-packages/airflow/example_dags/example_xcomargs.py
[2022-05-18 23:53:50,043] {logging_mixin.py:115} INFO - [2022-05-18 23:53:50,043] {dag.py:2371} INFO - Sync 2 DAGs
[2022-05-18 23:53:50,084] {logging_mixin.py:115} INFO - [2022-05-18 23:53:50,084] {dag.py:2919} INFO - Setting next_dagrun for example_xcom_args to None, run_after=None
[2022-05-18 23:53:50,085] {logging_mixin.py:115} INFO - [2022-05-18 23:53:50,085] {dag.py:2919} INFO - Setting next_dagrun for example_xcom_args_with_operators to None, run_after=None
[2022-05-18 23:53:50,117] {processor.py:161} INFO - Processing /home/airflow/.local/lib/python3.7/site-packages/airflow/example_dags/example_xcomargs.py took 0.303 seconds
[2022-05-18 23:54:20,550] {processor.py:153} INFO - Started process (PID=1271) to work on /home/airflow/.local/lib/python3.7/site-packages/airflow/example_dags/example_xcomargs.py
[2022-05-18 23:54:20,550] {processor.py:641} INFO - Processing file /home/airflow/.local/lib/python3.7/site-packages/airflow/example_dags/example_xcomargs.py for tasks to queue
[2022-05-18 23:54:20,552] {logging_mixin.py:115} INFO - [2022-05-18 23:54:20,551] {dagbag.py:507} INFO - Filling up the DagBag from /home/airflow/.local/lib/python3.7/site-packages/airflow/example_dags/example_xcomargs.py
[2022-05-18 23:54:20,588] {processor.py:651} INFO - DAG(s) dict_keys(['example_xcom_args', 'example_xcom_args_with_operators']) retrieved from /home/airflow/.local/lib/python3.7/site-packages/airflow/example_dags/example_xcomargs.py
[2022-05-18 23:54:20,627] {logging_mixin.py:115} INFO - [2022-05-18 23:54:20,627] {dag.py:2371} INFO - Sync 2 DAGs
[2022-05-18 23:54:20,654] {logging_mixin.py:115} INFO - [2022-05-18 23:54:20,654] {dag.py:2919} INFO - Setting next_dagrun for example_xcom_args to None, run_after=None
[2022-05-18 23:54:20,655] {logging_mixin.py:115} INFO - [2022-05-18 23:54:20,655] {dag.py:2919} INFO - Setting next_dagrun for example_xcom_args_with_operators to None, run_after=None
[2022-05-18 23:54:20,671] {processor.py:161} INFO - Processing /home/airflow/.local/lib/python3.7/site-packages/airflow/example_dags/example_xcomargs.py took 0.126 seconds
[2022-05-18 23:54:51,103] {processor.py:153} INFO - Started process (PID=1333) to work on /home/airflow/.local/lib/python3.7/site-packages/airflow/example_dags/example_xcomargs.py
[2022-05-18 23:54:51,104] {processor.py:641} INFO - Processing file /home/airflow/.local/lib/python3.7/site-packages/airflow/example_dags/example_xcomargs.py for tasks to queue
[2022-05-18 23:54:51,105] {logging_mixin.py:115} INFO - [2022-05-18 23:54:51,105] {dagbag.py:507} INFO - Filling up the DagBag from /home/airflow/.local/lib/python3.7/site-packages/airflow/example_dags/example_xcomargs.py
[2022-05-18 23:54:51,155] {processor.py:651} INFO - DAG(s) dict_keys(['example_xcom_args', 'example_xcom_args_with_operators']) retrieved from /home/airflow/.local/lib/python3.7/site-packages/airflow/example_dags/example_xcomargs.py
[2022-05-18 23:54:51,220] {logging_mixin.py:115} INFO - [2022-05-18 23:54:51,220] {dag.py:2371} INFO - Sync 2 DAGs
[2022-05-18 23:54:51,267] {logging_mixin.py:115} INFO - [2022-05-18 23:54:51,267] {dag.py:2919} INFO - Setting next_dagrun for example_xcom_args to None, run_after=None
[2022-05-18 23:54:51,269] {logging_mixin.py:115} INFO - [2022-05-18 23:54:51,268] {dag.py:2919} INFO - Setting next_dagrun for example_xcom_args_with_operators to None, run_after=None
[2022-05-18 23:54:51,294] {processor.py:161} INFO - Processing /home/airflow/.local/lib/python3.7/site-packages/airflow/example_dags/example_xcomargs.py took 0.198 seconds
[2022-05-18 23:55:21,828] {processor.py:153} INFO - Started process (PID=1386) to work on /home/airflow/.local/lib/python3.7/site-packages/airflow/example_dags/example_xcomargs.py
[2022-05-18 23:55:21,829] {processor.py:641} INFO - Processing file /home/airflow/.local/lib/python3.7/site-packages/airflow/example_dags/example_xcomargs.py for tasks to queue
[2022-05-18 23:55:21,830] {logging_mixin.py:115} INFO - [2022-05-18 23:55:21,830] {dagbag.py:507} INFO - Filling up the DagBag from /home/airflow/.local/lib/python3.7/site-packages/airflow/example_dags/example_xcomargs.py
[2022-05-18 23:55:21,862] {processor.py:651} INFO - DAG(s) dict_keys(['example_xcom_args', 'example_xcom_args_with_operators']) retrieved from /home/airflow/.local/lib/python3.7/site-packages/airflow/example_dags/example_xcomargs.py
[2022-05-18 23:55:21,952] {logging_mixin.py:115} INFO - [2022-05-18 23:55:21,952] {dag.py:2371} INFO - Sync 2 DAGs
[2022-05-18 23:55:21,980] {logging_mixin.py:115} INFO - [2022-05-18 23:55:21,980] {dag.py:2919} INFO - Setting next_dagrun for example_xcom_args to None, run_after=None
[2022-05-18 23:55:21,981] {logging_mixin.py:115} INFO - [2022-05-18 23:55:21,981] {dag.py:2919} INFO - Setting next_dagrun for example_xcom_args_with_operators to None, run_after=None
[2022-05-18 23:55:22,001] {processor.py:161} INFO - Processing /home/airflow/.local/lib/python3.7/site-packages/airflow/example_dags/example_xcomargs.py took 0.176 seconds
[2022-05-18 23:55:52,491] {processor.py:153} INFO - Started process (PID=1448) to work on /home/airflow/.local/lib/python3.7/site-packages/airflow/example_dags/example_xcomargs.py
[2022-05-18 23:55:52,491] {processor.py:641} INFO - Processing file /home/airflow/.local/lib/python3.7/site-packages/airflow/example_dags/example_xcomargs.py for tasks to queue
[2022-05-18 23:55:52,492] {logging_mixin.py:115} INFO - [2022-05-18 23:55:52,492] {dagbag.py:507} INFO - Filling up the DagBag from /home/airflow/.local/lib/python3.7/site-packages/airflow/example_dags/example_xcomargs.py
[2022-05-18 23:55:52,528] {processor.py:651} INFO - DAG(s) dict_keys(['example_xcom_args', 'example_xcom_args_with_operators']) retrieved from /home/airflow/.local/lib/python3.7/site-packages/airflow/example_dags/example_xcomargs.py
[2022-05-18 23:55:52,563] {logging_mixin.py:115} INFO - [2022-05-18 23:55:52,562] {dag.py:2371} INFO - Sync 2 DAGs
[2022-05-18 23:55:52,591] {logging_mixin.py:115} INFO - [2022-05-18 23:55:52,591] {dag.py:2919} INFO - Setting next_dagrun for example_xcom_args to None, run_after=None
[2022-05-18 23:55:52,592] {logging_mixin.py:115} INFO - [2022-05-18 23:55:52,592] {dag.py:2919} INFO - Setting next_dagrun for example_xcom_args_with_operators to None, run_after=None
[2022-05-18 23:55:52,606] {processor.py:161} INFO - Processing /home/airflow/.local/lib/python3.7/site-packages/airflow/example_dags/example_xcomargs.py took 0.120 seconds
[2022-05-18 23:56:23,130] {processor.py:153} INFO - Started process (PID=1500) to work on /home/airflow/.local/lib/python3.7/site-packages/airflow/example_dags/example_xcomargs.py
[2022-05-18 23:56:23,131] {processor.py:641} INFO - Processing file /home/airflow/.local/lib/python3.7/site-packages/airflow/example_dags/example_xcomargs.py for tasks to queue
[2022-05-18 23:56:23,132] {logging_mixin.py:115} INFO - [2022-05-18 23:56:23,132] {dagbag.py:507} INFO - Filling up the DagBag from /home/airflow/.local/lib/python3.7/site-packages/airflow/example_dags/example_xcomargs.py
[2022-05-18 23:56:23,163] {processor.py:651} INFO - DAG(s) dict_keys(['example_xcom_args', 'example_xcom_args_with_operators']) retrieved from /home/airflow/.local/lib/python3.7/site-packages/airflow/example_dags/example_xcomargs.py
[2022-05-18 23:56:23,202] {logging_mixin.py:115} INFO - [2022-05-18 23:56:23,202] {dag.py:2371} INFO - Sync 2 DAGs
[2022-05-18 23:56:23,236] {logging_mixin.py:115} INFO - [2022-05-18 23:56:23,236] {dag.py:2919} INFO - Setting next_dagrun for example_xcom_args to None, run_after=None
[2022-05-18 23:56:23,236] {logging_mixin.py:115} INFO - [2022-05-18 23:56:23,236] {dag.py:2919} INFO - Setting next_dagrun for example_xcom_args_with_operators to None, run_after=None
[2022-05-18 23:56:23,251] {processor.py:161} INFO - Processing /home/airflow/.local/lib/python3.7/site-packages/airflow/example_dags/example_xcomargs.py took 0.125 seconds
[2022-05-18 23:56:53,708] {processor.py:153} INFO - Started process (PID=1562) to work on /home/airflow/.local/lib/python3.7/site-packages/airflow/example_dags/example_xcomargs.py
[2022-05-18 23:56:53,709] {processor.py:641} INFO - Processing file /home/airflow/.local/lib/python3.7/site-packages/airflow/example_dags/example_xcomargs.py for tasks to queue
[2022-05-18 23:56:53,710] {logging_mixin.py:115} INFO - [2022-05-18 23:56:53,710] {dagbag.py:507} INFO - Filling up the DagBag from /home/airflow/.local/lib/python3.7/site-packages/airflow/example_dags/example_xcomargs.py
[2022-05-18 23:56:53,741] {processor.py:651} INFO - DAG(s) dict_keys(['example_xcom_args', 'example_xcom_args_with_operators']) retrieved from /home/airflow/.local/lib/python3.7/site-packages/airflow/example_dags/example_xcomargs.py
[2022-05-18 23:56:53,841] {logging_mixin.py:115} INFO - [2022-05-18 23:56:53,841] {dag.py:2371} INFO - Sync 2 DAGs
[2022-05-18 23:56:53,872] {logging_mixin.py:115} INFO - [2022-05-18 23:56:53,872] {dag.py:2919} INFO - Setting next_dagrun for example_xcom_args to None, run_after=None
[2022-05-18 23:56:53,873] {logging_mixin.py:115} INFO - [2022-05-18 23:56:53,873] {dag.py:2919} INFO - Setting next_dagrun for example_xcom_args_with_operators to None, run_after=None
[2022-05-18 23:56:53,893] {processor.py:161} INFO - Processing /home/airflow/.local/lib/python3.7/site-packages/airflow/example_dags/example_xcomargs.py took 0.189 seconds
[2022-05-18 23:57:24,189] {processor.py:153} INFO - Started process (PID=1616) to work on /home/airflow/.local/lib/python3.7/site-packages/airflow/example_dags/example_xcomargs.py
[2022-05-18 23:57:24,190] {processor.py:641} INFO - Processing file /home/airflow/.local/lib/python3.7/site-packages/airflow/example_dags/example_xcomargs.py for tasks to queue
[2022-05-18 23:57:24,192] {logging_mixin.py:115} INFO - [2022-05-18 23:57:24,192] {dagbag.py:507} INFO - Filling up the DagBag from /home/airflow/.local/lib/python3.7/site-packages/airflow/example_dags/example_xcomargs.py
[2022-05-18 23:57:24,234] {processor.py:651} INFO - DAG(s) dict_keys(['example_xcom_args', 'example_xcom_args_with_operators']) retrieved from /home/airflow/.local/lib/python3.7/site-packages/airflow/example_dags/example_xcomargs.py
[2022-05-18 23:57:24,297] {logging_mixin.py:115} INFO - [2022-05-18 23:57:24,296] {dag.py:2371} INFO - Sync 2 DAGs
[2022-05-18 23:57:24,339] {logging_mixin.py:115} INFO - [2022-05-18 23:57:24,339] {dag.py:2919} INFO - Setting next_dagrun for example_xcom_args to None, run_after=None
[2022-05-18 23:57:24,340] {logging_mixin.py:115} INFO - [2022-05-18 23:57:24,340] {dag.py:2919} INFO - Setting next_dagrun for example_xcom_args_with_operators to None, run_after=None
[2022-05-18 23:57:24,361] {processor.py:161} INFO - Processing /home/airflow/.local/lib/python3.7/site-packages/airflow/example_dags/example_xcomargs.py took 0.177 seconds
[2022-05-18 23:57:55,789] {processor.py:153} INFO - Started process (PID=1679) to work on /home/airflow/.local/lib/python3.7/site-packages/airflow/example_dags/example_xcomargs.py
[2022-05-18 23:57:55,790] {processor.py:641} INFO - Processing file /home/airflow/.local/lib/python3.7/site-packages/airflow/example_dags/example_xcomargs.py for tasks to queue
[2022-05-18 23:57:55,792] {logging_mixin.py:115} INFO - [2022-05-18 23:57:55,792] {dagbag.py:507} INFO - Filling up the DagBag from /home/airflow/.local/lib/python3.7/site-packages/airflow/example_dags/example_xcomargs.py
[2022-05-18 23:57:56,093] {processor.py:651} INFO - DAG(s) dict_keys(['example_xcom_args', 'example_xcom_args_with_operators']) retrieved from /home/airflow/.local/lib/python3.7/site-packages/airflow/example_dags/example_xcomargs.py
[2022-05-18 23:57:57,033] {logging_mixin.py:115} INFO - [2022-05-18 23:57:56,986] {dag.py:2371} INFO - Sync 2 DAGs
[2022-05-18 23:58:01,790] {logging_mixin.py:115} INFO - [2022-05-18 23:58:01,789] {dag.py:2919} INFO - Setting next_dagrun for example_xcom_args to None, run_after=None
[2022-05-18 23:58:01,791] {logging_mixin.py:115} INFO - [2022-05-18 23:58:01,791] {dag.py:2919} INFO - Setting next_dagrun for example_xcom_args_with_operators to None, run_after=None
[2022-05-18 23:58:01,887] {processor.py:161} INFO - Processing /home/airflow/.local/lib/python3.7/site-packages/airflow/example_dags/example_xcomargs.py took 6.106 seconds
[2022-05-18 23:58:31,998] {processor.py:153} INFO - Started process (PID=1733) to work on /home/airflow/.local/lib/python3.7/site-packages/airflow/example_dags/example_xcomargs.py
[2022-05-18 23:58:31,999] {processor.py:641} INFO - Processing file /home/airflow/.local/lib/python3.7/site-packages/airflow/example_dags/example_xcomargs.py for tasks to queue
[2022-05-18 23:58:32,000] {logging_mixin.py:115} INFO - [2022-05-18 23:58:32,000] {dagbag.py:507} INFO - Filling up the DagBag from /home/airflow/.local/lib/python3.7/site-packages/airflow/example_dags/example_xcomargs.py
[2022-05-18 23:58:32,224] {processor.py:651} INFO - DAG(s) dict_keys(['example_xcom_args', 'example_xcom_args_with_operators']) retrieved from /home/airflow/.local/lib/python3.7/site-packages/airflow/example_dags/example_xcomargs.py
[2022-05-18 23:58:32,383] {logging_mixin.py:115} INFO - [2022-05-18 23:58:32,383] {dag.py:2371} INFO - Sync 2 DAGs
[2022-05-18 23:58:32,419] {logging_mixin.py:115} INFO - [2022-05-18 23:58:32,419] {dag.py:2919} INFO - Setting next_dagrun for example_xcom_args to None, run_after=None
[2022-05-18 23:58:32,420] {logging_mixin.py:115} INFO - [2022-05-18 23:58:32,420] {dag.py:2919} INFO - Setting next_dagrun for example_xcom_args_with_operators to None, run_after=None
[2022-05-18 23:58:32,445] {processor.py:161} INFO - Processing /home/airflow/.local/lib/python3.7/site-packages/airflow/example_dags/example_xcomargs.py took 0.451 seconds
[2022-05-18 23:59:02,712] {processor.py:153} INFO - Started process (PID=1786) to work on /home/airflow/.local/lib/python3.7/site-packages/airflow/example_dags/example_xcomargs.py
[2022-05-18 23:59:02,713] {processor.py:641} INFO - Processing file /home/airflow/.local/lib/python3.7/site-packages/airflow/example_dags/example_xcomargs.py for tasks to queue
[2022-05-18 23:59:02,714] {logging_mixin.py:115} INFO - [2022-05-18 23:59:02,713] {dagbag.py:507} INFO - Filling up the DagBag from /home/airflow/.local/lib/python3.7/site-packages/airflow/example_dags/example_xcomargs.py
[2022-05-18 23:59:02,959] {processor.py:651} INFO - DAG(s) dict_keys(['example_xcom_args', 'example_xcom_args_with_operators']) retrieved from /home/airflow/.local/lib/python3.7/site-packages/airflow/example_dags/example_xcomargs.py
[2022-05-18 23:59:03,107] {logging_mixin.py:115} INFO - [2022-05-18 23:59:03,107] {dag.py:2371} INFO - Sync 2 DAGs
[2022-05-18 23:59:03,136] {logging_mixin.py:115} INFO - [2022-05-18 23:59:03,136] {dag.py:2919} INFO - Setting next_dagrun for example_xcom_args to None, run_after=None
[2022-05-18 23:59:03,138] {logging_mixin.py:115} INFO - [2022-05-18 23:59:03,138] {dag.py:2919} INFO - Setting next_dagrun for example_xcom_args_with_operators to None, run_after=None
[2022-05-18 23:59:03,159] {processor.py:161} INFO - Processing /home/airflow/.local/lib/python3.7/site-packages/airflow/example_dags/example_xcomargs.py took 0.454 seconds
[2022-05-18 23:59:33,330] {processor.py:153} INFO - Started process (PID=1842) to work on /home/airflow/.local/lib/python3.7/site-packages/airflow/example_dags/example_xcomargs.py
[2022-05-18 23:59:33,330] {processor.py:641} INFO - Processing file /home/airflow/.local/lib/python3.7/site-packages/airflow/example_dags/example_xcomargs.py for tasks to queue
[2022-05-18 23:59:33,331] {logging_mixin.py:115} INFO - [2022-05-18 23:59:33,331] {dagbag.py:507} INFO - Filling up the DagBag from /home/airflow/.local/lib/python3.7/site-packages/airflow/example_dags/example_xcomargs.py
[2022-05-18 23:59:33,484] {processor.py:651} INFO - DAG(s) dict_keys(['example_xcom_args', 'example_xcom_args_with_operators']) retrieved from /home/airflow/.local/lib/python3.7/site-packages/airflow/example_dags/example_xcomargs.py
[2022-05-18 23:59:33,556] {logging_mixin.py:115} INFO - [2022-05-18 23:59:33,555] {dag.py:2371} INFO - Sync 2 DAGs
[2022-05-18 23:59:33,578] {logging_mixin.py:115} INFO - [2022-05-18 23:59:33,578] {dag.py:2919} INFO - Setting next_dagrun for example_xcom_args to None, run_after=None
[2022-05-18 23:59:33,579] {logging_mixin.py:115} INFO - [2022-05-18 23:59:33,578] {dag.py:2919} INFO - Setting next_dagrun for example_xcom_args_with_operators to None, run_after=None
[2022-05-18 23:59:33,593] {processor.py:161} INFO - Processing /home/airflow/.local/lib/python3.7/site-packages/airflow/example_dags/example_xcomargs.py took 0.267 seconds
