[2022-05-18 23:42:54,477] {processor.py:153} INFO - Started process (PID=71) to work on /home/airflow/.local/lib/python3.7/site-packages/airflow/example_dags/example_complex.py
[2022-05-18 23:42:54,478] {processor.py:641} INFO - Processing file /home/airflow/.local/lib/python3.7/site-packages/airflow/example_dags/example_complex.py for tasks to queue
[2022-05-18 23:42:54,481] {logging_mixin.py:115} INFO - [2022-05-18 23:42:54,480] {dagbag.py:507} INFO - Filling up the DagBag from /home/airflow/.local/lib/python3.7/site-packages/airflow/example_dags/example_complex.py
[2022-05-18 23:42:54,535] {processor.py:651} INFO - DAG(s) dict_keys(['example_complex']) retrieved from /home/airflow/.local/lib/python3.7/site-packages/airflow/example_dags/example_complex.py
[2022-05-18 23:42:56,440] {logging_mixin.py:115} INFO - [2022-05-18 23:42:56,439] {manager.py:508} INFO - Created Permission View: can edit on DAG:example_complex
[2022-05-18 23:42:56,479] {logging_mixin.py:115} INFO - [2022-05-18 23:42:56,478] {manager.py:508} INFO - Created Permission View: can delete on DAG:example_complex
[2022-05-18 23:42:56,506] {logging_mixin.py:115} INFO - [2022-05-18 23:42:56,506] {manager.py:508} INFO - Created Permission View: can read on DAG:example_complex
[2022-05-18 23:42:56,508] {logging_mixin.py:115} INFO - [2022-05-18 23:42:56,508] {dag.py:2371} INFO - Sync 1 DAGs
[2022-05-18 23:42:56,565] {logging_mixin.py:115} INFO - [2022-05-18 23:42:56,564] {dag.py:2390} INFO - Creating ORM DAG for example_complex
[2022-05-18 23:42:56,630] {logging_mixin.py:115} INFO - [2022-05-18 23:42:56,629] {dag.py:2919} INFO - Setting next_dagrun for example_complex to None, run_after=None
[2022-05-18 23:42:56,688] {processor.py:161} INFO - Processing /home/airflow/.local/lib/python3.7/site-packages/airflow/example_dags/example_complex.py took 2.222 seconds
[2022-05-18 23:43:27,497] {processor.py:153} INFO - Started process (PID=127) to work on /home/airflow/.local/lib/python3.7/site-packages/airflow/example_dags/example_complex.py
[2022-05-18 23:43:27,499] {processor.py:641} INFO - Processing file /home/airflow/.local/lib/python3.7/site-packages/airflow/example_dags/example_complex.py for tasks to queue
[2022-05-18 23:43:27,501] {logging_mixin.py:115} INFO - [2022-05-18 23:43:27,501] {dagbag.py:507} INFO - Filling up the DagBag from /home/airflow/.local/lib/python3.7/site-packages/airflow/example_dags/example_complex.py
[2022-05-18 23:43:27,531] {processor.py:651} INFO - DAG(s) dict_keys(['example_complex']) retrieved from /home/airflow/.local/lib/python3.7/site-packages/airflow/example_dags/example_complex.py
[2022-05-18 23:43:27,599] {logging_mixin.py:115} INFO - [2022-05-18 23:43:27,599] {dag.py:2371} INFO - Sync 1 DAGs
[2022-05-18 23:43:27,882] {logging_mixin.py:115} INFO - [2022-05-18 23:43:27,881] {dag.py:2919} INFO - Setting next_dagrun for example_complex to None, run_after=None
[2022-05-18 23:43:27,919] {processor.py:161} INFO - Processing /home/airflow/.local/lib/python3.7/site-packages/airflow/example_dags/example_complex.py took 0.427 seconds
[2022-05-18 23:43:58,456] {processor.py:153} INFO - Started process (PID=181) to work on /home/airflow/.local/lib/python3.7/site-packages/airflow/example_dags/example_complex.py
[2022-05-18 23:43:58,457] {processor.py:641} INFO - Processing file /home/airflow/.local/lib/python3.7/site-packages/airflow/example_dags/example_complex.py for tasks to queue
[2022-05-18 23:43:58,458] {logging_mixin.py:115} INFO - [2022-05-18 23:43:58,458] {dagbag.py:507} INFO - Filling up the DagBag from /home/airflow/.local/lib/python3.7/site-packages/airflow/example_dags/example_complex.py
[2022-05-18 23:43:58,478] {processor.py:651} INFO - DAG(s) dict_keys(['example_complex']) retrieved from /home/airflow/.local/lib/python3.7/site-packages/airflow/example_dags/example_complex.py
[2022-05-18 23:43:58,522] {logging_mixin.py:115} INFO - [2022-05-18 23:43:58,522] {dag.py:2371} INFO - Sync 1 DAGs
[2022-05-18 23:43:58,681] {logging_mixin.py:115} INFO - [2022-05-18 23:43:58,681] {dag.py:2919} INFO - Setting next_dagrun for example_complex to None, run_after=None
[2022-05-18 23:43:58,698] {processor.py:161} INFO - Processing /home/airflow/.local/lib/python3.7/site-packages/airflow/example_dags/example_complex.py took 0.246 seconds
[2022-05-18 23:44:29,564] {processor.py:153} INFO - Started process (PID=244) to work on /home/airflow/.local/lib/python3.7/site-packages/airflow/example_dags/example_complex.py
[2022-05-18 23:44:29,565] {processor.py:641} INFO - Processing file /home/airflow/.local/lib/python3.7/site-packages/airflow/example_dags/example_complex.py for tasks to queue
[2022-05-18 23:44:29,566] {logging_mixin.py:115} INFO - [2022-05-18 23:44:29,566] {dagbag.py:507} INFO - Filling up the DagBag from /home/airflow/.local/lib/python3.7/site-packages/airflow/example_dags/example_complex.py
[2022-05-18 23:44:29,587] {processor.py:651} INFO - DAG(s) dict_keys(['example_complex']) retrieved from /home/airflow/.local/lib/python3.7/site-packages/airflow/example_dags/example_complex.py
[2022-05-18 23:44:29,628] {logging_mixin.py:115} INFO - [2022-05-18 23:44:29,628] {dag.py:2371} INFO - Sync 1 DAGs
[2022-05-18 23:44:29,900] {logging_mixin.py:115} INFO - [2022-05-18 23:44:29,900] {dag.py:2919} INFO - Setting next_dagrun for example_complex to None, run_after=None
[2022-05-18 23:44:29,917] {processor.py:161} INFO - Processing /home/airflow/.local/lib/python3.7/site-packages/airflow/example_dags/example_complex.py took 0.359 seconds
[2022-05-18 23:45:00,489] {processor.py:153} INFO - Started process (PID=298) to work on /home/airflow/.local/lib/python3.7/site-packages/airflow/example_dags/example_complex.py
[2022-05-18 23:45:00,490] {processor.py:641} INFO - Processing file /home/airflow/.local/lib/python3.7/site-packages/airflow/example_dags/example_complex.py for tasks to queue
[2022-05-18 23:45:00,491] {logging_mixin.py:115} INFO - [2022-05-18 23:45:00,491] {dagbag.py:507} INFO - Filling up the DagBag from /home/airflow/.local/lib/python3.7/site-packages/airflow/example_dags/example_complex.py
[2022-05-18 23:45:00,516] {processor.py:651} INFO - DAG(s) dict_keys(['example_complex']) retrieved from /home/airflow/.local/lib/python3.7/site-packages/airflow/example_dags/example_complex.py
[2022-05-18 23:45:00,579] {logging_mixin.py:115} INFO - [2022-05-18 23:45:00,579] {dag.py:2371} INFO - Sync 1 DAGs
[2022-05-18 23:45:00,806] {logging_mixin.py:115} INFO - [2022-05-18 23:45:00,806] {dag.py:2919} INFO - Setting next_dagrun for example_complex to None, run_after=None
[2022-05-18 23:45:00,829] {processor.py:161} INFO - Processing /home/airflow/.local/lib/python3.7/site-packages/airflow/example_dags/example_complex.py took 0.344 seconds
[2022-05-18 23:45:31,335] {processor.py:153} INFO - Started process (PID=351) to work on /home/airflow/.local/lib/python3.7/site-packages/airflow/example_dags/example_complex.py
[2022-05-18 23:45:31,336] {processor.py:641} INFO - Processing file /home/airflow/.local/lib/python3.7/site-packages/airflow/example_dags/example_complex.py for tasks to queue
[2022-05-18 23:45:31,337] {logging_mixin.py:115} INFO - [2022-05-18 23:45:31,337] {dagbag.py:507} INFO - Filling up the DagBag from /home/airflow/.local/lib/python3.7/site-packages/airflow/example_dags/example_complex.py
[2022-05-18 23:45:31,361] {processor.py:651} INFO - DAG(s) dict_keys(['example_complex']) retrieved from /home/airflow/.local/lib/python3.7/site-packages/airflow/example_dags/example_complex.py
[2022-05-18 23:45:31,407] {logging_mixin.py:115} INFO - [2022-05-18 23:45:31,407] {dag.py:2371} INFO - Sync 1 DAGs
[2022-05-18 23:45:31,574] {logging_mixin.py:115} INFO - [2022-05-18 23:45:31,574] {dag.py:2919} INFO - Setting next_dagrun for example_complex to None, run_after=None
[2022-05-18 23:45:31,589] {processor.py:161} INFO - Processing /home/airflow/.local/lib/python3.7/site-packages/airflow/example_dags/example_complex.py took 0.259 seconds
[2022-05-18 23:46:02,241] {processor.py:153} INFO - Started process (PID=415) to work on /home/airflow/.local/lib/python3.7/site-packages/airflow/example_dags/example_complex.py
[2022-05-18 23:46:02,243] {processor.py:641} INFO - Processing file /home/airflow/.local/lib/python3.7/site-packages/airflow/example_dags/example_complex.py for tasks to queue
[2022-05-18 23:46:02,247] {logging_mixin.py:115} INFO - [2022-05-18 23:46:02,247] {dagbag.py:507} INFO - Filling up the DagBag from /home/airflow/.local/lib/python3.7/site-packages/airflow/example_dags/example_complex.py
[2022-05-18 23:46:02,292] {processor.py:651} INFO - DAG(s) dict_keys(['example_complex']) retrieved from /home/airflow/.local/lib/python3.7/site-packages/airflow/example_dags/example_complex.py
[2022-05-18 23:46:02,390] {logging_mixin.py:115} INFO - [2022-05-18 23:46:02,390] {dag.py:2371} INFO - Sync 1 DAGs
[2022-05-18 23:46:02,712] {logging_mixin.py:115} INFO - [2022-05-18 23:46:02,709] {dag.py:2919} INFO - Setting next_dagrun for example_complex to None, run_after=None
[2022-05-18 23:46:02,764] {processor.py:161} INFO - Processing /home/airflow/.local/lib/python3.7/site-packages/airflow/example_dags/example_complex.py took 0.530 seconds
[2022-05-18 23:46:33,178] {processor.py:153} INFO - Started process (PID=459) to work on /home/airflow/.local/lib/python3.7/site-packages/airflow/example_dags/example_complex.py
[2022-05-18 23:46:33,179] {processor.py:641} INFO - Processing file /home/airflow/.local/lib/python3.7/site-packages/airflow/example_dags/example_complex.py for tasks to queue
[2022-05-18 23:46:33,180] {logging_mixin.py:115} INFO - [2022-05-18 23:46:33,180] {dagbag.py:507} INFO - Filling up the DagBag from /home/airflow/.local/lib/python3.7/site-packages/airflow/example_dags/example_complex.py
[2022-05-18 23:46:33,212] {processor.py:651} INFO - DAG(s) dict_keys(['example_complex']) retrieved from /home/airflow/.local/lib/python3.7/site-packages/airflow/example_dags/example_complex.py
[2022-05-18 23:46:33,262] {logging_mixin.py:115} INFO - [2022-05-18 23:46:33,262] {dag.py:2371} INFO - Sync 1 DAGs
[2022-05-18 23:46:33,416] {logging_mixin.py:115} INFO - [2022-05-18 23:46:33,416] {dag.py:2919} INFO - Setting next_dagrun for example_complex to None, run_after=None
[2022-05-18 23:46:33,432] {processor.py:161} INFO - Processing /home/airflow/.local/lib/python3.7/site-packages/airflow/example_dags/example_complex.py took 0.259 seconds
[2022-05-18 23:47:03,836] {processor.py:153} INFO - Started process (PID=523) to work on /home/airflow/.local/lib/python3.7/site-packages/airflow/example_dags/example_complex.py
[2022-05-18 23:47:03,837] {processor.py:641} INFO - Processing file /home/airflow/.local/lib/python3.7/site-packages/airflow/example_dags/example_complex.py for tasks to queue
[2022-05-18 23:47:03,838] {logging_mixin.py:115} INFO - [2022-05-18 23:47:03,838] {dagbag.py:507} INFO - Filling up the DagBag from /home/airflow/.local/lib/python3.7/site-packages/airflow/example_dags/example_complex.py
[2022-05-18 23:47:03,862] {processor.py:651} INFO - DAG(s) dict_keys(['example_complex']) retrieved from /home/airflow/.local/lib/python3.7/site-packages/airflow/example_dags/example_complex.py
[2022-05-18 23:47:03,917] {logging_mixin.py:115} INFO - [2022-05-18 23:47:03,917] {dag.py:2371} INFO - Sync 1 DAGs
[2022-05-18 23:47:04,102] {logging_mixin.py:115} INFO - [2022-05-18 23:47:04,102] {dag.py:2919} INFO - Setting next_dagrun for example_complex to None, run_after=None
[2022-05-18 23:47:04,115] {processor.py:161} INFO - Processing /home/airflow/.local/lib/python3.7/site-packages/airflow/example_dags/example_complex.py took 0.283 seconds
[2022-05-18 23:47:34,950] {processor.py:153} INFO - Started process (PID=575) to work on /home/airflow/.local/lib/python3.7/site-packages/airflow/example_dags/example_complex.py
[2022-05-18 23:47:34,951] {processor.py:641} INFO - Processing file /home/airflow/.local/lib/python3.7/site-packages/airflow/example_dags/example_complex.py for tasks to queue
[2022-05-18 23:47:34,952] {logging_mixin.py:115} INFO - [2022-05-18 23:47:34,952] {dagbag.py:507} INFO - Filling up the DagBag from /home/airflow/.local/lib/python3.7/site-packages/airflow/example_dags/example_complex.py
[2022-05-18 23:47:34,977] {processor.py:651} INFO - DAG(s) dict_keys(['example_complex']) retrieved from /home/airflow/.local/lib/python3.7/site-packages/airflow/example_dags/example_complex.py
[2022-05-18 23:47:35,041] {logging_mixin.py:115} INFO - [2022-05-18 23:47:35,041] {dag.py:2371} INFO - Sync 1 DAGs
[2022-05-18 23:47:35,222] {logging_mixin.py:115} INFO - [2022-05-18 23:47:35,222] {dag.py:2919} INFO - Setting next_dagrun for example_complex to None, run_after=None
[2022-05-18 23:47:35,239] {processor.py:161} INFO - Processing /home/airflow/.local/lib/python3.7/site-packages/airflow/example_dags/example_complex.py took 0.294 seconds
[2022-05-18 23:48:05,574] {processor.py:153} INFO - Started process (PID=638) to work on /home/airflow/.local/lib/python3.7/site-packages/airflow/example_dags/example_complex.py
[2022-05-18 23:48:05,576] {processor.py:641} INFO - Processing file /home/airflow/.local/lib/python3.7/site-packages/airflow/example_dags/example_complex.py for tasks to queue
[2022-05-18 23:48:05,578] {logging_mixin.py:115} INFO - [2022-05-18 23:48:05,577] {dagbag.py:507} INFO - Filling up the DagBag from /home/airflow/.local/lib/python3.7/site-packages/airflow/example_dags/example_complex.py
[2022-05-18 23:48:05,626] {processor.py:651} INFO - DAG(s) dict_keys(['example_complex']) retrieved from /home/airflow/.local/lib/python3.7/site-packages/airflow/example_dags/example_complex.py
[2022-05-18 23:48:05,707] {logging_mixin.py:115} INFO - [2022-05-18 23:48:05,706] {dag.py:2371} INFO - Sync 1 DAGs
[2022-05-18 23:48:23,536] {logging_mixin.py:115} INFO - [2022-05-18 23:48:23,071] {dag.py:2919} INFO - Setting next_dagrun for example_complex to None, run_after=None
[2022-05-18 23:48:30,756] {processor.py:161} INFO - Processing /home/airflow/.local/lib/python3.7/site-packages/airflow/example_dags/example_complex.py took 24.894 seconds
[2022-05-18 23:49:01,682] {processor.py:153} INFO - Started process (PID=692) to work on /home/airflow/.local/lib/python3.7/site-packages/airflow/example_dags/example_complex.py
[2022-05-18 23:49:01,683] {processor.py:641} INFO - Processing file /home/airflow/.local/lib/python3.7/site-packages/airflow/example_dags/example_complex.py for tasks to queue
[2022-05-18 23:49:01,683] {logging_mixin.py:115} INFO - [2022-05-18 23:49:01,683] {dagbag.py:507} INFO - Filling up the DagBag from /home/airflow/.local/lib/python3.7/site-packages/airflow/example_dags/example_complex.py
[2022-05-18 23:49:01,703] {processor.py:651} INFO - DAG(s) dict_keys(['example_complex']) retrieved from /home/airflow/.local/lib/python3.7/site-packages/airflow/example_dags/example_complex.py
[2022-05-18 23:49:01,752] {logging_mixin.py:115} INFO - [2022-05-18 23:49:01,751] {dag.py:2371} INFO - Sync 1 DAGs
[2022-05-18 23:49:01,958] {logging_mixin.py:115} INFO - [2022-05-18 23:49:01,958] {dag.py:2919} INFO - Setting next_dagrun for example_complex to None, run_after=None
[2022-05-18 23:49:01,978] {processor.py:161} INFO - Processing /home/airflow/.local/lib/python3.7/site-packages/airflow/example_dags/example_complex.py took 0.300 seconds
[2022-05-18 23:49:32,629] {processor.py:153} INFO - Started process (PID=754) to work on /home/airflow/.local/lib/python3.7/site-packages/airflow/example_dags/example_complex.py
[2022-05-18 23:49:32,630] {processor.py:641} INFO - Processing file /home/airflow/.local/lib/python3.7/site-packages/airflow/example_dags/example_complex.py for tasks to queue
[2022-05-18 23:49:32,632] {logging_mixin.py:115} INFO - [2022-05-18 23:49:32,632] {dagbag.py:507} INFO - Filling up the DagBag from /home/airflow/.local/lib/python3.7/site-packages/airflow/example_dags/example_complex.py
[2022-05-18 23:49:32,659] {processor.py:651} INFO - DAG(s) dict_keys(['example_complex']) retrieved from /home/airflow/.local/lib/python3.7/site-packages/airflow/example_dags/example_complex.py
[2022-05-18 23:49:32,720] {logging_mixin.py:115} INFO - [2022-05-18 23:49:32,720] {dag.py:2371} INFO - Sync 1 DAGs
[2022-05-18 23:49:33,463] {logging_mixin.py:115} INFO - [2022-05-18 23:49:33,463] {dag.py:2919} INFO - Setting next_dagrun for example_complex to None, run_after=None
[2022-05-18 23:49:33,499] {processor.py:161} INFO - Processing /home/airflow/.local/lib/python3.7/site-packages/airflow/example_dags/example_complex.py took 0.873 seconds
[2022-05-18 23:50:03,802] {processor.py:153} INFO - Started process (PID=808) to work on /home/airflow/.local/lib/python3.7/site-packages/airflow/example_dags/example_complex.py
[2022-05-18 23:50:03,803] {processor.py:641} INFO - Processing file /home/airflow/.local/lib/python3.7/site-packages/airflow/example_dags/example_complex.py for tasks to queue
[2022-05-18 23:50:03,804] {logging_mixin.py:115} INFO - [2022-05-18 23:50:03,804] {dagbag.py:507} INFO - Filling up the DagBag from /home/airflow/.local/lib/python3.7/site-packages/airflow/example_dags/example_complex.py
[2022-05-18 23:50:03,825] {processor.py:651} INFO - DAG(s) dict_keys(['example_complex']) retrieved from /home/airflow/.local/lib/python3.7/site-packages/airflow/example_dags/example_complex.py
[2022-05-18 23:50:03,866] {logging_mixin.py:115} INFO - [2022-05-18 23:50:03,866] {dag.py:2371} INFO - Sync 1 DAGs
[2022-05-18 23:50:04,012] {logging_mixin.py:115} INFO - [2022-05-18 23:50:04,011] {dag.py:2919} INFO - Setting next_dagrun for example_complex to None, run_after=None
[2022-05-18 23:50:04,028] {processor.py:161} INFO - Processing /home/airflow/.local/lib/python3.7/site-packages/airflow/example_dags/example_complex.py took 0.230 seconds
[2022-05-18 23:50:34,115] {processor.py:153} INFO - Started process (PID=861) to work on /home/airflow/.local/lib/python3.7/site-packages/airflow/example_dags/example_complex.py
[2022-05-18 23:50:34,116] {processor.py:641} INFO - Processing file /home/airflow/.local/lib/python3.7/site-packages/airflow/example_dags/example_complex.py for tasks to queue
[2022-05-18 23:50:34,116] {logging_mixin.py:115} INFO - [2022-05-18 23:50:34,116] {dagbag.py:507} INFO - Filling up the DagBag from /home/airflow/.local/lib/python3.7/site-packages/airflow/example_dags/example_complex.py
[2022-05-18 23:50:34,134] {processor.py:651} INFO - DAG(s) dict_keys(['example_complex']) retrieved from /home/airflow/.local/lib/python3.7/site-packages/airflow/example_dags/example_complex.py
[2022-05-18 23:50:34,173] {logging_mixin.py:115} INFO - [2022-05-18 23:50:34,173] {dag.py:2371} INFO - Sync 1 DAGs
[2022-05-18 23:50:34,325] {logging_mixin.py:115} INFO - [2022-05-18 23:50:34,325] {dag.py:2919} INFO - Setting next_dagrun for example_complex to None, run_after=None
[2022-05-18 23:50:34,338] {processor.py:161} INFO - Processing /home/airflow/.local/lib/python3.7/site-packages/airflow/example_dags/example_complex.py took 0.227 seconds
[2022-05-18 23:51:10,616] {processor.py:153} INFO - Started process (PID=902) to work on /home/airflow/.local/lib/python3.7/site-packages/airflow/example_dags/example_complex.py
[2022-05-18 23:51:10,617] {processor.py:641} INFO - Processing file /home/airflow/.local/lib/python3.7/site-packages/airflow/example_dags/example_complex.py for tasks to queue
[2022-05-18 23:51:10,619] {logging_mixin.py:115} INFO - [2022-05-18 23:51:10,619] {dagbag.py:507} INFO - Filling up the DagBag from /home/airflow/.local/lib/python3.7/site-packages/airflow/example_dags/example_complex.py
[2022-05-18 23:51:10,655] {processor.py:651} INFO - DAG(s) dict_keys(['example_complex']) retrieved from /home/airflow/.local/lib/python3.7/site-packages/airflow/example_dags/example_complex.py
[2022-05-18 23:51:10,743] {logging_mixin.py:115} INFO - [2022-05-18 23:51:10,742] {dag.py:2371} INFO - Sync 1 DAGs
[2022-05-18 23:51:11,015] {logging_mixin.py:115} INFO - [2022-05-18 23:51:11,015] {dag.py:2919} INFO - Setting next_dagrun for example_complex to None, run_after=None
[2022-05-18 23:51:11,042] {processor.py:161} INFO - Processing /home/airflow/.local/lib/python3.7/site-packages/airflow/example_dags/example_complex.py took 0.433 seconds
[2022-05-18 23:51:41,279] {processor.py:153} INFO - Started process (PID=954) to work on /home/airflow/.local/lib/python3.7/site-packages/airflow/example_dags/example_complex.py
[2022-05-18 23:51:41,280] {processor.py:641} INFO - Processing file /home/airflow/.local/lib/python3.7/site-packages/airflow/example_dags/example_complex.py for tasks to queue
[2022-05-18 23:51:41,281] {logging_mixin.py:115} INFO - [2022-05-18 23:51:41,281] {dagbag.py:507} INFO - Filling up the DagBag from /home/airflow/.local/lib/python3.7/site-packages/airflow/example_dags/example_complex.py
[2022-05-18 23:51:41,298] {processor.py:651} INFO - DAG(s) dict_keys(['example_complex']) retrieved from /home/airflow/.local/lib/python3.7/site-packages/airflow/example_dags/example_complex.py
[2022-05-18 23:51:41,336] {logging_mixin.py:115} INFO - [2022-05-18 23:51:41,335] {dag.py:2371} INFO - Sync 1 DAGs
[2022-05-18 23:51:41,473] {logging_mixin.py:115} INFO - [2022-05-18 23:51:41,473] {dag.py:2919} INFO - Setting next_dagrun for example_complex to None, run_after=None
[2022-05-18 23:51:41,485] {processor.py:161} INFO - Processing /home/airflow/.local/lib/python3.7/site-packages/airflow/example_dags/example_complex.py took 0.210 seconds
[2022-05-18 23:52:11,765] {processor.py:153} INFO - Started process (PID=1013) to work on /home/airflow/.local/lib/python3.7/site-packages/airflow/example_dags/example_complex.py
[2022-05-18 23:52:11,766] {processor.py:641} INFO - Processing file /home/airflow/.local/lib/python3.7/site-packages/airflow/example_dags/example_complex.py for tasks to queue
[2022-05-18 23:52:11,768] {logging_mixin.py:115} INFO - [2022-05-18 23:52:11,767] {dagbag.py:507} INFO - Filling up the DagBag from /home/airflow/.local/lib/python3.7/site-packages/airflow/example_dags/example_complex.py
[2022-05-18 23:52:11,804] {processor.py:651} INFO - DAG(s) dict_keys(['example_complex']) retrieved from /home/airflow/.local/lib/python3.7/site-packages/airflow/example_dags/example_complex.py
[2022-05-18 23:52:11,877] {logging_mixin.py:115} INFO - [2022-05-18 23:52:11,876] {dag.py:2371} INFO - Sync 1 DAGs
[2022-05-18 23:52:12,100] {logging_mixin.py:115} INFO - [2022-05-18 23:52:12,100] {dag.py:2919} INFO - Setting next_dagrun for example_complex to None, run_after=None
[2022-05-18 23:52:12,120] {processor.py:161} INFO - Processing /home/airflow/.local/lib/python3.7/site-packages/airflow/example_dags/example_complex.py took 0.361 seconds
[2022-05-18 23:52:42,175] {processor.py:153} INFO - Started process (PID=1070) to work on /home/airflow/.local/lib/python3.7/site-packages/airflow/example_dags/example_complex.py
[2022-05-18 23:52:42,176] {processor.py:641} INFO - Processing file /home/airflow/.local/lib/python3.7/site-packages/airflow/example_dags/example_complex.py for tasks to queue
[2022-05-18 23:52:42,177] {logging_mixin.py:115} INFO - [2022-05-18 23:52:42,177] {dagbag.py:507} INFO - Filling up the DagBag from /home/airflow/.local/lib/python3.7/site-packages/airflow/example_dags/example_complex.py
[2022-05-18 23:52:42,203] {processor.py:651} INFO - DAG(s) dict_keys(['example_complex']) retrieved from /home/airflow/.local/lib/python3.7/site-packages/airflow/example_dags/example_complex.py
[2022-05-18 23:52:42,259] {logging_mixin.py:115} INFO - [2022-05-18 23:52:42,259] {dag.py:2371} INFO - Sync 1 DAGs
[2022-05-18 23:52:42,421] {logging_mixin.py:115} INFO - [2022-05-18 23:52:42,421] {dag.py:2919} INFO - Setting next_dagrun for example_complex to None, run_after=None
[2022-05-18 23:52:42,436] {processor.py:161} INFO - Processing /home/airflow/.local/lib/python3.7/site-packages/airflow/example_dags/example_complex.py took 0.266 seconds
[2022-05-18 23:53:13,027] {processor.py:153} INFO - Started process (PID=1131) to work on /home/airflow/.local/lib/python3.7/site-packages/airflow/example_dags/example_complex.py
[2022-05-18 23:53:13,028] {processor.py:641} INFO - Processing file /home/airflow/.local/lib/python3.7/site-packages/airflow/example_dags/example_complex.py for tasks to queue
[2022-05-18 23:53:13,030] {logging_mixin.py:115} INFO - [2022-05-18 23:53:13,030] {dagbag.py:507} INFO - Filling up the DagBag from /home/airflow/.local/lib/python3.7/site-packages/airflow/example_dags/example_complex.py
[2022-05-18 23:53:13,066] {processor.py:651} INFO - DAG(s) dict_keys(['example_complex']) retrieved from /home/airflow/.local/lib/python3.7/site-packages/airflow/example_dags/example_complex.py
[2022-05-18 23:53:13,127] {logging_mixin.py:115} INFO - [2022-05-18 23:53:13,127] {dag.py:2371} INFO - Sync 1 DAGs
[2022-05-18 23:53:13,174] {logging_mixin.py:115} INFO - [2022-05-18 23:53:13,174] {dag.py:2919} INFO - Setting next_dagrun for example_complex to None, run_after=None
[2022-05-18 23:53:13,195] {processor.py:161} INFO - Processing /home/airflow/.local/lib/python3.7/site-packages/airflow/example_dags/example_complex.py took 0.174 seconds
[2022-05-18 23:53:43,468] {processor.py:153} INFO - Started process (PID=1187) to work on /home/airflow/.local/lib/python3.7/site-packages/airflow/example_dags/example_complex.py
[2022-05-18 23:53:43,469] {processor.py:641} INFO - Processing file /home/airflow/.local/lib/python3.7/site-packages/airflow/example_dags/example_complex.py for tasks to queue
[2022-05-18 23:53:43,470] {logging_mixin.py:115} INFO - [2022-05-18 23:53:43,470] {dagbag.py:507} INFO - Filling up the DagBag from /home/airflow/.local/lib/python3.7/site-packages/airflow/example_dags/example_complex.py
[2022-05-18 23:53:43,491] {processor.py:651} INFO - DAG(s) dict_keys(['example_complex']) retrieved from /home/airflow/.local/lib/python3.7/site-packages/airflow/example_dags/example_complex.py
[2022-05-18 23:53:43,529] {logging_mixin.py:115} INFO - [2022-05-18 23:53:43,529] {dag.py:2371} INFO - Sync 1 DAGs
[2022-05-18 23:53:43,557] {logging_mixin.py:115} INFO - [2022-05-18 23:53:43,557] {dag.py:2919} INFO - Setting next_dagrun for example_complex to None, run_after=None
[2022-05-18 23:53:43,576] {processor.py:161} INFO - Processing /home/airflow/.local/lib/python3.7/site-packages/airflow/example_dags/example_complex.py took 0.112 seconds
[2022-05-18 23:54:13,867] {processor.py:153} INFO - Started process (PID=1250) to work on /home/airflow/.local/lib/python3.7/site-packages/airflow/example_dags/example_complex.py
[2022-05-18 23:54:13,869] {processor.py:641} INFO - Processing file /home/airflow/.local/lib/python3.7/site-packages/airflow/example_dags/example_complex.py for tasks to queue
[2022-05-18 23:54:13,870] {logging_mixin.py:115} INFO - [2022-05-18 23:54:13,870] {dagbag.py:507} INFO - Filling up the DagBag from /home/airflow/.local/lib/python3.7/site-packages/airflow/example_dags/example_complex.py
[2022-05-18 23:54:13,907] {processor.py:651} INFO - DAG(s) dict_keys(['example_complex']) retrieved from /home/airflow/.local/lib/python3.7/site-packages/airflow/example_dags/example_complex.py
[2022-05-18 23:54:13,984] {logging_mixin.py:115} INFO - [2022-05-18 23:54:13,983] {dag.py:2371} INFO - Sync 1 DAGs
[2022-05-18 23:54:14,037] {logging_mixin.py:115} INFO - [2022-05-18 23:54:14,037] {dag.py:2919} INFO - Setting next_dagrun for example_complex to None, run_after=None
[2022-05-18 23:54:14,074] {processor.py:161} INFO - Processing /home/airflow/.local/lib/python3.7/site-packages/airflow/example_dags/example_complex.py took 0.215 seconds
[2022-05-18 23:54:44,455] {processor.py:153} INFO - Started process (PID=1304) to work on /home/airflow/.local/lib/python3.7/site-packages/airflow/example_dags/example_complex.py
[2022-05-18 23:54:44,456] {processor.py:641} INFO - Processing file /home/airflow/.local/lib/python3.7/site-packages/airflow/example_dags/example_complex.py for tasks to queue
[2022-05-18 23:54:44,457] {logging_mixin.py:115} INFO - [2022-05-18 23:54:44,457] {dagbag.py:507} INFO - Filling up the DagBag from /home/airflow/.local/lib/python3.7/site-packages/airflow/example_dags/example_complex.py
[2022-05-18 23:54:44,482] {processor.py:651} INFO - DAG(s) dict_keys(['example_complex']) retrieved from /home/airflow/.local/lib/python3.7/site-packages/airflow/example_dags/example_complex.py
[2022-05-18 23:54:44,519] {logging_mixin.py:115} INFO - [2022-05-18 23:54:44,519] {dag.py:2371} INFO - Sync 1 DAGs
[2022-05-18 23:54:44,548] {logging_mixin.py:115} INFO - [2022-05-18 23:54:44,548] {dag.py:2919} INFO - Setting next_dagrun for example_complex to None, run_after=None
[2022-05-18 23:54:44,566] {processor.py:161} INFO - Processing /home/airflow/.local/lib/python3.7/site-packages/airflow/example_dags/example_complex.py took 0.114 seconds
[2022-05-18 23:55:15,173] {processor.py:153} INFO - Started process (PID=1366) to work on /home/airflow/.local/lib/python3.7/site-packages/airflow/example_dags/example_complex.py
[2022-05-18 23:55:15,175] {processor.py:641} INFO - Processing file /home/airflow/.local/lib/python3.7/site-packages/airflow/example_dags/example_complex.py for tasks to queue
[2022-05-18 23:55:15,176] {logging_mixin.py:115} INFO - [2022-05-18 23:55:15,176] {dagbag.py:507} INFO - Filling up the DagBag from /home/airflow/.local/lib/python3.7/site-packages/airflow/example_dags/example_complex.py
[2022-05-18 23:55:15,204] {processor.py:651} INFO - DAG(s) dict_keys(['example_complex']) retrieved from /home/airflow/.local/lib/python3.7/site-packages/airflow/example_dags/example_complex.py
[2022-05-18 23:55:15,256] {logging_mixin.py:115} INFO - [2022-05-18 23:55:15,256] {dag.py:2371} INFO - Sync 1 DAGs
[2022-05-18 23:55:15,297] {logging_mixin.py:115} INFO - [2022-05-18 23:55:15,296] {dag.py:2919} INFO - Setting next_dagrun for example_complex to None, run_after=None
[2022-05-18 23:55:15,315] {processor.py:161} INFO - Processing /home/airflow/.local/lib/python3.7/site-packages/airflow/example_dags/example_complex.py took 0.146 seconds
[2022-05-18 23:55:45,756] {processor.py:153} INFO - Started process (PID=1419) to work on /home/airflow/.local/lib/python3.7/site-packages/airflow/example_dags/example_complex.py
[2022-05-18 23:55:45,757] {processor.py:641} INFO - Processing file /home/airflow/.local/lib/python3.7/site-packages/airflow/example_dags/example_complex.py for tasks to queue
[2022-05-18 23:55:45,758] {logging_mixin.py:115} INFO - [2022-05-18 23:55:45,757] {dagbag.py:507} INFO - Filling up the DagBag from /home/airflow/.local/lib/python3.7/site-packages/airflow/example_dags/example_complex.py
[2022-05-18 23:55:45,778] {processor.py:651} INFO - DAG(s) dict_keys(['example_complex']) retrieved from /home/airflow/.local/lib/python3.7/site-packages/airflow/example_dags/example_complex.py
[2022-05-18 23:55:45,812] {logging_mixin.py:115} INFO - [2022-05-18 23:55:45,812] {dag.py:2371} INFO - Sync 1 DAGs
[2022-05-18 23:55:45,838] {logging_mixin.py:115} INFO - [2022-05-18 23:55:45,838] {dag.py:2919} INFO - Setting next_dagrun for example_complex to None, run_after=None
[2022-05-18 23:55:45,852] {processor.py:161} INFO - Processing /home/airflow/.local/lib/python3.7/site-packages/airflow/example_dags/example_complex.py took 0.100 seconds
[2022-05-18 23:56:16,463] {processor.py:153} INFO - Started process (PID=1480) to work on /home/airflow/.local/lib/python3.7/site-packages/airflow/example_dags/example_complex.py
[2022-05-18 23:56:16,465] {processor.py:641} INFO - Processing file /home/airflow/.local/lib/python3.7/site-packages/airflow/example_dags/example_complex.py for tasks to queue
[2022-05-18 23:56:16,466] {logging_mixin.py:115} INFO - [2022-05-18 23:56:16,466] {dagbag.py:507} INFO - Filling up the DagBag from /home/airflow/.local/lib/python3.7/site-packages/airflow/example_dags/example_complex.py
[2022-05-18 23:56:16,500] {processor.py:651} INFO - DAG(s) dict_keys(['example_complex']) retrieved from /home/airflow/.local/lib/python3.7/site-packages/airflow/example_dags/example_complex.py
[2022-05-18 23:56:16,564] {logging_mixin.py:115} INFO - [2022-05-18 23:56:16,563] {dag.py:2371} INFO - Sync 1 DAGs
[2022-05-18 23:56:16,618] {logging_mixin.py:115} INFO - [2022-05-18 23:56:16,617] {dag.py:2919} INFO - Setting next_dagrun for example_complex to None, run_after=None
[2022-05-18 23:56:16,636] {processor.py:161} INFO - Processing /home/airflow/.local/lib/python3.7/site-packages/airflow/example_dags/example_complex.py took 0.180 seconds
[2022-05-18 23:56:46,961] {processor.py:153} INFO - Started process (PID=1533) to work on /home/airflow/.local/lib/python3.7/site-packages/airflow/example_dags/example_complex.py
[2022-05-18 23:56:46,962] {processor.py:641} INFO - Processing file /home/airflow/.local/lib/python3.7/site-packages/airflow/example_dags/example_complex.py for tasks to queue
[2022-05-18 23:56:46,963] {logging_mixin.py:115} INFO - [2022-05-18 23:56:46,963] {dagbag.py:507} INFO - Filling up the DagBag from /home/airflow/.local/lib/python3.7/site-packages/airflow/example_dags/example_complex.py
[2022-05-18 23:56:46,994] {processor.py:651} INFO - DAG(s) dict_keys(['example_complex']) retrieved from /home/airflow/.local/lib/python3.7/site-packages/airflow/example_dags/example_complex.py
[2022-05-18 23:56:47,099] {logging_mixin.py:115} INFO - [2022-05-18 23:56:47,099] {dag.py:2371} INFO - Sync 1 DAGs
[2022-05-18 23:56:47,137] {logging_mixin.py:115} INFO - [2022-05-18 23:56:47,137] {dag.py:2919} INFO - Setting next_dagrun for example_complex to None, run_after=None
[2022-05-18 23:56:47,152] {processor.py:161} INFO - Processing /home/airflow/.local/lib/python3.7/site-packages/airflow/example_dags/example_complex.py took 0.194 seconds
[2022-05-18 23:57:18,166] {processor.py:153} INFO - Started process (PID=1596) to work on /home/airflow/.local/lib/python3.7/site-packages/airflow/example_dags/example_complex.py
[2022-05-18 23:57:18,168] {processor.py:641} INFO - Processing file /home/airflow/.local/lib/python3.7/site-packages/airflow/example_dags/example_complex.py for tasks to queue
[2022-05-18 23:57:18,169] {logging_mixin.py:115} INFO - [2022-05-18 23:57:18,169] {dagbag.py:507} INFO - Filling up the DagBag from /home/airflow/.local/lib/python3.7/site-packages/airflow/example_dags/example_complex.py
[2022-05-18 23:57:18,202] {processor.py:651} INFO - DAG(s) dict_keys(['example_complex']) retrieved from /home/airflow/.local/lib/python3.7/site-packages/airflow/example_dags/example_complex.py
[2022-05-18 23:57:18,263] {logging_mixin.py:115} INFO - [2022-05-18 23:57:18,263] {dag.py:2371} INFO - Sync 1 DAGs
[2022-05-18 23:57:18,304] {logging_mixin.py:115} INFO - [2022-05-18 23:57:18,304] {dag.py:2919} INFO - Setting next_dagrun for example_complex to None, run_after=None
[2022-05-18 23:57:18,327] {processor.py:161} INFO - Processing /home/airflow/.local/lib/python3.7/site-packages/airflow/example_dags/example_complex.py took 0.167 seconds
[2022-05-18 23:57:48,607] {processor.py:153} INFO - Started process (PID=1649) to work on /home/airflow/.local/lib/python3.7/site-packages/airflow/example_dags/example_complex.py
[2022-05-18 23:57:48,608] {processor.py:641} INFO - Processing file /home/airflow/.local/lib/python3.7/site-packages/airflow/example_dags/example_complex.py for tasks to queue
[2022-05-18 23:57:48,609] {logging_mixin.py:115} INFO - [2022-05-18 23:57:48,609] {dagbag.py:507} INFO - Filling up the DagBag from /home/airflow/.local/lib/python3.7/site-packages/airflow/example_dags/example_complex.py
[2022-05-18 23:57:48,793] {processor.py:651} INFO - DAG(s) dict_keys(['example_complex']) retrieved from /home/airflow/.local/lib/python3.7/site-packages/airflow/example_dags/example_complex.py
[2022-05-18 23:57:48,830] {logging_mixin.py:115} INFO - [2022-05-18 23:57:48,830] {dag.py:2371} INFO - Sync 1 DAGs
[2022-05-18 23:57:48,862] {logging_mixin.py:115} INFO - [2022-05-18 23:57:48,862] {dag.py:2919} INFO - Setting next_dagrun for example_complex to None, run_after=None
[2022-05-18 23:57:48,882] {processor.py:161} INFO - Processing /home/airflow/.local/lib/python3.7/site-packages/airflow/example_dags/example_complex.py took 0.280 seconds
[2022-05-18 23:58:19,520] {processor.py:153} INFO - Started process (PID=1703) to work on /home/airflow/.local/lib/python3.7/site-packages/airflow/example_dags/example_complex.py
[2022-05-18 23:58:19,521] {processor.py:641} INFO - Processing file /home/airflow/.local/lib/python3.7/site-packages/airflow/example_dags/example_complex.py for tasks to queue
[2022-05-18 23:58:19,522] {logging_mixin.py:115} INFO - [2022-05-18 23:58:19,522] {dagbag.py:507} INFO - Filling up the DagBag from /home/airflow/.local/lib/python3.7/site-packages/airflow/example_dags/example_complex.py
[2022-05-18 23:58:19,757] {processor.py:651} INFO - DAG(s) dict_keys(['example_complex']) retrieved from /home/airflow/.local/lib/python3.7/site-packages/airflow/example_dags/example_complex.py
[2022-05-18 23:58:19,800] {logging_mixin.py:115} INFO - [2022-05-18 23:58:19,800] {dag.py:2371} INFO - Sync 1 DAGs
[2022-05-18 23:58:19,835] {logging_mixin.py:115} INFO - [2022-05-18 23:58:19,835] {dag.py:2919} INFO - Setting next_dagrun for example_complex to None, run_after=None
[2022-05-18 23:58:19,856] {processor.py:161} INFO - Processing /home/airflow/.local/lib/python3.7/site-packages/airflow/example_dags/example_complex.py took 0.342 seconds
[2022-05-18 23:58:50,082] {processor.py:153} INFO - Started process (PID=1757) to work on /home/airflow/.local/lib/python3.7/site-packages/airflow/example_dags/example_complex.py
[2022-05-18 23:58:50,083] {processor.py:641} INFO - Processing file /home/airflow/.local/lib/python3.7/site-packages/airflow/example_dags/example_complex.py for tasks to queue
[2022-05-18 23:58:50,084] {logging_mixin.py:115} INFO - [2022-05-18 23:58:50,084] {dagbag.py:507} INFO - Filling up the DagBag from /home/airflow/.local/lib/python3.7/site-packages/airflow/example_dags/example_complex.py
[2022-05-18 23:58:50,240] {processor.py:651} INFO - DAG(s) dict_keys(['example_complex']) retrieved from /home/airflow/.local/lib/python3.7/site-packages/airflow/example_dags/example_complex.py
[2022-05-18 23:58:50,275] {logging_mixin.py:115} INFO - [2022-05-18 23:58:50,275] {dag.py:2371} INFO - Sync 1 DAGs
[2022-05-18 23:58:50,301] {logging_mixin.py:115} INFO - [2022-05-18 23:58:50,301] {dag.py:2919} INFO - Setting next_dagrun for example_complex to None, run_after=None
[2022-05-18 23:58:50,317] {processor.py:161} INFO - Processing /home/airflow/.local/lib/python3.7/site-packages/airflow/example_dags/example_complex.py took 0.238 seconds
[2022-05-18 23:59:20,841] {processor.py:153} INFO - Started process (PID=1810) to work on /home/airflow/.local/lib/python3.7/site-packages/airflow/example_dags/example_complex.py
[2022-05-18 23:59:20,842] {processor.py:641} INFO - Processing file /home/airflow/.local/lib/python3.7/site-packages/airflow/example_dags/example_complex.py for tasks to queue
[2022-05-18 23:59:20,843] {logging_mixin.py:115} INFO - [2022-05-18 23:59:20,843] {dagbag.py:507} INFO - Filling up the DagBag from /home/airflow/.local/lib/python3.7/site-packages/airflow/example_dags/example_complex.py
[2022-05-18 23:59:21,012] {processor.py:651} INFO - DAG(s) dict_keys(['example_complex']) retrieved from /home/airflow/.local/lib/python3.7/site-packages/airflow/example_dags/example_complex.py
[2022-05-18 23:59:21,045] {logging_mixin.py:115} INFO - [2022-05-18 23:59:21,045] {dag.py:2371} INFO - Sync 1 DAGs
[2022-05-18 23:59:21,071] {logging_mixin.py:115} INFO - [2022-05-18 23:59:21,071] {dag.py:2919} INFO - Setting next_dagrun for example_complex to None, run_after=None
[2022-05-18 23:59:21,086] {processor.py:161} INFO - Processing /home/airflow/.local/lib/python3.7/site-packages/airflow/example_dags/example_complex.py took 0.251 seconds
[2022-05-18 23:59:51,420] {processor.py:153} INFO - Started process (PID=1873) to work on /home/airflow/.local/lib/python3.7/site-packages/airflow/example_dags/example_complex.py
[2022-05-18 23:59:51,421] {processor.py:641} INFO - Processing file /home/airflow/.local/lib/python3.7/site-packages/airflow/example_dags/example_complex.py for tasks to queue
[2022-05-18 23:59:51,422] {logging_mixin.py:115} INFO - [2022-05-18 23:59:51,421] {dagbag.py:507} INFO - Filling up the DagBag from /home/airflow/.local/lib/python3.7/site-packages/airflow/example_dags/example_complex.py
[2022-05-18 23:59:51,610] {processor.py:651} INFO - DAG(s) dict_keys(['example_complex']) retrieved from /home/airflow/.local/lib/python3.7/site-packages/airflow/example_dags/example_complex.py
[2022-05-18 23:59:51,646] {logging_mixin.py:115} INFO - [2022-05-18 23:59:51,646] {dag.py:2371} INFO - Sync 1 DAGs
[2022-05-18 23:59:51,676] {logging_mixin.py:115} INFO - [2022-05-18 23:59:51,676] {dag.py:2919} INFO - Setting next_dagrun for example_complex to None, run_after=None
[2022-05-18 23:59:51,692] {processor.py:161} INFO - Processing /home/airflow/.local/lib/python3.7/site-packages/airflow/example_dags/example_complex.py took 0.278 seconds
