[2022-05-18 23:42:56,758] {processor.py:153} INFO - Started process (PID=76) to work on /home/airflow/.local/lib/python3.7/site-packages/airflow/example_dags/example_skip_dag.py
[2022-05-18 23:42:56,759] {processor.py:641} INFO - Processing file /home/airflow/.local/lib/python3.7/site-packages/airflow/example_dags/example_skip_dag.py for tasks to queue
[2022-05-18 23:42:56,761] {logging_mixin.py:115} INFO - [2022-05-18 23:42:56,761] {dagbag.py:507} INFO - Filling up the DagBag from /home/airflow/.local/lib/python3.7/site-packages/airflow/example_dags/example_skip_dag.py
[2022-05-18 23:42:56,792] {processor.py:651} INFO - DAG(s) dict_keys(['example_skip_dag']) retrieved from /home/airflow/.local/lib/python3.7/site-packages/airflow/example_dags/example_skip_dag.py
[2022-05-18 23:42:58,723] {logging_mixin.py:115} INFO - [2022-05-18 23:42:58,723] {manager.py:508} INFO - Created Permission View: can edit on DAG:example_skip_dag
[2022-05-18 23:42:58,907] {logging_mixin.py:115} INFO - [2022-05-18 23:42:58,907] {manager.py:508} INFO - Created Permission View: can delete on DAG:example_skip_dag
[2022-05-18 23:42:58,945] {logging_mixin.py:115} INFO - [2022-05-18 23:42:58,945] {manager.py:508} INFO - Created Permission View: can read on DAG:example_skip_dag
[2022-05-18 23:42:58,947] {logging_mixin.py:115} INFO - [2022-05-18 23:42:58,947] {dag.py:2371} INFO - Sync 1 DAGs
[2022-05-18 23:42:59,015] {logging_mixin.py:115} INFO - [2022-05-18 23:42:59,014] {dag.py:2390} INFO - Creating ORM DAG for example_skip_dag
[2022-05-18 23:42:59,082] {logging_mixin.py:115} INFO - [2022-05-18 23:42:59,082] {dag.py:2919} INFO - Setting next_dagrun for example_skip_dag to 2022-05-17T23:42:59.081625+00:00, run_after=2022-05-18T23:42:59.081625+00:00
[2022-05-18 23:42:59,177] {processor.py:161} INFO - Processing /home/airflow/.local/lib/python3.7/site-packages/airflow/example_dags/example_skip_dag.py took 2.310 seconds
[2022-05-18 23:43:29,455] {processor.py:153} INFO - Started process (PID=129) to work on /home/airflow/.local/lib/python3.7/site-packages/airflow/example_dags/example_skip_dag.py
[2022-05-18 23:43:29,457] {processor.py:641} INFO - Processing file /home/airflow/.local/lib/python3.7/site-packages/airflow/example_dags/example_skip_dag.py for tasks to queue
[2022-05-18 23:43:29,459] {logging_mixin.py:115} INFO - [2022-05-18 23:43:29,458] {dagbag.py:507} INFO - Filling up the DagBag from /home/airflow/.local/lib/python3.7/site-packages/airflow/example_dags/example_skip_dag.py
[2022-05-18 23:43:29,473] {processor.py:651} INFO - DAG(s) dict_keys(['example_skip_dag']) retrieved from /home/airflow/.local/lib/python3.7/site-packages/airflow/example_dags/example_skip_dag.py
[2022-05-18 23:43:29,562] {logging_mixin.py:115} INFO - [2022-05-18 23:43:29,562] {dag.py:2371} INFO - Sync 1 DAGs
[2022-05-18 23:43:29,922] {logging_mixin.py:115} INFO - [2022-05-18 23:43:29,921] {dag.py:2919} INFO - Setting next_dagrun for example_skip_dag to 2022-05-17T23:43:29.918523+00:00, run_after=2022-05-18T23:43:29.918523+00:00
[2022-05-18 23:43:29,957] {processor.py:161} INFO - Processing /home/airflow/.local/lib/python3.7/site-packages/airflow/example_dags/example_skip_dag.py took 0.508 seconds
[2022-05-18 23:44:00,492] {processor.py:153} INFO - Started process (PID=183) to work on /home/airflow/.local/lib/python3.7/site-packages/airflow/example_dags/example_skip_dag.py
[2022-05-18 23:44:00,493] {processor.py:641} INFO - Processing file /home/airflow/.local/lib/python3.7/site-packages/airflow/example_dags/example_skip_dag.py for tasks to queue
[2022-05-18 23:44:00,494] {logging_mixin.py:115} INFO - [2022-05-18 23:44:00,494] {dagbag.py:507} INFO - Filling up the DagBag from /home/airflow/.local/lib/python3.7/site-packages/airflow/example_dags/example_skip_dag.py
[2022-05-18 23:44:00,503] {processor.py:651} INFO - DAG(s) dict_keys(['example_skip_dag']) retrieved from /home/airflow/.local/lib/python3.7/site-packages/airflow/example_dags/example_skip_dag.py
[2022-05-18 23:44:00,546] {logging_mixin.py:115} INFO - [2022-05-18 23:44:00,546] {dag.py:2371} INFO - Sync 1 DAGs
[2022-05-18 23:44:00,742] {logging_mixin.py:115} INFO - [2022-05-18 23:44:00,742] {dag.py:2919} INFO - Setting next_dagrun for example_skip_dag to 2022-05-17T23:44:00.742219+00:00, run_after=2022-05-18T23:44:00.742219+00:00
[2022-05-18 23:44:00,760] {processor.py:161} INFO - Processing /home/airflow/.local/lib/python3.7/site-packages/airflow/example_dags/example_skip_dag.py took 0.272 seconds
[2022-05-18 23:44:30,951] {processor.py:153} INFO - Started process (PID=246) to work on /home/airflow/.local/lib/python3.7/site-packages/airflow/example_dags/example_skip_dag.py
[2022-05-18 23:44:30,952] {processor.py:641} INFO - Processing file /home/airflow/.local/lib/python3.7/site-packages/airflow/example_dags/example_skip_dag.py for tasks to queue
[2022-05-18 23:44:30,953] {logging_mixin.py:115} INFO - [2022-05-18 23:44:30,953] {dagbag.py:507} INFO - Filling up the DagBag from /home/airflow/.local/lib/python3.7/site-packages/airflow/example_dags/example_skip_dag.py
[2022-05-18 23:44:30,962] {processor.py:651} INFO - DAG(s) dict_keys(['example_skip_dag']) retrieved from /home/airflow/.local/lib/python3.7/site-packages/airflow/example_dags/example_skip_dag.py
[2022-05-18 23:44:31,004] {logging_mixin.py:115} INFO - [2022-05-18 23:44:31,004] {dag.py:2371} INFO - Sync 1 DAGs
[2022-05-18 23:44:31,176] {logging_mixin.py:115} INFO - [2022-05-18 23:44:31,176] {dag.py:2919} INFO - Setting next_dagrun for example_skip_dag to 2022-05-17T23:44:31.174684+00:00, run_after=2022-05-18T23:44:31.174684+00:00
[2022-05-18 23:44:31,192] {processor.py:161} INFO - Processing /home/airflow/.local/lib/python3.7/site-packages/airflow/example_dags/example_skip_dag.py took 0.245 seconds
[2022-05-18 23:45:01,862] {processor.py:153} INFO - Started process (PID=300) to work on /home/airflow/.local/lib/python3.7/site-packages/airflow/example_dags/example_skip_dag.py
[2022-05-18 23:45:01,864] {processor.py:641} INFO - Processing file /home/airflow/.local/lib/python3.7/site-packages/airflow/example_dags/example_skip_dag.py for tasks to queue
[2022-05-18 23:45:01,865] {logging_mixin.py:115} INFO - [2022-05-18 23:45:01,865] {dagbag.py:507} INFO - Filling up the DagBag from /home/airflow/.local/lib/python3.7/site-packages/airflow/example_dags/example_skip_dag.py
[2022-05-18 23:45:01,875] {processor.py:651} INFO - DAG(s) dict_keys(['example_skip_dag']) retrieved from /home/airflow/.local/lib/python3.7/site-packages/airflow/example_dags/example_skip_dag.py
[2022-05-18 23:45:01,940] {logging_mixin.py:115} INFO - [2022-05-18 23:45:01,940] {dag.py:2371} INFO - Sync 1 DAGs
[2022-05-18 23:45:02,186] {logging_mixin.py:115} INFO - [2022-05-18 23:45:02,185] {dag.py:2919} INFO - Setting next_dagrun for example_skip_dag to 2022-05-17T23:45:02.182225+00:00, run_after=2022-05-18T23:45:02.182225+00:00
[2022-05-18 23:45:02,222] {processor.py:161} INFO - Processing /home/airflow/.local/lib/python3.7/site-packages/airflow/example_dags/example_skip_dag.py took 0.364 seconds
[2022-05-18 23:45:32,619] {processor.py:153} INFO - Started process (PID=353) to work on /home/airflow/.local/lib/python3.7/site-packages/airflow/example_dags/example_skip_dag.py
[2022-05-18 23:45:32,620] {processor.py:641} INFO - Processing file /home/airflow/.local/lib/python3.7/site-packages/airflow/example_dags/example_skip_dag.py for tasks to queue
[2022-05-18 23:45:32,621] {logging_mixin.py:115} INFO - [2022-05-18 23:45:32,621] {dagbag.py:507} INFO - Filling up the DagBag from /home/airflow/.local/lib/python3.7/site-packages/airflow/example_dags/example_skip_dag.py
[2022-05-18 23:45:32,629] {processor.py:651} INFO - DAG(s) dict_keys(['example_skip_dag']) retrieved from /home/airflow/.local/lib/python3.7/site-packages/airflow/example_dags/example_skip_dag.py
[2022-05-18 23:45:32,666] {logging_mixin.py:115} INFO - [2022-05-18 23:45:32,665] {dag.py:2371} INFO - Sync 1 DAGs
[2022-05-18 23:45:32,821] {logging_mixin.py:115} INFO - [2022-05-18 23:45:32,821] {dag.py:2919} INFO - Setting next_dagrun for example_skip_dag to 2022-05-17T23:45:32.820387+00:00, run_after=2022-05-18T23:45:32.820387+00:00
[2022-05-18 23:45:32,834] {processor.py:161} INFO - Processing /home/airflow/.local/lib/python3.7/site-packages/airflow/example_dags/example_skip_dag.py took 0.219 seconds
[2022-05-18 23:46:03,371] {processor.py:153} INFO - Started process (PID=417) to work on /home/airflow/.local/lib/python3.7/site-packages/airflow/example_dags/example_skip_dag.py
[2022-05-18 23:46:03,373] {processor.py:641} INFO - Processing file /home/airflow/.local/lib/python3.7/site-packages/airflow/example_dags/example_skip_dag.py for tasks to queue
[2022-05-18 23:46:03,374] {logging_mixin.py:115} INFO - [2022-05-18 23:46:03,374] {dagbag.py:507} INFO - Filling up the DagBag from /home/airflow/.local/lib/python3.7/site-packages/airflow/example_dags/example_skip_dag.py
[2022-05-18 23:46:03,390] {processor.py:651} INFO - DAG(s) dict_keys(['example_skip_dag']) retrieved from /home/airflow/.local/lib/python3.7/site-packages/airflow/example_dags/example_skip_dag.py
[2022-05-18 23:46:03,498] {logging_mixin.py:115} INFO - [2022-05-18 23:46:03,497] {dag.py:2371} INFO - Sync 1 DAGs
[2022-05-18 23:46:03,888] {logging_mixin.py:115} INFO - [2022-05-18 23:46:03,884] {dag.py:2919} INFO - Setting next_dagrun for example_skip_dag to 2022-05-17T23:46:03.880538+00:00, run_after=2022-05-18T23:46:03.880538+00:00
[2022-05-18 23:46:04,106] {processor.py:161} INFO - Processing /home/airflow/.local/lib/python3.7/site-packages/airflow/example_dags/example_skip_dag.py took 0.741 seconds
[2022-05-18 23:46:34,259] {processor.py:153} INFO - Started process (PID=461) to work on /home/airflow/.local/lib/python3.7/site-packages/airflow/example_dags/example_skip_dag.py
[2022-05-18 23:46:34,267] {processor.py:641} INFO - Processing file /home/airflow/.local/lib/python3.7/site-packages/airflow/example_dags/example_skip_dag.py for tasks to queue
[2022-05-18 23:46:34,268] {logging_mixin.py:115} INFO - [2022-05-18 23:46:34,268] {dagbag.py:507} INFO - Filling up the DagBag from /home/airflow/.local/lib/python3.7/site-packages/airflow/example_dags/example_skip_dag.py
[2022-05-18 23:46:34,290] {processor.py:651} INFO - DAG(s) dict_keys(['example_skip_dag']) retrieved from /home/airflow/.local/lib/python3.7/site-packages/airflow/example_dags/example_skip_dag.py
[2022-05-18 23:46:34,349] {logging_mixin.py:115} INFO - [2022-05-18 23:46:34,349] {dag.py:2371} INFO - Sync 1 DAGs
[2022-05-18 23:46:34,517] {logging_mixin.py:115} INFO - [2022-05-18 23:46:34,516] {dag.py:2919} INFO - Setting next_dagrun for example_skip_dag to 2022-05-17T23:46:34.513995+00:00, run_after=2022-05-18T23:46:34.513995+00:00
[2022-05-18 23:46:34,529] {processor.py:161} INFO - Processing /home/airflow/.local/lib/python3.7/site-packages/airflow/example_dags/example_skip_dag.py took 0.279 seconds
[2022-05-18 23:47:05,120] {processor.py:153} INFO - Started process (PID=525) to work on /home/airflow/.local/lib/python3.7/site-packages/airflow/example_dags/example_skip_dag.py
[2022-05-18 23:47:05,122] {processor.py:641} INFO - Processing file /home/airflow/.local/lib/python3.7/site-packages/airflow/example_dags/example_skip_dag.py for tasks to queue
[2022-05-18 23:47:05,123] {logging_mixin.py:115} INFO - [2022-05-18 23:47:05,123] {dagbag.py:507} INFO - Filling up the DagBag from /home/airflow/.local/lib/python3.7/site-packages/airflow/example_dags/example_skip_dag.py
[2022-05-18 23:47:05,137] {processor.py:651} INFO - DAG(s) dict_keys(['example_skip_dag']) retrieved from /home/airflow/.local/lib/python3.7/site-packages/airflow/example_dags/example_skip_dag.py
[2022-05-18 23:47:05,182] {logging_mixin.py:115} INFO - [2022-05-18 23:47:05,182] {dag.py:2371} INFO - Sync 1 DAGs
[2022-05-18 23:47:05,354] {logging_mixin.py:115} INFO - [2022-05-18 23:47:05,354] {dag.py:2919} INFO - Setting next_dagrun for example_skip_dag to 2022-05-17T23:47:05.353804+00:00, run_after=2022-05-18T23:47:05.353804+00:00
[2022-05-18 23:47:05,371] {processor.py:161} INFO - Processing /home/airflow/.local/lib/python3.7/site-packages/airflow/example_dags/example_skip_dag.py took 0.256 seconds
[2022-05-18 23:47:35,977] {processor.py:153} INFO - Started process (PID=577) to work on /home/airflow/.local/lib/python3.7/site-packages/airflow/example_dags/example_skip_dag.py
[2022-05-18 23:47:35,978] {processor.py:641} INFO - Processing file /home/airflow/.local/lib/python3.7/site-packages/airflow/example_dags/example_skip_dag.py for tasks to queue
[2022-05-18 23:47:35,979] {logging_mixin.py:115} INFO - [2022-05-18 23:47:35,979] {dagbag.py:507} INFO - Filling up the DagBag from /home/airflow/.local/lib/python3.7/site-packages/airflow/example_dags/example_skip_dag.py
[2022-05-18 23:47:35,988] {processor.py:651} INFO - DAG(s) dict_keys(['example_skip_dag']) retrieved from /home/airflow/.local/lib/python3.7/site-packages/airflow/example_dags/example_skip_dag.py
[2022-05-18 23:47:36,042] {logging_mixin.py:115} INFO - [2022-05-18 23:47:36,042] {dag.py:2371} INFO - Sync 1 DAGs
[2022-05-18 23:47:36,405] {logging_mixin.py:115} INFO - [2022-05-18 23:47:36,401] {dag.py:2919} INFO - Setting next_dagrun for example_skip_dag to 2022-05-17T23:47:36.397018+00:00, run_after=2022-05-18T23:47:36.397018+00:00
[2022-05-18 23:47:36,787] {processor.py:161} INFO - Processing /home/airflow/.local/lib/python3.7/site-packages/airflow/example_dags/example_skip_dag.py took 0.814 seconds
[2022-05-18 23:48:30,890] {processor.py:153} INFO - Started process (PID=640) to work on /home/airflow/.local/lib/python3.7/site-packages/airflow/example_dags/example_skip_dag.py
[2022-05-18 23:48:30,892] {processor.py:641} INFO - Processing file /home/airflow/.local/lib/python3.7/site-packages/airflow/example_dags/example_skip_dag.py for tasks to queue
[2022-05-18 23:48:30,896] {logging_mixin.py:115} INFO - [2022-05-18 23:48:30,896] {dagbag.py:507} INFO - Filling up the DagBag from /home/airflow/.local/lib/python3.7/site-packages/airflow/example_dags/example_skip_dag.py
[2022-05-18 23:48:30,970] {processor.py:651} INFO - DAG(s) dict_keys(['example_skip_dag']) retrieved from /home/airflow/.local/lib/python3.7/site-packages/airflow/example_dags/example_skip_dag.py
[2022-05-18 23:48:31,196] {logging_mixin.py:115} INFO - [2022-05-18 23:48:31,196] {dag.py:2371} INFO - Sync 1 DAGs
[2022-05-18 23:48:31,766] {logging_mixin.py:115} INFO - [2022-05-18 23:48:31,766] {dag.py:2919} INFO - Setting next_dagrun for example_skip_dag to 2022-05-17T23:48:31.765354+00:00, run_after=2022-05-18T23:48:31.765354+00:00
[2022-05-18 23:48:31,783] {processor.py:161} INFO - Processing /home/airflow/.local/lib/python3.7/site-packages/airflow/example_dags/example_skip_dag.py took 0.914 seconds
[2022-05-18 23:49:02,018] {processor.py:153} INFO - Started process (PID=694) to work on /home/airflow/.local/lib/python3.7/site-packages/airflow/example_dags/example_skip_dag.py
[2022-05-18 23:49:02,019] {processor.py:641} INFO - Processing file /home/airflow/.local/lib/python3.7/site-packages/airflow/example_dags/example_skip_dag.py for tasks to queue
[2022-05-18 23:49:02,020] {logging_mixin.py:115} INFO - [2022-05-18 23:49:02,020] {dagbag.py:507} INFO - Filling up the DagBag from /home/airflow/.local/lib/python3.7/site-packages/airflow/example_dags/example_skip_dag.py
[2022-05-18 23:49:02,032] {processor.py:651} INFO - DAG(s) dict_keys(['example_skip_dag']) retrieved from /home/airflow/.local/lib/python3.7/site-packages/airflow/example_dags/example_skip_dag.py
[2022-05-18 23:49:02,085] {logging_mixin.py:115} INFO - [2022-05-18 23:49:02,085] {dag.py:2371} INFO - Sync 1 DAGs
[2022-05-18 23:49:02,225] {logging_mixin.py:115} INFO - [2022-05-18 23:49:02,225] {dag.py:2919} INFO - Setting next_dagrun for example_skip_dag to 2022-05-17T23:49:02.224143+00:00, run_after=2022-05-18T23:49:02.224143+00:00
[2022-05-18 23:49:02,237] {processor.py:161} INFO - Processing /home/airflow/.local/lib/python3.7/site-packages/airflow/example_dags/example_skip_dag.py took 0.223 seconds
[2022-05-18 23:49:33,548] {processor.py:153} INFO - Started process (PID=756) to work on /home/airflow/.local/lib/python3.7/site-packages/airflow/example_dags/example_skip_dag.py
[2022-05-18 23:49:33,549] {processor.py:641} INFO - Processing file /home/airflow/.local/lib/python3.7/site-packages/airflow/example_dags/example_skip_dag.py for tasks to queue
[2022-05-18 23:49:33,550] {logging_mixin.py:115} INFO - [2022-05-18 23:49:33,550] {dagbag.py:507} INFO - Filling up the DagBag from /home/airflow/.local/lib/python3.7/site-packages/airflow/example_dags/example_skip_dag.py
[2022-05-18 23:49:33,563] {processor.py:651} INFO - DAG(s) dict_keys(['example_skip_dag']) retrieved from /home/airflow/.local/lib/python3.7/site-packages/airflow/example_dags/example_skip_dag.py
[2022-05-18 23:49:33,709] {logging_mixin.py:115} INFO - [2022-05-18 23:49:33,709] {dag.py:2371} INFO - Sync 1 DAGs
[2022-05-18 23:49:33,923] {logging_mixin.py:115} INFO - [2022-05-18 23:49:33,923] {dag.py:2919} INFO - Setting next_dagrun for example_skip_dag to 2022-05-17T23:49:33.923127+00:00, run_after=2022-05-18T23:49:33.923127+00:00
[2022-05-18 23:49:33,940] {processor.py:161} INFO - Processing /home/airflow/.local/lib/python3.7/site-packages/airflow/example_dags/example_skip_dag.py took 0.398 seconds
[2022-05-18 23:50:04,069] {processor.py:153} INFO - Started process (PID=810) to work on /home/airflow/.local/lib/python3.7/site-packages/airflow/example_dags/example_skip_dag.py
[2022-05-18 23:50:04,070] {processor.py:641} INFO - Processing file /home/airflow/.local/lib/python3.7/site-packages/airflow/example_dags/example_skip_dag.py for tasks to queue
[2022-05-18 23:50:04,071] {logging_mixin.py:115} INFO - [2022-05-18 23:50:04,070] {dagbag.py:507} INFO - Filling up the DagBag from /home/airflow/.local/lib/python3.7/site-packages/airflow/example_dags/example_skip_dag.py
[2022-05-18 23:50:04,079] {processor.py:651} INFO - DAG(s) dict_keys(['example_skip_dag']) retrieved from /home/airflow/.local/lib/python3.7/site-packages/airflow/example_dags/example_skip_dag.py
[2022-05-18 23:50:04,121] {logging_mixin.py:115} INFO - [2022-05-18 23:50:04,120] {dag.py:2371} INFO - Sync 1 DAGs
[2022-05-18 23:50:04,260] {logging_mixin.py:115} INFO - [2022-05-18 23:50:04,260] {dag.py:2919} INFO - Setting next_dagrun for example_skip_dag to 2022-05-17T23:50:04.258178+00:00, run_after=2022-05-18T23:50:04.258178+00:00
[2022-05-18 23:50:04,272] {processor.py:161} INFO - Processing /home/airflow/.local/lib/python3.7/site-packages/airflow/example_dags/example_skip_dag.py took 0.208 seconds
[2022-05-18 23:50:34,361] {processor.py:153} INFO - Started process (PID=863) to work on /home/airflow/.local/lib/python3.7/site-packages/airflow/example_dags/example_skip_dag.py
[2022-05-18 23:50:34,361] {processor.py:641} INFO - Processing file /home/airflow/.local/lib/python3.7/site-packages/airflow/example_dags/example_skip_dag.py for tasks to queue
[2022-05-18 23:50:34,362] {logging_mixin.py:115} INFO - [2022-05-18 23:50:34,362] {dagbag.py:507} INFO - Filling up the DagBag from /home/airflow/.local/lib/python3.7/site-packages/airflow/example_dags/example_skip_dag.py
[2022-05-18 23:50:34,370] {processor.py:651} INFO - DAG(s) dict_keys(['example_skip_dag']) retrieved from /home/airflow/.local/lib/python3.7/site-packages/airflow/example_dags/example_skip_dag.py
[2022-05-18 23:50:34,415] {logging_mixin.py:115} INFO - [2022-05-18 23:50:34,415] {dag.py:2371} INFO - Sync 1 DAGs
[2022-05-18 23:50:34,551] {logging_mixin.py:115} INFO - [2022-05-18 23:50:34,551] {dag.py:2919} INFO - Setting next_dagrun for example_skip_dag to 2022-05-17T23:50:34.550615+00:00, run_after=2022-05-18T23:50:34.550615+00:00
[2022-05-18 23:50:34,565] {processor.py:161} INFO - Processing /home/airflow/.local/lib/python3.7/site-packages/airflow/example_dags/example_skip_dag.py took 0.207 seconds
[2022-05-18 23:51:11,091] {processor.py:153} INFO - Started process (PID=904) to work on /home/airflow/.local/lib/python3.7/site-packages/airflow/example_dags/example_skip_dag.py
[2022-05-18 23:51:11,092] {processor.py:641} INFO - Processing file /home/airflow/.local/lib/python3.7/site-packages/airflow/example_dags/example_skip_dag.py for tasks to queue
[2022-05-18 23:51:11,094] {logging_mixin.py:115} INFO - [2022-05-18 23:51:11,093] {dagbag.py:507} INFO - Filling up the DagBag from /home/airflow/.local/lib/python3.7/site-packages/airflow/example_dags/example_skip_dag.py
[2022-05-18 23:51:11,108] {processor.py:651} INFO - DAG(s) dict_keys(['example_skip_dag']) retrieved from /home/airflow/.local/lib/python3.7/site-packages/airflow/example_dags/example_skip_dag.py
[2022-05-18 23:51:11,179] {logging_mixin.py:115} INFO - [2022-05-18 23:51:11,179] {dag.py:2371} INFO - Sync 1 DAGs
[2022-05-18 23:51:11,447] {logging_mixin.py:115} INFO - [2022-05-18 23:51:11,446] {dag.py:2919} INFO - Setting next_dagrun for example_skip_dag to 2022-05-17T23:51:11.446311+00:00, run_after=2022-05-18T23:51:11.446311+00:00
[2022-05-18 23:51:11,472] {processor.py:161} INFO - Processing /home/airflow/.local/lib/python3.7/site-packages/airflow/example_dags/example_skip_dag.py took 0.387 seconds
[2022-05-18 23:51:41,516] {processor.py:153} INFO - Started process (PID=956) to work on /home/airflow/.local/lib/python3.7/site-packages/airflow/example_dags/example_skip_dag.py
[2022-05-18 23:51:41,517] {processor.py:641} INFO - Processing file /home/airflow/.local/lib/python3.7/site-packages/airflow/example_dags/example_skip_dag.py for tasks to queue
[2022-05-18 23:51:41,518] {logging_mixin.py:115} INFO - [2022-05-18 23:51:41,518] {dagbag.py:507} INFO - Filling up the DagBag from /home/airflow/.local/lib/python3.7/site-packages/airflow/example_dags/example_skip_dag.py
[2022-05-18 23:51:41,526] {processor.py:651} INFO - DAG(s) dict_keys(['example_skip_dag']) retrieved from /home/airflow/.local/lib/python3.7/site-packages/airflow/example_dags/example_skip_dag.py
[2022-05-18 23:51:41,562] {logging_mixin.py:115} INFO - [2022-05-18 23:51:41,562] {dag.py:2371} INFO - Sync 1 DAGs
[2022-05-18 23:51:41,706] {logging_mixin.py:115} INFO - [2022-05-18 23:51:41,706] {dag.py:2919} INFO - Setting next_dagrun for example_skip_dag to 2022-05-17T23:51:41.706113+00:00, run_after=2022-05-18T23:51:41.706113+00:00
[2022-05-18 23:51:41,720] {processor.py:161} INFO - Processing /home/airflow/.local/lib/python3.7/site-packages/airflow/example_dags/example_skip_dag.py took 0.207 seconds
[2022-05-18 23:52:12,141] {processor.py:153} INFO - Started process (PID=1016) to work on /home/airflow/.local/lib/python3.7/site-packages/airflow/example_dags/example_skip_dag.py
[2022-05-18 23:52:12,142] {processor.py:641} INFO - Processing file /home/airflow/.local/lib/python3.7/site-packages/airflow/example_dags/example_skip_dag.py for tasks to queue
[2022-05-18 23:52:12,143] {logging_mixin.py:115} INFO - [2022-05-18 23:52:12,143] {dagbag.py:507} INFO - Filling up the DagBag from /home/airflow/.local/lib/python3.7/site-packages/airflow/example_dags/example_skip_dag.py
[2022-05-18 23:52:12,156] {processor.py:651} INFO - DAG(s) dict_keys(['example_skip_dag']) retrieved from /home/airflow/.local/lib/python3.7/site-packages/airflow/example_dags/example_skip_dag.py
[2022-05-18 23:52:12,201] {logging_mixin.py:115} INFO - [2022-05-18 23:52:12,201] {dag.py:2371} INFO - Sync 1 DAGs
[2022-05-18 23:52:12,395] {logging_mixin.py:115} INFO - [2022-05-18 23:52:12,395] {dag.py:2919} INFO - Setting next_dagrun for example_skip_dag to 2022-05-17T23:52:12.395453+00:00, run_after=2022-05-18T23:52:12.395453+00:00
[2022-05-18 23:52:12,414] {processor.py:161} INFO - Processing /home/airflow/.local/lib/python3.7/site-packages/airflow/example_dags/example_skip_dag.py took 0.277 seconds
[2022-05-18 23:52:42,463] {processor.py:153} INFO - Started process (PID=1072) to work on /home/airflow/.local/lib/python3.7/site-packages/airflow/example_dags/example_skip_dag.py
[2022-05-18 23:52:42,464] {processor.py:641} INFO - Processing file /home/airflow/.local/lib/python3.7/site-packages/airflow/example_dags/example_skip_dag.py for tasks to queue
[2022-05-18 23:52:42,464] {logging_mixin.py:115} INFO - [2022-05-18 23:52:42,464] {dagbag.py:507} INFO - Filling up the DagBag from /home/airflow/.local/lib/python3.7/site-packages/airflow/example_dags/example_skip_dag.py
[2022-05-18 23:52:42,472] {processor.py:651} INFO - DAG(s) dict_keys(['example_skip_dag']) retrieved from /home/airflow/.local/lib/python3.7/site-packages/airflow/example_dags/example_skip_dag.py
[2022-05-18 23:52:42,507] {logging_mixin.py:115} INFO - [2022-05-18 23:52:42,507] {dag.py:2371} INFO - Sync 1 DAGs
[2022-05-18 23:52:42,651] {logging_mixin.py:115} INFO - [2022-05-18 23:52:42,651] {dag.py:2919} INFO - Setting next_dagrun for example_skip_dag to 2022-05-17T23:52:42.651412+00:00, run_after=2022-05-18T23:52:42.651412+00:00
[2022-05-18 23:52:42,663] {processor.py:161} INFO - Processing /home/airflow/.local/lib/python3.7/site-packages/airflow/example_dags/example_skip_dag.py took 0.204 seconds
[2022-05-18 23:53:13,247] {processor.py:153} INFO - Started process (PID=1133) to work on /home/airflow/.local/lib/python3.7/site-packages/airflow/example_dags/example_skip_dag.py
[2022-05-18 23:53:13,248] {processor.py:641} INFO - Processing file /home/airflow/.local/lib/python3.7/site-packages/airflow/example_dags/example_skip_dag.py for tasks to queue
[2022-05-18 23:53:13,250] {logging_mixin.py:115} INFO - [2022-05-18 23:53:13,250] {dagbag.py:507} INFO - Filling up the DagBag from /home/airflow/.local/lib/python3.7/site-packages/airflow/example_dags/example_skip_dag.py
[2022-05-18 23:53:13,265] {processor.py:651} INFO - DAG(s) dict_keys(['example_skip_dag']) retrieved from /home/airflow/.local/lib/python3.7/site-packages/airflow/example_dags/example_skip_dag.py
[2022-05-18 23:53:13,330] {logging_mixin.py:115} INFO - [2022-05-18 23:53:13,330] {dag.py:2371} INFO - Sync 1 DAGs
[2022-05-18 23:53:13,369] {logging_mixin.py:115} INFO - [2022-05-18 23:53:13,369] {dag.py:2919} INFO - Setting next_dagrun for example_skip_dag to 2022-05-17T23:53:13.368600+00:00, run_after=2022-05-18T23:53:13.368600+00:00
[2022-05-18 23:53:13,394] {processor.py:161} INFO - Processing /home/airflow/.local/lib/python3.7/site-packages/airflow/example_dags/example_skip_dag.py took 0.156 seconds
[2022-05-18 23:53:43,598] {processor.py:153} INFO - Started process (PID=1189) to work on /home/airflow/.local/lib/python3.7/site-packages/airflow/example_dags/example_skip_dag.py
[2022-05-18 23:53:43,599] {processor.py:641} INFO - Processing file /home/airflow/.local/lib/python3.7/site-packages/airflow/example_dags/example_skip_dag.py for tasks to queue
[2022-05-18 23:53:43,601] {logging_mixin.py:115} INFO - [2022-05-18 23:53:43,600] {dagbag.py:507} INFO - Filling up the DagBag from /home/airflow/.local/lib/python3.7/site-packages/airflow/example_dags/example_skip_dag.py
[2022-05-18 23:53:43,609] {processor.py:651} INFO - DAG(s) dict_keys(['example_skip_dag']) retrieved from /home/airflow/.local/lib/python3.7/site-packages/airflow/example_dags/example_skip_dag.py
[2022-05-18 23:53:43,645] {logging_mixin.py:115} INFO - [2022-05-18 23:53:43,645] {dag.py:2371} INFO - Sync 1 DAGs
[2022-05-18 23:53:43,671] {logging_mixin.py:115} INFO - [2022-05-18 23:53:43,671] {dag.py:2919} INFO - Setting next_dagrun for example_skip_dag to 2022-05-17T23:53:43.671221+00:00, run_after=2022-05-18T23:53:43.671221+00:00
[2022-05-18 23:53:43,684] {processor.py:161} INFO - Processing /home/airflow/.local/lib/python3.7/site-packages/airflow/example_dags/example_skip_dag.py took 0.089 seconds
[2022-05-18 23:54:14,116] {processor.py:153} INFO - Started process (PID=1252) to work on /home/airflow/.local/lib/python3.7/site-packages/airflow/example_dags/example_skip_dag.py
[2022-05-18 23:54:14,117] {processor.py:641} INFO - Processing file /home/airflow/.local/lib/python3.7/site-packages/airflow/example_dags/example_skip_dag.py for tasks to queue
[2022-05-18 23:54:14,118] {logging_mixin.py:115} INFO - [2022-05-18 23:54:14,118] {dagbag.py:507} INFO - Filling up the DagBag from /home/airflow/.local/lib/python3.7/site-packages/airflow/example_dags/example_skip_dag.py
[2022-05-18 23:54:14,130] {processor.py:651} INFO - DAG(s) dict_keys(['example_skip_dag']) retrieved from /home/airflow/.local/lib/python3.7/site-packages/airflow/example_dags/example_skip_dag.py
[2022-05-18 23:54:14,192] {logging_mixin.py:115} INFO - [2022-05-18 23:54:14,192] {dag.py:2371} INFO - Sync 1 DAGs
[2022-05-18 23:54:14,227] {logging_mixin.py:115} INFO - [2022-05-18 23:54:14,227] {dag.py:2919} INFO - Setting next_dagrun for example_skip_dag to 2022-05-17T23:54:14.227216+00:00, run_after=2022-05-18T23:54:14.227216+00:00
[2022-05-18 23:54:14,244] {processor.py:161} INFO - Processing /home/airflow/.local/lib/python3.7/site-packages/airflow/example_dags/example_skip_dag.py took 0.136 seconds
[2022-05-18 23:54:44,590] {processor.py:153} INFO - Started process (PID=1306) to work on /home/airflow/.local/lib/python3.7/site-packages/airflow/example_dags/example_skip_dag.py
[2022-05-18 23:54:44,591] {processor.py:641} INFO - Processing file /home/airflow/.local/lib/python3.7/site-packages/airflow/example_dags/example_skip_dag.py for tasks to queue
[2022-05-18 23:54:44,592] {logging_mixin.py:115} INFO - [2022-05-18 23:54:44,592] {dagbag.py:507} INFO - Filling up the DagBag from /home/airflow/.local/lib/python3.7/site-packages/airflow/example_dags/example_skip_dag.py
[2022-05-18 23:54:44,600] {processor.py:651} INFO - DAG(s) dict_keys(['example_skip_dag']) retrieved from /home/airflow/.local/lib/python3.7/site-packages/airflow/example_dags/example_skip_dag.py
[2022-05-18 23:54:44,638] {logging_mixin.py:115} INFO - [2022-05-18 23:54:44,638] {dag.py:2371} INFO - Sync 1 DAGs
[2022-05-18 23:54:44,669] {logging_mixin.py:115} INFO - [2022-05-18 23:54:44,669] {dag.py:2919} INFO - Setting next_dagrun for example_skip_dag to 2022-05-17T23:54:44.669000+00:00, run_after=2022-05-18T23:54:44.669000+00:00
[2022-05-18 23:54:44,683] {processor.py:161} INFO - Processing /home/airflow/.local/lib/python3.7/site-packages/airflow/example_dags/example_skip_dag.py took 0.097 seconds
[2022-05-18 23:55:15,347] {processor.py:153} INFO - Started process (PID=1368) to work on /home/airflow/.local/lib/python3.7/site-packages/airflow/example_dags/example_skip_dag.py
[2022-05-18 23:55:15,348] {processor.py:641} INFO - Processing file /home/airflow/.local/lib/python3.7/site-packages/airflow/example_dags/example_skip_dag.py for tasks to queue
[2022-05-18 23:55:15,349] {logging_mixin.py:115} INFO - [2022-05-18 23:55:15,349] {dagbag.py:507} INFO - Filling up the DagBag from /home/airflow/.local/lib/python3.7/site-packages/airflow/example_dags/example_skip_dag.py
[2022-05-18 23:55:15,356] {processor.py:651} INFO - DAG(s) dict_keys(['example_skip_dag']) retrieved from /home/airflow/.local/lib/python3.7/site-packages/airflow/example_dags/example_skip_dag.py
[2022-05-18 23:55:15,396] {logging_mixin.py:115} INFO - [2022-05-18 23:55:15,396] {dag.py:2371} INFO - Sync 1 DAGs
[2022-05-18 23:55:15,429] {logging_mixin.py:115} INFO - [2022-05-18 23:55:15,429] {dag.py:2919} INFO - Setting next_dagrun for example_skip_dag to 2022-05-17T23:55:15.429115+00:00, run_after=2022-05-18T23:55:15.429115+00:00
[2022-05-18 23:55:15,446] {processor.py:161} INFO - Processing /home/airflow/.local/lib/python3.7/site-packages/airflow/example_dags/example_skip_dag.py took 0.107 seconds
[2022-05-18 23:55:45,877] {processor.py:153} INFO - Started process (PID=1421) to work on /home/airflow/.local/lib/python3.7/site-packages/airflow/example_dags/example_skip_dag.py
[2022-05-18 23:55:45,877] {processor.py:641} INFO - Processing file /home/airflow/.local/lib/python3.7/site-packages/airflow/example_dags/example_skip_dag.py for tasks to queue
[2022-05-18 23:55:45,879] {logging_mixin.py:115} INFO - [2022-05-18 23:55:45,878] {dagbag.py:507} INFO - Filling up the DagBag from /home/airflow/.local/lib/python3.7/site-packages/airflow/example_dags/example_skip_dag.py
[2022-05-18 23:55:45,886] {processor.py:651} INFO - DAG(s) dict_keys(['example_skip_dag']) retrieved from /home/airflow/.local/lib/python3.7/site-packages/airflow/example_dags/example_skip_dag.py
[2022-05-18 23:55:45,919] {logging_mixin.py:115} INFO - [2022-05-18 23:55:45,919] {dag.py:2371} INFO - Sync 1 DAGs
[2022-05-18 23:55:45,947] {logging_mixin.py:115} INFO - [2022-05-18 23:55:45,946] {dag.py:2919} INFO - Setting next_dagrun for example_skip_dag to 2022-05-17T23:55:45.946670+00:00, run_after=2022-05-18T23:55:45.946670+00:00
[2022-05-18 23:55:45,960] {processor.py:161} INFO - Processing /home/airflow/.local/lib/python3.7/site-packages/airflow/example_dags/example_skip_dag.py took 0.087 seconds
[2022-05-18 23:56:16,661] {processor.py:153} INFO - Started process (PID=1482) to work on /home/airflow/.local/lib/python3.7/site-packages/airflow/example_dags/example_skip_dag.py
[2022-05-18 23:56:16,662] {processor.py:641} INFO - Processing file /home/airflow/.local/lib/python3.7/site-packages/airflow/example_dags/example_skip_dag.py for tasks to queue
[2022-05-18 23:56:16,663] {logging_mixin.py:115} INFO - [2022-05-18 23:56:16,663] {dagbag.py:507} INFO - Filling up the DagBag from /home/airflow/.local/lib/python3.7/site-packages/airflow/example_dags/example_skip_dag.py
[2022-05-18 23:56:16,672] {processor.py:651} INFO - DAG(s) dict_keys(['example_skip_dag']) retrieved from /home/airflow/.local/lib/python3.7/site-packages/airflow/example_dags/example_skip_dag.py
[2022-05-18 23:56:16,712] {logging_mixin.py:115} INFO - [2022-05-18 23:56:16,712] {dag.py:2371} INFO - Sync 1 DAGs
[2022-05-18 23:56:16,748] {logging_mixin.py:115} INFO - [2022-05-18 23:56:16,748] {dag.py:2919} INFO - Setting next_dagrun for example_skip_dag to 2022-05-17T23:56:16.748298+00:00, run_after=2022-05-18T23:56:16.748298+00:00
[2022-05-18 23:56:16,763] {processor.py:161} INFO - Processing /home/airflow/.local/lib/python3.7/site-packages/airflow/example_dags/example_skip_dag.py took 0.106 seconds
[2022-05-18 23:56:47,175] {processor.py:153} INFO - Started process (PID=1535) to work on /home/airflow/.local/lib/python3.7/site-packages/airflow/example_dags/example_skip_dag.py
[2022-05-18 23:56:47,176] {processor.py:641} INFO - Processing file /home/airflow/.local/lib/python3.7/site-packages/airflow/example_dags/example_skip_dag.py for tasks to queue
[2022-05-18 23:56:47,177] {logging_mixin.py:115} INFO - [2022-05-18 23:56:47,177] {dagbag.py:507} INFO - Filling up the DagBag from /home/airflow/.local/lib/python3.7/site-packages/airflow/example_dags/example_skip_dag.py
[2022-05-18 23:56:47,186] {processor.py:651} INFO - DAG(s) dict_keys(['example_skip_dag']) retrieved from /home/airflow/.local/lib/python3.7/site-packages/airflow/example_dags/example_skip_dag.py
[2022-05-18 23:56:47,220] {logging_mixin.py:115} INFO - [2022-05-18 23:56:47,220] {dag.py:2371} INFO - Sync 1 DAGs
[2022-05-18 23:56:47,247] {logging_mixin.py:115} INFO - [2022-05-18 23:56:47,247] {dag.py:2919} INFO - Setting next_dagrun for example_skip_dag to 2022-05-17T23:56:47.246766+00:00, run_after=2022-05-18T23:56:47.246766+00:00
[2022-05-18 23:56:47,262] {processor.py:161} INFO - Processing /home/airflow/.local/lib/python3.7/site-packages/airflow/example_dags/example_skip_dag.py took 0.091 seconds
[2022-05-18 23:57:18,489] {processor.py:153} INFO - Started process (PID=1598) to work on /home/airflow/.local/lib/python3.7/site-packages/airflow/example_dags/example_skip_dag.py
[2022-05-18 23:57:18,490] {processor.py:641} INFO - Processing file /home/airflow/.local/lib/python3.7/site-packages/airflow/example_dags/example_skip_dag.py for tasks to queue
[2022-05-18 23:57:18,491] {logging_mixin.py:115} INFO - [2022-05-18 23:57:18,490] {dagbag.py:507} INFO - Filling up the DagBag from /home/airflow/.local/lib/python3.7/site-packages/airflow/example_dags/example_skip_dag.py
[2022-05-18 23:57:18,500] {processor.py:651} INFO - DAG(s) dict_keys(['example_skip_dag']) retrieved from /home/airflow/.local/lib/python3.7/site-packages/airflow/example_dags/example_skip_dag.py
[2022-05-18 23:57:18,544] {logging_mixin.py:115} INFO - [2022-05-18 23:57:18,544] {dag.py:2371} INFO - Sync 1 DAGs
[2022-05-18 23:57:18,577] {logging_mixin.py:115} INFO - [2022-05-18 23:57:18,577] {dag.py:2919} INFO - Setting next_dagrun for example_skip_dag to 2022-05-17T23:57:18.576701+00:00, run_after=2022-05-18T23:57:18.576701+00:00
[2022-05-18 23:57:18,597] {processor.py:161} INFO - Processing /home/airflow/.local/lib/python3.7/site-packages/airflow/example_dags/example_skip_dag.py took 0.113 seconds
[2022-05-18 23:57:48,938] {processor.py:153} INFO - Started process (PID=1651) to work on /home/airflow/.local/lib/python3.7/site-packages/airflow/example_dags/example_skip_dag.py
[2022-05-18 23:57:48,939] {processor.py:641} INFO - Processing file /home/airflow/.local/lib/python3.7/site-packages/airflow/example_dags/example_skip_dag.py for tasks to queue
[2022-05-18 23:57:48,941] {logging_mixin.py:115} INFO - [2022-05-18 23:57:48,940] {dagbag.py:507} INFO - Filling up the DagBag from /home/airflow/.local/lib/python3.7/site-packages/airflow/example_dags/example_skip_dag.py
[2022-05-18 23:57:48,950] {processor.py:651} INFO - DAG(s) dict_keys(['example_skip_dag']) retrieved from /home/airflow/.local/lib/python3.7/site-packages/airflow/example_dags/example_skip_dag.py
[2022-05-18 23:57:49,136] {logging_mixin.py:115} INFO - [2022-05-18 23:57:49,136] {dag.py:2371} INFO - Sync 1 DAGs
[2022-05-18 23:57:49,166] {logging_mixin.py:115} INFO - [2022-05-18 23:57:49,166] {dag.py:2919} INFO - Setting next_dagrun for example_skip_dag to 2022-05-17T23:57:49.166333+00:00, run_after=2022-05-18T23:57:49.166333+00:00
[2022-05-18 23:57:49,183] {processor.py:161} INFO - Processing /home/airflow/.local/lib/python3.7/site-packages/airflow/example_dags/example_skip_dag.py took 0.251 seconds
[2022-05-18 23:58:19,896] {processor.py:153} INFO - Started process (PID=1705) to work on /home/airflow/.local/lib/python3.7/site-packages/airflow/example_dags/example_skip_dag.py
[2022-05-18 23:58:19,897] {processor.py:641} INFO - Processing file /home/airflow/.local/lib/python3.7/site-packages/airflow/example_dags/example_skip_dag.py for tasks to queue
[2022-05-18 23:58:19,899] {logging_mixin.py:115} INFO - [2022-05-18 23:58:19,898] {dagbag.py:507} INFO - Filling up the DagBag from /home/airflow/.local/lib/python3.7/site-packages/airflow/example_dags/example_skip_dag.py
[2022-05-18 23:58:19,913] {processor.py:651} INFO - DAG(s) dict_keys(['example_skip_dag']) retrieved from /home/airflow/.local/lib/python3.7/site-packages/airflow/example_dags/example_skip_dag.py
[2022-05-18 23:58:20,192] {logging_mixin.py:115} INFO - [2022-05-18 23:58:20,191] {dag.py:2371} INFO - Sync 1 DAGs
[2022-05-18 23:58:20,228] {logging_mixin.py:115} INFO - [2022-05-18 23:58:20,228] {dag.py:2919} INFO - Setting next_dagrun for example_skip_dag to 2022-05-17T23:58:20.227158+00:00, run_after=2022-05-18T23:58:20.227158+00:00
[2022-05-18 23:58:20,251] {processor.py:161} INFO - Processing /home/airflow/.local/lib/python3.7/site-packages/airflow/example_dags/example_skip_dag.py took 0.362 seconds
[2022-05-18 23:58:50,351] {processor.py:153} INFO - Started process (PID=1759) to work on /home/airflow/.local/lib/python3.7/site-packages/airflow/example_dags/example_skip_dag.py
[2022-05-18 23:58:50,351] {processor.py:641} INFO - Processing file /home/airflow/.local/lib/python3.7/site-packages/airflow/example_dags/example_skip_dag.py for tasks to queue
[2022-05-18 23:58:50,352] {logging_mixin.py:115} INFO - [2022-05-18 23:58:50,352] {dagbag.py:507} INFO - Filling up the DagBag from /home/airflow/.local/lib/python3.7/site-packages/airflow/example_dags/example_skip_dag.py
[2022-05-18 23:58:50,362] {processor.py:651} INFO - DAG(s) dict_keys(['example_skip_dag']) retrieved from /home/airflow/.local/lib/python3.7/site-packages/airflow/example_dags/example_skip_dag.py
[2022-05-18 23:58:50,535] {logging_mixin.py:115} INFO - [2022-05-18 23:58:50,535] {dag.py:2371} INFO - Sync 1 DAGs
[2022-05-18 23:58:50,565] {logging_mixin.py:115} INFO - [2022-05-18 23:58:50,565] {dag.py:2919} INFO - Setting next_dagrun for example_skip_dag to 2022-05-17T23:58:50.565255+00:00, run_after=2022-05-18T23:58:50.565255+00:00
[2022-05-18 23:58:50,581] {processor.py:161} INFO - Processing /home/airflow/.local/lib/python3.7/site-packages/airflow/example_dags/example_skip_dag.py took 0.234 seconds
[2022-05-18 23:59:21,119] {processor.py:153} INFO - Started process (PID=1812) to work on /home/airflow/.local/lib/python3.7/site-packages/airflow/example_dags/example_skip_dag.py
[2022-05-18 23:59:21,120] {processor.py:641} INFO - Processing file /home/airflow/.local/lib/python3.7/site-packages/airflow/example_dags/example_skip_dag.py for tasks to queue
[2022-05-18 23:59:21,121] {logging_mixin.py:115} INFO - [2022-05-18 23:59:21,121] {dagbag.py:507} INFO - Filling up the DagBag from /home/airflow/.local/lib/python3.7/site-packages/airflow/example_dags/example_skip_dag.py
[2022-05-18 23:59:21,131] {processor.py:651} INFO - DAG(s) dict_keys(['example_skip_dag']) retrieved from /home/airflow/.local/lib/python3.7/site-packages/airflow/example_dags/example_skip_dag.py
[2022-05-18 23:59:21,331] {logging_mixin.py:115} INFO - [2022-05-18 23:59:21,331] {dag.py:2371} INFO - Sync 1 DAGs
[2022-05-18 23:59:21,362] {logging_mixin.py:115} INFO - [2022-05-18 23:59:21,362] {dag.py:2919} INFO - Setting next_dagrun for example_skip_dag to 2022-05-17T23:59:21.362230+00:00, run_after=2022-05-18T23:59:21.362230+00:00
[2022-05-18 23:59:21,384] {processor.py:161} INFO - Processing /home/airflow/.local/lib/python3.7/site-packages/airflow/example_dags/example_skip_dag.py took 0.271 seconds
[2022-05-18 23:59:51,721] {processor.py:153} INFO - Started process (PID=1875) to work on /home/airflow/.local/lib/python3.7/site-packages/airflow/example_dags/example_skip_dag.py
[2022-05-18 23:59:51,722] {processor.py:641} INFO - Processing file /home/airflow/.local/lib/python3.7/site-packages/airflow/example_dags/example_skip_dag.py for tasks to queue
[2022-05-18 23:59:51,723] {logging_mixin.py:115} INFO - [2022-05-18 23:59:51,723] {dagbag.py:507} INFO - Filling up the DagBag from /home/airflow/.local/lib/python3.7/site-packages/airflow/example_dags/example_skip_dag.py
[2022-05-18 23:59:51,733] {processor.py:651} INFO - DAG(s) dict_keys(['example_skip_dag']) retrieved from /home/airflow/.local/lib/python3.7/site-packages/airflow/example_dags/example_skip_dag.py
[2022-05-18 23:59:51,928] {logging_mixin.py:115} INFO - [2022-05-18 23:59:51,928] {dag.py:2371} INFO - Sync 1 DAGs
[2022-05-18 23:59:51,961] {logging_mixin.py:115} INFO - [2022-05-18 23:59:51,961] {dag.py:2919} INFO - Setting next_dagrun for example_skip_dag to 2022-05-17T23:59:51.961492+00:00, run_after=2022-05-18T23:59:51.961492+00:00
[2022-05-18 23:59:51,979] {processor.py:161} INFO - Processing /home/airflow/.local/lib/python3.7/site-packages/airflow/example_dags/example_skip_dag.py took 0.264 seconds
