[2022-05-18 23:43:01,735] {processor.py:153} INFO - Started process (PID=84) to work on /home/airflow/.local/lib/python3.7/site-packages/airflow/example_dags/example_branch_operator.py
[2022-05-18 23:43:01,737] {processor.py:641} INFO - Processing file /home/airflow/.local/lib/python3.7/site-packages/airflow/example_dags/example_branch_operator.py for tasks to queue
[2022-05-18 23:43:01,739] {logging_mixin.py:115} INFO - [2022-05-18 23:43:01,739] {dagbag.py:507} INFO - Filling up the DagBag from /home/airflow/.local/lib/python3.7/site-packages/airflow/example_dags/example_branch_operator.py
[2022-05-18 23:43:01,774] {processor.py:651} INFO - DAG(s) dict_keys(['example_branch_operator']) retrieved from /home/airflow/.local/lib/python3.7/site-packages/airflow/example_dags/example_branch_operator.py
[2022-05-18 23:43:02,268] {logging_mixin.py:115} INFO - [2022-05-18 23:43:02,268] {manager.py:508} INFO - Created Permission View: can edit on DAG:example_branch_operator
[2022-05-18 23:43:02,290] {logging_mixin.py:115} INFO - [2022-05-18 23:43:02,290] {manager.py:508} INFO - Created Permission View: can delete on DAG:example_branch_operator
[2022-05-18 23:43:02,312] {logging_mixin.py:115} INFO - [2022-05-18 23:43:02,311] {manager.py:508} INFO - Created Permission View: can read on DAG:example_branch_operator
[2022-05-18 23:43:02,313] {logging_mixin.py:115} INFO - [2022-05-18 23:43:02,313] {dag.py:2371} INFO - Sync 1 DAGs
[2022-05-18 23:43:02,342] {logging_mixin.py:115} INFO - [2022-05-18 23:43:02,341] {dag.py:2390} INFO - Creating ORM DAG for example_branch_operator
[2022-05-18 23:43:02,385] {logging_mixin.py:115} INFO - [2022-05-18 23:43:02,385] {dag.py:2919} INFO - Setting next_dagrun for example_branch_operator to 2022-05-17T00:00:00+00:00, run_after=2022-05-18T00:00:00+00:00
[2022-05-18 23:43:02,423] {processor.py:161} INFO - Processing /home/airflow/.local/lib/python3.7/site-packages/airflow/example_dags/example_branch_operator.py took 0.698 seconds
[2022-05-18 23:43:32,755] {processor.py:153} INFO - Started process (PID=137) to work on /home/airflow/.local/lib/python3.7/site-packages/airflow/example_dags/example_branch_operator.py
[2022-05-18 23:43:32,756] {processor.py:641} INFO - Processing file /home/airflow/.local/lib/python3.7/site-packages/airflow/example_dags/example_branch_operator.py for tasks to queue
[2022-05-18 23:43:32,757] {logging_mixin.py:115} INFO - [2022-05-18 23:43:32,757] {dagbag.py:507} INFO - Filling up the DagBag from /home/airflow/.local/lib/python3.7/site-packages/airflow/example_dags/example_branch_operator.py
[2022-05-18 23:43:32,770] {processor.py:651} INFO - DAG(s) dict_keys(['example_branch_operator']) retrieved from /home/airflow/.local/lib/python3.7/site-packages/airflow/example_dags/example_branch_operator.py
[2022-05-18 23:43:32,801] {logging_mixin.py:115} INFO - [2022-05-18 23:43:32,801] {dag.py:2371} INFO - Sync 1 DAGs
[2022-05-18 23:43:32,951] {logging_mixin.py:115} INFO - [2022-05-18 23:43:32,951] {dag.py:2919} INFO - Setting next_dagrun for example_branch_operator to 2022-05-17T00:00:00+00:00, run_after=2022-05-18T00:00:00+00:00
[2022-05-18 23:43:32,964] {processor.py:161} INFO - Processing /home/airflow/.local/lib/python3.7/site-packages/airflow/example_dags/example_branch_operator.py took 0.213 seconds
[2022-05-18 23:44:03,618] {processor.py:153} INFO - Started process (PID=201) to work on /home/airflow/.local/lib/python3.7/site-packages/airflow/example_dags/example_branch_operator.py
[2022-05-18 23:44:03,619] {processor.py:641} INFO - Processing file /home/airflow/.local/lib/python3.7/site-packages/airflow/example_dags/example_branch_operator.py for tasks to queue
[2022-05-18 23:44:03,620] {logging_mixin.py:115} INFO - [2022-05-18 23:44:03,620] {dagbag.py:507} INFO - Filling up the DagBag from /home/airflow/.local/lib/python3.7/site-packages/airflow/example_dags/example_branch_operator.py
[2022-05-18 23:44:03,641] {processor.py:651} INFO - DAG(s) dict_keys(['example_branch_operator']) retrieved from /home/airflow/.local/lib/python3.7/site-packages/airflow/example_dags/example_branch_operator.py
[2022-05-18 23:44:03,685] {logging_mixin.py:115} INFO - [2022-05-18 23:44:03,684] {dag.py:2371} INFO - Sync 1 DAGs
[2022-05-18 23:44:04,078] {logging_mixin.py:115} INFO - [2022-05-18 23:44:04,078] {dag.py:2919} INFO - Setting next_dagrun for example_branch_operator to 2022-05-17T00:00:00+00:00, run_after=2022-05-18T00:00:00+00:00
[2022-05-18 23:44:04,097] {processor.py:161} INFO - Processing /home/airflow/.local/lib/python3.7/site-packages/airflow/example_dags/example_branch_operator.py took 0.485 seconds
[2022-05-18 23:44:34,901] {processor.py:153} INFO - Started process (PID=254) to work on /home/airflow/.local/lib/python3.7/site-packages/airflow/example_dags/example_branch_operator.py
[2022-05-18 23:44:34,902] {processor.py:641} INFO - Processing file /home/airflow/.local/lib/python3.7/site-packages/airflow/example_dags/example_branch_operator.py for tasks to queue
[2022-05-18 23:44:34,903] {logging_mixin.py:115} INFO - [2022-05-18 23:44:34,903] {dagbag.py:507} INFO - Filling up the DagBag from /home/airflow/.local/lib/python3.7/site-packages/airflow/example_dags/example_branch_operator.py
[2022-05-18 23:44:34,923] {processor.py:651} INFO - DAG(s) dict_keys(['example_branch_operator']) retrieved from /home/airflow/.local/lib/python3.7/site-packages/airflow/example_dags/example_branch_operator.py
[2022-05-18 23:44:34,968] {logging_mixin.py:115} INFO - [2022-05-18 23:44:34,968] {dag.py:2371} INFO - Sync 1 DAGs
[2022-05-18 23:44:35,526] {logging_mixin.py:115} INFO - [2022-05-18 23:44:35,526] {dag.py:2919} INFO - Setting next_dagrun for example_branch_operator to 2022-05-17T00:00:00+00:00, run_after=2022-05-18T00:00:00+00:00
[2022-05-18 23:44:35,571] {processor.py:161} INFO - Processing /home/airflow/.local/lib/python3.7/site-packages/airflow/example_dags/example_branch_operator.py took 0.675 seconds
[2022-05-18 23:45:06,407] {processor.py:153} INFO - Started process (PID=308) to work on /home/airflow/.local/lib/python3.7/site-packages/airflow/example_dags/example_branch_operator.py
[2022-05-18 23:45:06,415] {processor.py:641} INFO - Processing file /home/airflow/.local/lib/python3.7/site-packages/airflow/example_dags/example_branch_operator.py for tasks to queue
[2022-05-18 23:45:06,416] {logging_mixin.py:115} INFO - [2022-05-18 23:45:06,416] {dagbag.py:507} INFO - Filling up the DagBag from /home/airflow/.local/lib/python3.7/site-packages/airflow/example_dags/example_branch_operator.py
[2022-05-18 23:45:06,433] {processor.py:651} INFO - DAG(s) dict_keys(['example_branch_operator']) retrieved from /home/airflow/.local/lib/python3.7/site-packages/airflow/example_dags/example_branch_operator.py
[2022-05-18 23:45:06,477] {logging_mixin.py:115} INFO - [2022-05-18 23:45:06,477] {dag.py:2371} INFO - Sync 1 DAGs
[2022-05-18 23:45:06,678] {logging_mixin.py:115} INFO - [2022-05-18 23:45:06,678] {dag.py:2919} INFO - Setting next_dagrun for example_branch_operator to 2022-05-17T00:00:00+00:00, run_after=2022-05-18T00:00:00+00:00
[2022-05-18 23:45:06,691] {processor.py:161} INFO - Processing /home/airflow/.local/lib/python3.7/site-packages/airflow/example_dags/example_branch_operator.py took 0.288 seconds
[2022-05-18 23:45:37,173] {processor.py:153} INFO - Started process (PID=371) to work on /home/airflow/.local/lib/python3.7/site-packages/airflow/example_dags/example_branch_operator.py
[2022-05-18 23:45:37,174] {processor.py:641} INFO - Processing file /home/airflow/.local/lib/python3.7/site-packages/airflow/example_dags/example_branch_operator.py for tasks to queue
[2022-05-18 23:45:37,175] {logging_mixin.py:115} INFO - [2022-05-18 23:45:37,175] {dagbag.py:507} INFO - Filling up the DagBag from /home/airflow/.local/lib/python3.7/site-packages/airflow/example_dags/example_branch_operator.py
[2022-05-18 23:45:37,194] {processor.py:651} INFO - DAG(s) dict_keys(['example_branch_operator']) retrieved from /home/airflow/.local/lib/python3.7/site-packages/airflow/example_dags/example_branch_operator.py
[2022-05-18 23:45:37,246] {logging_mixin.py:115} INFO - [2022-05-18 23:45:37,246] {dag.py:2371} INFO - Sync 1 DAGs
[2022-05-18 23:45:37,581] {logging_mixin.py:115} INFO - [2022-05-18 23:45:37,581] {dag.py:2919} INFO - Setting next_dagrun for example_branch_operator to 2022-05-17T00:00:00+00:00, run_after=2022-05-18T00:00:00+00:00
[2022-05-18 23:45:37,601] {processor.py:161} INFO - Processing /home/airflow/.local/lib/python3.7/site-packages/airflow/example_dags/example_branch_operator.py took 0.433 seconds
[2022-05-18 23:46:12,568] {processor.py:153} INFO - Started process (PID=425) to work on /home/airflow/.local/lib/python3.7/site-packages/airflow/example_dags/example_branch_operator.py
[2022-05-18 23:46:12,570] {processor.py:641} INFO - Processing file /home/airflow/.local/lib/python3.7/site-packages/airflow/example_dags/example_branch_operator.py for tasks to queue
[2022-05-18 23:46:12,572] {logging_mixin.py:115} INFO - [2022-05-18 23:46:12,572] {dagbag.py:507} INFO - Filling up the DagBag from /home/airflow/.local/lib/python3.7/site-packages/airflow/example_dags/example_branch_operator.py
[2022-05-18 23:46:12,591] {processor.py:651} INFO - DAG(s) dict_keys(['example_branch_operator']) retrieved from /home/airflow/.local/lib/python3.7/site-packages/airflow/example_dags/example_branch_operator.py
[2022-05-18 23:46:12,667] {logging_mixin.py:115} INFO - [2022-05-18 23:46:12,667] {dag.py:2371} INFO - Sync 1 DAGs
[2022-05-18 23:46:12,897] {logging_mixin.py:115} INFO - [2022-05-18 23:46:12,896] {dag.py:2919} INFO - Setting next_dagrun for example_branch_operator to 2022-05-17T00:00:00+00:00, run_after=2022-05-18T00:00:00+00:00
[2022-05-18 23:46:12,919] {processor.py:161} INFO - Processing /home/airflow/.local/lib/python3.7/site-packages/airflow/example_dags/example_branch_operator.py took 0.356 seconds
[2022-05-18 23:46:43,730] {processor.py:153} INFO - Started process (PID=479) to work on /home/airflow/.local/lib/python3.7/site-packages/airflow/example_dags/example_branch_operator.py
[2022-05-18 23:46:43,731] {processor.py:641} INFO - Processing file /home/airflow/.local/lib/python3.7/site-packages/airflow/example_dags/example_branch_operator.py for tasks to queue
[2022-05-18 23:46:43,732] {logging_mixin.py:115} INFO - [2022-05-18 23:46:43,732] {dagbag.py:507} INFO - Filling up the DagBag from /home/airflow/.local/lib/python3.7/site-packages/airflow/example_dags/example_branch_operator.py
[2022-05-18 23:46:43,773] {processor.py:651} INFO - DAG(s) dict_keys(['example_branch_operator']) retrieved from /home/airflow/.local/lib/python3.7/site-packages/airflow/example_dags/example_branch_operator.py
[2022-05-18 23:46:43,865] {logging_mixin.py:115} INFO - [2022-05-18 23:46:43,865] {dag.py:2371} INFO - Sync 1 DAGs
[2022-05-18 23:46:44,650] {logging_mixin.py:115} INFO - [2022-05-18 23:46:44,648] {dag.py:2919} INFO - Setting next_dagrun for example_branch_operator to 2022-05-17T00:00:00+00:00, run_after=2022-05-18T00:00:00+00:00
[2022-05-18 23:46:44,872] {processor.py:161} INFO - Processing /home/airflow/.local/lib/python3.7/site-packages/airflow/example_dags/example_branch_operator.py took 1.149 seconds
[2022-05-18 23:47:15,183] {processor.py:153} INFO - Started process (PID=542) to work on /home/airflow/.local/lib/python3.7/site-packages/airflow/example_dags/example_branch_operator.py
[2022-05-18 23:47:15,184] {processor.py:641} INFO - Processing file /home/airflow/.local/lib/python3.7/site-packages/airflow/example_dags/example_branch_operator.py for tasks to queue
[2022-05-18 23:47:15,186] {logging_mixin.py:115} INFO - [2022-05-18 23:47:15,186] {dagbag.py:507} INFO - Filling up the DagBag from /home/airflow/.local/lib/python3.7/site-packages/airflow/example_dags/example_branch_operator.py
[2022-05-18 23:47:15,208] {processor.py:651} INFO - DAG(s) dict_keys(['example_branch_operator']) retrieved from /home/airflow/.local/lib/python3.7/site-packages/airflow/example_dags/example_branch_operator.py
[2022-05-18 23:47:15,242] {logging_mixin.py:115} INFO - [2022-05-18 23:47:15,242] {dag.py:2371} INFO - Sync 1 DAGs
[2022-05-18 23:47:15,419] {logging_mixin.py:115} INFO - [2022-05-18 23:47:15,419] {dag.py:2919} INFO - Setting next_dagrun for example_branch_operator to 2022-05-17T00:00:00+00:00, run_after=2022-05-18T00:00:00+00:00
[2022-05-18 23:47:15,437] {processor.py:161} INFO - Processing /home/airflow/.local/lib/python3.7/site-packages/airflow/example_dags/example_branch_operator.py took 0.260 seconds
[2022-05-18 23:47:45,563] {processor.py:153} INFO - Started process (PID=595) to work on /home/airflow/.local/lib/python3.7/site-packages/airflow/example_dags/example_branch_operator.py
[2022-05-18 23:47:45,564] {processor.py:641} INFO - Processing file /home/airflow/.local/lib/python3.7/site-packages/airflow/example_dags/example_branch_operator.py for tasks to queue
[2022-05-18 23:47:45,565] {logging_mixin.py:115} INFO - [2022-05-18 23:47:45,565] {dagbag.py:507} INFO - Filling up the DagBag from /home/airflow/.local/lib/python3.7/site-packages/airflow/example_dags/example_branch_operator.py
[2022-05-18 23:47:45,578] {processor.py:651} INFO - DAG(s) dict_keys(['example_branch_operator']) retrieved from /home/airflow/.local/lib/python3.7/site-packages/airflow/example_dags/example_branch_operator.py
[2022-05-18 23:47:45,609] {logging_mixin.py:115} INFO - [2022-05-18 23:47:45,609] {dag.py:2371} INFO - Sync 1 DAGs
[2022-05-18 23:47:45,761] {logging_mixin.py:115} INFO - [2022-05-18 23:47:45,761] {dag.py:2919} INFO - Setting next_dagrun for example_branch_operator to 2022-05-17T00:00:00+00:00, run_after=2022-05-18T00:00:00+00:00
[2022-05-18 23:47:45,774] {processor.py:161} INFO - Processing /home/airflow/.local/lib/python3.7/site-packages/airflow/example_dags/example_branch_operator.py took 0.214 seconds
[2022-05-18 23:48:32,961] {processor.py:153} INFO - Started process (PID=650) to work on /home/airflow/.local/lib/python3.7/site-packages/airflow/example_dags/example_branch_operator.py
[2022-05-18 23:48:32,962] {processor.py:641} INFO - Processing file /home/airflow/.local/lib/python3.7/site-packages/airflow/example_dags/example_branch_operator.py for tasks to queue
[2022-05-18 23:48:32,964] {logging_mixin.py:115} INFO - [2022-05-18 23:48:32,963] {dagbag.py:507} INFO - Filling up the DagBag from /home/airflow/.local/lib/python3.7/site-packages/airflow/example_dags/example_branch_operator.py
[2022-05-18 23:48:32,980] {processor.py:651} INFO - DAG(s) dict_keys(['example_branch_operator']) retrieved from /home/airflow/.local/lib/python3.7/site-packages/airflow/example_dags/example_branch_operator.py
[2022-05-18 23:48:33,021] {logging_mixin.py:115} INFO - [2022-05-18 23:48:33,021] {dag.py:2371} INFO - Sync 1 DAGs
[2022-05-18 23:48:33,185] {logging_mixin.py:115} INFO - [2022-05-18 23:48:33,185] {dag.py:2919} INFO - Setting next_dagrun for example_branch_operator to 2022-05-17T00:00:00+00:00, run_after=2022-05-18T00:00:00+00:00
[2022-05-18 23:48:33,200] {processor.py:161} INFO - Processing /home/airflow/.local/lib/python3.7/site-packages/airflow/example_dags/example_branch_operator.py took 0.243 seconds
[2022-05-18 23:49:03,565] {processor.py:153} INFO - Started process (PID=704) to work on /home/airflow/.local/lib/python3.7/site-packages/airflow/example_dags/example_branch_operator.py
[2022-05-18 23:49:03,565] {processor.py:641} INFO - Processing file /home/airflow/.local/lib/python3.7/site-packages/airflow/example_dags/example_branch_operator.py for tasks to queue
[2022-05-18 23:49:03,566] {logging_mixin.py:115} INFO - [2022-05-18 23:49:03,566] {dagbag.py:507} INFO - Filling up the DagBag from /home/airflow/.local/lib/python3.7/site-packages/airflow/example_dags/example_branch_operator.py
[2022-05-18 23:49:03,580] {processor.py:651} INFO - DAG(s) dict_keys(['example_branch_operator']) retrieved from /home/airflow/.local/lib/python3.7/site-packages/airflow/example_dags/example_branch_operator.py
[2022-05-18 23:49:03,613] {logging_mixin.py:115} INFO - [2022-05-18 23:49:03,613] {dag.py:2371} INFO - Sync 1 DAGs
[2022-05-18 23:49:03,761] {logging_mixin.py:115} INFO - [2022-05-18 23:49:03,761] {dag.py:2919} INFO - Setting next_dagrun for example_branch_operator to 2022-05-17T00:00:00+00:00, run_after=2022-05-18T00:00:00+00:00
[2022-05-18 23:49:03,773] {processor.py:161} INFO - Processing /home/airflow/.local/lib/python3.7/site-packages/airflow/example_dags/example_branch_operator.py took 0.212 seconds
[2022-05-18 23:49:35,775] {processor.py:153} INFO - Started process (PID=766) to work on /home/airflow/.local/lib/python3.7/site-packages/airflow/example_dags/example_branch_operator.py
[2022-05-18 23:49:35,776] {processor.py:641} INFO - Processing file /home/airflow/.local/lib/python3.7/site-packages/airflow/example_dags/example_branch_operator.py for tasks to queue
[2022-05-18 23:49:35,778] {logging_mixin.py:115} INFO - [2022-05-18 23:49:35,777] {dagbag.py:507} INFO - Filling up the DagBag from /home/airflow/.local/lib/python3.7/site-packages/airflow/example_dags/example_branch_operator.py
[2022-05-18 23:49:35,800] {processor.py:651} INFO - DAG(s) dict_keys(['example_branch_operator']) retrieved from /home/airflow/.local/lib/python3.7/site-packages/airflow/example_dags/example_branch_operator.py
[2022-05-18 23:49:35,857] {logging_mixin.py:115} INFO - [2022-05-18 23:49:35,856] {dag.py:2371} INFO - Sync 1 DAGs
[2022-05-18 23:49:36,101] {logging_mixin.py:115} INFO - [2022-05-18 23:49:36,101] {dag.py:2919} INFO - Setting next_dagrun for example_branch_operator to 2022-05-17T00:00:00+00:00, run_after=2022-05-18T00:00:00+00:00
[2022-05-18 23:49:36,125] {processor.py:161} INFO - Processing /home/airflow/.local/lib/python3.7/site-packages/airflow/example_dags/example_branch_operator.py took 0.356 seconds
[2022-05-18 23:50:06,293] {processor.py:153} INFO - Started process (PID=820) to work on /home/airflow/.local/lib/python3.7/site-packages/airflow/example_dags/example_branch_operator.py
[2022-05-18 23:50:06,294] {processor.py:641} INFO - Processing file /home/airflow/.local/lib/python3.7/site-packages/airflow/example_dags/example_branch_operator.py for tasks to queue
[2022-05-18 23:50:06,295] {logging_mixin.py:115} INFO - [2022-05-18 23:50:06,295] {dagbag.py:507} INFO - Filling up the DagBag from /home/airflow/.local/lib/python3.7/site-packages/airflow/example_dags/example_branch_operator.py
[2022-05-18 23:50:06,309] {processor.py:651} INFO - DAG(s) dict_keys(['example_branch_operator']) retrieved from /home/airflow/.local/lib/python3.7/site-packages/airflow/example_dags/example_branch_operator.py
[2022-05-18 23:50:06,345] {logging_mixin.py:115} INFO - [2022-05-18 23:50:06,345] {dag.py:2371} INFO - Sync 1 DAGs
[2022-05-18 23:50:06,504] {logging_mixin.py:115} INFO - [2022-05-18 23:50:06,504] {dag.py:2919} INFO - Setting next_dagrun for example_branch_operator to 2022-05-17T00:00:00+00:00, run_after=2022-05-18T00:00:00+00:00
[2022-05-18 23:50:06,517] {processor.py:161} INFO - Processing /home/airflow/.local/lib/python3.7/site-packages/airflow/example_dags/example_branch_operator.py took 0.227 seconds
[2022-05-18 23:50:36,947] {processor.py:153} INFO - Started process (PID=883) to work on /home/airflow/.local/lib/python3.7/site-packages/airflow/example_dags/example_branch_operator.py
[2022-05-18 23:50:36,948] {processor.py:641} INFO - Processing file /home/airflow/.local/lib/python3.7/site-packages/airflow/example_dags/example_branch_operator.py for tasks to queue
[2022-05-18 23:50:36,950] {logging_mixin.py:115} INFO - [2022-05-18 23:50:36,949] {dagbag.py:507} INFO - Filling up the DagBag from /home/airflow/.local/lib/python3.7/site-packages/airflow/example_dags/example_branch_operator.py
[2022-05-18 23:50:36,964] {processor.py:651} INFO - DAG(s) dict_keys(['example_branch_operator']) retrieved from /home/airflow/.local/lib/python3.7/site-packages/airflow/example_dags/example_branch_operator.py
[2022-05-18 23:50:37,006] {logging_mixin.py:115} INFO - [2022-05-18 23:50:37,006] {dag.py:2371} INFO - Sync 1 DAGs
[2022-05-18 23:51:08,294] {logging_mixin.py:115} INFO - [2022-05-18 23:51:08,294] {dag.py:2919} INFO - Setting next_dagrun for example_branch_operator to 2022-05-17T00:00:00+00:00, run_after=2022-05-18T00:00:00+00:00
[2022-05-18 23:51:08,382] {processor.py:161} INFO - Processing /home/airflow/.local/lib/python3.7/site-packages/airflow/example_dags/example_branch_operator.py took 31.438 seconds
[2022-05-18 23:51:38,532] {processor.py:153} INFO - Started process (PID=944) to work on /home/airflow/.local/lib/python3.7/site-packages/airflow/example_dags/example_branch_operator.py
[2022-05-18 23:51:38,533] {processor.py:641} INFO - Processing file /home/airflow/.local/lib/python3.7/site-packages/airflow/example_dags/example_branch_operator.py for tasks to queue
[2022-05-18 23:51:38,534] {logging_mixin.py:115} INFO - [2022-05-18 23:51:38,534] {dagbag.py:507} INFO - Filling up the DagBag from /home/airflow/.local/lib/python3.7/site-packages/airflow/example_dags/example_branch_operator.py
[2022-05-18 23:51:38,552] {processor.py:651} INFO - DAG(s) dict_keys(['example_branch_operator']) retrieved from /home/airflow/.local/lib/python3.7/site-packages/airflow/example_dags/example_branch_operator.py
[2022-05-18 23:51:38,593] {logging_mixin.py:115} INFO - [2022-05-18 23:51:38,593] {dag.py:2371} INFO - Sync 1 DAGs
[2022-05-18 23:51:38,831] {logging_mixin.py:115} INFO - [2022-05-18 23:51:38,830] {dag.py:2919} INFO - Setting next_dagrun for example_branch_operator to 2022-05-17T00:00:00+00:00, run_after=2022-05-18T00:00:00+00:00
[2022-05-18 23:51:38,859] {processor.py:161} INFO - Processing /home/airflow/.local/lib/python3.7/site-packages/airflow/example_dags/example_branch_operator.py took 0.332 seconds
[2022-05-18 23:52:09,074] {processor.py:153} INFO - Started process (PID=997) to work on /home/airflow/.local/lib/python3.7/site-packages/airflow/example_dags/example_branch_operator.py
[2022-05-18 23:52:09,075] {processor.py:641} INFO - Processing file /home/airflow/.local/lib/python3.7/site-packages/airflow/example_dags/example_branch_operator.py for tasks to queue
[2022-05-18 23:52:09,076] {logging_mixin.py:115} INFO - [2022-05-18 23:52:09,076] {dagbag.py:507} INFO - Filling up the DagBag from /home/airflow/.local/lib/python3.7/site-packages/airflow/example_dags/example_branch_operator.py
[2022-05-18 23:52:09,095] {processor.py:651} INFO - DAG(s) dict_keys(['example_branch_operator']) retrieved from /home/airflow/.local/lib/python3.7/site-packages/airflow/example_dags/example_branch_operator.py
[2022-05-18 23:52:09,147] {logging_mixin.py:115} INFO - [2022-05-18 23:52:09,147] {dag.py:2371} INFO - Sync 1 DAGs
[2022-05-18 23:52:09,363] {logging_mixin.py:115} INFO - [2022-05-18 23:52:09,363] {dag.py:2919} INFO - Setting next_dagrun for example_branch_operator to 2022-05-17T00:00:00+00:00, run_after=2022-05-18T00:00:00+00:00
[2022-05-18 23:52:09,402] {processor.py:161} INFO - Processing /home/airflow/.local/lib/python3.7/site-packages/airflow/example_dags/example_branch_operator.py took 0.331 seconds
[2022-05-18 23:52:39,606] {processor.py:153} INFO - Started process (PID=1060) to work on /home/airflow/.local/lib/python3.7/site-packages/airflow/example_dags/example_branch_operator.py
[2022-05-18 23:52:39,607] {processor.py:641} INFO - Processing file /home/airflow/.local/lib/python3.7/site-packages/airflow/example_dags/example_branch_operator.py for tasks to queue
[2022-05-18 23:52:39,608] {logging_mixin.py:115} INFO - [2022-05-18 23:52:39,608] {dagbag.py:507} INFO - Filling up the DagBag from /home/airflow/.local/lib/python3.7/site-packages/airflow/example_dags/example_branch_operator.py
[2022-05-18 23:52:39,624] {processor.py:651} INFO - DAG(s) dict_keys(['example_branch_operator']) retrieved from /home/airflow/.local/lib/python3.7/site-packages/airflow/example_dags/example_branch_operator.py
[2022-05-18 23:52:39,663] {logging_mixin.py:115} INFO - [2022-05-18 23:52:39,663] {dag.py:2371} INFO - Sync 1 DAGs
[2022-05-18 23:52:39,831] {logging_mixin.py:115} INFO - [2022-05-18 23:52:39,831] {dag.py:2919} INFO - Setting next_dagrun for example_branch_operator to 2022-05-17T00:00:00+00:00, run_after=2022-05-18T00:00:00+00:00
[2022-05-18 23:52:39,849] {processor.py:161} INFO - Processing /home/airflow/.local/lib/python3.7/site-packages/airflow/example_dags/example_branch_operator.py took 0.247 seconds
[2022-05-18 23:53:10,104] {processor.py:153} INFO - Started process (PID=1113) to work on /home/airflow/.local/lib/python3.7/site-packages/airflow/example_dags/example_branch_operator.py
[2022-05-18 23:53:10,105] {processor.py:641} INFO - Processing file /home/airflow/.local/lib/python3.7/site-packages/airflow/example_dags/example_branch_operator.py for tasks to queue
[2022-05-18 23:53:10,106] {logging_mixin.py:115} INFO - [2022-05-18 23:53:10,106] {dagbag.py:507} INFO - Filling up the DagBag from /home/airflow/.local/lib/python3.7/site-packages/airflow/example_dags/example_branch_operator.py
[2022-05-18 23:53:10,128] {processor.py:651} INFO - DAG(s) dict_keys(['example_branch_operator']) retrieved from /home/airflow/.local/lib/python3.7/site-packages/airflow/example_dags/example_branch_operator.py
[2022-05-18 23:53:10,165] {logging_mixin.py:115} INFO - [2022-05-18 23:53:10,165] {dag.py:2371} INFO - Sync 1 DAGs
[2022-05-18 23:53:10,201] {logging_mixin.py:115} INFO - [2022-05-18 23:53:10,201] {dag.py:2919} INFO - Setting next_dagrun for example_branch_operator to 2022-05-17T00:00:00+00:00, run_after=2022-05-18T00:00:00+00:00
[2022-05-18 23:53:10,219] {processor.py:161} INFO - Processing /home/airflow/.local/lib/python3.7/site-packages/airflow/example_dags/example_branch_operator.py took 0.119 seconds
[2022-05-18 23:53:40,857] {processor.py:153} INFO - Started process (PID=1177) to work on /home/airflow/.local/lib/python3.7/site-packages/airflow/example_dags/example_branch_operator.py
[2022-05-18 23:53:40,859] {processor.py:641} INFO - Processing file /home/airflow/.local/lib/python3.7/site-packages/airflow/example_dags/example_branch_operator.py for tasks to queue
[2022-05-18 23:53:40,860] {logging_mixin.py:115} INFO - [2022-05-18 23:53:40,859] {dagbag.py:507} INFO - Filling up the DagBag from /home/airflow/.local/lib/python3.7/site-packages/airflow/example_dags/example_branch_operator.py
[2022-05-18 23:53:40,884] {processor.py:651} INFO - DAG(s) dict_keys(['example_branch_operator']) retrieved from /home/airflow/.local/lib/python3.7/site-packages/airflow/example_dags/example_branch_operator.py
[2022-05-18 23:53:40,915] {logging_mixin.py:115} INFO - [2022-05-18 23:53:40,915] {dag.py:2371} INFO - Sync 1 DAGs
[2022-05-18 23:53:40,942] {logging_mixin.py:115} INFO - [2022-05-18 23:53:40,941] {dag.py:2919} INFO - Setting next_dagrun for example_branch_operator to 2022-05-17T00:00:00+00:00, run_after=2022-05-18T00:00:00+00:00
[2022-05-18 23:53:40,956] {processor.py:161} INFO - Processing /home/airflow/.local/lib/python3.7/site-packages/airflow/example_dags/example_branch_operator.py took 0.102 seconds
[2022-05-18 23:54:11,042] {processor.py:153} INFO - Started process (PID=1231) to work on /home/airflow/.local/lib/python3.7/site-packages/airflow/example_dags/example_branch_operator.py
[2022-05-18 23:54:11,043] {processor.py:641} INFO - Processing file /home/airflow/.local/lib/python3.7/site-packages/airflow/example_dags/example_branch_operator.py for tasks to queue
[2022-05-18 23:54:11,046] {logging_mixin.py:115} INFO - [2022-05-18 23:54:11,045] {dagbag.py:507} INFO - Filling up the DagBag from /home/airflow/.local/lib/python3.7/site-packages/airflow/example_dags/example_branch_operator.py
[2022-05-18 23:54:11,064] {processor.py:651} INFO - DAG(s) dict_keys(['example_branch_operator']) retrieved from /home/airflow/.local/lib/python3.7/site-packages/airflow/example_dags/example_branch_operator.py
[2022-05-18 23:54:11,102] {logging_mixin.py:115} INFO - [2022-05-18 23:54:11,102] {dag.py:2371} INFO - Sync 1 DAGs
[2022-05-18 23:54:11,137] {logging_mixin.py:115} INFO - [2022-05-18 23:54:11,137] {dag.py:2919} INFO - Setting next_dagrun for example_branch_operator to 2022-05-17T00:00:00+00:00, run_after=2022-05-18T00:00:00+00:00
[2022-05-18 23:54:11,155] {processor.py:161} INFO - Processing /home/airflow/.local/lib/python3.7/site-packages/airflow/example_dags/example_branch_operator.py took 0.117 seconds
[2022-05-18 23:54:41,702] {processor.py:153} INFO - Started process (PID=1294) to work on /home/airflow/.local/lib/python3.7/site-packages/airflow/example_dags/example_branch_operator.py
[2022-05-18 23:54:41,704] {processor.py:641} INFO - Processing file /home/airflow/.local/lib/python3.7/site-packages/airflow/example_dags/example_branch_operator.py for tasks to queue
[2022-05-18 23:54:41,705] {logging_mixin.py:115} INFO - [2022-05-18 23:54:41,704] {dagbag.py:507} INFO - Filling up the DagBag from /home/airflow/.local/lib/python3.7/site-packages/airflow/example_dags/example_branch_operator.py
[2022-05-18 23:54:41,725] {processor.py:651} INFO - DAG(s) dict_keys(['example_branch_operator']) retrieved from /home/airflow/.local/lib/python3.7/site-packages/airflow/example_dags/example_branch_operator.py
[2022-05-18 23:54:41,760] {logging_mixin.py:115} INFO - [2022-05-18 23:54:41,760] {dag.py:2371} INFO - Sync 1 DAGs
[2022-05-18 23:54:41,793] {logging_mixin.py:115} INFO - [2022-05-18 23:54:41,792] {dag.py:2919} INFO - Setting next_dagrun for example_branch_operator to 2022-05-17T00:00:00+00:00, run_after=2022-05-18T00:00:00+00:00
[2022-05-18 23:54:41,812] {processor.py:161} INFO - Processing /home/airflow/.local/lib/python3.7/site-packages/airflow/example_dags/example_branch_operator.py took 0.113 seconds
[2022-05-18 23:55:12,386] {processor.py:153} INFO - Started process (PID=1347) to work on /home/airflow/.local/lib/python3.7/site-packages/airflow/example_dags/example_branch_operator.py
[2022-05-18 23:55:12,387] {processor.py:641} INFO - Processing file /home/airflow/.local/lib/python3.7/site-packages/airflow/example_dags/example_branch_operator.py for tasks to queue
[2022-05-18 23:55:12,390] {logging_mixin.py:115} INFO - [2022-05-18 23:55:12,389] {dagbag.py:507} INFO - Filling up the DagBag from /home/airflow/.local/lib/python3.7/site-packages/airflow/example_dags/example_branch_operator.py
[2022-05-18 23:55:12,409] {processor.py:651} INFO - DAG(s) dict_keys(['example_branch_operator']) retrieved from /home/airflow/.local/lib/python3.7/site-packages/airflow/example_dags/example_branch_operator.py
[2022-05-18 23:55:12,444] {logging_mixin.py:115} INFO - [2022-05-18 23:55:12,444] {dag.py:2371} INFO - Sync 1 DAGs
[2022-05-18 23:55:12,475] {logging_mixin.py:115} INFO - [2022-05-18 23:55:12,475] {dag.py:2919} INFO - Setting next_dagrun for example_branch_operator to 2022-05-17T00:00:00+00:00, run_after=2022-05-18T00:00:00+00:00
[2022-05-18 23:55:12,494] {processor.py:161} INFO - Processing /home/airflow/.local/lib/python3.7/site-packages/airflow/example_dags/example_branch_operator.py took 0.111 seconds
[2022-05-18 23:55:43,093] {processor.py:153} INFO - Started process (PID=1409) to work on /home/airflow/.local/lib/python3.7/site-packages/airflow/example_dags/example_branch_operator.py
[2022-05-18 23:55:43,094] {processor.py:641} INFO - Processing file /home/airflow/.local/lib/python3.7/site-packages/airflow/example_dags/example_branch_operator.py for tasks to queue
[2022-05-18 23:55:43,096] {logging_mixin.py:115} INFO - [2022-05-18 23:55:43,095] {dagbag.py:507} INFO - Filling up the DagBag from /home/airflow/.local/lib/python3.7/site-packages/airflow/example_dags/example_branch_operator.py
[2022-05-18 23:55:43,122] {processor.py:651} INFO - DAG(s) dict_keys(['example_branch_operator']) retrieved from /home/airflow/.local/lib/python3.7/site-packages/airflow/example_dags/example_branch_operator.py
[2022-05-18 23:55:43,156] {logging_mixin.py:115} INFO - [2022-05-18 23:55:43,155] {dag.py:2371} INFO - Sync 1 DAGs
[2022-05-18 23:55:43,210] {logging_mixin.py:115} INFO - [2022-05-18 23:55:43,210] {dag.py:2919} INFO - Setting next_dagrun for example_branch_operator to 2022-05-17T00:00:00+00:00, run_after=2022-05-18T00:00:00+00:00
[2022-05-18 23:55:43,227] {processor.py:161} INFO - Processing /home/airflow/.local/lib/python3.7/site-packages/airflow/example_dags/example_branch_operator.py took 0.138 seconds
[2022-05-18 23:56:13,672] {processor.py:153} INFO - Started process (PID=1461) to work on /home/airflow/.local/lib/python3.7/site-packages/airflow/example_dags/example_branch_operator.py
[2022-05-18 23:56:13,673] {processor.py:641} INFO - Processing file /home/airflow/.local/lib/python3.7/site-packages/airflow/example_dags/example_branch_operator.py for tasks to queue
[2022-05-18 23:56:13,674] {logging_mixin.py:115} INFO - [2022-05-18 23:56:13,674] {dagbag.py:507} INFO - Filling up the DagBag from /home/airflow/.local/lib/python3.7/site-packages/airflow/example_dags/example_branch_operator.py
[2022-05-18 23:56:13,691] {processor.py:651} INFO - DAG(s) dict_keys(['example_branch_operator']) retrieved from /home/airflow/.local/lib/python3.7/site-packages/airflow/example_dags/example_branch_operator.py
[2022-05-18 23:56:13,723] {logging_mixin.py:115} INFO - [2022-05-18 23:56:13,723] {dag.py:2371} INFO - Sync 1 DAGs
[2022-05-18 23:56:13,750] {logging_mixin.py:115} INFO - [2022-05-18 23:56:13,749] {dag.py:2919} INFO - Setting next_dagrun for example_branch_operator to 2022-05-17T00:00:00+00:00, run_after=2022-05-18T00:00:00+00:00
[2022-05-18 23:56:13,766] {processor.py:161} INFO - Processing /home/airflow/.local/lib/python3.7/site-packages/airflow/example_dags/example_branch_operator.py took 0.097 seconds
[2022-05-18 23:56:44,327] {processor.py:153} INFO - Started process (PID=1523) to work on /home/airflow/.local/lib/python3.7/site-packages/airflow/example_dags/example_branch_operator.py
[2022-05-18 23:56:44,328] {processor.py:641} INFO - Processing file /home/airflow/.local/lib/python3.7/site-packages/airflow/example_dags/example_branch_operator.py for tasks to queue
[2022-05-18 23:56:44,329] {logging_mixin.py:115} INFO - [2022-05-18 23:56:44,329] {dagbag.py:507} INFO - Filling up the DagBag from /home/airflow/.local/lib/python3.7/site-packages/airflow/example_dags/example_branch_operator.py
[2022-05-18 23:56:44,349] {processor.py:651} INFO - DAG(s) dict_keys(['example_branch_operator']) retrieved from /home/airflow/.local/lib/python3.7/site-packages/airflow/example_dags/example_branch_operator.py
[2022-05-18 23:56:44,386] {logging_mixin.py:115} INFO - [2022-05-18 23:56:44,385] {dag.py:2371} INFO - Sync 1 DAGs
[2022-05-18 23:56:44,412] {logging_mixin.py:115} INFO - [2022-05-18 23:56:44,412] {dag.py:2919} INFO - Setting next_dagrun for example_branch_operator to 2022-05-17T00:00:00+00:00, run_after=2022-05-18T00:00:00+00:00
[2022-05-18 23:56:44,428] {processor.py:161} INFO - Processing /home/airflow/.local/lib/python3.7/site-packages/airflow/example_dags/example_branch_operator.py took 0.104 seconds
[2022-05-18 23:57:14,971] {processor.py:153} INFO - Started process (PID=1576) to work on /home/airflow/.local/lib/python3.7/site-packages/airflow/example_dags/example_branch_operator.py
[2022-05-18 23:57:14,972] {processor.py:641} INFO - Processing file /home/airflow/.local/lib/python3.7/site-packages/airflow/example_dags/example_branch_operator.py for tasks to queue
[2022-05-18 23:57:14,973] {logging_mixin.py:115} INFO - [2022-05-18 23:57:14,973] {dagbag.py:507} INFO - Filling up the DagBag from /home/airflow/.local/lib/python3.7/site-packages/airflow/example_dags/example_branch_operator.py
[2022-05-18 23:57:14,999] {processor.py:651} INFO - DAG(s) dict_keys(['example_branch_operator']) retrieved from /home/airflow/.local/lib/python3.7/site-packages/airflow/example_dags/example_branch_operator.py
[2022-05-18 23:57:15,036] {logging_mixin.py:115} INFO - [2022-05-18 23:57:15,036] {dag.py:2371} INFO - Sync 1 DAGs
[2022-05-18 23:57:15,068] {logging_mixin.py:115} INFO - [2022-05-18 23:57:15,068] {dag.py:2919} INFO - Setting next_dagrun for example_branch_operator to 2022-05-17T00:00:00+00:00, run_after=2022-05-18T00:00:00+00:00
[2022-05-18 23:57:15,086] {processor.py:161} INFO - Processing /home/airflow/.local/lib/python3.7/site-packages/airflow/example_dags/example_branch_operator.py took 0.118 seconds
[2022-05-18 23:57:45,455] {processor.py:153} INFO - Started process (PID=1639) to work on /home/airflow/.local/lib/python3.7/site-packages/airflow/example_dags/example_branch_operator.py
[2022-05-18 23:57:45,456] {processor.py:641} INFO - Processing file /home/airflow/.local/lib/python3.7/site-packages/airflow/example_dags/example_branch_operator.py for tasks to queue
[2022-05-18 23:57:45,457] {logging_mixin.py:115} INFO - [2022-05-18 23:57:45,457] {dagbag.py:507} INFO - Filling up the DagBag from /home/airflow/.local/lib/python3.7/site-packages/airflow/example_dags/example_branch_operator.py
[2022-05-18 23:57:45,482] {processor.py:651} INFO - DAG(s) dict_keys(['example_branch_operator']) retrieved from /home/airflow/.local/lib/python3.7/site-packages/airflow/example_dags/example_branch_operator.py
[2022-05-18 23:57:45,522] {logging_mixin.py:115} INFO - [2022-05-18 23:57:45,521] {dag.py:2371} INFO - Sync 1 DAGs
[2022-05-18 23:57:45,555] {logging_mixin.py:115} INFO - [2022-05-18 23:57:45,555] {dag.py:2919} INFO - Setting next_dagrun for example_branch_operator to 2022-05-17T00:00:00+00:00, run_after=2022-05-18T00:00:00+00:00
[2022-05-18 23:57:45,572] {processor.py:161} INFO - Processing /home/airflow/.local/lib/python3.7/site-packages/airflow/example_dags/example_branch_operator.py took 0.122 seconds
[2022-05-18 23:58:16,265] {processor.py:153} INFO - Started process (PID=1693) to work on /home/airflow/.local/lib/python3.7/site-packages/airflow/example_dags/example_branch_operator.py
[2022-05-18 23:58:16,266] {processor.py:641} INFO - Processing file /home/airflow/.local/lib/python3.7/site-packages/airflow/example_dags/example_branch_operator.py for tasks to queue
[2022-05-18 23:58:16,268] {logging_mixin.py:115} INFO - [2022-05-18 23:58:16,268] {dagbag.py:507} INFO - Filling up the DagBag from /home/airflow/.local/lib/python3.7/site-packages/airflow/example_dags/example_branch_operator.py
[2022-05-18 23:58:16,520] {processor.py:651} INFO - DAG(s) dict_keys(['example_branch_operator']) retrieved from /home/airflow/.local/lib/python3.7/site-packages/airflow/example_dags/example_branch_operator.py
[2022-05-18 23:58:16,582] {logging_mixin.py:115} INFO - [2022-05-18 23:58:16,582] {dag.py:2371} INFO - Sync 1 DAGs
[2022-05-18 23:58:16,627] {logging_mixin.py:115} INFO - [2022-05-18 23:58:16,627] {dag.py:2919} INFO - Setting next_dagrun for example_branch_operator to 2022-05-17T00:00:00+00:00, run_after=2022-05-18T00:00:00+00:00
[2022-05-18 23:58:16,650] {processor.py:161} INFO - Processing /home/airflow/.local/lib/python3.7/site-packages/airflow/example_dags/example_branch_operator.py took 0.390 seconds
[2022-05-18 23:58:48,117] {processor.py:153} INFO - Started process (PID=1750) to work on /home/airflow/.local/lib/python3.7/site-packages/airflow/example_dags/example_branch_operator.py
[2022-05-18 23:58:48,118] {processor.py:641} INFO - Processing file /home/airflow/.local/lib/python3.7/site-packages/airflow/example_dags/example_branch_operator.py for tasks to queue
[2022-05-18 23:58:48,119] {logging_mixin.py:115} INFO - [2022-05-18 23:58:48,119] {dagbag.py:507} INFO - Filling up the DagBag from /home/airflow/.local/lib/python3.7/site-packages/airflow/example_dags/example_branch_operator.py
[2022-05-18 23:58:48,278] {processor.py:651} INFO - DAG(s) dict_keys(['example_branch_operator']) retrieved from /home/airflow/.local/lib/python3.7/site-packages/airflow/example_dags/example_branch_operator.py
[2022-05-18 23:58:48,306] {logging_mixin.py:115} INFO - [2022-05-18 23:58:48,306] {dag.py:2371} INFO - Sync 1 DAGs
[2022-05-18 23:58:48,333] {logging_mixin.py:115} INFO - [2022-05-18 23:58:48,333] {dag.py:2919} INFO - Setting next_dagrun for example_branch_operator to 2022-05-17T00:00:00+00:00, run_after=2022-05-18T00:00:00+00:00
[2022-05-18 23:58:48,346] {processor.py:161} INFO - Processing /home/airflow/.local/lib/python3.7/site-packages/airflow/example_dags/example_branch_operator.py took 0.233 seconds
[2022-05-18 23:59:18,739] {processor.py:153} INFO - Started process (PID=1803) to work on /home/airflow/.local/lib/python3.7/site-packages/airflow/example_dags/example_branch_operator.py
[2022-05-18 23:59:18,740] {processor.py:641} INFO - Processing file /home/airflow/.local/lib/python3.7/site-packages/airflow/example_dags/example_branch_operator.py for tasks to queue
[2022-05-18 23:59:18,741] {logging_mixin.py:115} INFO - [2022-05-18 23:59:18,741] {dagbag.py:507} INFO - Filling up the DagBag from /home/airflow/.local/lib/python3.7/site-packages/airflow/example_dags/example_branch_operator.py
[2022-05-18 23:59:18,912] {processor.py:651} INFO - DAG(s) dict_keys(['example_branch_operator']) retrieved from /home/airflow/.local/lib/python3.7/site-packages/airflow/example_dags/example_branch_operator.py
[2022-05-18 23:59:18,941] {logging_mixin.py:115} INFO - [2022-05-18 23:59:18,941] {dag.py:2371} INFO - Sync 1 DAGs
[2022-05-18 23:59:18,975] {logging_mixin.py:115} INFO - [2022-05-18 23:59:18,975] {dag.py:2919} INFO - Setting next_dagrun for example_branch_operator to 2022-05-17T00:00:00+00:00, run_after=2022-05-18T00:00:00+00:00
[2022-05-18 23:59:18,991] {processor.py:161} INFO - Processing /home/airflow/.local/lib/python3.7/site-packages/airflow/example_dags/example_branch_operator.py took 0.256 seconds
[2022-05-18 23:59:50,061] {processor.py:153} INFO - Started process (PID=1866) to work on /home/airflow/.local/lib/python3.7/site-packages/airflow/example_dags/example_branch_operator.py
[2022-05-18 23:59:50,062] {processor.py:641} INFO - Processing file /home/airflow/.local/lib/python3.7/site-packages/airflow/example_dags/example_branch_operator.py for tasks to queue
[2022-05-18 23:59:50,063] {logging_mixin.py:115} INFO - [2022-05-18 23:59:50,063] {dagbag.py:507} INFO - Filling up the DagBag from /home/airflow/.local/lib/python3.7/site-packages/airflow/example_dags/example_branch_operator.py
[2022-05-18 23:59:50,265] {processor.py:651} INFO - DAG(s) dict_keys(['example_branch_operator']) retrieved from /home/airflow/.local/lib/python3.7/site-packages/airflow/example_dags/example_branch_operator.py
[2022-05-18 23:59:50,304] {logging_mixin.py:115} INFO - [2022-05-18 23:59:50,304] {dag.py:2371} INFO - Sync 1 DAGs
[2022-05-18 23:59:50,341] {logging_mixin.py:115} INFO - [2022-05-18 23:59:50,341] {dag.py:2919} INFO - Setting next_dagrun for example_branch_operator to 2022-05-17T00:00:00+00:00, run_after=2022-05-18T00:00:00+00:00
[2022-05-18 23:59:50,361] {processor.py:161} INFO - Processing /home/airflow/.local/lib/python3.7/site-packages/airflow/example_dags/example_branch_operator.py took 0.304 seconds
