[2022-05-18 23:42:46,686] {processor.py:153} INFO - Started process (PID=58) to work on /home/airflow/.local/lib/python3.7/site-packages/airflow/example_dags/example_short_circuit_operator.py
[2022-05-18 23:42:46,704] {processor.py:641} INFO - Processing file /home/airflow/.local/lib/python3.7/site-packages/airflow/example_dags/example_short_circuit_operator.py for tasks to queue
[2022-05-18 23:42:46,713] {logging_mixin.py:115} INFO - [2022-05-18 23:42:46,710] {dagbag.py:507} INFO - Filling up the DagBag from /home/airflow/.local/lib/python3.7/site-packages/airflow/example_dags/example_short_circuit_operator.py
[2022-05-18 23:42:46,933] {processor.py:651} INFO - DAG(s) dict_keys(['example_short_circuit_operator']) retrieved from /home/airflow/.local/lib/python3.7/site-packages/airflow/example_dags/example_short_circuit_operator.py
[2022-05-18 23:42:48,878] {logging_mixin.py:115} INFO - [2022-05-18 23:42:48,878] {manager.py:508} INFO - Created Permission View: can edit on DAG:example_short_circuit_operator
[2022-05-18 23:42:48,901] {logging_mixin.py:115} INFO - [2022-05-18 23:42:48,901] {manager.py:508} INFO - Created Permission View: can delete on DAG:example_short_circuit_operator
[2022-05-18 23:42:48,917] {logging_mixin.py:115} INFO - [2022-05-18 23:42:48,917] {manager.py:508} INFO - Created Permission View: can read on DAG:example_short_circuit_operator
[2022-05-18 23:42:48,918] {logging_mixin.py:115} INFO - [2022-05-18 23:42:48,918] {dag.py:2371} INFO - Sync 1 DAGs
[2022-05-18 23:42:48,938] {logging_mixin.py:115} INFO - [2022-05-18 23:42:48,938] {dag.py:2390} INFO - Creating ORM DAG for example_short_circuit_operator
[2022-05-18 23:42:48,968] {logging_mixin.py:115} INFO - [2022-05-18 23:42:48,967] {dag.py:2919} INFO - Setting next_dagrun for example_short_circuit_operator to 2022-05-17T23:42:48.966412+00:00, run_after=2022-05-18T23:42:48.966412+00:00
[2022-05-18 23:42:49,001] {processor.py:161} INFO - Processing /home/airflow/.local/lib/python3.7/site-packages/airflow/example_dags/example_short_circuit_operator.py took 2.370 seconds
[2022-05-18 23:43:19,369] {processor.py:153} INFO - Started process (PID=110) to work on /home/airflow/.local/lib/python3.7/site-packages/airflow/example_dags/example_short_circuit_operator.py
[2022-05-18 23:43:19,370] {processor.py:641} INFO - Processing file /home/airflow/.local/lib/python3.7/site-packages/airflow/example_dags/example_short_circuit_operator.py for tasks to queue
[2022-05-18 23:43:19,372] {logging_mixin.py:115} INFO - [2022-05-18 23:43:19,371] {dagbag.py:507} INFO - Filling up the DagBag from /home/airflow/.local/lib/python3.7/site-packages/airflow/example_dags/example_short_circuit_operator.py
[2022-05-18 23:43:19,385] {processor.py:651} INFO - DAG(s) dict_keys(['example_short_circuit_operator']) retrieved from /home/airflow/.local/lib/python3.7/site-packages/airflow/example_dags/example_short_circuit_operator.py
[2022-05-18 23:43:19,422] {logging_mixin.py:115} INFO - [2022-05-18 23:43:19,422] {dag.py:2371} INFO - Sync 1 DAGs
[2022-05-18 23:43:19,653] {logging_mixin.py:115} INFO - [2022-05-18 23:43:19,653] {dag.py:2919} INFO - Setting next_dagrun for example_short_circuit_operator to 2022-05-17T23:43:19.651791+00:00, run_after=2022-05-18T23:43:19.651791+00:00
[2022-05-18 23:43:19,676] {processor.py:161} INFO - Processing /home/airflow/.local/lib/python3.7/site-packages/airflow/example_dags/example_short_circuit_operator.py took 0.310 seconds
[2022-05-18 23:43:50,385] {processor.py:153} INFO - Started process (PID=174) to work on /home/airflow/.local/lib/python3.7/site-packages/airflow/example_dags/example_short_circuit_operator.py
[2022-05-18 23:43:50,386] {processor.py:641} INFO - Processing file /home/airflow/.local/lib/python3.7/site-packages/airflow/example_dags/example_short_circuit_operator.py for tasks to queue
[2022-05-18 23:43:50,388] {logging_mixin.py:115} INFO - [2022-05-18 23:43:50,387] {dagbag.py:507} INFO - Filling up the DagBag from /home/airflow/.local/lib/python3.7/site-packages/airflow/example_dags/example_short_circuit_operator.py
[2022-05-18 23:43:50,408] {processor.py:651} INFO - DAG(s) dict_keys(['example_short_circuit_operator']) retrieved from /home/airflow/.local/lib/python3.7/site-packages/airflow/example_dags/example_short_circuit_operator.py
[2022-05-18 23:43:50,473] {logging_mixin.py:115} INFO - [2022-05-18 23:43:50,473] {dag.py:2371} INFO - Sync 1 DAGs
[2022-05-18 23:43:50,750] {logging_mixin.py:115} INFO - [2022-05-18 23:43:50,749] {dag.py:2919} INFO - Setting next_dagrun for example_short_circuit_operator to 2022-05-17T23:43:50.746589+00:00, run_after=2022-05-18T23:43:50.746589+00:00
[2022-05-18 23:43:50,889] {processor.py:161} INFO - Processing /home/airflow/.local/lib/python3.7/site-packages/airflow/example_dags/example_short_circuit_operator.py took 0.510 seconds
[2022-05-18 23:44:21,325] {processor.py:153} INFO - Started process (PID=228) to work on /home/airflow/.local/lib/python3.7/site-packages/airflow/example_dags/example_short_circuit_operator.py
[2022-05-18 23:44:21,326] {processor.py:641} INFO - Processing file /home/airflow/.local/lib/python3.7/site-packages/airflow/example_dags/example_short_circuit_operator.py for tasks to queue
[2022-05-18 23:44:21,327] {logging_mixin.py:115} INFO - [2022-05-18 23:44:21,327] {dagbag.py:507} INFO - Filling up the DagBag from /home/airflow/.local/lib/python3.7/site-packages/airflow/example_dags/example_short_circuit_operator.py
[2022-05-18 23:44:21,341] {processor.py:651} INFO - DAG(s) dict_keys(['example_short_circuit_operator']) retrieved from /home/airflow/.local/lib/python3.7/site-packages/airflow/example_dags/example_short_circuit_operator.py
[2022-05-18 23:44:21,385] {logging_mixin.py:115} INFO - [2022-05-18 23:44:21,384] {dag.py:2371} INFO - Sync 1 DAGs
[2022-05-18 23:44:21,576] {logging_mixin.py:115} INFO - [2022-05-18 23:44:21,576] {dag.py:2919} INFO - Setting next_dagrun for example_short_circuit_operator to 2022-05-17T23:44:21.573549+00:00, run_after=2022-05-18T23:44:21.573549+00:00
[2022-05-18 23:44:21,607] {processor.py:161} INFO - Processing /home/airflow/.local/lib/python3.7/site-packages/airflow/example_dags/example_short_circuit_operator.py took 0.288 seconds
[2022-05-18 23:44:51,726] {processor.py:153} INFO - Started process (PID=281) to work on /home/airflow/.local/lib/python3.7/site-packages/airflow/example_dags/example_short_circuit_operator.py
[2022-05-18 23:44:51,727] {processor.py:641} INFO - Processing file /home/airflow/.local/lib/python3.7/site-packages/airflow/example_dags/example_short_circuit_operator.py for tasks to queue
[2022-05-18 23:44:51,728] {logging_mixin.py:115} INFO - [2022-05-18 23:44:51,728] {dagbag.py:507} INFO - Filling up the DagBag from /home/airflow/.local/lib/python3.7/site-packages/airflow/example_dags/example_short_circuit_operator.py
[2022-05-18 23:44:51,741] {processor.py:651} INFO - DAG(s) dict_keys(['example_short_circuit_operator']) retrieved from /home/airflow/.local/lib/python3.7/site-packages/airflow/example_dags/example_short_circuit_operator.py
[2022-05-18 23:44:51,775] {logging_mixin.py:115} INFO - [2022-05-18 23:44:51,774] {dag.py:2371} INFO - Sync 1 DAGs
[2022-05-18 23:44:51,936] {logging_mixin.py:115} INFO - [2022-05-18 23:44:51,936] {dag.py:2919} INFO - Setting next_dagrun for example_short_circuit_operator to 2022-05-17T23:44:51.935427+00:00, run_after=2022-05-18T23:44:51.935427+00:00
[2022-05-18 23:44:51,952] {processor.py:161} INFO - Processing /home/airflow/.local/lib/python3.7/site-packages/airflow/example_dags/example_short_circuit_operator.py took 0.230 seconds
[2022-05-18 23:45:22,389] {processor.py:153} INFO - Started process (PID=342) to work on /home/airflow/.local/lib/python3.7/site-packages/airflow/example_dags/example_short_circuit_operator.py
[2022-05-18 23:45:22,390] {processor.py:641} INFO - Processing file /home/airflow/.local/lib/python3.7/site-packages/airflow/example_dags/example_short_circuit_operator.py for tasks to queue
[2022-05-18 23:45:22,391] {logging_mixin.py:115} INFO - [2022-05-18 23:45:22,391] {dagbag.py:507} INFO - Filling up the DagBag from /home/airflow/.local/lib/python3.7/site-packages/airflow/example_dags/example_short_circuit_operator.py
[2022-05-18 23:45:22,406] {processor.py:651} INFO - DAG(s) dict_keys(['example_short_circuit_operator']) retrieved from /home/airflow/.local/lib/python3.7/site-packages/airflow/example_dags/example_short_circuit_operator.py
[2022-05-18 23:45:22,446] {logging_mixin.py:115} INFO - [2022-05-18 23:45:22,446] {dag.py:2371} INFO - Sync 1 DAGs
[2022-05-18 23:45:22,673] {logging_mixin.py:115} INFO - [2022-05-18 23:45:22,673] {dag.py:2919} INFO - Setting next_dagrun for example_short_circuit_operator to 2022-05-17T23:45:22.673303+00:00, run_after=2022-05-18T23:45:22.673303+00:00
[2022-05-18 23:45:22,695] {processor.py:161} INFO - Processing /home/airflow/.local/lib/python3.7/site-packages/airflow/example_dags/example_short_circuit_operator.py took 0.311 seconds
[2022-05-18 23:45:53,336] {processor.py:153} INFO - Started process (PID=398) to work on /home/airflow/.local/lib/python3.7/site-packages/airflow/example_dags/example_short_circuit_operator.py
[2022-05-18 23:45:53,337] {processor.py:641} INFO - Processing file /home/airflow/.local/lib/python3.7/site-packages/airflow/example_dags/example_short_circuit_operator.py for tasks to queue
[2022-05-18 23:45:53,338] {logging_mixin.py:115} INFO - [2022-05-18 23:45:53,338] {dagbag.py:507} INFO - Filling up the DagBag from /home/airflow/.local/lib/python3.7/site-packages/airflow/example_dags/example_short_circuit_operator.py
[2022-05-18 23:45:53,367] {processor.py:651} INFO - DAG(s) dict_keys(['example_short_circuit_operator']) retrieved from /home/airflow/.local/lib/python3.7/site-packages/airflow/example_dags/example_short_circuit_operator.py
[2022-05-18 23:45:53,430] {logging_mixin.py:115} INFO - [2022-05-18 23:45:53,430] {dag.py:2371} INFO - Sync 1 DAGs
[2022-05-18 23:45:53,684] {logging_mixin.py:115} INFO - [2022-05-18 23:45:53,684] {dag.py:2919} INFO - Setting next_dagrun for example_short_circuit_operator to 2022-05-17T23:45:53.681960+00:00, run_after=2022-05-18T23:45:53.681960+00:00
[2022-05-18 23:45:53,709] {processor.py:161} INFO - Processing /home/airflow/.local/lib/python3.7/site-packages/airflow/example_dags/example_short_circuit_operator.py took 0.377 seconds
[2022-05-18 23:46:24,264] {processor.py:153} INFO - Started process (PID=452) to work on /home/airflow/.local/lib/python3.7/site-packages/airflow/example_dags/example_short_circuit_operator.py
[2022-05-18 23:46:24,266] {processor.py:641} INFO - Processing file /home/airflow/.local/lib/python3.7/site-packages/airflow/example_dags/example_short_circuit_operator.py for tasks to queue
[2022-05-18 23:46:24,268] {logging_mixin.py:115} INFO - [2022-05-18 23:46:24,267] {dagbag.py:507} INFO - Filling up the DagBag from /home/airflow/.local/lib/python3.7/site-packages/airflow/example_dags/example_short_circuit_operator.py
[2022-05-18 23:46:24,292] {processor.py:651} INFO - DAG(s) dict_keys(['example_short_circuit_operator']) retrieved from /home/airflow/.local/lib/python3.7/site-packages/airflow/example_dags/example_short_circuit_operator.py
[2022-05-18 23:46:24,362] {logging_mixin.py:115} INFO - [2022-05-18 23:46:24,361] {dag.py:2371} INFO - Sync 1 DAGs
[2022-05-18 23:46:24,607] {logging_mixin.py:115} INFO - [2022-05-18 23:46:24,607] {dag.py:2919} INFO - Setting next_dagrun for example_short_circuit_operator to 2022-05-17T23:46:24.606516+00:00, run_after=2022-05-18T23:46:24.606516+00:00
[2022-05-18 23:46:24,627] {processor.py:161} INFO - Processing /home/airflow/.local/lib/python3.7/site-packages/airflow/example_dags/example_short_circuit_operator.py took 0.369 seconds
[2022-05-18 23:46:55,255] {processor.py:153} INFO - Started process (PID=506) to work on /home/airflow/.local/lib/python3.7/site-packages/airflow/example_dags/example_short_circuit_operator.py
[2022-05-18 23:46:55,256] {processor.py:641} INFO - Processing file /home/airflow/.local/lib/python3.7/site-packages/airflow/example_dags/example_short_circuit_operator.py for tasks to queue
[2022-05-18 23:46:55,257] {logging_mixin.py:115} INFO - [2022-05-18 23:46:55,257] {dagbag.py:507} INFO - Filling up the DagBag from /home/airflow/.local/lib/python3.7/site-packages/airflow/example_dags/example_short_circuit_operator.py
[2022-05-18 23:46:55,284] {processor.py:651} INFO - DAG(s) dict_keys(['example_short_circuit_operator']) retrieved from /home/airflow/.local/lib/python3.7/site-packages/airflow/example_dags/example_short_circuit_operator.py
[2022-05-18 23:46:55,321] {logging_mixin.py:115} INFO - [2022-05-18 23:46:55,320] {dag.py:2371} INFO - Sync 1 DAGs
[2022-05-18 23:46:55,516] {logging_mixin.py:115} INFO - [2022-05-18 23:46:55,516] {dag.py:2919} INFO - Setting next_dagrun for example_short_circuit_operator to 2022-05-17T23:46:55.514073+00:00, run_after=2022-05-18T23:46:55.514073+00:00
[2022-05-18 23:46:55,541] {processor.py:161} INFO - Processing /home/airflow/.local/lib/python3.7/site-packages/airflow/example_dags/example_short_circuit_operator.py took 0.289 seconds
[2022-05-18 23:47:26,202] {processor.py:153} INFO - Started process (PID=568) to work on /home/airflow/.local/lib/python3.7/site-packages/airflow/example_dags/example_short_circuit_operator.py
[2022-05-18 23:47:26,203] {processor.py:641} INFO - Processing file /home/airflow/.local/lib/python3.7/site-packages/airflow/example_dags/example_short_circuit_operator.py for tasks to queue
[2022-05-18 23:47:26,204] {logging_mixin.py:115} INFO - [2022-05-18 23:47:26,204] {dagbag.py:507} INFO - Filling up the DagBag from /home/airflow/.local/lib/python3.7/site-packages/airflow/example_dags/example_short_circuit_operator.py
[2022-05-18 23:47:26,216] {processor.py:651} INFO - DAG(s) dict_keys(['example_short_circuit_operator']) retrieved from /home/airflow/.local/lib/python3.7/site-packages/airflow/example_dags/example_short_circuit_operator.py
[2022-05-18 23:47:26,264] {logging_mixin.py:115} INFO - [2022-05-18 23:47:26,263] {dag.py:2371} INFO - Sync 1 DAGs
[2022-05-18 23:47:26,894] {logging_mixin.py:115} INFO - [2022-05-18 23:47:26,892] {dag.py:2919} INFO - Setting next_dagrun for example_short_circuit_operator to 2022-05-17T23:47:26.886518+00:00, run_after=2022-05-18T23:47:26.886518+00:00
[2022-05-18 23:47:27,762] {processor.py:161} INFO - Processing /home/airflow/.local/lib/python3.7/site-packages/airflow/example_dags/example_short_circuit_operator.py took 1.564 seconds
[2022-05-18 23:47:57,948] {processor.py:153} INFO - Started process (PID=622) to work on /home/airflow/.local/lib/python3.7/site-packages/airflow/example_dags/example_short_circuit_operator.py
[2022-05-18 23:47:57,949] {processor.py:641} INFO - Processing file /home/airflow/.local/lib/python3.7/site-packages/airflow/example_dags/example_short_circuit_operator.py for tasks to queue
[2022-05-18 23:47:57,950] {logging_mixin.py:115} INFO - [2022-05-18 23:47:57,950] {dagbag.py:507} INFO - Filling up the DagBag from /home/airflow/.local/lib/python3.7/site-packages/airflow/example_dags/example_short_circuit_operator.py
[2022-05-18 23:47:57,962] {processor.py:651} INFO - DAG(s) dict_keys(['example_short_circuit_operator']) retrieved from /home/airflow/.local/lib/python3.7/site-packages/airflow/example_dags/example_short_circuit_operator.py
[2022-05-18 23:47:58,000] {logging_mixin.py:115} INFO - [2022-05-18 23:47:58,000] {dag.py:2371} INFO - Sync 1 DAGs
[2022-05-18 23:47:58,166] {logging_mixin.py:115} INFO - [2022-05-18 23:47:58,166] {dag.py:2919} INFO - Setting next_dagrun for example_short_circuit_operator to 2022-05-17T23:47:58.165416+00:00, run_after=2022-05-18T23:47:58.165416+00:00
[2022-05-18 23:47:58,181] {processor.py:161} INFO - Processing /home/airflow/.local/lib/python3.7/site-packages/airflow/example_dags/example_short_circuit_operator.py took 0.236 seconds
[2022-05-18 23:48:31,918] {processor.py:153} INFO - Started process (PID=643) to work on /home/airflow/.local/lib/python3.7/site-packages/airflow/example_dags/example_short_circuit_operator.py
[2022-05-18 23:48:31,919] {processor.py:641} INFO - Processing file /home/airflow/.local/lib/python3.7/site-packages/airflow/example_dags/example_short_circuit_operator.py for tasks to queue
[2022-05-18 23:48:31,920] {logging_mixin.py:115} INFO - [2022-05-18 23:48:31,920] {dagbag.py:507} INFO - Filling up the DagBag from /home/airflow/.local/lib/python3.7/site-packages/airflow/example_dags/example_short_circuit_operator.py
[2022-05-18 23:48:31,934] {processor.py:651} INFO - DAG(s) dict_keys(['example_short_circuit_operator']) retrieved from /home/airflow/.local/lib/python3.7/site-packages/airflow/example_dags/example_short_circuit_operator.py
[2022-05-18 23:48:31,975] {logging_mixin.py:115} INFO - [2022-05-18 23:48:31,975] {dag.py:2371} INFO - Sync 1 DAGs
[2022-05-18 23:48:32,132] {logging_mixin.py:115} INFO - [2022-05-18 23:48:32,132] {dag.py:2919} INFO - Setting next_dagrun for example_short_circuit_operator to 2022-05-17T23:48:32.132164+00:00, run_after=2022-05-18T23:48:32.132164+00:00
[2022-05-18 23:48:32,147] {processor.py:161} INFO - Processing /home/airflow/.local/lib/python3.7/site-packages/airflow/example_dags/example_short_circuit_operator.py took 0.234 seconds
[2022-05-18 23:49:02,545] {processor.py:153} INFO - Started process (PID=697) to work on /home/airflow/.local/lib/python3.7/site-packages/airflow/example_dags/example_short_circuit_operator.py
[2022-05-18 23:49:02,546] {processor.py:641} INFO - Processing file /home/airflow/.local/lib/python3.7/site-packages/airflow/example_dags/example_short_circuit_operator.py for tasks to queue
[2022-05-18 23:49:02,547] {logging_mixin.py:115} INFO - [2022-05-18 23:49:02,547] {dagbag.py:507} INFO - Filling up the DagBag from /home/airflow/.local/lib/python3.7/site-packages/airflow/example_dags/example_short_circuit_operator.py
[2022-05-18 23:49:02,559] {processor.py:651} INFO - DAG(s) dict_keys(['example_short_circuit_operator']) retrieved from /home/airflow/.local/lib/python3.7/site-packages/airflow/example_dags/example_short_circuit_operator.py
[2022-05-18 23:49:02,595] {logging_mixin.py:115} INFO - [2022-05-18 23:49:02,595] {dag.py:2371} INFO - Sync 1 DAGs
[2022-05-18 23:49:02,759] {logging_mixin.py:115} INFO - [2022-05-18 23:49:02,759] {dag.py:2919} INFO - Setting next_dagrun for example_short_circuit_operator to 2022-05-17T23:49:02.759114+00:00, run_after=2022-05-18T23:49:02.759114+00:00
[2022-05-18 23:49:02,774] {processor.py:161} INFO - Processing /home/airflow/.local/lib/python3.7/site-packages/airflow/example_dags/example_short_circuit_operator.py took 0.232 seconds
[2022-05-18 23:49:34,299] {processor.py:153} INFO - Started process (PID=759) to work on /home/airflow/.local/lib/python3.7/site-packages/airflow/example_dags/example_short_circuit_operator.py
[2022-05-18 23:49:34,300] {processor.py:641} INFO - Processing file /home/airflow/.local/lib/python3.7/site-packages/airflow/example_dags/example_short_circuit_operator.py for tasks to queue
[2022-05-18 23:49:34,301] {logging_mixin.py:115} INFO - [2022-05-18 23:49:34,301] {dagbag.py:507} INFO - Filling up the DagBag from /home/airflow/.local/lib/python3.7/site-packages/airflow/example_dags/example_short_circuit_operator.py
[2022-05-18 23:49:34,320] {processor.py:651} INFO - DAG(s) dict_keys(['example_short_circuit_operator']) retrieved from /home/airflow/.local/lib/python3.7/site-packages/airflow/example_dags/example_short_circuit_operator.py
[2022-05-18 23:49:34,375] {logging_mixin.py:115} INFO - [2022-05-18 23:49:34,375] {dag.py:2371} INFO - Sync 1 DAGs
[2022-05-18 23:49:34,598] {logging_mixin.py:115} INFO - [2022-05-18 23:49:34,597] {dag.py:2919} INFO - Setting next_dagrun for example_short_circuit_operator to 2022-05-17T23:49:34.597567+00:00, run_after=2022-05-18T23:49:34.597567+00:00
[2022-05-18 23:49:34,618] {processor.py:161} INFO - Processing /home/airflow/.local/lib/python3.7/site-packages/airflow/example_dags/example_short_circuit_operator.py took 0.325 seconds
[2022-05-18 23:50:05,310] {processor.py:153} INFO - Started process (PID=813) to work on /home/airflow/.local/lib/python3.7/site-packages/airflow/example_dags/example_short_circuit_operator.py
[2022-05-18 23:50:05,311] {processor.py:641} INFO - Processing file /home/airflow/.local/lib/python3.7/site-packages/airflow/example_dags/example_short_circuit_operator.py for tasks to queue
[2022-05-18 23:50:05,312] {logging_mixin.py:115} INFO - [2022-05-18 23:50:05,312] {dagbag.py:507} INFO - Filling up the DagBag from /home/airflow/.local/lib/python3.7/site-packages/airflow/example_dags/example_short_circuit_operator.py
[2022-05-18 23:50:05,331] {processor.py:651} INFO - DAG(s) dict_keys(['example_short_circuit_operator']) retrieved from /home/airflow/.local/lib/python3.7/site-packages/airflow/example_dags/example_short_circuit_operator.py
[2022-05-18 23:50:05,365] {logging_mixin.py:115} INFO - [2022-05-18 23:50:05,365] {dag.py:2371} INFO - Sync 1 DAGs
[2022-05-18 23:50:05,510] {logging_mixin.py:115} INFO - [2022-05-18 23:50:05,510] {dag.py:2919} INFO - Setting next_dagrun for example_short_circuit_operator to 2022-05-17T23:50:05.509955+00:00, run_after=2022-05-18T23:50:05.509955+00:00
[2022-05-18 23:50:05,523] {processor.py:161} INFO - Processing /home/airflow/.local/lib/python3.7/site-packages/airflow/example_dags/example_short_circuit_operator.py took 0.217 seconds
[2022-05-18 23:50:35,605] {processor.py:153} INFO - Started process (PID=876) to work on /home/airflow/.local/lib/python3.7/site-packages/airflow/example_dags/example_short_circuit_operator.py
[2022-05-18 23:50:35,606] {processor.py:641} INFO - Processing file /home/airflow/.local/lib/python3.7/site-packages/airflow/example_dags/example_short_circuit_operator.py for tasks to queue
[2022-05-18 23:50:35,607] {logging_mixin.py:115} INFO - [2022-05-18 23:50:35,607] {dagbag.py:507} INFO - Filling up the DagBag from /home/airflow/.local/lib/python3.7/site-packages/airflow/example_dags/example_short_circuit_operator.py
[2022-05-18 23:50:35,625] {processor.py:651} INFO - DAG(s) dict_keys(['example_short_circuit_operator']) retrieved from /home/airflow/.local/lib/python3.7/site-packages/airflow/example_dags/example_short_circuit_operator.py
[2022-05-18 23:50:35,667] {logging_mixin.py:115} INFO - [2022-05-18 23:50:35,667] {dag.py:2371} INFO - Sync 1 DAGs
[2022-05-18 23:50:35,863] {logging_mixin.py:115} INFO - [2022-05-18 23:50:35,863] {dag.py:2919} INFO - Setting next_dagrun for example_short_circuit_operator to 2022-05-17T23:50:35.862582+00:00, run_after=2022-05-18T23:50:35.862582+00:00
[2022-05-18 23:50:35,882] {processor.py:161} INFO - Processing /home/airflow/.local/lib/python3.7/site-packages/airflow/example_dags/example_short_circuit_operator.py took 0.281 seconds
[2022-05-18 23:51:09,127] {processor.py:153} INFO - Started process (PID=893) to work on /home/airflow/.local/lib/python3.7/site-packages/airflow/example_dags/example_short_circuit_operator.py
[2022-05-18 23:51:09,128] {processor.py:641} INFO - Processing file /home/airflow/.local/lib/python3.7/site-packages/airflow/example_dags/example_short_circuit_operator.py for tasks to queue
[2022-05-18 23:51:09,130] {logging_mixin.py:115} INFO - [2022-05-18 23:51:09,130] {dagbag.py:507} INFO - Filling up the DagBag from /home/airflow/.local/lib/python3.7/site-packages/airflow/example_dags/example_short_circuit_operator.py
[2022-05-18 23:51:09,154] {processor.py:651} INFO - DAG(s) dict_keys(['example_short_circuit_operator']) retrieved from /home/airflow/.local/lib/python3.7/site-packages/airflow/example_dags/example_short_circuit_operator.py
[2022-05-18 23:51:09,222] {logging_mixin.py:115} INFO - [2022-05-18 23:51:09,222] {dag.py:2371} INFO - Sync 1 DAGs
[2022-05-18 23:51:09,500] {logging_mixin.py:115} INFO - [2022-05-18 23:51:09,500] {dag.py:2919} INFO - Setting next_dagrun for example_short_circuit_operator to 2022-05-17T23:51:09.500096+00:00, run_after=2022-05-18T23:51:09.500096+00:00
[2022-05-18 23:51:09,525] {processor.py:161} INFO - Processing /home/airflow/.local/lib/python3.7/site-packages/airflow/example_dags/example_short_circuit_operator.py took 0.406 seconds
[2022-05-18 23:51:39,569] {processor.py:153} INFO - Started process (PID=946) to work on /home/airflow/.local/lib/python3.7/site-packages/airflow/example_dags/example_short_circuit_operator.py
[2022-05-18 23:51:39,570] {processor.py:641} INFO - Processing file /home/airflow/.local/lib/python3.7/site-packages/airflow/example_dags/example_short_circuit_operator.py for tasks to queue
[2022-05-18 23:51:39,571] {logging_mixin.py:115} INFO - [2022-05-18 23:51:39,571] {dagbag.py:507} INFO - Filling up the DagBag from /home/airflow/.local/lib/python3.7/site-packages/airflow/example_dags/example_short_circuit_operator.py
[2022-05-18 23:51:39,586] {processor.py:651} INFO - DAG(s) dict_keys(['example_short_circuit_operator']) retrieved from /home/airflow/.local/lib/python3.7/site-packages/airflow/example_dags/example_short_circuit_operator.py
[2022-05-18 23:51:39,627] {logging_mixin.py:115} INFO - [2022-05-18 23:51:39,627] {dag.py:2371} INFO - Sync 1 DAGs
[2022-05-18 23:51:39,776] {logging_mixin.py:115} INFO - [2022-05-18 23:51:39,776] {dag.py:2919} INFO - Setting next_dagrun for example_short_circuit_operator to 2022-05-17T23:51:39.775487+00:00, run_after=2022-05-18T23:51:39.775487+00:00
[2022-05-18 23:51:39,790] {processor.py:161} INFO - Processing /home/airflow/.local/lib/python3.7/site-packages/airflow/example_dags/example_short_circuit_operator.py took 0.225 seconds
[2022-05-18 23:52:10,108] {processor.py:153} INFO - Started process (PID=999) to work on /home/airflow/.local/lib/python3.7/site-packages/airflow/example_dags/example_short_circuit_operator.py
[2022-05-18 23:52:10,109] {processor.py:641} INFO - Processing file /home/airflow/.local/lib/python3.7/site-packages/airflow/example_dags/example_short_circuit_operator.py for tasks to queue
[2022-05-18 23:52:10,110] {logging_mixin.py:115} INFO - [2022-05-18 23:52:10,110] {dagbag.py:507} INFO - Filling up the DagBag from /home/airflow/.local/lib/python3.7/site-packages/airflow/example_dags/example_short_circuit_operator.py
[2022-05-18 23:52:10,126] {processor.py:651} INFO - DAG(s) dict_keys(['example_short_circuit_operator']) retrieved from /home/airflow/.local/lib/python3.7/site-packages/airflow/example_dags/example_short_circuit_operator.py
[2022-05-18 23:52:10,189] {logging_mixin.py:115} INFO - [2022-05-18 23:52:10,189] {dag.py:2371} INFO - Sync 1 DAGs
[2022-05-18 23:52:10,411] {logging_mixin.py:115} INFO - [2022-05-18 23:52:10,411] {dag.py:2919} INFO - Setting next_dagrun for example_short_circuit_operator to 2022-05-17T23:52:10.410735+00:00, run_after=2022-05-18T23:52:10.410735+00:00
[2022-05-18 23:52:10,442] {processor.py:161} INFO - Processing /home/airflow/.local/lib/python3.7/site-packages/airflow/example_dags/example_short_circuit_operator.py took 0.339 seconds
[2022-05-18 23:52:40,616] {processor.py:153} INFO - Started process (PID=1062) to work on /home/airflow/.local/lib/python3.7/site-packages/airflow/example_dags/example_short_circuit_operator.py
[2022-05-18 23:52:40,617] {processor.py:641} INFO - Processing file /home/airflow/.local/lib/python3.7/site-packages/airflow/example_dags/example_short_circuit_operator.py for tasks to queue
[2022-05-18 23:52:40,618] {logging_mixin.py:115} INFO - [2022-05-18 23:52:40,618] {dagbag.py:507} INFO - Filling up the DagBag from /home/airflow/.local/lib/python3.7/site-packages/airflow/example_dags/example_short_circuit_operator.py
[2022-05-18 23:52:40,631] {processor.py:651} INFO - DAG(s) dict_keys(['example_short_circuit_operator']) retrieved from /home/airflow/.local/lib/python3.7/site-packages/airflow/example_dags/example_short_circuit_operator.py
[2022-05-18 23:52:40,674] {logging_mixin.py:115} INFO - [2022-05-18 23:52:40,674] {dag.py:2371} INFO - Sync 1 DAGs
[2022-05-18 23:52:40,816] {logging_mixin.py:115} INFO - [2022-05-18 23:52:40,816] {dag.py:2919} INFO - Setting next_dagrun for example_short_circuit_operator to 2022-05-17T23:52:40.815252+00:00, run_after=2022-05-18T23:52:40.815252+00:00
[2022-05-18 23:52:40,829] {processor.py:161} INFO - Processing /home/airflow/.local/lib/python3.7/site-packages/airflow/example_dags/example_short_circuit_operator.py took 0.217 seconds
[2022-05-18 23:53:11,252] {processor.py:153} INFO - Started process (PID=1115) to work on /home/airflow/.local/lib/python3.7/site-packages/airflow/example_dags/example_short_circuit_operator.py
[2022-05-18 23:53:11,253] {processor.py:641} INFO - Processing file /home/airflow/.local/lib/python3.7/site-packages/airflow/example_dags/example_short_circuit_operator.py for tasks to queue
[2022-05-18 23:53:11,254] {logging_mixin.py:115} INFO - [2022-05-18 23:53:11,254] {dagbag.py:507} INFO - Filling up the DagBag from /home/airflow/.local/lib/python3.7/site-packages/airflow/example_dags/example_short_circuit_operator.py
[2022-05-18 23:53:11,273] {processor.py:651} INFO - DAG(s) dict_keys(['example_short_circuit_operator']) retrieved from /home/airflow/.local/lib/python3.7/site-packages/airflow/example_dags/example_short_circuit_operator.py
[2022-05-18 23:53:11,312] {logging_mixin.py:115} INFO - [2022-05-18 23:53:11,312] {dag.py:2371} INFO - Sync 1 DAGs
[2022-05-18 23:53:11,342] {logging_mixin.py:115} INFO - [2022-05-18 23:53:11,342] {dag.py:2919} INFO - Setting next_dagrun for example_short_circuit_operator to 2022-05-17T23:53:11.342393+00:00, run_after=2022-05-18T23:53:11.342393+00:00
[2022-05-18 23:53:11,359] {processor.py:161} INFO - Processing /home/airflow/.local/lib/python3.7/site-packages/airflow/example_dags/example_short_circuit_operator.py took 0.111 seconds
[2022-05-18 23:53:41,989] {processor.py:153} INFO - Started process (PID=1179) to work on /home/airflow/.local/lib/python3.7/site-packages/airflow/example_dags/example_short_circuit_operator.py
[2022-05-18 23:53:41,990] {processor.py:641} INFO - Processing file /home/airflow/.local/lib/python3.7/site-packages/airflow/example_dags/example_short_circuit_operator.py for tasks to queue
[2022-05-18 23:53:41,991] {logging_mixin.py:115} INFO - [2022-05-18 23:53:41,991] {dagbag.py:507} INFO - Filling up the DagBag from /home/airflow/.local/lib/python3.7/site-packages/airflow/example_dags/example_short_circuit_operator.py
[2022-05-18 23:53:42,016] {processor.py:651} INFO - DAG(s) dict_keys(['example_short_circuit_operator']) retrieved from /home/airflow/.local/lib/python3.7/site-packages/airflow/example_dags/example_short_circuit_operator.py
[2022-05-18 23:53:42,050] {logging_mixin.py:115} INFO - [2022-05-18 23:53:42,049] {dag.py:2371} INFO - Sync 1 DAGs
[2022-05-18 23:53:42,077] {logging_mixin.py:115} INFO - [2022-05-18 23:53:42,076] {dag.py:2919} INFO - Setting next_dagrun for example_short_circuit_operator to 2022-05-17T23:53:42.076620+00:00, run_after=2022-05-18T23:53:42.076620+00:00
[2022-05-18 23:53:42,092] {processor.py:161} INFO - Processing /home/airflow/.local/lib/python3.7/site-packages/airflow/example_dags/example_short_circuit_operator.py took 0.108 seconds
[2022-05-18 23:54:12,190] {processor.py:153} INFO - Started process (PID=1233) to work on /home/airflow/.local/lib/python3.7/site-packages/airflow/example_dags/example_short_circuit_operator.py
[2022-05-18 23:54:12,191] {processor.py:641} INFO - Processing file /home/airflow/.local/lib/python3.7/site-packages/airflow/example_dags/example_short_circuit_operator.py for tasks to queue
[2022-05-18 23:54:12,192] {logging_mixin.py:115} INFO - [2022-05-18 23:54:12,192] {dagbag.py:507} INFO - Filling up the DagBag from /home/airflow/.local/lib/python3.7/site-packages/airflow/example_dags/example_short_circuit_operator.py
[2022-05-18 23:54:12,210] {processor.py:651} INFO - DAG(s) dict_keys(['example_short_circuit_operator']) retrieved from /home/airflow/.local/lib/python3.7/site-packages/airflow/example_dags/example_short_circuit_operator.py
[2022-05-18 23:54:12,253] {logging_mixin.py:115} INFO - [2022-05-18 23:54:12,253] {dag.py:2371} INFO - Sync 1 DAGs
[2022-05-18 23:54:12,293] {logging_mixin.py:115} INFO - [2022-05-18 23:54:12,293] {dag.py:2919} INFO - Setting next_dagrun for example_short_circuit_operator to 2022-05-17T23:54:12.292717+00:00, run_after=2022-05-18T23:54:12.292717+00:00
[2022-05-18 23:54:12,310] {processor.py:161} INFO - Processing /home/airflow/.local/lib/python3.7/site-packages/airflow/example_dags/example_short_circuit_operator.py took 0.123 seconds
[2022-05-18 23:54:42,848] {processor.py:153} INFO - Started process (PID=1296) to work on /home/airflow/.local/lib/python3.7/site-packages/airflow/example_dags/example_short_circuit_operator.py
[2022-05-18 23:54:42,849] {processor.py:641} INFO - Processing file /home/airflow/.local/lib/python3.7/site-packages/airflow/example_dags/example_short_circuit_operator.py for tasks to queue
[2022-05-18 23:54:42,850] {logging_mixin.py:115} INFO - [2022-05-18 23:54:42,850] {dagbag.py:507} INFO - Filling up the DagBag from /home/airflow/.local/lib/python3.7/site-packages/airflow/example_dags/example_short_circuit_operator.py
[2022-05-18 23:54:42,871] {processor.py:651} INFO - DAG(s) dict_keys(['example_short_circuit_operator']) retrieved from /home/airflow/.local/lib/python3.7/site-packages/airflow/example_dags/example_short_circuit_operator.py
[2022-05-18 23:54:42,914] {logging_mixin.py:115} INFO - [2022-05-18 23:54:42,914] {dag.py:2371} INFO - Sync 1 DAGs
[2022-05-18 23:54:42,940] {logging_mixin.py:115} INFO - [2022-05-18 23:54:42,940] {dag.py:2919} INFO - Setting next_dagrun for example_short_circuit_operator to 2022-05-17T23:54:42.940145+00:00, run_after=2022-05-18T23:54:42.940145+00:00
[2022-05-18 23:54:42,956] {processor.py:161} INFO - Processing /home/airflow/.local/lib/python3.7/site-packages/airflow/example_dags/example_short_circuit_operator.py took 0.113 seconds
[2022-05-18 23:55:13,408] {processor.py:153} INFO - Started process (PID=1349) to work on /home/airflow/.local/lib/python3.7/site-packages/airflow/example_dags/example_short_circuit_operator.py
[2022-05-18 23:55:13,409] {processor.py:641} INFO - Processing file /home/airflow/.local/lib/python3.7/site-packages/airflow/example_dags/example_short_circuit_operator.py for tasks to queue
[2022-05-18 23:55:13,410] {logging_mixin.py:115} INFO - [2022-05-18 23:55:13,410] {dagbag.py:507} INFO - Filling up the DagBag from /home/airflow/.local/lib/python3.7/site-packages/airflow/example_dags/example_short_circuit_operator.py
[2022-05-18 23:55:13,429] {processor.py:651} INFO - DAG(s) dict_keys(['example_short_circuit_operator']) retrieved from /home/airflow/.local/lib/python3.7/site-packages/airflow/example_dags/example_short_circuit_operator.py
[2022-05-18 23:55:13,467] {logging_mixin.py:115} INFO - [2022-05-18 23:55:13,466] {dag.py:2371} INFO - Sync 1 DAGs
[2022-05-18 23:55:13,502] {logging_mixin.py:115} INFO - [2022-05-18 23:55:13,502] {dag.py:2919} INFO - Setting next_dagrun for example_short_circuit_operator to 2022-05-17T23:55:13.501563+00:00, run_after=2022-05-18T23:55:13.501563+00:00
[2022-05-18 23:55:13,522] {processor.py:161} INFO - Processing /home/airflow/.local/lib/python3.7/site-packages/airflow/example_dags/example_short_circuit_operator.py took 0.119 seconds
[2022-05-18 23:55:44,257] {processor.py:153} INFO - Started process (PID=1411) to work on /home/airflow/.local/lib/python3.7/site-packages/airflow/example_dags/example_short_circuit_operator.py
[2022-05-18 23:55:44,258] {processor.py:641} INFO - Processing file /home/airflow/.local/lib/python3.7/site-packages/airflow/example_dags/example_short_circuit_operator.py for tasks to queue
[2022-05-18 23:55:44,259] {logging_mixin.py:115} INFO - [2022-05-18 23:55:44,259] {dagbag.py:507} INFO - Filling up the DagBag from /home/airflow/.local/lib/python3.7/site-packages/airflow/example_dags/example_short_circuit_operator.py
[2022-05-18 23:55:44,274] {processor.py:651} INFO - DAG(s) dict_keys(['example_short_circuit_operator']) retrieved from /home/airflow/.local/lib/python3.7/site-packages/airflow/example_dags/example_short_circuit_operator.py
[2022-05-18 23:55:44,306] {logging_mixin.py:115} INFO - [2022-05-18 23:55:44,305] {dag.py:2371} INFO - Sync 1 DAGs
[2022-05-18 23:55:44,330] {logging_mixin.py:115} INFO - [2022-05-18 23:55:44,330] {dag.py:2919} INFO - Setting next_dagrun for example_short_circuit_operator to 2022-05-17T23:55:44.330546+00:00, run_after=2022-05-18T23:55:44.330546+00:00
[2022-05-18 23:55:44,345] {processor.py:161} INFO - Processing /home/airflow/.local/lib/python3.7/site-packages/airflow/example_dags/example_short_circuit_operator.py took 0.091 seconds
[2022-05-18 23:56:14,702] {processor.py:153} INFO - Started process (PID=1470) to work on /home/airflow/.local/lib/python3.7/site-packages/airflow/example_dags/example_short_circuit_operator.py
[2022-05-18 23:56:14,703] {processor.py:641} INFO - Processing file /home/airflow/.local/lib/python3.7/site-packages/airflow/example_dags/example_short_circuit_operator.py for tasks to queue
[2022-05-18 23:56:14,704] {logging_mixin.py:115} INFO - [2022-05-18 23:56:14,704] {dagbag.py:507} INFO - Filling up the DagBag from /home/airflow/.local/lib/python3.7/site-packages/airflow/example_dags/example_short_circuit_operator.py
[2022-05-18 23:56:14,722] {processor.py:651} INFO - DAG(s) dict_keys(['example_short_circuit_operator']) retrieved from /home/airflow/.local/lib/python3.7/site-packages/airflow/example_dags/example_short_circuit_operator.py
[2022-05-18 23:56:14,763] {logging_mixin.py:115} INFO - [2022-05-18 23:56:14,763] {dag.py:2371} INFO - Sync 1 DAGs
[2022-05-18 23:56:14,797] {logging_mixin.py:115} INFO - [2022-05-18 23:56:14,797] {dag.py:2919} INFO - Setting next_dagrun for example_short_circuit_operator to 2022-05-17T23:56:14.797504+00:00, run_after=2022-05-18T23:56:14.797504+00:00
[2022-05-18 23:56:14,815] {processor.py:161} INFO - Processing /home/airflow/.local/lib/python3.7/site-packages/airflow/example_dags/example_short_circuit_operator.py took 0.117 seconds
[2022-05-18 23:56:45,459] {processor.py:153} INFO - Started process (PID=1525) to work on /home/airflow/.local/lib/python3.7/site-packages/airflow/example_dags/example_short_circuit_operator.py
[2022-05-18 23:56:45,460] {processor.py:641} INFO - Processing file /home/airflow/.local/lib/python3.7/site-packages/airflow/example_dags/example_short_circuit_operator.py for tasks to queue
[2022-05-18 23:56:45,461] {logging_mixin.py:115} INFO - [2022-05-18 23:56:45,461] {dagbag.py:507} INFO - Filling up the DagBag from /home/airflow/.local/lib/python3.7/site-packages/airflow/example_dags/example_short_circuit_operator.py
[2022-05-18 23:56:45,475] {processor.py:651} INFO - DAG(s) dict_keys(['example_short_circuit_operator']) retrieved from /home/airflow/.local/lib/python3.7/site-packages/airflow/example_dags/example_short_circuit_operator.py
[2022-05-18 23:56:45,508] {logging_mixin.py:115} INFO - [2022-05-18 23:56:45,508] {dag.py:2371} INFO - Sync 1 DAGs
[2022-05-18 23:56:45,532] {logging_mixin.py:115} INFO - [2022-05-18 23:56:45,532] {dag.py:2919} INFO - Setting next_dagrun for example_short_circuit_operator to 2022-05-17T23:56:45.532270+00:00, run_after=2022-05-18T23:56:45.532270+00:00
[2022-05-18 23:56:45,547] {processor.py:161} INFO - Processing /home/airflow/.local/lib/python3.7/site-packages/airflow/example_dags/example_short_circuit_operator.py took 0.092 seconds
[2022-05-18 23:57:16,136] {processor.py:153} INFO - Started process (PID=1578) to work on /home/airflow/.local/lib/python3.7/site-packages/airflow/example_dags/example_short_circuit_operator.py
[2022-05-18 23:57:16,137] {processor.py:641} INFO - Processing file /home/airflow/.local/lib/python3.7/site-packages/airflow/example_dags/example_short_circuit_operator.py for tasks to queue
[2022-05-18 23:57:16,138] {logging_mixin.py:115} INFO - [2022-05-18 23:57:16,138] {dagbag.py:507} INFO - Filling up the DagBag from /home/airflow/.local/lib/python3.7/site-packages/airflow/example_dags/example_short_circuit_operator.py
[2022-05-18 23:57:16,170] {processor.py:651} INFO - DAG(s) dict_keys(['example_short_circuit_operator']) retrieved from /home/airflow/.local/lib/python3.7/site-packages/airflow/example_dags/example_short_circuit_operator.py
[2022-05-18 23:57:16,285] {logging_mixin.py:115} INFO - [2022-05-18 23:57:16,284] {dag.py:2371} INFO - Sync 1 DAGs
[2022-05-18 23:57:16,356] {logging_mixin.py:115} INFO - [2022-05-18 23:57:16,356] {dag.py:2919} INFO - Setting next_dagrun for example_short_circuit_operator to 2022-05-17T23:57:16.355725+00:00, run_after=2022-05-18T23:57:16.355725+00:00
[2022-05-18 23:57:16,378] {processor.py:161} INFO - Processing /home/airflow/.local/lib/python3.7/site-packages/airflow/example_dags/example_short_circuit_operator.py took 0.252 seconds
[2022-05-18 23:57:46,608] {processor.py:153} INFO - Started process (PID=1641) to work on /home/airflow/.local/lib/python3.7/site-packages/airflow/example_dags/example_short_circuit_operator.py
[2022-05-18 23:57:46,609] {processor.py:641} INFO - Processing file /home/airflow/.local/lib/python3.7/site-packages/airflow/example_dags/example_short_circuit_operator.py for tasks to queue
[2022-05-18 23:57:46,610] {logging_mixin.py:115} INFO - [2022-05-18 23:57:46,610] {dagbag.py:507} INFO - Filling up the DagBag from /home/airflow/.local/lib/python3.7/site-packages/airflow/example_dags/example_short_circuit_operator.py
[2022-05-18 23:57:46,627] {processor.py:651} INFO - DAG(s) dict_keys(['example_short_circuit_operator']) retrieved from /home/airflow/.local/lib/python3.7/site-packages/airflow/example_dags/example_short_circuit_operator.py
[2022-05-18 23:57:46,662] {logging_mixin.py:115} INFO - [2022-05-18 23:57:46,662] {dag.py:2371} INFO - Sync 1 DAGs
[2022-05-18 23:57:46,691] {logging_mixin.py:115} INFO - [2022-05-18 23:57:46,691] {dag.py:2919} INFO - Setting next_dagrun for example_short_circuit_operator to 2022-05-17T23:57:46.691192+00:00, run_after=2022-05-18T23:57:46.691192+00:00
[2022-05-18 23:57:46,707] {processor.py:161} INFO - Processing /home/airflow/.local/lib/python3.7/site-packages/airflow/example_dags/example_short_circuit_operator.py took 0.103 seconds
[2022-05-18 23:58:16,775] {processor.py:153} INFO - Started process (PID=1695) to work on /home/airflow/.local/lib/python3.7/site-packages/airflow/example_dags/example_short_circuit_operator.py
[2022-05-18 23:58:16,776] {processor.py:641} INFO - Processing file /home/airflow/.local/lib/python3.7/site-packages/airflow/example_dags/example_short_circuit_operator.py for tasks to queue
[2022-05-18 23:58:16,778] {logging_mixin.py:115} INFO - [2022-05-18 23:58:16,777] {dagbag.py:507} INFO - Filling up the DagBag from /home/airflow/.local/lib/python3.7/site-packages/airflow/example_dags/example_short_circuit_operator.py
[2022-05-18 23:58:16,991] {processor.py:651} INFO - DAG(s) dict_keys(['example_short_circuit_operator']) retrieved from /home/airflow/.local/lib/python3.7/site-packages/airflow/example_dags/example_short_circuit_operator.py
[2022-05-18 23:58:17,031] {logging_mixin.py:115} INFO - [2022-05-18 23:58:17,030] {dag.py:2371} INFO - Sync 1 DAGs
[2022-05-18 23:58:17,070] {logging_mixin.py:115} INFO - [2022-05-18 23:58:17,070] {dag.py:2919} INFO - Setting next_dagrun for example_short_circuit_operator to 2022-05-17T23:58:17.070172+00:00, run_after=2022-05-18T23:58:17.070172+00:00
[2022-05-18 23:58:17,090] {processor.py:161} INFO - Processing /home/airflow/.local/lib/python3.7/site-packages/airflow/example_dags/example_short_circuit_operator.py took 0.320 seconds
[2022-05-18 23:58:47,562] {processor.py:153} INFO - Started process (PID=1747) to work on /home/airflow/.local/lib/python3.7/site-packages/airflow/example_dags/example_short_circuit_operator.py
[2022-05-18 23:58:47,563] {processor.py:641} INFO - Processing file /home/airflow/.local/lib/python3.7/site-packages/airflow/example_dags/example_short_circuit_operator.py for tasks to queue
[2022-05-18 23:58:47,564] {logging_mixin.py:115} INFO - [2022-05-18 23:58:47,564] {dagbag.py:507} INFO - Filling up the DagBag from /home/airflow/.local/lib/python3.7/site-packages/airflow/example_dags/example_short_circuit_operator.py
[2022-05-18 23:58:47,733] {processor.py:651} INFO - DAG(s) dict_keys(['example_short_circuit_operator']) retrieved from /home/airflow/.local/lib/python3.7/site-packages/airflow/example_dags/example_short_circuit_operator.py
[2022-05-18 23:58:47,767] {logging_mixin.py:115} INFO - [2022-05-18 23:58:47,767] {dag.py:2371} INFO - Sync 1 DAGs
[2022-05-18 23:58:47,795] {logging_mixin.py:115} INFO - [2022-05-18 23:58:47,795] {dag.py:2919} INFO - Setting next_dagrun for example_short_circuit_operator to 2022-05-17T23:58:47.794528+00:00, run_after=2022-05-18T23:58:47.794528+00:00
[2022-05-18 23:58:47,812] {processor.py:161} INFO - Processing /home/airflow/.local/lib/python3.7/site-packages/airflow/example_dags/example_short_circuit_operator.py took 0.252 seconds
[2022-05-18 23:59:17,993] {processor.py:153} INFO - Started process (PID=1800) to work on /home/airflow/.local/lib/python3.7/site-packages/airflow/example_dags/example_short_circuit_operator.py
[2022-05-18 23:59:17,995] {processor.py:641} INFO - Processing file /home/airflow/.local/lib/python3.7/site-packages/airflow/example_dags/example_short_circuit_operator.py for tasks to queue
[2022-05-18 23:59:17,996] {logging_mixin.py:115} INFO - [2022-05-18 23:59:17,996] {dagbag.py:507} INFO - Filling up the DagBag from /home/airflow/.local/lib/python3.7/site-packages/airflow/example_dags/example_short_circuit_operator.py
[2022-05-18 23:59:18,164] {processor.py:651} INFO - DAG(s) dict_keys(['example_short_circuit_operator']) retrieved from /home/airflow/.local/lib/python3.7/site-packages/airflow/example_dags/example_short_circuit_operator.py
[2022-05-18 23:59:18,210] {logging_mixin.py:115} INFO - [2022-05-18 23:59:18,210] {dag.py:2371} INFO - Sync 1 DAGs
[2022-05-18 23:59:18,250] {logging_mixin.py:115} INFO - [2022-05-18 23:59:18,250] {dag.py:2919} INFO - Setting next_dagrun for example_short_circuit_operator to 2022-05-17T23:59:18.250020+00:00, run_after=2022-05-18T23:59:18.250020+00:00
[2022-05-18 23:59:18,271] {processor.py:161} INFO - Processing /home/airflow/.local/lib/python3.7/site-packages/airflow/example_dags/example_short_circuit_operator.py took 0.281 seconds
[2022-05-18 23:59:48,389] {processor.py:153} INFO - Started process (PID=1863) to work on /home/airflow/.local/lib/python3.7/site-packages/airflow/example_dags/example_short_circuit_operator.py
[2022-05-18 23:59:48,390] {processor.py:641} INFO - Processing file /home/airflow/.local/lib/python3.7/site-packages/airflow/example_dags/example_short_circuit_operator.py for tasks to queue
[2022-05-18 23:59:48,390] {logging_mixin.py:115} INFO - [2022-05-18 23:59:48,390] {dagbag.py:507} INFO - Filling up the DagBag from /home/airflow/.local/lib/python3.7/site-packages/airflow/example_dags/example_short_circuit_operator.py
[2022-05-18 23:59:48,559] {processor.py:651} INFO - DAG(s) dict_keys(['example_short_circuit_operator']) retrieved from /home/airflow/.local/lib/python3.7/site-packages/airflow/example_dags/example_short_circuit_operator.py
[2022-05-18 23:59:48,600] {logging_mixin.py:115} INFO - [2022-05-18 23:59:48,600] {dag.py:2371} INFO - Sync 1 DAGs
[2022-05-18 23:59:48,628] {logging_mixin.py:115} INFO - [2022-05-18 23:59:48,628] {dag.py:2919} INFO - Setting next_dagrun for example_short_circuit_operator to 2022-05-17T23:59:48.627536+00:00, run_after=2022-05-18T23:59:48.627536+00:00
[2022-05-18 23:59:48,644] {processor.py:161} INFO - Processing /home/airflow/.local/lib/python3.7/site-packages/airflow/example_dags/example_short_circuit_operator.py took 0.260 seconds
