[2022-05-18 23:43:06,347] {processor.py:153} INFO - Started process (PID=94) to work on /home/airflow/.local/lib/python3.7/site-packages/airflow/example_dags/example_trigger_target_dag.py
[2022-05-18 23:43:06,349] {processor.py:641} INFO - Processing file /home/airflow/.local/lib/python3.7/site-packages/airflow/example_dags/example_trigger_target_dag.py for tasks to queue
[2022-05-18 23:43:06,352] {logging_mixin.py:115} INFO - [2022-05-18 23:43:06,352] {dagbag.py:507} INFO - Filling up the DagBag from /home/airflow/.local/lib/python3.7/site-packages/airflow/example_dags/example_trigger_target_dag.py
[2022-05-18 23:43:06,471] {processor.py:651} INFO - DAG(s) dict_keys(['example_trigger_target_dag']) retrieved from /home/airflow/.local/lib/python3.7/site-packages/airflow/example_dags/example_trigger_target_dag.py
[2022-05-18 23:43:07,107] {logging_mixin.py:115} INFO - [2022-05-18 23:43:07,107] {manager.py:508} INFO - Created Permission View: can edit on DAG:example_trigger_target_dag
[2022-05-18 23:43:07,134] {logging_mixin.py:115} INFO - [2022-05-18 23:43:07,134] {manager.py:508} INFO - Created Permission View: can delete on DAG:example_trigger_target_dag
[2022-05-18 23:43:07,157] {logging_mixin.py:115} INFO - [2022-05-18 23:43:07,156] {manager.py:508} INFO - Created Permission View: can read on DAG:example_trigger_target_dag
[2022-05-18 23:43:07,158] {logging_mixin.py:115} INFO - [2022-05-18 23:43:07,158] {dag.py:2371} INFO - Sync 1 DAGs
[2022-05-18 23:43:07,181] {logging_mixin.py:115} INFO - [2022-05-18 23:43:07,181] {dag.py:2390} INFO - Creating ORM DAG for example_trigger_target_dag
[2022-05-18 23:43:07,208] {logging_mixin.py:115} INFO - [2022-05-18 23:43:07,208] {dag.py:2919} INFO - Setting next_dagrun for example_trigger_target_dag to None, run_after=None
[2022-05-18 23:43:07,248] {processor.py:161} INFO - Processing /home/airflow/.local/lib/python3.7/site-packages/airflow/example_dags/example_trigger_target_dag.py took 0.909 seconds
[2022-05-18 23:43:37,561] {processor.py:153} INFO - Started process (PID=157) to work on /home/airflow/.local/lib/python3.7/site-packages/airflow/example_dags/example_trigger_target_dag.py
[2022-05-18 23:43:37,562] {processor.py:641} INFO - Processing file /home/airflow/.local/lib/python3.7/site-packages/airflow/example_dags/example_trigger_target_dag.py for tasks to queue
[2022-05-18 23:43:37,563] {logging_mixin.py:115} INFO - [2022-05-18 23:43:37,563] {dagbag.py:507} INFO - Filling up the DagBag from /home/airflow/.local/lib/python3.7/site-packages/airflow/example_dags/example_trigger_target_dag.py
[2022-05-18 23:43:37,602] {processor.py:651} INFO - DAG(s) dict_keys(['example_trigger_target_dag']) retrieved from /home/airflow/.local/lib/python3.7/site-packages/airflow/example_dags/example_trigger_target_dag.py
[2022-05-18 23:43:37,652] {logging_mixin.py:115} INFO - [2022-05-18 23:43:37,652] {dag.py:2371} INFO - Sync 1 DAGs
[2022-05-18 23:43:38,499] {logging_mixin.py:115} INFO - [2022-05-18 23:43:38,498] {dag.py:2919} INFO - Setting next_dagrun for example_trigger_target_dag to None, run_after=None
[2022-05-18 23:43:38,547] {processor.py:161} INFO - Processing /home/airflow/.local/lib/python3.7/site-packages/airflow/example_dags/example_trigger_target_dag.py took 0.992 seconds
[2022-05-18 23:44:08,844] {processor.py:153} INFO - Started process (PID=211) to work on /home/airflow/.local/lib/python3.7/site-packages/airflow/example_dags/example_trigger_target_dag.py
[2022-05-18 23:44:08,845] {processor.py:641} INFO - Processing file /home/airflow/.local/lib/python3.7/site-packages/airflow/example_dags/example_trigger_target_dag.py for tasks to queue
[2022-05-18 23:44:08,846] {logging_mixin.py:115} INFO - [2022-05-18 23:44:08,846] {dagbag.py:507} INFO - Filling up the DagBag from /home/airflow/.local/lib/python3.7/site-packages/airflow/example_dags/example_trigger_target_dag.py
[2022-05-18 23:44:08,887] {processor.py:651} INFO - DAG(s) dict_keys(['example_trigger_target_dag']) retrieved from /home/airflow/.local/lib/python3.7/site-packages/airflow/example_dags/example_trigger_target_dag.py
[2022-05-18 23:44:08,939] {logging_mixin.py:115} INFO - [2022-05-18 23:44:08,939] {dag.py:2371} INFO - Sync 1 DAGs
[2022-05-18 23:44:09,311] {logging_mixin.py:115} INFO - [2022-05-18 23:44:09,304] {dag.py:2919} INFO - Setting next_dagrun for example_trigger_target_dag to None, run_after=None
[2022-05-18 23:44:09,392] {processor.py:161} INFO - Processing /home/airflow/.local/lib/python3.7/site-packages/airflow/example_dags/example_trigger_target_dag.py took 0.553 seconds
[2022-05-18 23:44:39,927] {processor.py:153} INFO - Started process (PID=272) to work on /home/airflow/.local/lib/python3.7/site-packages/airflow/example_dags/example_trigger_target_dag.py
[2022-05-18 23:44:39,928] {processor.py:641} INFO - Processing file /home/airflow/.local/lib/python3.7/site-packages/airflow/example_dags/example_trigger_target_dag.py for tasks to queue
[2022-05-18 23:44:39,930] {logging_mixin.py:115} INFO - [2022-05-18 23:44:39,930] {dagbag.py:507} INFO - Filling up the DagBag from /home/airflow/.local/lib/python3.7/site-packages/airflow/example_dags/example_trigger_target_dag.py
[2022-05-18 23:44:39,993] {processor.py:651} INFO - DAG(s) dict_keys(['example_trigger_target_dag']) retrieved from /home/airflow/.local/lib/python3.7/site-packages/airflow/example_dags/example_trigger_target_dag.py
[2022-05-18 23:44:40,087] {logging_mixin.py:115} INFO - [2022-05-18 23:44:40,087] {dag.py:2371} INFO - Sync 1 DAGs
[2022-05-18 23:44:40,517] {logging_mixin.py:115} INFO - [2022-05-18 23:44:40,517] {dag.py:2919} INFO - Setting next_dagrun for example_trigger_target_dag to None, run_after=None
[2022-05-18 23:44:40,544] {processor.py:161} INFO - Processing /home/airflow/.local/lib/python3.7/site-packages/airflow/example_dags/example_trigger_target_dag.py took 0.624 seconds
[2022-05-18 23:45:10,790] {processor.py:153} INFO - Started process (PID=327) to work on /home/airflow/.local/lib/python3.7/site-packages/airflow/example_dags/example_trigger_target_dag.py
[2022-05-18 23:45:10,791] {processor.py:641} INFO - Processing file /home/airflow/.local/lib/python3.7/site-packages/airflow/example_dags/example_trigger_target_dag.py for tasks to queue
[2022-05-18 23:45:10,792] {logging_mixin.py:115} INFO - [2022-05-18 23:45:10,792] {dagbag.py:507} INFO - Filling up the DagBag from /home/airflow/.local/lib/python3.7/site-packages/airflow/example_dags/example_trigger_target_dag.py
[2022-05-18 23:45:10,823] {processor.py:651} INFO - DAG(s) dict_keys(['example_trigger_target_dag']) retrieved from /home/airflow/.local/lib/python3.7/site-packages/airflow/example_dags/example_trigger_target_dag.py
[2022-05-18 23:45:10,933] {logging_mixin.py:115} INFO - [2022-05-18 23:45:10,933] {dag.py:2371} INFO - Sync 1 DAGs
[2022-05-18 23:45:11,641] {logging_mixin.py:115} INFO - [2022-05-18 23:45:11,641] {dag.py:2919} INFO - Setting next_dagrun for example_trigger_target_dag to None, run_after=None
[2022-05-18 23:45:11,671] {processor.py:161} INFO - Processing /home/airflow/.local/lib/python3.7/site-packages/airflow/example_dags/example_trigger_target_dag.py took 0.886 seconds
[2022-05-18 23:45:42,090] {processor.py:153} INFO - Started process (PID=381) to work on /home/airflow/.local/lib/python3.7/site-packages/airflow/example_dags/example_trigger_target_dag.py
[2022-05-18 23:45:42,092] {processor.py:641} INFO - Processing file /home/airflow/.local/lib/python3.7/site-packages/airflow/example_dags/example_trigger_target_dag.py for tasks to queue
[2022-05-18 23:45:42,093] {logging_mixin.py:115} INFO - [2022-05-18 23:45:42,093] {dagbag.py:507} INFO - Filling up the DagBag from /home/airflow/.local/lib/python3.7/site-packages/airflow/example_dags/example_trigger_target_dag.py
[2022-05-18 23:45:42,126] {processor.py:651} INFO - DAG(s) dict_keys(['example_trigger_target_dag']) retrieved from /home/airflow/.local/lib/python3.7/site-packages/airflow/example_dags/example_trigger_target_dag.py
[2022-05-18 23:45:42,180] {logging_mixin.py:115} INFO - [2022-05-18 23:45:42,180] {dag.py:2371} INFO - Sync 1 DAGs
[2022-05-18 23:45:42,420] {logging_mixin.py:115} INFO - [2022-05-18 23:45:42,419] {dag.py:2919} INFO - Setting next_dagrun for example_trigger_target_dag to None, run_after=None
[2022-05-18 23:45:42,438] {processor.py:161} INFO - Processing /home/airflow/.local/lib/python3.7/site-packages/airflow/example_dags/example_trigger_target_dag.py took 0.353 seconds
[2022-05-18 23:46:14,967] {processor.py:153} INFO - Started process (PID=435) to work on /home/airflow/.local/lib/python3.7/site-packages/airflow/example_dags/example_trigger_target_dag.py
[2022-05-18 23:46:14,970] {processor.py:641} INFO - Processing file /home/airflow/.local/lib/python3.7/site-packages/airflow/example_dags/example_trigger_target_dag.py for tasks to queue
[2022-05-18 23:46:14,973] {logging_mixin.py:115} INFO - [2022-05-18 23:46:14,973] {dagbag.py:507} INFO - Filling up the DagBag from /home/airflow/.local/lib/python3.7/site-packages/airflow/example_dags/example_trigger_target_dag.py
[2022-05-18 23:46:15,087] {processor.py:651} INFO - DAG(s) dict_keys(['example_trigger_target_dag']) retrieved from /home/airflow/.local/lib/python3.7/site-packages/airflow/example_dags/example_trigger_target_dag.py
[2022-05-18 23:46:15,246] {logging_mixin.py:115} INFO - [2022-05-18 23:46:15,245] {dag.py:2371} INFO - Sync 1 DAGs
[2022-05-18 23:46:15,921] {logging_mixin.py:115} INFO - [2022-05-18 23:46:15,921] {dag.py:2919} INFO - Setting next_dagrun for example_trigger_target_dag to None, run_after=None
[2022-05-18 23:46:15,964] {processor.py:161} INFO - Processing /home/airflow/.local/lib/python3.7/site-packages/airflow/example_dags/example_trigger_target_dag.py took 1.005 seconds
[2022-05-18 23:46:47,093] {processor.py:153} INFO - Started process (PID=497) to work on /home/airflow/.local/lib/python3.7/site-packages/airflow/example_dags/example_trigger_target_dag.py
[2022-05-18 23:46:47,094] {processor.py:641} INFO - Processing file /home/airflow/.local/lib/python3.7/site-packages/airflow/example_dags/example_trigger_target_dag.py for tasks to queue
[2022-05-18 23:46:47,095] {logging_mixin.py:115} INFO - [2022-05-18 23:46:47,095] {dagbag.py:507} INFO - Filling up the DagBag from /home/airflow/.local/lib/python3.7/site-packages/airflow/example_dags/example_trigger_target_dag.py
[2022-05-18 23:46:47,125] {processor.py:651} INFO - DAG(s) dict_keys(['example_trigger_target_dag']) retrieved from /home/airflow/.local/lib/python3.7/site-packages/airflow/example_dags/example_trigger_target_dag.py
[2022-05-18 23:46:47,177] {logging_mixin.py:115} INFO - [2022-05-18 23:46:47,177] {dag.py:2371} INFO - Sync 1 DAGs
[2022-05-18 23:46:47,394] {logging_mixin.py:115} INFO - [2022-05-18 23:46:47,394] {dag.py:2919} INFO - Setting next_dagrun for example_trigger_target_dag to None, run_after=None
[2022-05-18 23:46:47,411] {processor.py:161} INFO - Processing /home/airflow/.local/lib/python3.7/site-packages/airflow/example_dags/example_trigger_target_dag.py took 0.324 seconds
[2022-05-18 23:47:17,511] {processor.py:153} INFO - Started process (PID=552) to work on /home/airflow/.local/lib/python3.7/site-packages/airflow/example_dags/example_trigger_target_dag.py
[2022-05-18 23:47:17,512] {processor.py:641} INFO - Processing file /home/airflow/.local/lib/python3.7/site-packages/airflow/example_dags/example_trigger_target_dag.py for tasks to queue
[2022-05-18 23:47:17,512] {logging_mixin.py:115} INFO - [2022-05-18 23:47:17,512] {dagbag.py:507} INFO - Filling up the DagBag from /home/airflow/.local/lib/python3.7/site-packages/airflow/example_dags/example_trigger_target_dag.py
[2022-05-18 23:47:17,539] {processor.py:651} INFO - DAG(s) dict_keys(['example_trigger_target_dag']) retrieved from /home/airflow/.local/lib/python3.7/site-packages/airflow/example_dags/example_trigger_target_dag.py
[2022-05-18 23:47:17,581] {logging_mixin.py:115} INFO - [2022-05-18 23:47:17,581] {dag.py:2371} INFO - Sync 1 DAGs
[2022-05-18 23:47:17,734] {logging_mixin.py:115} INFO - [2022-05-18 23:47:17,734] {dag.py:2919} INFO - Setting next_dagrun for example_trigger_target_dag to None, run_after=None
[2022-05-18 23:47:17,750] {processor.py:161} INFO - Processing /home/airflow/.local/lib/python3.7/site-packages/airflow/example_dags/example_trigger_target_dag.py took 0.243 seconds
[2022-05-18 23:47:47,967] {processor.py:153} INFO - Started process (PID=605) to work on /home/airflow/.local/lib/python3.7/site-packages/airflow/example_dags/example_trigger_target_dag.py
[2022-05-18 23:47:47,968] {processor.py:641} INFO - Processing file /home/airflow/.local/lib/python3.7/site-packages/airflow/example_dags/example_trigger_target_dag.py for tasks to queue
[2022-05-18 23:47:47,969] {logging_mixin.py:115} INFO - [2022-05-18 23:47:47,969] {dagbag.py:507} INFO - Filling up the DagBag from /home/airflow/.local/lib/python3.7/site-packages/airflow/example_dags/example_trigger_target_dag.py
[2022-05-18 23:47:47,995] {processor.py:651} INFO - DAG(s) dict_keys(['example_trigger_target_dag']) retrieved from /home/airflow/.local/lib/python3.7/site-packages/airflow/example_dags/example_trigger_target_dag.py
[2022-05-18 23:47:48,185] {logging_mixin.py:115} INFO - [2022-05-18 23:47:48,185] {dag.py:2371} INFO - Sync 1 DAGs
[2022-05-18 23:47:48,216] {logging_mixin.py:115} INFO - [2022-05-18 23:47:48,216] {dag.py:2919} INFO - Setting next_dagrun for example_trigger_target_dag to None, run_after=None
[2022-05-18 23:47:48,231] {processor.py:161} INFO - Processing /home/airflow/.local/lib/python3.7/site-packages/airflow/example_dags/example_trigger_target_dag.py took 0.269 seconds
[2022-05-18 23:48:34,422] {processor.py:153} INFO - Started process (PID=660) to work on /home/airflow/.local/lib/python3.7/site-packages/airflow/example_dags/example_trigger_target_dag.py
[2022-05-18 23:48:34,422] {processor.py:641} INFO - Processing file /home/airflow/.local/lib/python3.7/site-packages/airflow/example_dags/example_trigger_target_dag.py for tasks to queue
[2022-05-18 23:48:34,423] {logging_mixin.py:115} INFO - [2022-05-18 23:48:34,423] {dagbag.py:507} INFO - Filling up the DagBag from /home/airflow/.local/lib/python3.7/site-packages/airflow/example_dags/example_trigger_target_dag.py
[2022-05-18 23:48:34,449] {processor.py:651} INFO - DAG(s) dict_keys(['example_trigger_target_dag']) retrieved from /home/airflow/.local/lib/python3.7/site-packages/airflow/example_dags/example_trigger_target_dag.py
[2022-05-18 23:48:34,616] {logging_mixin.py:115} INFO - [2022-05-18 23:48:34,616] {dag.py:2371} INFO - Sync 1 DAGs
[2022-05-18 23:48:34,642] {logging_mixin.py:115} INFO - [2022-05-18 23:48:34,641] {dag.py:2919} INFO - Setting next_dagrun for example_trigger_target_dag to None, run_after=None
[2022-05-18 23:48:34,656] {processor.py:161} INFO - Processing /home/airflow/.local/lib/python3.7/site-packages/airflow/example_dags/example_trigger_target_dag.py took 0.238 seconds
[2022-05-18 23:49:04,947] {processor.py:153} INFO - Started process (PID=722) to work on /home/airflow/.local/lib/python3.7/site-packages/airflow/example_dags/example_trigger_target_dag.py
[2022-05-18 23:49:04,948] {processor.py:641} INFO - Processing file /home/airflow/.local/lib/python3.7/site-packages/airflow/example_dags/example_trigger_target_dag.py for tasks to queue
[2022-05-18 23:49:04,950] {logging_mixin.py:115} INFO - [2022-05-18 23:49:04,950] {dagbag.py:507} INFO - Filling up the DagBag from /home/airflow/.local/lib/python3.7/site-packages/airflow/example_dags/example_trigger_target_dag.py
[2022-05-18 23:49:04,990] {processor.py:651} INFO - DAG(s) dict_keys(['example_trigger_target_dag']) retrieved from /home/airflow/.local/lib/python3.7/site-packages/airflow/example_dags/example_trigger_target_dag.py
[2022-05-18 23:49:05,261] {logging_mixin.py:115} INFO - [2022-05-18 23:49:05,260] {dag.py:2371} INFO - Sync 1 DAGs
[2022-05-18 23:49:05,292] {logging_mixin.py:115} INFO - [2022-05-18 23:49:05,292] {dag.py:2919} INFO - Setting next_dagrun for example_trigger_target_dag to None, run_after=None
[2022-05-18 23:49:05,311] {processor.py:161} INFO - Processing /home/airflow/.local/lib/python3.7/site-packages/airflow/example_dags/example_trigger_target_dag.py took 0.370 seconds
[2022-05-18 23:49:38,024] {processor.py:153} INFO - Started process (PID=777) to work on /home/airflow/.local/lib/python3.7/site-packages/airflow/example_dags/example_trigger_target_dag.py
[2022-05-18 23:49:38,025] {processor.py:641} INFO - Processing file /home/airflow/.local/lib/python3.7/site-packages/airflow/example_dags/example_trigger_target_dag.py for tasks to queue
[2022-05-18 23:49:38,026] {logging_mixin.py:115} INFO - [2022-05-18 23:49:38,026] {dagbag.py:507} INFO - Filling up the DagBag from /home/airflow/.local/lib/python3.7/site-packages/airflow/example_dags/example_trigger_target_dag.py
[2022-05-18 23:49:38,063] {processor.py:651} INFO - DAG(s) dict_keys(['example_trigger_target_dag']) retrieved from /home/airflow/.local/lib/python3.7/site-packages/airflow/example_dags/example_trigger_target_dag.py
[2022-05-18 23:49:38,273] {logging_mixin.py:115} INFO - [2022-05-18 23:49:38,273] {dag.py:2371} INFO - Sync 1 DAGs
[2022-05-18 23:49:38,301] {logging_mixin.py:115} INFO - [2022-05-18 23:49:38,301] {dag.py:2919} INFO - Setting next_dagrun for example_trigger_target_dag to None, run_after=None
[2022-05-18 23:49:38,316] {processor.py:161} INFO - Processing /home/airflow/.local/lib/python3.7/site-packages/airflow/example_dags/example_trigger_target_dag.py took 0.296 seconds
[2022-05-18 23:50:08,407] {processor.py:153} INFO - Started process (PID=841) to work on /home/airflow/.local/lib/python3.7/site-packages/airflow/example_dags/example_trigger_target_dag.py
[2022-05-18 23:50:08,408] {processor.py:641} INFO - Processing file /home/airflow/.local/lib/python3.7/site-packages/airflow/example_dags/example_trigger_target_dag.py for tasks to queue
[2022-05-18 23:50:08,409] {logging_mixin.py:115} INFO - [2022-05-18 23:50:08,409] {dagbag.py:507} INFO - Filling up the DagBag from /home/airflow/.local/lib/python3.7/site-packages/airflow/example_dags/example_trigger_target_dag.py
[2022-05-18 23:50:08,437] {processor.py:651} INFO - DAG(s) dict_keys(['example_trigger_target_dag']) retrieved from /home/airflow/.local/lib/python3.7/site-packages/airflow/example_dags/example_trigger_target_dag.py
[2022-05-18 23:50:08,617] {logging_mixin.py:115} INFO - [2022-05-18 23:50:08,617] {dag.py:2371} INFO - Sync 1 DAGs
[2022-05-18 23:50:08,643] {logging_mixin.py:115} INFO - [2022-05-18 23:50:08,643] {dag.py:2919} INFO - Setting next_dagrun for example_trigger_target_dag to None, run_after=None
[2022-05-18 23:50:08,657] {processor.py:161} INFO - Processing /home/airflow/.local/lib/python3.7/site-packages/airflow/example_dags/example_trigger_target_dag.py took 0.254 seconds
[2022-05-18 23:51:15,574] {processor.py:153} INFO - Started process (PID=919) to work on /home/airflow/.local/lib/python3.7/site-packages/airflow/example_dags/example_trigger_target_dag.py
[2022-05-18 23:51:15,576] {processor.py:641} INFO - Processing file /home/airflow/.local/lib/python3.7/site-packages/airflow/example_dags/example_trigger_target_dag.py for tasks to queue
[2022-05-18 23:51:15,577] {logging_mixin.py:115} INFO - [2022-05-18 23:51:15,577] {dagbag.py:507} INFO - Filling up the DagBag from /home/airflow/.local/lib/python3.7/site-packages/airflow/example_dags/example_trigger_target_dag.py
[2022-05-18 23:51:15,618] {processor.py:651} INFO - DAG(s) dict_keys(['example_trigger_target_dag']) retrieved from /home/airflow/.local/lib/python3.7/site-packages/airflow/example_dags/example_trigger_target_dag.py
[2022-05-18 23:51:15,849] {logging_mixin.py:115} INFO - [2022-05-18 23:51:15,849] {dag.py:2371} INFO - Sync 1 DAGs
[2022-05-18 23:51:15,887] {logging_mixin.py:115} INFO - [2022-05-18 23:51:15,886] {dag.py:2919} INFO - Setting next_dagrun for example_trigger_target_dag to None, run_after=None
[2022-05-18 23:51:15,906] {processor.py:161} INFO - Processing /home/airflow/.local/lib/python3.7/site-packages/airflow/example_dags/example_trigger_target_dag.py took 0.339 seconds
[2022-05-18 23:51:46,217] {processor.py:153} INFO - Started process (PID=971) to work on /home/airflow/.local/lib/python3.7/site-packages/airflow/example_dags/example_trigger_target_dag.py
[2022-05-18 23:51:46,218] {processor.py:641} INFO - Processing file /home/airflow/.local/lib/python3.7/site-packages/airflow/example_dags/example_trigger_target_dag.py for tasks to queue
[2022-05-18 23:51:46,219] {logging_mixin.py:115} INFO - [2022-05-18 23:51:46,219] {dagbag.py:507} INFO - Filling up the DagBag from /home/airflow/.local/lib/python3.7/site-packages/airflow/example_dags/example_trigger_target_dag.py
[2022-05-18 23:51:46,252] {processor.py:651} INFO - DAG(s) dict_keys(['example_trigger_target_dag']) retrieved from /home/airflow/.local/lib/python3.7/site-packages/airflow/example_dags/example_trigger_target_dag.py
[2022-05-18 23:51:46,415] {logging_mixin.py:115} INFO - [2022-05-18 23:51:46,415] {dag.py:2371} INFO - Sync 1 DAGs
[2022-05-18 23:51:46,440] {logging_mixin.py:115} INFO - [2022-05-18 23:51:46,440] {dag.py:2919} INFO - Setting next_dagrun for example_trigger_target_dag to None, run_after=None
[2022-05-18 23:51:46,455] {processor.py:161} INFO - Processing /home/airflow/.local/lib/python3.7/site-packages/airflow/example_dags/example_trigger_target_dag.py took 0.243 seconds
[2022-05-18 23:52:16,772] {processor.py:153} INFO - Started process (PID=1033) to work on /home/airflow/.local/lib/python3.7/site-packages/airflow/example_dags/example_trigger_target_dag.py
[2022-05-18 23:52:16,773] {processor.py:641} INFO - Processing file /home/airflow/.local/lib/python3.7/site-packages/airflow/example_dags/example_trigger_target_dag.py for tasks to queue
[2022-05-18 23:52:16,774] {logging_mixin.py:115} INFO - [2022-05-18 23:52:16,774] {dagbag.py:507} INFO - Filling up the DagBag from /home/airflow/.local/lib/python3.7/site-packages/airflow/example_dags/example_trigger_target_dag.py
[2022-05-18 23:52:16,798] {processor.py:651} INFO - DAG(s) dict_keys(['example_trigger_target_dag']) retrieved from /home/airflow/.local/lib/python3.7/site-packages/airflow/example_dags/example_trigger_target_dag.py
[2022-05-18 23:52:16,947] {logging_mixin.py:115} INFO - [2022-05-18 23:52:16,947] {dag.py:2371} INFO - Sync 1 DAGs
[2022-05-18 23:52:16,973] {logging_mixin.py:115} INFO - [2022-05-18 23:52:16,973] {dag.py:2919} INFO - Setting next_dagrun for example_trigger_target_dag to None, run_after=None
[2022-05-18 23:52:16,986] {processor.py:161} INFO - Processing /home/airflow/.local/lib/python3.7/site-packages/airflow/example_dags/example_trigger_target_dag.py took 0.218 seconds
[2022-05-18 23:52:47,658] {processor.py:153} INFO - Started process (PID=1087) to work on /home/airflow/.local/lib/python3.7/site-packages/airflow/example_dags/example_trigger_target_dag.py
[2022-05-18 23:52:47,659] {processor.py:641} INFO - Processing file /home/airflow/.local/lib/python3.7/site-packages/airflow/example_dags/example_trigger_target_dag.py for tasks to queue
[2022-05-18 23:52:47,659] {logging_mixin.py:115} INFO - [2022-05-18 23:52:47,659] {dagbag.py:507} INFO - Filling up the DagBag from /home/airflow/.local/lib/python3.7/site-packages/airflow/example_dags/example_trigger_target_dag.py
[2022-05-18 23:52:47,686] {processor.py:651} INFO - DAG(s) dict_keys(['example_trigger_target_dag']) retrieved from /home/airflow/.local/lib/python3.7/site-packages/airflow/example_dags/example_trigger_target_dag.py
[2022-05-18 23:52:47,720] {logging_mixin.py:115} INFO - [2022-05-18 23:52:47,720] {dag.py:2371} INFO - Sync 1 DAGs
[2022-05-18 23:52:47,750] {logging_mixin.py:115} INFO - [2022-05-18 23:52:47,750] {dag.py:2919} INFO - Setting next_dagrun for example_trigger_target_dag to None, run_after=None
[2022-05-18 23:52:47,765] {processor.py:161} INFO - Processing /home/airflow/.local/lib/python3.7/site-packages/airflow/example_dags/example_trigger_target_dag.py took 0.112 seconds
[2022-05-18 23:53:18,419] {processor.py:153} INFO - Started process (PID=1150) to work on /home/airflow/.local/lib/python3.7/site-packages/airflow/example_dags/example_trigger_target_dag.py
[2022-05-18 23:53:18,420] {processor.py:641} INFO - Processing file /home/airflow/.local/lib/python3.7/site-packages/airflow/example_dags/example_trigger_target_dag.py for tasks to queue
[2022-05-18 23:53:18,421] {logging_mixin.py:115} INFO - [2022-05-18 23:53:18,420] {dagbag.py:507} INFO - Filling up the DagBag from /home/airflow/.local/lib/python3.7/site-packages/airflow/example_dags/example_trigger_target_dag.py
[2022-05-18 23:53:18,444] {processor.py:651} INFO - DAG(s) dict_keys(['example_trigger_target_dag']) retrieved from /home/airflow/.local/lib/python3.7/site-packages/airflow/example_dags/example_trigger_target_dag.py
[2022-05-18 23:53:18,475] {logging_mixin.py:115} INFO - [2022-05-18 23:53:18,475] {dag.py:2371} INFO - Sync 1 DAGs
[2022-05-18 23:53:18,503] {logging_mixin.py:115} INFO - [2022-05-18 23:53:18,503] {dag.py:2919} INFO - Setting next_dagrun for example_trigger_target_dag to None, run_after=None
[2022-05-18 23:53:18,517] {processor.py:161} INFO - Processing /home/airflow/.local/lib/python3.7/site-packages/airflow/example_dags/example_trigger_target_dag.py took 0.102 seconds
[2022-05-18 23:53:49,321] {processor.py:153} INFO - Started process (PID=1214) to work on /home/airflow/.local/lib/python3.7/site-packages/airflow/example_dags/example_trigger_target_dag.py
[2022-05-18 23:53:49,323] {processor.py:641} INFO - Processing file /home/airflow/.local/lib/python3.7/site-packages/airflow/example_dags/example_trigger_target_dag.py for tasks to queue
[2022-05-18 23:53:49,325] {logging_mixin.py:115} INFO - [2022-05-18 23:53:49,325] {dagbag.py:507} INFO - Filling up the DagBag from /home/airflow/.local/lib/python3.7/site-packages/airflow/example_dags/example_trigger_target_dag.py
[2022-05-18 23:53:49,364] {processor.py:651} INFO - DAG(s) dict_keys(['example_trigger_target_dag']) retrieved from /home/airflow/.local/lib/python3.7/site-packages/airflow/example_dags/example_trigger_target_dag.py
[2022-05-18 23:53:49,415] {logging_mixin.py:115} INFO - [2022-05-18 23:53:49,414] {dag.py:2371} INFO - Sync 1 DAGs
[2022-05-18 23:53:49,472] {logging_mixin.py:115} INFO - [2022-05-18 23:53:49,472] {dag.py:2919} INFO - Setting next_dagrun for example_trigger_target_dag to None, run_after=None
[2022-05-18 23:53:49,501] {processor.py:161} INFO - Processing /home/airflow/.local/lib/python3.7/site-packages/airflow/example_dags/example_trigger_target_dag.py took 0.187 seconds
[2022-05-18 23:54:20,308] {processor.py:153} INFO - Started process (PID=1267) to work on /home/airflow/.local/lib/python3.7/site-packages/airflow/example_dags/example_trigger_target_dag.py
[2022-05-18 23:54:20,309] {processor.py:641} INFO - Processing file /home/airflow/.local/lib/python3.7/site-packages/airflow/example_dags/example_trigger_target_dag.py for tasks to queue
[2022-05-18 23:54:20,310] {logging_mixin.py:115} INFO - [2022-05-18 23:54:20,310] {dagbag.py:507} INFO - Filling up the DagBag from /home/airflow/.local/lib/python3.7/site-packages/airflow/example_dags/example_trigger_target_dag.py
[2022-05-18 23:54:20,340] {processor.py:651} INFO - DAG(s) dict_keys(['example_trigger_target_dag']) retrieved from /home/airflow/.local/lib/python3.7/site-packages/airflow/example_dags/example_trigger_target_dag.py
[2022-05-18 23:54:20,372] {logging_mixin.py:115} INFO - [2022-05-18 23:54:20,372] {dag.py:2371} INFO - Sync 1 DAGs
[2022-05-18 23:54:20,400] {logging_mixin.py:115} INFO - [2022-05-18 23:54:20,399] {dag.py:2919} INFO - Setting next_dagrun for example_trigger_target_dag to None, run_after=None
[2022-05-18 23:54:20,415] {processor.py:161} INFO - Processing /home/airflow/.local/lib/python3.7/site-packages/airflow/example_dags/example_trigger_target_dag.py took 0.113 seconds
[2022-05-18 23:54:50,800] {processor.py:153} INFO - Started process (PID=1330) to work on /home/airflow/.local/lib/python3.7/site-packages/airflow/example_dags/example_trigger_target_dag.py
[2022-05-18 23:54:50,802] {processor.py:641} INFO - Processing file /home/airflow/.local/lib/python3.7/site-packages/airflow/example_dags/example_trigger_target_dag.py for tasks to queue
[2022-05-18 23:54:50,804] {logging_mixin.py:115} INFO - [2022-05-18 23:54:50,803] {dagbag.py:507} INFO - Filling up the DagBag from /home/airflow/.local/lib/python3.7/site-packages/airflow/example_dags/example_trigger_target_dag.py
[2022-05-18 23:54:50,842] {processor.py:651} INFO - DAG(s) dict_keys(['example_trigger_target_dag']) retrieved from /home/airflow/.local/lib/python3.7/site-packages/airflow/example_dags/example_trigger_target_dag.py
[2022-05-18 23:54:50,895] {logging_mixin.py:115} INFO - [2022-05-18 23:54:50,895] {dag.py:2371} INFO - Sync 1 DAGs
[2022-05-18 23:54:50,942] {logging_mixin.py:115} INFO - [2022-05-18 23:54:50,942] {dag.py:2919} INFO - Setting next_dagrun for example_trigger_target_dag to None, run_after=None
[2022-05-18 23:54:50,967] {processor.py:161} INFO - Processing /home/airflow/.local/lib/python3.7/site-packages/airflow/example_dags/example_trigger_target_dag.py took 0.172 seconds
[2022-05-18 23:55:21,557] {processor.py:153} INFO - Started process (PID=1383) to work on /home/airflow/.local/lib/python3.7/site-packages/airflow/example_dags/example_trigger_target_dag.py
[2022-05-18 23:55:21,558] {processor.py:641} INFO - Processing file /home/airflow/.local/lib/python3.7/site-packages/airflow/example_dags/example_trigger_target_dag.py for tasks to queue
[2022-05-18 23:55:21,559] {logging_mixin.py:115} INFO - [2022-05-18 23:55:21,559] {dagbag.py:507} INFO - Filling up the DagBag from /home/airflow/.local/lib/python3.7/site-packages/airflow/example_dags/example_trigger_target_dag.py
[2022-05-18 23:55:21,581] {processor.py:651} INFO - DAG(s) dict_keys(['example_trigger_target_dag']) retrieved from /home/airflow/.local/lib/python3.7/site-packages/airflow/example_dags/example_trigger_target_dag.py
[2022-05-18 23:55:21,608] {logging_mixin.py:115} INFO - [2022-05-18 23:55:21,608] {dag.py:2371} INFO - Sync 1 DAGs
[2022-05-18 23:55:21,633] {logging_mixin.py:115} INFO - [2022-05-18 23:55:21,632] {dag.py:2919} INFO - Setting next_dagrun for example_trigger_target_dag to None, run_after=None
[2022-05-18 23:55:21,645] {processor.py:161} INFO - Processing /home/airflow/.local/lib/python3.7/site-packages/airflow/example_dags/example_trigger_target_dag.py took 0.092 seconds
[2022-05-18 23:55:52,136] {processor.py:153} INFO - Started process (PID=1445) to work on /home/airflow/.local/lib/python3.7/site-packages/airflow/example_dags/example_trigger_target_dag.py
[2022-05-18 23:55:52,137] {processor.py:641} INFO - Processing file /home/airflow/.local/lib/python3.7/site-packages/airflow/example_dags/example_trigger_target_dag.py for tasks to queue
[2022-05-18 23:55:52,138] {logging_mixin.py:115} INFO - [2022-05-18 23:55:52,138] {dagbag.py:507} INFO - Filling up the DagBag from /home/airflow/.local/lib/python3.7/site-packages/airflow/example_dags/example_trigger_target_dag.py
[2022-05-18 23:55:52,174] {processor.py:651} INFO - DAG(s) dict_keys(['example_trigger_target_dag']) retrieved from /home/airflow/.local/lib/python3.7/site-packages/airflow/example_dags/example_trigger_target_dag.py
[2022-05-18 23:55:52,212] {logging_mixin.py:115} INFO - [2022-05-18 23:55:52,212] {dag.py:2371} INFO - Sync 1 DAGs
[2022-05-18 23:55:52,243] {logging_mixin.py:115} INFO - [2022-05-18 23:55:52,243] {dag.py:2919} INFO - Setting next_dagrun for example_trigger_target_dag to None, run_after=None
[2022-05-18 23:55:52,263] {processor.py:161} INFO - Processing /home/airflow/.local/lib/python3.7/site-packages/airflow/example_dags/example_trigger_target_dag.py took 0.132 seconds
[2022-05-18 23:56:22,864] {processor.py:153} INFO - Started process (PID=1497) to work on /home/airflow/.local/lib/python3.7/site-packages/airflow/example_dags/example_trigger_target_dag.py
[2022-05-18 23:56:22,865] {processor.py:641} INFO - Processing file /home/airflow/.local/lib/python3.7/site-packages/airflow/example_dags/example_trigger_target_dag.py for tasks to queue
[2022-05-18 23:56:22,866] {logging_mixin.py:115} INFO - [2022-05-18 23:56:22,866] {dagbag.py:507} INFO - Filling up the DagBag from /home/airflow/.local/lib/python3.7/site-packages/airflow/example_dags/example_trigger_target_dag.py
[2022-05-18 23:56:22,905] {processor.py:651} INFO - DAG(s) dict_keys(['example_trigger_target_dag']) retrieved from /home/airflow/.local/lib/python3.7/site-packages/airflow/example_dags/example_trigger_target_dag.py
[2022-05-18 23:56:22,938] {logging_mixin.py:115} INFO - [2022-05-18 23:56:22,938] {dag.py:2371} INFO - Sync 1 DAGs
[2022-05-18 23:56:22,971] {logging_mixin.py:115} INFO - [2022-05-18 23:56:22,971] {dag.py:2919} INFO - Setting next_dagrun for example_trigger_target_dag to None, run_after=None
[2022-05-18 23:56:22,987] {processor.py:161} INFO - Processing /home/airflow/.local/lib/python3.7/site-packages/airflow/example_dags/example_trigger_target_dag.py took 0.127 seconds
[2022-05-18 23:56:53,475] {processor.py:153} INFO - Started process (PID=1559) to work on /home/airflow/.local/lib/python3.7/site-packages/airflow/example_dags/example_trigger_target_dag.py
[2022-05-18 23:56:53,476] {processor.py:641} INFO - Processing file /home/airflow/.local/lib/python3.7/site-packages/airflow/example_dags/example_trigger_target_dag.py for tasks to queue
[2022-05-18 23:56:53,477] {logging_mixin.py:115} INFO - [2022-05-18 23:56:53,477] {dagbag.py:507} INFO - Filling up the DagBag from /home/airflow/.local/lib/python3.7/site-packages/airflow/example_dags/example_trigger_target_dag.py
[2022-05-18 23:56:53,506] {processor.py:651} INFO - DAG(s) dict_keys(['example_trigger_target_dag']) retrieved from /home/airflow/.local/lib/python3.7/site-packages/airflow/example_dags/example_trigger_target_dag.py
[2022-05-18 23:56:53,538] {logging_mixin.py:115} INFO - [2022-05-18 23:56:53,538] {dag.py:2371} INFO - Sync 1 DAGs
[2022-05-18 23:56:53,573] {logging_mixin.py:115} INFO - [2022-05-18 23:56:53,573] {dag.py:2919} INFO - Setting next_dagrun for example_trigger_target_dag to None, run_after=None
[2022-05-18 23:56:53,613] {processor.py:161} INFO - Processing /home/airflow/.local/lib/python3.7/site-packages/airflow/example_dags/example_trigger_target_dag.py took 0.142 seconds
[2022-05-18 23:57:23,946] {processor.py:153} INFO - Started process (PID=1613) to work on /home/airflow/.local/lib/python3.7/site-packages/airflow/example_dags/example_trigger_target_dag.py
[2022-05-18 23:57:23,948] {processor.py:641} INFO - Processing file /home/airflow/.local/lib/python3.7/site-packages/airflow/example_dags/example_trigger_target_dag.py for tasks to queue
[2022-05-18 23:57:23,949] {logging_mixin.py:115} INFO - [2022-05-18 23:57:23,949] {dagbag.py:507} INFO - Filling up the DagBag from /home/airflow/.local/lib/python3.7/site-packages/airflow/example_dags/example_trigger_target_dag.py
[2022-05-18 23:57:23,987] {processor.py:651} INFO - DAG(s) dict_keys(['example_trigger_target_dag']) retrieved from /home/airflow/.local/lib/python3.7/site-packages/airflow/example_dags/example_trigger_target_dag.py
[2022-05-18 23:57:24,032] {logging_mixin.py:115} INFO - [2022-05-18 23:57:24,032] {dag.py:2371} INFO - Sync 1 DAGs
[2022-05-18 23:57:24,075] {logging_mixin.py:115} INFO - [2022-05-18 23:57:24,075] {dag.py:2919} INFO - Setting next_dagrun for example_trigger_target_dag to None, run_after=None
[2022-05-18 23:57:24,090] {processor.py:161} INFO - Processing /home/airflow/.local/lib/python3.7/site-packages/airflow/example_dags/example_trigger_target_dag.py took 0.149 seconds
[2022-05-18 23:57:54,911] {processor.py:153} INFO - Started process (PID=1676) to work on /home/airflow/.local/lib/python3.7/site-packages/airflow/example_dags/example_trigger_target_dag.py
[2022-05-18 23:57:54,912] {processor.py:641} INFO - Processing file /home/airflow/.local/lib/python3.7/site-packages/airflow/example_dags/example_trigger_target_dag.py for tasks to queue
[2022-05-18 23:57:54,913] {logging_mixin.py:115} INFO - [2022-05-18 23:57:54,913] {dagbag.py:507} INFO - Filling up the DagBag from /home/airflow/.local/lib/python3.7/site-packages/airflow/example_dags/example_trigger_target_dag.py
[2022-05-18 23:57:55,209] {processor.py:651} INFO - DAG(s) dict_keys(['example_trigger_target_dag']) retrieved from /home/airflow/.local/lib/python3.7/site-packages/airflow/example_dags/example_trigger_target_dag.py
[2022-05-18 23:57:55,340] {logging_mixin.py:115} INFO - [2022-05-18 23:57:55,340] {dag.py:2371} INFO - Sync 1 DAGs
[2022-05-18 23:57:55,429] {logging_mixin.py:115} INFO - [2022-05-18 23:57:55,428] {dag.py:2919} INFO - Setting next_dagrun for example_trigger_target_dag to None, run_after=None
[2022-05-18 23:57:55,556] {processor.py:161} INFO - Processing /home/airflow/.local/lib/python3.7/site-packages/airflow/example_dags/example_trigger_target_dag.py took 0.653 seconds
[2022-05-18 23:58:26,522] {processor.py:153} INFO - Started process (PID=1728) to work on /home/airflow/.local/lib/python3.7/site-packages/airflow/example_dags/example_trigger_target_dag.py
[2022-05-18 23:58:26,523] {processor.py:641} INFO - Processing file /home/airflow/.local/lib/python3.7/site-packages/airflow/example_dags/example_trigger_target_dag.py for tasks to queue
[2022-05-18 23:58:26,524] {logging_mixin.py:115} INFO - [2022-05-18 23:58:26,524] {dagbag.py:507} INFO - Filling up the DagBag from /home/airflow/.local/lib/python3.7/site-packages/airflow/example_dags/example_trigger_target_dag.py
[2022-05-18 23:58:26,744] {processor.py:651} INFO - DAG(s) dict_keys(['example_trigger_target_dag']) retrieved from /home/airflow/.local/lib/python3.7/site-packages/airflow/example_dags/example_trigger_target_dag.py
[2022-05-18 23:58:26,797] {logging_mixin.py:115} INFO - [2022-05-18 23:58:26,797] {dag.py:2371} INFO - Sync 1 DAGs
[2022-05-18 23:58:26,841] {logging_mixin.py:115} INFO - [2022-05-18 23:58:26,841] {dag.py:2919} INFO - Setting next_dagrun for example_trigger_target_dag to None, run_after=None
[2022-05-18 23:58:26,863] {processor.py:161} INFO - Processing /home/airflow/.local/lib/python3.7/site-packages/airflow/example_dags/example_trigger_target_dag.py took 0.347 seconds
[2022-05-18 23:59:00,009] {processor.py:153} INFO - Started process (PID=1783) to work on /home/airflow/.local/lib/python3.7/site-packages/airflow/example_dags/example_trigger_target_dag.py
[2022-05-18 23:59:00,011] {processor.py:641} INFO - Processing file /home/airflow/.local/lib/python3.7/site-packages/airflow/example_dags/example_trigger_target_dag.py for tasks to queue
[2022-05-18 23:59:00,013] {logging_mixin.py:115} INFO - [2022-05-18 23:59:00,012] {dagbag.py:507} INFO - Filling up the DagBag from /home/airflow/.local/lib/python3.7/site-packages/airflow/example_dags/example_trigger_target_dag.py
[2022-05-18 23:59:00,289] {processor.py:651} INFO - DAG(s) dict_keys(['example_trigger_target_dag']) retrieved from /home/airflow/.local/lib/python3.7/site-packages/airflow/example_dags/example_trigger_target_dag.py
[2022-05-18 23:59:00,331] {logging_mixin.py:115} INFO - [2022-05-18 23:59:00,331] {dag.py:2371} INFO - Sync 1 DAGs
[2022-05-18 23:59:00,373] {logging_mixin.py:115} INFO - [2022-05-18 23:59:00,373] {dag.py:2919} INFO - Setting next_dagrun for example_trigger_target_dag to None, run_after=None
[2022-05-18 23:59:00,395] {processor.py:161} INFO - Processing /home/airflow/.local/lib/python3.7/site-packages/airflow/example_dags/example_trigger_target_dag.py took 0.393 seconds
[2022-05-18 23:59:30,492] {processor.py:153} INFO - Started process (PID=1837) to work on /home/airflow/.local/lib/python3.7/site-packages/airflow/example_dags/example_trigger_target_dag.py
[2022-05-18 23:59:30,493] {processor.py:641} INFO - Processing file /home/airflow/.local/lib/python3.7/site-packages/airflow/example_dags/example_trigger_target_dag.py for tasks to queue
[2022-05-18 23:59:30,494] {logging_mixin.py:115} INFO - [2022-05-18 23:59:30,494] {dagbag.py:507} INFO - Filling up the DagBag from /home/airflow/.local/lib/python3.7/site-packages/airflow/example_dags/example_trigger_target_dag.py
[2022-05-18 23:59:30,660] {processor.py:651} INFO - DAG(s) dict_keys(['example_trigger_target_dag']) retrieved from /home/airflow/.local/lib/python3.7/site-packages/airflow/example_dags/example_trigger_target_dag.py
[2022-05-18 23:59:30,685] {logging_mixin.py:115} INFO - [2022-05-18 23:59:30,684] {dag.py:2371} INFO - Sync 1 DAGs
[2022-05-18 23:59:30,708] {logging_mixin.py:115} INFO - [2022-05-18 23:59:30,708] {dag.py:2919} INFO - Setting next_dagrun for example_trigger_target_dag to None, run_after=None
[2022-05-18 23:59:30,724] {processor.py:161} INFO - Processing /home/airflow/.local/lib/python3.7/site-packages/airflow/example_dags/example_trigger_target_dag.py took 0.236 seconds
