[2022-05-18 23:43:04,200] {processor.py:153} INFO - Started process (PID=89) to work on /home/airflow/.local/lib/python3.7/site-packages/airflow/example_dags/example_task_group_decorator.py
[2022-05-18 23:43:04,203] {processor.py:641} INFO - Processing file /home/airflow/.local/lib/python3.7/site-packages/airflow/example_dags/example_task_group_decorator.py for tasks to queue
[2022-05-18 23:43:04,206] {logging_mixin.py:115} INFO - [2022-05-18 23:43:04,206] {dagbag.py:507} INFO - Filling up the DagBag from /home/airflow/.local/lib/python3.7/site-packages/airflow/example_dags/example_task_group_decorator.py
[2022-05-18 23:43:04,302] {processor.py:651} INFO - DAG(s) dict_keys(['example_task_group_decorator']) retrieved from /home/airflow/.local/lib/python3.7/site-packages/airflow/example_dags/example_task_group_decorator.py
[2022-05-18 23:43:04,823] {logging_mixin.py:115} INFO - [2022-05-18 23:43:04,822] {manager.py:508} INFO - Created Permission View: can edit on DAG:example_task_group_decorator
[2022-05-18 23:43:04,849] {logging_mixin.py:115} INFO - [2022-05-18 23:43:04,849] {manager.py:508} INFO - Created Permission View: can delete on DAG:example_task_group_decorator
[2022-05-18 23:43:04,869] {logging_mixin.py:115} INFO - [2022-05-18 23:43:04,868] {manager.py:508} INFO - Created Permission View: can read on DAG:example_task_group_decorator
[2022-05-18 23:43:04,870] {logging_mixin.py:115} INFO - [2022-05-18 23:43:04,870] {dag.py:2371} INFO - Sync 1 DAGs
[2022-05-18 23:43:04,895] {logging_mixin.py:115} INFO - [2022-05-18 23:43:04,895] {dag.py:2390} INFO - Creating ORM DAG for example_task_group_decorator
[2022-05-18 23:43:04,943] {logging_mixin.py:115} INFO - [2022-05-18 23:43:04,942] {dag.py:2919} INFO - Setting next_dagrun for example_task_group_decorator to 2022-05-17T23:43:04.941886+00:00, run_after=2022-05-18T23:43:04.941886+00:00
[2022-05-18 23:43:04,988] {processor.py:161} INFO - Processing /home/airflow/.local/lib/python3.7/site-packages/airflow/example_dags/example_task_group_decorator.py took 0.796 seconds
[2022-05-18 23:43:35,449] {processor.py:153} INFO - Started process (PID=149) to work on /home/airflow/.local/lib/python3.7/site-packages/airflow/example_dags/example_task_group_decorator.py
[2022-05-18 23:43:35,450] {processor.py:641} INFO - Processing file /home/airflow/.local/lib/python3.7/site-packages/airflow/example_dags/example_task_group_decorator.py for tasks to queue
[2022-05-18 23:43:35,451] {logging_mixin.py:115} INFO - [2022-05-18 23:43:35,451] {dagbag.py:507} INFO - Filling up the DagBag from /home/airflow/.local/lib/python3.7/site-packages/airflow/example_dags/example_task_group_decorator.py
[2022-05-18 23:43:35,516] {processor.py:651} INFO - DAG(s) dict_keys(['example_task_group_decorator']) retrieved from /home/airflow/.local/lib/python3.7/site-packages/airflow/example_dags/example_task_group_decorator.py
[2022-05-18 23:43:35,778] {logging_mixin.py:115} INFO - [2022-05-18 23:43:35,778] {dag.py:2371} INFO - Sync 1 DAGs
[2022-05-18 23:43:35,810] {logging_mixin.py:115} INFO - [2022-05-18 23:43:35,810] {dag.py:2919} INFO - Setting next_dagrun for example_task_group_decorator to 2022-05-17T23:43:35.809321+00:00, run_after=2022-05-18T23:43:35.809321+00:00
[2022-05-18 23:43:35,830] {processor.py:161} INFO - Processing /home/airflow/.local/lib/python3.7/site-packages/airflow/example_dags/example_task_group_decorator.py took 0.386 seconds
[2022-05-18 23:44:05,977] {processor.py:153} INFO - Started process (PID=206) to work on /home/airflow/.local/lib/python3.7/site-packages/airflow/example_dags/example_task_group_decorator.py
[2022-05-18 23:44:05,979] {processor.py:641} INFO - Processing file /home/airflow/.local/lib/python3.7/site-packages/airflow/example_dags/example_task_group_decorator.py for tasks to queue
[2022-05-18 23:44:05,980] {logging_mixin.py:115} INFO - [2022-05-18 23:44:05,980] {dagbag.py:507} INFO - Filling up the DagBag from /home/airflow/.local/lib/python3.7/site-packages/airflow/example_dags/example_task_group_decorator.py
[2022-05-18 23:44:06,042] {processor.py:651} INFO - DAG(s) dict_keys(['example_task_group_decorator']) retrieved from /home/airflow/.local/lib/python3.7/site-packages/airflow/example_dags/example_task_group_decorator.py
[2022-05-18 23:44:06,379] {logging_mixin.py:115} INFO - [2022-05-18 23:44:06,379] {dag.py:2371} INFO - Sync 1 DAGs
[2022-05-18 23:44:06,417] {logging_mixin.py:115} INFO - [2022-05-18 23:44:06,417] {dag.py:2919} INFO - Setting next_dagrun for example_task_group_decorator to 2022-05-17T23:44:06.416691+00:00, run_after=2022-05-18T23:44:06.416691+00:00
[2022-05-18 23:44:06,445] {processor.py:161} INFO - Processing /home/airflow/.local/lib/python3.7/site-packages/airflow/example_dags/example_task_group_decorator.py took 0.474 seconds
[2022-05-18 23:44:37,126] {processor.py:153} INFO - Started process (PID=259) to work on /home/airflow/.local/lib/python3.7/site-packages/airflow/example_dags/example_task_group_decorator.py
[2022-05-18 23:44:37,127] {processor.py:641} INFO - Processing file /home/airflow/.local/lib/python3.7/site-packages/airflow/example_dags/example_task_group_decorator.py for tasks to queue
[2022-05-18 23:44:37,128] {logging_mixin.py:115} INFO - [2022-05-18 23:44:37,128] {dagbag.py:507} INFO - Filling up the DagBag from /home/airflow/.local/lib/python3.7/site-packages/airflow/example_dags/example_task_group_decorator.py
[2022-05-18 23:44:37,178] {processor.py:651} INFO - DAG(s) dict_keys(['example_task_group_decorator']) retrieved from /home/airflow/.local/lib/python3.7/site-packages/airflow/example_dags/example_task_group_decorator.py
[2022-05-18 23:44:37,469] {logging_mixin.py:115} INFO - [2022-05-18 23:44:37,469] {dag.py:2371} INFO - Sync 1 DAGs
[2022-05-18 23:44:37,499] {logging_mixin.py:115} INFO - [2022-05-18 23:44:37,499] {dag.py:2919} INFO - Setting next_dagrun for example_task_group_decorator to 2022-05-17T23:44:37.497726+00:00, run_after=2022-05-18T23:44:37.497726+00:00
[2022-05-18 23:44:37,520] {processor.py:161} INFO - Processing /home/airflow/.local/lib/python3.7/site-packages/airflow/example_dags/example_task_group_decorator.py took 0.398 seconds
[2022-05-18 23:45:08,147] {processor.py:153} INFO - Started process (PID=313) to work on /home/airflow/.local/lib/python3.7/site-packages/airflow/example_dags/example_task_group_decorator.py
[2022-05-18 23:45:08,148] {processor.py:641} INFO - Processing file /home/airflow/.local/lib/python3.7/site-packages/airflow/example_dags/example_task_group_decorator.py for tasks to queue
[2022-05-18 23:45:08,149] {logging_mixin.py:115} INFO - [2022-05-18 23:45:08,149] {dagbag.py:507} INFO - Filling up the DagBag from /home/airflow/.local/lib/python3.7/site-packages/airflow/example_dags/example_task_group_decorator.py
[2022-05-18 23:45:08,185] {processor.py:651} INFO - DAG(s) dict_keys(['example_task_group_decorator']) retrieved from /home/airflow/.local/lib/python3.7/site-packages/airflow/example_dags/example_task_group_decorator.py
[2022-05-18 23:45:08,405] {logging_mixin.py:115} INFO - [2022-05-18 23:45:08,405] {dag.py:2371} INFO - Sync 1 DAGs
[2022-05-18 23:45:08,437] {logging_mixin.py:115} INFO - [2022-05-18 23:45:08,437] {dag.py:2919} INFO - Setting next_dagrun for example_task_group_decorator to 2022-05-17T23:45:08.436171+00:00, run_after=2022-05-18T23:45:08.436171+00:00
[2022-05-18 23:45:08,464] {processor.py:161} INFO - Processing /home/airflow/.local/lib/python3.7/site-packages/airflow/example_dags/example_task_group_decorator.py took 0.321 seconds
[2022-05-18 23:45:39,140] {processor.py:153} INFO - Started process (PID=376) to work on /home/airflow/.local/lib/python3.7/site-packages/airflow/example_dags/example_task_group_decorator.py
[2022-05-18 23:45:39,141] {processor.py:641} INFO - Processing file /home/airflow/.local/lib/python3.7/site-packages/airflow/example_dags/example_task_group_decorator.py for tasks to queue
[2022-05-18 23:45:39,142] {logging_mixin.py:115} INFO - [2022-05-18 23:45:39,142] {dagbag.py:507} INFO - Filling up the DagBag from /home/airflow/.local/lib/python3.7/site-packages/airflow/example_dags/example_task_group_decorator.py
[2022-05-18 23:45:39,180] {processor.py:651} INFO - DAG(s) dict_keys(['example_task_group_decorator']) retrieved from /home/airflow/.local/lib/python3.7/site-packages/airflow/example_dags/example_task_group_decorator.py
[2022-05-18 23:45:39,550] {logging_mixin.py:115} INFO - [2022-05-18 23:45:39,549] {dag.py:2371} INFO - Sync 1 DAGs
[2022-05-18 23:45:39,575] {logging_mixin.py:115} INFO - [2022-05-18 23:45:39,575] {dag.py:2919} INFO - Setting next_dagrun for example_task_group_decorator to 2022-05-17T23:45:39.573960+00:00, run_after=2022-05-18T23:45:39.573960+00:00
[2022-05-18 23:45:39,593] {processor.py:161} INFO - Processing /home/airflow/.local/lib/python3.7/site-packages/airflow/example_dags/example_task_group_decorator.py took 0.456 seconds
[2022-05-18 23:46:13,598] {processor.py:153} INFO - Started process (PID=430) to work on /home/airflow/.local/lib/python3.7/site-packages/airflow/example_dags/example_task_group_decorator.py
[2022-05-18 23:46:13,599] {processor.py:641} INFO - Processing file /home/airflow/.local/lib/python3.7/site-packages/airflow/example_dags/example_task_group_decorator.py for tasks to queue
[2022-05-18 23:46:13,600] {logging_mixin.py:115} INFO - [2022-05-18 23:46:13,600] {dagbag.py:507} INFO - Filling up the DagBag from /home/airflow/.local/lib/python3.7/site-packages/airflow/example_dags/example_task_group_decorator.py
[2022-05-18 23:46:13,660] {processor.py:651} INFO - DAG(s) dict_keys(['example_task_group_decorator']) retrieved from /home/airflow/.local/lib/python3.7/site-packages/airflow/example_dags/example_task_group_decorator.py
[2022-05-18 23:46:14,105] {logging_mixin.py:115} INFO - [2022-05-18 23:46:14,105] {dag.py:2371} INFO - Sync 1 DAGs
[2022-05-18 23:46:14,182] {logging_mixin.py:115} INFO - [2022-05-18 23:46:14,182] {dag.py:2919} INFO - Setting next_dagrun for example_task_group_decorator to 2022-05-17T23:46:14.181815+00:00, run_after=2022-05-18T23:46:14.181815+00:00
[2022-05-18 23:46:14,226] {processor.py:161} INFO - Processing /home/airflow/.local/lib/python3.7/site-packages/airflow/example_dags/example_task_group_decorator.py took 0.634 seconds
[2022-05-18 23:46:45,957] {processor.py:153} INFO - Started process (PID=484) to work on /home/airflow/.local/lib/python3.7/site-packages/airflow/example_dags/example_task_group_decorator.py
[2022-05-18 23:46:45,959] {processor.py:641} INFO - Processing file /home/airflow/.local/lib/python3.7/site-packages/airflow/example_dags/example_task_group_decorator.py for tasks to queue
[2022-05-18 23:46:45,961] {logging_mixin.py:115} INFO - [2022-05-18 23:46:45,960] {dagbag.py:507} INFO - Filling up the DagBag from /home/airflow/.local/lib/python3.7/site-packages/airflow/example_dags/example_task_group_decorator.py
[2022-05-18 23:46:46,037] {processor.py:651} INFO - DAG(s) dict_keys(['example_task_group_decorator']) retrieved from /home/airflow/.local/lib/python3.7/site-packages/airflow/example_dags/example_task_group_decorator.py
[2022-05-18 23:46:46,296] {logging_mixin.py:115} INFO - [2022-05-18 23:46:46,296] {dag.py:2371} INFO - Sync 1 DAGs
[2022-05-18 23:46:46,322] {logging_mixin.py:115} INFO - [2022-05-18 23:46:46,322] {dag.py:2919} INFO - Setting next_dagrun for example_task_group_decorator to 2022-05-17T23:46:46.321277+00:00, run_after=2022-05-18T23:46:46.321277+00:00
[2022-05-18 23:46:46,342] {processor.py:161} INFO - Processing /home/airflow/.local/lib/python3.7/site-packages/airflow/example_dags/example_task_group_decorator.py took 0.392 seconds
[2022-05-18 23:47:16,626] {processor.py:153} INFO - Started process (PID=547) to work on /home/airflow/.local/lib/python3.7/site-packages/airflow/example_dags/example_task_group_decorator.py
[2022-05-18 23:47:16,627] {processor.py:641} INFO - Processing file /home/airflow/.local/lib/python3.7/site-packages/airflow/example_dags/example_task_group_decorator.py for tasks to queue
[2022-05-18 23:47:16,628] {logging_mixin.py:115} INFO - [2022-05-18 23:47:16,628] {dagbag.py:507} INFO - Filling up the DagBag from /home/airflow/.local/lib/python3.7/site-packages/airflow/example_dags/example_task_group_decorator.py
[2022-05-18 23:47:16,672] {processor.py:651} INFO - DAG(s) dict_keys(['example_task_group_decorator']) retrieved from /home/airflow/.local/lib/python3.7/site-packages/airflow/example_dags/example_task_group_decorator.py
[2022-05-18 23:47:16,915] {logging_mixin.py:115} INFO - [2022-05-18 23:47:16,915] {dag.py:2371} INFO - Sync 1 DAGs
[2022-05-18 23:47:16,941] {logging_mixin.py:115} INFO - [2022-05-18 23:47:16,941] {dag.py:2919} INFO - Setting next_dagrun for example_task_group_decorator to 2022-05-17T23:47:16.939884+00:00, run_after=2022-05-18T23:47:16.939884+00:00
[2022-05-18 23:47:16,959] {processor.py:161} INFO - Processing /home/airflow/.local/lib/python3.7/site-packages/airflow/example_dags/example_task_group_decorator.py took 0.338 seconds
[2022-05-18 23:47:47,301] {processor.py:153} INFO - Started process (PID=600) to work on /home/airflow/.local/lib/python3.7/site-packages/airflow/example_dags/example_task_group_decorator.py
[2022-05-18 23:47:47,302] {processor.py:641} INFO - Processing file /home/airflow/.local/lib/python3.7/site-packages/airflow/example_dags/example_task_group_decorator.py for tasks to queue
[2022-05-18 23:47:47,304] {logging_mixin.py:115} INFO - [2022-05-18 23:47:47,304] {dagbag.py:507} INFO - Filling up the DagBag from /home/airflow/.local/lib/python3.7/site-packages/airflow/example_dags/example_task_group_decorator.py
[2022-05-18 23:47:47,372] {processor.py:651} INFO - DAG(s) dict_keys(['example_task_group_decorator']) retrieved from /home/airflow/.local/lib/python3.7/site-packages/airflow/example_dags/example_task_group_decorator.py
[2022-05-18 23:47:47,619] {logging_mixin.py:115} INFO - [2022-05-18 23:47:47,619] {dag.py:2371} INFO - Sync 1 DAGs
[2022-05-18 23:47:47,642] {logging_mixin.py:115} INFO - [2022-05-18 23:47:47,642] {dag.py:2919} INFO - Setting next_dagrun for example_task_group_decorator to 2022-05-17T23:47:47.641772+00:00, run_after=2022-05-18T23:47:47.641772+00:00
[2022-05-18 23:47:47,662] {processor.py:161} INFO - Processing /home/airflow/.local/lib/python3.7/site-packages/airflow/example_dags/example_task_group_decorator.py took 0.366 seconds
[2022-05-18 23:48:33,633] {processor.py:153} INFO - Started process (PID=655) to work on /home/airflow/.local/lib/python3.7/site-packages/airflow/example_dags/example_task_group_decorator.py
[2022-05-18 23:48:33,634] {processor.py:641} INFO - Processing file /home/airflow/.local/lib/python3.7/site-packages/airflow/example_dags/example_task_group_decorator.py for tasks to queue
[2022-05-18 23:48:33,635] {logging_mixin.py:115} INFO - [2022-05-18 23:48:33,635] {dagbag.py:507} INFO - Filling up the DagBag from /home/airflow/.local/lib/python3.7/site-packages/airflow/example_dags/example_task_group_decorator.py
[2022-05-18 23:48:33,676] {processor.py:651} INFO - DAG(s) dict_keys(['example_task_group_decorator']) retrieved from /home/airflow/.local/lib/python3.7/site-packages/airflow/example_dags/example_task_group_decorator.py
[2022-05-18 23:48:33,897] {logging_mixin.py:115} INFO - [2022-05-18 23:48:33,897] {dag.py:2371} INFO - Sync 1 DAGs
[2022-05-18 23:48:33,922] {logging_mixin.py:115} INFO - [2022-05-18 23:48:33,922] {dag.py:2919} INFO - Setting next_dagrun for example_task_group_decorator to 2022-05-17T23:48:33.922422+00:00, run_after=2022-05-18T23:48:33.922422+00:00
[2022-05-18 23:48:33,942] {processor.py:161} INFO - Processing /home/airflow/.local/lib/python3.7/site-packages/airflow/example_dags/example_task_group_decorator.py took 0.313 seconds
[2022-05-18 23:49:04,158] {processor.py:153} INFO - Started process (PID=709) to work on /home/airflow/.local/lib/python3.7/site-packages/airflow/example_dags/example_task_group_decorator.py
[2022-05-18 23:49:04,159] {processor.py:641} INFO - Processing file /home/airflow/.local/lib/python3.7/site-packages/airflow/example_dags/example_task_group_decorator.py for tasks to queue
[2022-05-18 23:49:04,160] {logging_mixin.py:115} INFO - [2022-05-18 23:49:04,160] {dagbag.py:507} INFO - Filling up the DagBag from /home/airflow/.local/lib/python3.7/site-packages/airflow/example_dags/example_task_group_decorator.py
[2022-05-18 23:49:04,199] {processor.py:651} INFO - DAG(s) dict_keys(['example_task_group_decorator']) retrieved from /home/airflow/.local/lib/python3.7/site-packages/airflow/example_dags/example_task_group_decorator.py
[2022-05-18 23:49:04,389] {logging_mixin.py:115} INFO - [2022-05-18 23:49:04,389] {dag.py:2371} INFO - Sync 1 DAGs
[2022-05-18 23:49:04,409] {logging_mixin.py:115} INFO - [2022-05-18 23:49:04,409] {dag.py:2919} INFO - Setting next_dagrun for example_task_group_decorator to 2022-05-17T23:49:04.409385+00:00, run_after=2022-05-18T23:49:04.409385+00:00
[2022-05-18 23:49:04,427] {processor.py:161} INFO - Processing /home/airflow/.local/lib/python3.7/site-packages/airflow/example_dags/example_task_group_decorator.py took 0.272 seconds
[2022-05-18 23:49:36,970] {processor.py:153} INFO - Started process (PID=772) to work on /home/airflow/.local/lib/python3.7/site-packages/airflow/example_dags/example_task_group_decorator.py
[2022-05-18 23:49:36,971] {processor.py:641} INFO - Processing file /home/airflow/.local/lib/python3.7/site-packages/airflow/example_dags/example_task_group_decorator.py for tasks to queue
[2022-05-18 23:49:36,972] {logging_mixin.py:115} INFO - [2022-05-18 23:49:36,972] {dagbag.py:507} INFO - Filling up the DagBag from /home/airflow/.local/lib/python3.7/site-packages/airflow/example_dags/example_task_group_decorator.py
[2022-05-18 23:49:37,042] {processor.py:651} INFO - DAG(s) dict_keys(['example_task_group_decorator']) retrieved from /home/airflow/.local/lib/python3.7/site-packages/airflow/example_dags/example_task_group_decorator.py
[2022-05-18 23:49:37,282] {logging_mixin.py:115} INFO - [2022-05-18 23:49:37,282] {dag.py:2371} INFO - Sync 1 DAGs
[2022-05-18 23:49:37,318] {logging_mixin.py:115} INFO - [2022-05-18 23:49:37,318] {dag.py:2919} INFO - Setting next_dagrun for example_task_group_decorator to 2022-05-17T23:49:37.317690+00:00, run_after=2022-05-18T23:49:37.317690+00:00
[2022-05-18 23:49:37,342] {processor.py:161} INFO - Processing /home/airflow/.local/lib/python3.7/site-packages/airflow/example_dags/example_task_group_decorator.py took 0.378 seconds
[2022-05-18 23:50:07,454] {processor.py:153} INFO - Started process (PID=826) to work on /home/airflow/.local/lib/python3.7/site-packages/airflow/example_dags/example_task_group_decorator.py
[2022-05-18 23:50:07,455] {processor.py:641} INFO - Processing file /home/airflow/.local/lib/python3.7/site-packages/airflow/example_dags/example_task_group_decorator.py for tasks to queue
[2022-05-18 23:50:07,456] {logging_mixin.py:115} INFO - [2022-05-18 23:50:07,456] {dagbag.py:507} INFO - Filling up the DagBag from /home/airflow/.local/lib/python3.7/site-packages/airflow/example_dags/example_task_group_decorator.py
[2022-05-18 23:50:07,493] {processor.py:651} INFO - DAG(s) dict_keys(['example_task_group_decorator']) retrieved from /home/airflow/.local/lib/python3.7/site-packages/airflow/example_dags/example_task_group_decorator.py
[2022-05-18 23:50:07,732] {logging_mixin.py:115} INFO - [2022-05-18 23:50:07,732] {dag.py:2371} INFO - Sync 1 DAGs
[2022-05-18 23:50:07,759] {logging_mixin.py:115} INFO - [2022-05-18 23:50:07,759] {dag.py:2919} INFO - Setting next_dagrun for example_task_group_decorator to 2022-05-17T23:50:07.758618+00:00, run_after=2022-05-18T23:50:07.758618+00:00
[2022-05-18 23:50:07,786] {processor.py:161} INFO - Processing /home/airflow/.local/lib/python3.7/site-packages/airflow/example_dags/example_task_group_decorator.py took 0.336 seconds
[2022-05-18 23:51:14,487] {processor.py:153} INFO - Started process (PID=914) to work on /home/airflow/.local/lib/python3.7/site-packages/airflow/example_dags/example_task_group_decorator.py
[2022-05-18 23:51:14,488] {processor.py:641} INFO - Processing file /home/airflow/.local/lib/python3.7/site-packages/airflow/example_dags/example_task_group_decorator.py for tasks to queue
[2022-05-18 23:51:14,490] {logging_mixin.py:115} INFO - [2022-05-18 23:51:14,489] {dagbag.py:507} INFO - Filling up the DagBag from /home/airflow/.local/lib/python3.7/site-packages/airflow/example_dags/example_task_group_decorator.py
[2022-05-18 23:51:14,557] {processor.py:651} INFO - DAG(s) dict_keys(['example_task_group_decorator']) retrieved from /home/airflow/.local/lib/python3.7/site-packages/airflow/example_dags/example_task_group_decorator.py
[2022-05-18 23:51:14,853] {logging_mixin.py:115} INFO - [2022-05-18 23:51:14,853] {dag.py:2371} INFO - Sync 1 DAGs
[2022-05-18 23:51:14,889] {logging_mixin.py:115} INFO - [2022-05-18 23:51:14,889] {dag.py:2919} INFO - Setting next_dagrun for example_task_group_decorator to 2022-05-17T23:51:14.889354+00:00, run_after=2022-05-18T23:51:14.889354+00:00
[2022-05-18 23:51:14,918] {processor.py:161} INFO - Processing /home/airflow/.local/lib/python3.7/site-packages/airflow/example_dags/example_task_group_decorator.py took 0.436 seconds
[2022-05-18 23:51:45,610] {processor.py:153} INFO - Started process (PID=966) to work on /home/airflow/.local/lib/python3.7/site-packages/airflow/example_dags/example_task_group_decorator.py
[2022-05-18 23:51:45,611] {processor.py:641} INFO - Processing file /home/airflow/.local/lib/python3.7/site-packages/airflow/example_dags/example_task_group_decorator.py for tasks to queue
[2022-05-18 23:51:45,612] {logging_mixin.py:115} INFO - [2022-05-18 23:51:45,612] {dagbag.py:507} INFO - Filling up the DagBag from /home/airflow/.local/lib/python3.7/site-packages/airflow/example_dags/example_task_group_decorator.py
[2022-05-18 23:51:45,657] {processor.py:651} INFO - DAG(s) dict_keys(['example_task_group_decorator']) retrieved from /home/airflow/.local/lib/python3.7/site-packages/airflow/example_dags/example_task_group_decorator.py
[2022-05-18 23:51:45,813] {logging_mixin.py:115} INFO - [2022-05-18 23:51:45,813] {dag.py:2371} INFO - Sync 1 DAGs
[2022-05-18 23:51:45,842] {logging_mixin.py:115} INFO - [2022-05-18 23:51:45,842] {dag.py:2919} INFO - Setting next_dagrun for example_task_group_decorator to 2022-05-17T23:51:45.840990+00:00, run_after=2022-05-18T23:51:45.840990+00:00
[2022-05-18 23:51:45,857] {processor.py:161} INFO - Processing /home/airflow/.local/lib/python3.7/site-packages/airflow/example_dags/example_task_group_decorator.py took 0.251 seconds
[2022-05-18 23:52:16,196] {processor.py:153} INFO - Started process (PID=1028) to work on /home/airflow/.local/lib/python3.7/site-packages/airflow/example_dags/example_task_group_decorator.py
[2022-05-18 23:52:16,197] {processor.py:641} INFO - Processing file /home/airflow/.local/lib/python3.7/site-packages/airflow/example_dags/example_task_group_decorator.py for tasks to queue
[2022-05-18 23:52:16,198] {logging_mixin.py:115} INFO - [2022-05-18 23:52:16,198] {dagbag.py:507} INFO - Filling up the DagBag from /home/airflow/.local/lib/python3.7/site-packages/airflow/example_dags/example_task_group_decorator.py
[2022-05-18 23:52:16,239] {processor.py:651} INFO - DAG(s) dict_keys(['example_task_group_decorator']) retrieved from /home/airflow/.local/lib/python3.7/site-packages/airflow/example_dags/example_task_group_decorator.py
[2022-05-18 23:52:16,426] {logging_mixin.py:115} INFO - [2022-05-18 23:52:16,426] {dag.py:2371} INFO - Sync 1 DAGs
[2022-05-18 23:52:16,449] {logging_mixin.py:115} INFO - [2022-05-18 23:52:16,449] {dag.py:2919} INFO - Setting next_dagrun for example_task_group_decorator to 2022-05-17T23:52:16.448854+00:00, run_after=2022-05-18T23:52:16.448854+00:00
[2022-05-18 23:52:16,462] {processor.py:161} INFO - Processing /home/airflow/.local/lib/python3.7/site-packages/airflow/example_dags/example_task_group_decorator.py took 0.269 seconds
[2022-05-18 23:52:47,177] {processor.py:153} INFO - Started process (PID=1082) to work on /home/airflow/.local/lib/python3.7/site-packages/airflow/example_dags/example_task_group_decorator.py
[2022-05-18 23:52:47,178] {processor.py:641} INFO - Processing file /home/airflow/.local/lib/python3.7/site-packages/airflow/example_dags/example_task_group_decorator.py for tasks to queue
[2022-05-18 23:52:47,179] {logging_mixin.py:115} INFO - [2022-05-18 23:52:47,179] {dagbag.py:507} INFO - Filling up the DagBag from /home/airflow/.local/lib/python3.7/site-packages/airflow/example_dags/example_task_group_decorator.py
[2022-05-18 23:52:47,233] {processor.py:651} INFO - DAG(s) dict_keys(['example_task_group_decorator']) retrieved from /home/airflow/.local/lib/python3.7/site-packages/airflow/example_dags/example_task_group_decorator.py
[2022-05-18 23:52:47,336] {logging_mixin.py:115} INFO - [2022-05-18 23:52:47,336] {dag.py:2371} INFO - Sync 1 DAGs
[2022-05-18 23:52:47,365] {logging_mixin.py:115} INFO - [2022-05-18 23:52:47,365] {dag.py:2919} INFO - Setting next_dagrun for example_task_group_decorator to 2022-05-17T23:52:47.365020+00:00, run_after=2022-05-18T23:52:47.365020+00:00
[2022-05-18 23:52:47,528] {processor.py:161} INFO - Processing /home/airflow/.local/lib/python3.7/site-packages/airflow/example_dags/example_task_group_decorator.py took 0.355 seconds
[2022-05-18 23:53:18,040] {processor.py:153} INFO - Started process (PID=1145) to work on /home/airflow/.local/lib/python3.7/site-packages/airflow/example_dags/example_task_group_decorator.py
[2022-05-18 23:53:18,040] {processor.py:641} INFO - Processing file /home/airflow/.local/lib/python3.7/site-packages/airflow/example_dags/example_task_group_decorator.py for tasks to queue
[2022-05-18 23:53:18,041] {logging_mixin.py:115} INFO - [2022-05-18 23:53:18,041] {dagbag.py:507} INFO - Filling up the DagBag from /home/airflow/.local/lib/python3.7/site-packages/airflow/example_dags/example_task_group_decorator.py
[2022-05-18 23:53:18,079] {processor.py:651} INFO - DAG(s) dict_keys(['example_task_group_decorator']) retrieved from /home/airflow/.local/lib/python3.7/site-packages/airflow/example_dags/example_task_group_decorator.py
[2022-05-18 23:53:18,159] {logging_mixin.py:115} INFO - [2022-05-18 23:53:18,159] {dag.py:2371} INFO - Sync 1 DAGs
[2022-05-18 23:53:18,191] {logging_mixin.py:115} INFO - [2022-05-18 23:53:18,190] {dag.py:2919} INFO - Setting next_dagrun for example_task_group_decorator to 2022-05-17T23:53:18.190680+00:00, run_after=2022-05-18T23:53:18.190680+00:00
[2022-05-18 23:53:18,331] {processor.py:161} INFO - Processing /home/airflow/.local/lib/python3.7/site-packages/airflow/example_dags/example_task_group_decorator.py took 0.296 seconds
[2022-05-18 23:53:48,533] {processor.py:153} INFO - Started process (PID=1207) to work on /home/airflow/.local/lib/python3.7/site-packages/airflow/example_dags/example_task_group_decorator.py
[2022-05-18 23:53:48,535] {processor.py:641} INFO - Processing file /home/airflow/.local/lib/python3.7/site-packages/airflow/example_dags/example_task_group_decorator.py for tasks to queue
[2022-05-18 23:53:48,537] {logging_mixin.py:115} INFO - [2022-05-18 23:53:48,537] {dagbag.py:507} INFO - Filling up the DagBag from /home/airflow/.local/lib/python3.7/site-packages/airflow/example_dags/example_task_group_decorator.py
[2022-05-18 23:53:48,628] {processor.py:651} INFO - DAG(s) dict_keys(['example_task_group_decorator']) retrieved from /home/airflow/.local/lib/python3.7/site-packages/airflow/example_dags/example_task_group_decorator.py
[2022-05-18 23:53:48,775] {logging_mixin.py:115} INFO - [2022-05-18 23:53:48,774] {dag.py:2371} INFO - Sync 1 DAGs
[2022-05-18 23:53:48,827] {logging_mixin.py:115} INFO - [2022-05-18 23:53:48,827] {dag.py:2919} INFO - Setting next_dagrun for example_task_group_decorator to 2022-05-17T23:53:48.826624+00:00, run_after=2022-05-18T23:53:48.826624+00:00
[2022-05-18 23:53:49,053] {processor.py:161} INFO - Processing /home/airflow/.local/lib/python3.7/site-packages/airflow/example_dags/example_task_group_decorator.py took 0.527 seconds
[2022-05-18 23:54:19,935] {processor.py:153} INFO - Started process (PID=1263) to work on /home/airflow/.local/lib/python3.7/site-packages/airflow/example_dags/example_task_group_decorator.py
[2022-05-18 23:54:19,937] {processor.py:641} INFO - Processing file /home/airflow/.local/lib/python3.7/site-packages/airflow/example_dags/example_task_group_decorator.py for tasks to queue
[2022-05-18 23:54:19,939] {logging_mixin.py:115} INFO - [2022-05-18 23:54:19,939] {dagbag.py:507} INFO - Filling up the DagBag from /home/airflow/.local/lib/python3.7/site-packages/airflow/example_dags/example_task_group_decorator.py
[2022-05-18 23:54:19,989] {processor.py:651} INFO - DAG(s) dict_keys(['example_task_group_decorator']) retrieved from /home/airflow/.local/lib/python3.7/site-packages/airflow/example_dags/example_task_group_decorator.py
[2022-05-18 23:54:20,079] {logging_mixin.py:115} INFO - [2022-05-18 23:54:20,079] {dag.py:2371} INFO - Sync 1 DAGs
[2022-05-18 23:54:20,110] {logging_mixin.py:115} INFO - [2022-05-18 23:54:20,110] {dag.py:2919} INFO - Setting next_dagrun for example_task_group_decorator to 2022-05-17T23:54:20.109845+00:00, run_after=2022-05-18T23:54:20.109845+00:00
[2022-05-18 23:54:20,277] {processor.py:161} INFO - Processing /home/airflow/.local/lib/python3.7/site-packages/airflow/example_dags/example_task_group_decorator.py took 0.345 seconds
[2022-05-18 23:54:50,425] {processor.py:153} INFO - Started process (PID=1326) to work on /home/airflow/.local/lib/python3.7/site-packages/airflow/example_dags/example_task_group_decorator.py
[2022-05-18 23:54:50,426] {processor.py:641} INFO - Processing file /home/airflow/.local/lib/python3.7/site-packages/airflow/example_dags/example_task_group_decorator.py for tasks to queue
[2022-05-18 23:54:50,428] {logging_mixin.py:115} INFO - [2022-05-18 23:54:50,427] {dagbag.py:507} INFO - Filling up the DagBag from /home/airflow/.local/lib/python3.7/site-packages/airflow/example_dags/example_task_group_decorator.py
[2022-05-18 23:54:50,502] {processor.py:651} INFO - DAG(s) dict_keys(['example_task_group_decorator']) retrieved from /home/airflow/.local/lib/python3.7/site-packages/airflow/example_dags/example_task_group_decorator.py
[2022-05-18 23:54:50,558] {logging_mixin.py:115} INFO - [2022-05-18 23:54:50,558] {dag.py:2371} INFO - Sync 1 DAGs
[2022-05-18 23:54:50,606] {logging_mixin.py:115} INFO - [2022-05-18 23:54:50,606] {dag.py:2919} INFO - Setting next_dagrun for example_task_group_decorator to 2022-05-17T23:54:50.605577+00:00, run_after=2022-05-18T23:54:50.605577+00:00
[2022-05-18 23:54:50,628] {processor.py:161} INFO - Processing /home/airflow/.local/lib/python3.7/site-packages/airflow/example_dags/example_task_group_decorator.py took 0.209 seconds
[2022-05-18 23:55:21,224] {processor.py:153} INFO - Started process (PID=1379) to work on /home/airflow/.local/lib/python3.7/site-packages/airflow/example_dags/example_task_group_decorator.py
[2022-05-18 23:55:21,225] {processor.py:641} INFO - Processing file /home/airflow/.local/lib/python3.7/site-packages/airflow/example_dags/example_task_group_decorator.py for tasks to queue
[2022-05-18 23:55:21,227] {logging_mixin.py:115} INFO - [2022-05-18 23:55:21,226] {dagbag.py:507} INFO - Filling up the DagBag from /home/airflow/.local/lib/python3.7/site-packages/airflow/example_dags/example_task_group_decorator.py
[2022-05-18 23:55:21,264] {processor.py:651} INFO - DAG(s) dict_keys(['example_task_group_decorator']) retrieved from /home/airflow/.local/lib/python3.7/site-packages/airflow/example_dags/example_task_group_decorator.py
[2022-05-18 23:55:21,348] {logging_mixin.py:115} INFO - [2022-05-18 23:55:21,347] {dag.py:2371} INFO - Sync 1 DAGs
[2022-05-18 23:55:21,373] {logging_mixin.py:115} INFO - [2022-05-18 23:55:21,373] {dag.py:2919} INFO - Setting next_dagrun for example_task_group_decorator to 2022-05-17T23:55:21.373032+00:00, run_after=2022-05-18T23:55:21.373032+00:00
[2022-05-18 23:55:21,527] {processor.py:161} INFO - Processing /home/airflow/.local/lib/python3.7/site-packages/airflow/example_dags/example_task_group_decorator.py took 0.307 seconds
[2022-05-18 23:55:51,716] {processor.py:153} INFO - Started process (PID=1441) to work on /home/airflow/.local/lib/python3.7/site-packages/airflow/example_dags/example_task_group_decorator.py
[2022-05-18 23:55:51,717] {processor.py:641} INFO - Processing file /home/airflow/.local/lib/python3.7/site-packages/airflow/example_dags/example_task_group_decorator.py for tasks to queue
[2022-05-18 23:55:51,718] {logging_mixin.py:115} INFO - [2022-05-18 23:55:51,718] {dagbag.py:507} INFO - Filling up the DagBag from /home/airflow/.local/lib/python3.7/site-packages/airflow/example_dags/example_task_group_decorator.py
[2022-05-18 23:55:51,772] {processor.py:651} INFO - DAG(s) dict_keys(['example_task_group_decorator']) retrieved from /home/airflow/.local/lib/python3.7/site-packages/airflow/example_dags/example_task_group_decorator.py
[2022-05-18 23:55:51,886] {logging_mixin.py:115} INFO - [2022-05-18 23:55:51,886] {dag.py:2371} INFO - Sync 1 DAGs
[2022-05-18 23:55:51,922] {logging_mixin.py:115} INFO - [2022-05-18 23:55:51,922] {dag.py:2919} INFO - Setting next_dagrun for example_task_group_decorator to 2022-05-17T23:55:51.921250+00:00, run_after=2022-05-18T23:55:51.921250+00:00
[2022-05-18 23:55:52,100] {processor.py:161} INFO - Processing /home/airflow/.local/lib/python3.7/site-packages/airflow/example_dags/example_task_group_decorator.py took 0.388 seconds
[2022-05-18 23:56:22,537] {processor.py:153} INFO - Started process (PID=1493) to work on /home/airflow/.local/lib/python3.7/site-packages/airflow/example_dags/example_task_group_decorator.py
[2022-05-18 23:56:22,538] {processor.py:641} INFO - Processing file /home/airflow/.local/lib/python3.7/site-packages/airflow/example_dags/example_task_group_decorator.py for tasks to queue
[2022-05-18 23:56:22,539] {logging_mixin.py:115} INFO - [2022-05-18 23:56:22,539] {dagbag.py:507} INFO - Filling up the DagBag from /home/airflow/.local/lib/python3.7/site-packages/airflow/example_dags/example_task_group_decorator.py
[2022-05-18 23:56:22,576] {processor.py:651} INFO - DAG(s) dict_keys(['example_task_group_decorator']) retrieved from /home/airflow/.local/lib/python3.7/site-packages/airflow/example_dags/example_task_group_decorator.py
[2022-05-18 23:56:22,658] {logging_mixin.py:115} INFO - [2022-05-18 23:56:22,658] {dag.py:2371} INFO - Sync 1 DAGs
[2022-05-18 23:56:22,684] {logging_mixin.py:115} INFO - [2022-05-18 23:56:22,683] {dag.py:2919} INFO - Setting next_dagrun for example_task_group_decorator to 2022-05-17T23:56:22.683590+00:00, run_after=2022-05-18T23:56:22.683590+00:00
[2022-05-18 23:56:22,829] {processor.py:161} INFO - Processing /home/airflow/.local/lib/python3.7/site-packages/airflow/example_dags/example_task_group_decorator.py took 0.295 seconds
[2022-05-18 23:56:53,012] {processor.py:153} INFO - Started process (PID=1555) to work on /home/airflow/.local/lib/python3.7/site-packages/airflow/example_dags/example_task_group_decorator.py
[2022-05-18 23:56:53,013] {processor.py:641} INFO - Processing file /home/airflow/.local/lib/python3.7/site-packages/airflow/example_dags/example_task_group_decorator.py for tasks to queue
[2022-05-18 23:56:53,015] {logging_mixin.py:115} INFO - [2022-05-18 23:56:53,015] {dagbag.py:507} INFO - Filling up the DagBag from /home/airflow/.local/lib/python3.7/site-packages/airflow/example_dags/example_task_group_decorator.py
[2022-05-18 23:56:53,061] {processor.py:651} INFO - DAG(s) dict_keys(['example_task_group_decorator']) retrieved from /home/airflow/.local/lib/python3.7/site-packages/airflow/example_dags/example_task_group_decorator.py
[2022-05-18 23:56:53,234] {logging_mixin.py:115} INFO - [2022-05-18 23:56:53,234] {dag.py:2371} INFO - Sync 1 DAGs
[2022-05-18 23:56:53,267] {logging_mixin.py:115} INFO - [2022-05-18 23:56:53,267] {dag.py:2919} INFO - Setting next_dagrun for example_task_group_decorator to 2022-05-17T23:56:53.267025+00:00, run_after=2022-05-18T23:56:53.267025+00:00
[2022-05-18 23:56:53,445] {processor.py:161} INFO - Processing /home/airflow/.local/lib/python3.7/site-packages/airflow/example_dags/example_task_group_decorator.py took 0.438 seconds
[2022-05-18 23:57:23,668] {processor.py:153} INFO - Started process (PID=1609) to work on /home/airflow/.local/lib/python3.7/site-packages/airflow/example_dags/example_task_group_decorator.py
[2022-05-18 23:57:23,669] {processor.py:641} INFO - Processing file /home/airflow/.local/lib/python3.7/site-packages/airflow/example_dags/example_task_group_decorator.py for tasks to queue
[2022-05-18 23:57:23,672] {logging_mixin.py:115} INFO - [2022-05-18 23:57:23,671] {dagbag.py:507} INFO - Filling up the DagBag from /home/airflow/.local/lib/python3.7/site-packages/airflow/example_dags/example_task_group_decorator.py
[2022-05-18 23:57:23,728] {processor.py:651} INFO - DAG(s) dict_keys(['example_task_group_decorator']) retrieved from /home/airflow/.local/lib/python3.7/site-packages/airflow/example_dags/example_task_group_decorator.py
[2022-05-18 23:57:23,768] {logging_mixin.py:115} INFO - [2022-05-18 23:57:23,768] {dag.py:2371} INFO - Sync 1 DAGs
[2022-05-18 23:57:23,802] {logging_mixin.py:115} INFO - [2022-05-18 23:57:23,802] {dag.py:2919} INFO - Setting next_dagrun for example_task_group_decorator to 2022-05-17T23:57:23.802056+00:00, run_after=2022-05-18T23:57:23.802056+00:00
[2022-05-18 23:57:23,824] {processor.py:161} INFO - Processing /home/airflow/.local/lib/python3.7/site-packages/airflow/example_dags/example_task_group_decorator.py took 0.161 seconds
[2022-05-18 23:57:53,883] {processor.py:153} INFO - Started process (PID=1670) to work on /home/airflow/.local/lib/python3.7/site-packages/airflow/example_dags/example_task_group_decorator.py
[2022-05-18 23:57:53,885] {processor.py:641} INFO - Processing file /home/airflow/.local/lib/python3.7/site-packages/airflow/example_dags/example_task_group_decorator.py for tasks to queue
[2022-05-18 23:57:53,888] {logging_mixin.py:115} INFO - [2022-05-18 23:57:53,887] {dagbag.py:507} INFO - Filling up the DagBag from /home/airflow/.local/lib/python3.7/site-packages/airflow/example_dags/example_task_group_decorator.py
[2022-05-18 23:57:54,210] {processor.py:651} INFO - DAG(s) dict_keys(['example_task_group_decorator']) retrieved from /home/airflow/.local/lib/python3.7/site-packages/airflow/example_dags/example_task_group_decorator.py
[2022-05-18 23:57:54,367] {logging_mixin.py:115} INFO - [2022-05-18 23:57:54,367] {dag.py:2371} INFO - Sync 1 DAGs
[2022-05-18 23:57:54,417] {logging_mixin.py:115} INFO - [2022-05-18 23:57:54,416] {dag.py:2919} INFO - Setting next_dagrun for example_task_group_decorator to 2022-05-17T23:57:54.416331+00:00, run_after=2022-05-18T23:57:54.416331+00:00
[2022-05-18 23:57:54,450] {processor.py:161} INFO - Processing /home/airflow/.local/lib/python3.7/site-packages/airflow/example_dags/example_task_group_decorator.py took 0.576 seconds
[2022-05-18 23:58:24,845] {processor.py:153} INFO - Started process (PID=1716) to work on /home/airflow/.local/lib/python3.7/site-packages/airflow/example_dags/example_task_group_decorator.py
[2022-05-18 23:58:24,846] {processor.py:641} INFO - Processing file /home/airflow/.local/lib/python3.7/site-packages/airflow/example_dags/example_task_group_decorator.py for tasks to queue
[2022-05-18 23:58:24,847] {logging_mixin.py:115} INFO - [2022-05-18 23:58:24,847] {dagbag.py:507} INFO - Filling up the DagBag from /home/airflow/.local/lib/python3.7/site-packages/airflow/example_dags/example_task_group_decorator.py
[2022-05-18 23:58:25,052] {processor.py:651} INFO - DAG(s) dict_keys(['example_task_group_decorator']) retrieved from /home/airflow/.local/lib/python3.7/site-packages/airflow/example_dags/example_task_group_decorator.py
[2022-05-18 23:58:25,141] {logging_mixin.py:115} INFO - [2022-05-18 23:58:25,140] {dag.py:2371} INFO - Sync 1 DAGs
[2022-05-18 23:58:25,169] {logging_mixin.py:115} INFO - [2022-05-18 23:58:25,169] {dag.py:2919} INFO - Setting next_dagrun for example_task_group_decorator to 2022-05-17T23:58:25.169522+00:00, run_after=2022-05-18T23:58:25.169522+00:00
[2022-05-18 23:58:25,190] {processor.py:161} INFO - Processing /home/airflow/.local/lib/python3.7/site-packages/airflow/example_dags/example_task_group_decorator.py took 0.350 seconds
[2022-05-18 23:58:58,926] {processor.py:153} INFO - Started process (PID=1778) to work on /home/airflow/.local/lib/python3.7/site-packages/airflow/example_dags/example_task_group_decorator.py
[2022-05-18 23:58:58,928] {processor.py:641} INFO - Processing file /home/airflow/.local/lib/python3.7/site-packages/airflow/example_dags/example_task_group_decorator.py for tasks to queue
[2022-05-18 23:58:58,931] {logging_mixin.py:115} INFO - [2022-05-18 23:58:58,930] {dagbag.py:507} INFO - Filling up the DagBag from /home/airflow/.local/lib/python3.7/site-packages/airflow/example_dags/example_task_group_decorator.py
[2022-05-18 23:58:59,262] {processor.py:651} INFO - DAG(s) dict_keys(['example_task_group_decorator']) retrieved from /home/airflow/.local/lib/python3.7/site-packages/airflow/example_dags/example_task_group_decorator.py
[2022-05-18 23:58:59,313] {logging_mixin.py:115} INFO - [2022-05-18 23:58:59,313] {dag.py:2371} INFO - Sync 1 DAGs
[2022-05-18 23:58:59,356] {logging_mixin.py:115} INFO - [2022-05-18 23:58:59,356] {dag.py:2919} INFO - Setting next_dagrun for example_task_group_decorator to 2022-05-17T23:58:59.355632+00:00, run_after=2022-05-18T23:58:59.355632+00:00
[2022-05-18 23:58:59,381] {processor.py:161} INFO - Processing /home/airflow/.local/lib/python3.7/site-packages/airflow/example_dags/example_task_group_decorator.py took 0.463 seconds
[2022-05-18 23:59:29,508] {processor.py:153} INFO - Started process (PID=1832) to work on /home/airflow/.local/lib/python3.7/site-packages/airflow/example_dags/example_task_group_decorator.py
[2022-05-18 23:59:29,509] {processor.py:641} INFO - Processing file /home/airflow/.local/lib/python3.7/site-packages/airflow/example_dags/example_task_group_decorator.py for tasks to queue
[2022-05-18 23:59:29,510] {logging_mixin.py:115} INFO - [2022-05-18 23:59:29,510] {dagbag.py:507} INFO - Filling up the DagBag from /home/airflow/.local/lib/python3.7/site-packages/airflow/example_dags/example_task_group_decorator.py
[2022-05-18 23:59:29,695] {processor.py:651} INFO - DAG(s) dict_keys(['example_task_group_decorator']) retrieved from /home/airflow/.local/lib/python3.7/site-packages/airflow/example_dags/example_task_group_decorator.py
[2022-05-18 23:59:29,723] {logging_mixin.py:115} INFO - [2022-05-18 23:59:29,723] {dag.py:2371} INFO - Sync 1 DAGs
[2022-05-18 23:59:29,751] {logging_mixin.py:115} INFO - [2022-05-18 23:59:29,751] {dag.py:2919} INFO - Setting next_dagrun for example_task_group_decorator to 2022-05-17T23:59:29.751075+00:00, run_after=2022-05-18T23:59:29.751075+00:00
[2022-05-18 23:59:29,767] {processor.py:161} INFO - Processing /home/airflow/.local/lib/python3.7/site-packages/airflow/example_dags/example_task_group_decorator.py took 0.264 seconds
