[2022-05-18 23:42:56,758] {processor.py:153} INFO - Started process (PID=77) to work on /home/airflow/.local/lib/python3.7/site-packages/airflow/example_dags/tutorial_taskflow_api_etl.py
[2022-05-18 23:42:56,760] {processor.py:641} INFO - Processing file /home/airflow/.local/lib/python3.7/site-packages/airflow/example_dags/tutorial_taskflow_api_etl.py for tasks to queue
[2022-05-18 23:42:56,762] {logging_mixin.py:115} INFO - [2022-05-18 23:42:56,762] {dagbag.py:507} INFO - Filling up the DagBag from /home/airflow/.local/lib/python3.7/site-packages/airflow/example_dags/tutorial_taskflow_api_etl.py
[2022-05-18 23:42:56,830] {processor.py:651} INFO - DAG(s) dict_keys(['tutorial_taskflow_api_etl']) retrieved from /home/airflow/.local/lib/python3.7/site-packages/airflow/example_dags/tutorial_taskflow_api_etl.py
[2022-05-18 23:42:58,750] {logging_mixin.py:115} INFO - [2022-05-18 23:42:58,750] {manager.py:508} INFO - Created Permission View: can edit on DAG:tutorial_taskflow_api_etl
[2022-05-18 23:42:58,919] {logging_mixin.py:115} INFO - [2022-05-18 23:42:58,918] {manager.py:508} INFO - Created Permission View: can delete on DAG:tutorial_taskflow_api_etl
[2022-05-18 23:42:58,989] {logging_mixin.py:115} INFO - [2022-05-18 23:42:58,987] {manager.py:508} INFO - Created Permission View: can read on DAG:tutorial_taskflow_api_etl
[2022-05-18 23:42:58,995] {logging_mixin.py:115} INFO - [2022-05-18 23:42:58,995] {dag.py:2371} INFO - Sync 1 DAGs
[2022-05-18 23:42:59,074] {logging_mixin.py:115} INFO - [2022-05-18 23:42:59,073] {dag.py:2390} INFO - Creating ORM DAG for tutorial_taskflow_api_etl
[2022-05-18 23:42:59,127] {logging_mixin.py:115} INFO - [2022-05-18 23:42:59,127] {dag.py:2919} INFO - Setting next_dagrun for tutorial_taskflow_api_etl to None, run_after=None
[2022-05-18 23:42:59,192] {processor.py:161} INFO - Processing /home/airflow/.local/lib/python3.7/site-packages/airflow/example_dags/tutorial_taskflow_api_etl.py took 2.324 seconds
[2022-05-18 23:43:29,455] {processor.py:153} INFO - Started process (PID=130) to work on /home/airflow/.local/lib/python3.7/site-packages/airflow/example_dags/tutorial_taskflow_api_etl.py
[2022-05-18 23:43:29,457] {processor.py:641} INFO - Processing file /home/airflow/.local/lib/python3.7/site-packages/airflow/example_dags/tutorial_taskflow_api_etl.py for tasks to queue
[2022-05-18 23:43:29,459] {logging_mixin.py:115} INFO - [2022-05-18 23:43:29,458] {dagbag.py:507} INFO - Filling up the DagBag from /home/airflow/.local/lib/python3.7/site-packages/airflow/example_dags/tutorial_taskflow_api_etl.py
[2022-05-18 23:43:29,501] {processor.py:651} INFO - DAG(s) dict_keys(['tutorial_taskflow_api_etl']) retrieved from /home/airflow/.local/lib/python3.7/site-packages/airflow/example_dags/tutorial_taskflow_api_etl.py
[2022-05-18 23:43:29,992] {logging_mixin.py:115} INFO - [2022-05-18 23:43:29,992] {dag.py:2371} INFO - Sync 1 DAGs
[2022-05-18 23:43:30,042] {logging_mixin.py:115} INFO - [2022-05-18 23:43:30,041] {dag.py:2919} INFO - Setting next_dagrun for tutorial_taskflow_api_etl to None, run_after=None
[2022-05-18 23:43:30,066] {processor.py:161} INFO - Processing /home/airflow/.local/lib/python3.7/site-packages/airflow/example_dags/tutorial_taskflow_api_etl.py took 0.617 seconds
[2022-05-18 23:44:00,492] {processor.py:153} INFO - Started process (PID=184) to work on /home/airflow/.local/lib/python3.7/site-packages/airflow/example_dags/tutorial_taskflow_api_etl.py
[2022-05-18 23:44:00,493] {processor.py:641} INFO - Processing file /home/airflow/.local/lib/python3.7/site-packages/airflow/example_dags/tutorial_taskflow_api_etl.py for tasks to queue
[2022-05-18 23:44:00,494] {logging_mixin.py:115} INFO - [2022-05-18 23:44:00,494] {dagbag.py:507} INFO - Filling up the DagBag from /home/airflow/.local/lib/python3.7/site-packages/airflow/example_dags/tutorial_taskflow_api_etl.py
[2022-05-18 23:44:00,525] {processor.py:651} INFO - DAG(s) dict_keys(['tutorial_taskflow_api_etl']) retrieved from /home/airflow/.local/lib/python3.7/site-packages/airflow/example_dags/tutorial_taskflow_api_etl.py
[2022-05-18 23:44:00,561] {logging_mixin.py:115} INFO - [2022-05-18 23:44:00,561] {dag.py:2371} INFO - Sync 1 DAGs
[2022-05-18 23:44:00,753] {logging_mixin.py:115} INFO - [2022-05-18 23:44:00,753] {dag.py:2919} INFO - Setting next_dagrun for tutorial_taskflow_api_etl to None, run_after=None
[2022-05-18 23:44:00,766] {processor.py:161} INFO - Processing /home/airflow/.local/lib/python3.7/site-packages/airflow/example_dags/tutorial_taskflow_api_etl.py took 0.278 seconds
[2022-05-18 23:44:30,952] {processor.py:153} INFO - Started process (PID=247) to work on /home/airflow/.local/lib/python3.7/site-packages/airflow/example_dags/tutorial_taskflow_api_etl.py
[2022-05-18 23:44:30,953] {processor.py:641} INFO - Processing file /home/airflow/.local/lib/python3.7/site-packages/airflow/example_dags/tutorial_taskflow_api_etl.py for tasks to queue
[2022-05-18 23:44:30,954] {logging_mixin.py:115} INFO - [2022-05-18 23:44:30,954] {dagbag.py:507} INFO - Filling up the DagBag from /home/airflow/.local/lib/python3.7/site-packages/airflow/example_dags/tutorial_taskflow_api_etl.py
[2022-05-18 23:44:30,981] {processor.py:651} INFO - DAG(s) dict_keys(['tutorial_taskflow_api_etl']) retrieved from /home/airflow/.local/lib/python3.7/site-packages/airflow/example_dags/tutorial_taskflow_api_etl.py
[2022-05-18 23:44:31,213] {logging_mixin.py:115} INFO - [2022-05-18 23:44:31,213] {dag.py:2371} INFO - Sync 1 DAGs
[2022-05-18 23:44:31,238] {logging_mixin.py:115} INFO - [2022-05-18 23:44:31,238] {dag.py:2919} INFO - Setting next_dagrun for tutorial_taskflow_api_etl to None, run_after=None
[2022-05-18 23:44:31,255] {processor.py:161} INFO - Processing /home/airflow/.local/lib/python3.7/site-packages/airflow/example_dags/tutorial_taskflow_api_etl.py took 0.307 seconds
[2022-05-18 23:45:01,863] {processor.py:153} INFO - Started process (PID=301) to work on /home/airflow/.local/lib/python3.7/site-packages/airflow/example_dags/tutorial_taskflow_api_etl.py
[2022-05-18 23:45:01,864] {processor.py:641} INFO - Processing file /home/airflow/.local/lib/python3.7/site-packages/airflow/example_dags/tutorial_taskflow_api_etl.py for tasks to queue
[2022-05-18 23:45:01,865] {logging_mixin.py:115} INFO - [2022-05-18 23:45:01,865] {dagbag.py:507} INFO - Filling up the DagBag from /home/airflow/.local/lib/python3.7/site-packages/airflow/example_dags/tutorial_taskflow_api_etl.py
[2022-05-18 23:45:01,903] {processor.py:651} INFO - DAG(s) dict_keys(['tutorial_taskflow_api_etl']) retrieved from /home/airflow/.local/lib/python3.7/site-packages/airflow/example_dags/tutorial_taskflow_api_etl.py
[2022-05-18 23:45:02,235] {logging_mixin.py:115} INFO - [2022-05-18 23:45:02,235] {dag.py:2371} INFO - Sync 1 DAGs
[2022-05-18 23:45:02,285] {logging_mixin.py:115} INFO - [2022-05-18 23:45:02,284] {dag.py:2919} INFO - Setting next_dagrun for tutorial_taskflow_api_etl to None, run_after=None
[2022-05-18 23:45:02,311] {processor.py:161} INFO - Processing /home/airflow/.local/lib/python3.7/site-packages/airflow/example_dags/tutorial_taskflow_api_etl.py took 0.453 seconds
[2022-05-18 23:45:32,619] {processor.py:153} INFO - Started process (PID=354) to work on /home/airflow/.local/lib/python3.7/site-packages/airflow/example_dags/tutorial_taskflow_api_etl.py
[2022-05-18 23:45:32,620] {processor.py:641} INFO - Processing file /home/airflow/.local/lib/python3.7/site-packages/airflow/example_dags/tutorial_taskflow_api_etl.py for tasks to queue
[2022-05-18 23:45:32,621] {logging_mixin.py:115} INFO - [2022-05-18 23:45:32,621] {dagbag.py:507} INFO - Filling up the DagBag from /home/airflow/.local/lib/python3.7/site-packages/airflow/example_dags/tutorial_taskflow_api_etl.py
[2022-05-18 23:45:32,646] {processor.py:651} INFO - DAG(s) dict_keys(['tutorial_taskflow_api_etl']) retrieved from /home/airflow/.local/lib/python3.7/site-packages/airflow/example_dags/tutorial_taskflow_api_etl.py
[2022-05-18 23:45:32,679] {logging_mixin.py:115} INFO - [2022-05-18 23:45:32,679] {dag.py:2371} INFO - Sync 1 DAGs
[2022-05-18 23:45:32,829] {logging_mixin.py:115} INFO - [2022-05-18 23:45:32,829] {dag.py:2919} INFO - Setting next_dagrun for tutorial_taskflow_api_etl to None, run_after=None
[2022-05-18 23:45:32,843] {processor.py:161} INFO - Processing /home/airflow/.local/lib/python3.7/site-packages/airflow/example_dags/tutorial_taskflow_api_etl.py took 0.227 seconds
[2022-05-18 23:46:03,371] {processor.py:153} INFO - Started process (PID=418) to work on /home/airflow/.local/lib/python3.7/site-packages/airflow/example_dags/tutorial_taskflow_api_etl.py
[2022-05-18 23:46:03,373] {processor.py:641} INFO - Processing file /home/airflow/.local/lib/python3.7/site-packages/airflow/example_dags/tutorial_taskflow_api_etl.py for tasks to queue
[2022-05-18 23:46:03,374] {logging_mixin.py:115} INFO - [2022-05-18 23:46:03,374] {dagbag.py:507} INFO - Filling up the DagBag from /home/airflow/.local/lib/python3.7/site-packages/airflow/example_dags/tutorial_taskflow_api_etl.py
[2022-05-18 23:46:03,425] {processor.py:651} INFO - DAG(s) dict_keys(['tutorial_taskflow_api_etl']) retrieved from /home/airflow/.local/lib/python3.7/site-packages/airflow/example_dags/tutorial_taskflow_api_etl.py
[2022-05-18 23:46:04,027] {logging_mixin.py:115} INFO - [2022-05-18 23:46:04,025] {dag.py:2371} INFO - Sync 1 DAGs
[2022-05-18 23:46:04,187] {logging_mixin.py:115} INFO - [2022-05-18 23:46:04,186] {dag.py:2919} INFO - Setting next_dagrun for tutorial_taskflow_api_etl to None, run_after=None
[2022-05-18 23:46:04,229] {processor.py:161} INFO - Processing /home/airflow/.local/lib/python3.7/site-packages/airflow/example_dags/tutorial_taskflow_api_etl.py took 0.865 seconds
[2022-05-18 23:46:34,471] {processor.py:153} INFO - Started process (PID=462) to work on /home/airflow/.local/lib/python3.7/site-packages/airflow/example_dags/tutorial_taskflow_api_etl.py
[2022-05-18 23:46:34,473] {processor.py:641} INFO - Processing file /home/airflow/.local/lib/python3.7/site-packages/airflow/example_dags/tutorial_taskflow_api_etl.py for tasks to queue
[2022-05-18 23:46:34,475] {logging_mixin.py:115} INFO - [2022-05-18 23:46:34,474] {dagbag.py:507} INFO - Filling up the DagBag from /home/airflow/.local/lib/python3.7/site-packages/airflow/example_dags/tutorial_taskflow_api_etl.py
[2022-05-18 23:46:34,509] {processor.py:651} INFO - DAG(s) dict_keys(['tutorial_taskflow_api_etl']) retrieved from /home/airflow/.local/lib/python3.7/site-packages/airflow/example_dags/tutorial_taskflow_api_etl.py
[2022-05-18 23:46:34,784] {logging_mixin.py:115} INFO - [2022-05-18 23:46:34,784] {dag.py:2371} INFO - Sync 1 DAGs
[2022-05-18 23:46:34,808] {logging_mixin.py:115} INFO - [2022-05-18 23:46:34,808] {dag.py:2919} INFO - Setting next_dagrun for tutorial_taskflow_api_etl to None, run_after=None
[2022-05-18 23:46:34,825] {processor.py:161} INFO - Processing /home/airflow/.local/lib/python3.7/site-packages/airflow/example_dags/tutorial_taskflow_api_etl.py took 0.360 seconds
[2022-05-18 23:47:05,121] {processor.py:153} INFO - Started process (PID=526) to work on /home/airflow/.local/lib/python3.7/site-packages/airflow/example_dags/tutorial_taskflow_api_etl.py
[2022-05-18 23:47:05,122] {processor.py:641} INFO - Processing file /home/airflow/.local/lib/python3.7/site-packages/airflow/example_dags/tutorial_taskflow_api_etl.py for tasks to queue
[2022-05-18 23:47:05,124] {logging_mixin.py:115} INFO - [2022-05-18 23:47:05,124] {dagbag.py:507} INFO - Filling up the DagBag from /home/airflow/.local/lib/python3.7/site-packages/airflow/example_dags/tutorial_taskflow_api_etl.py
[2022-05-18 23:47:05,158] {processor.py:651} INFO - DAG(s) dict_keys(['tutorial_taskflow_api_etl']) retrieved from /home/airflow/.local/lib/python3.7/site-packages/airflow/example_dags/tutorial_taskflow_api_etl.py
[2022-05-18 23:47:05,392] {logging_mixin.py:115} INFO - [2022-05-18 23:47:05,392] {dag.py:2371} INFO - Sync 1 DAGs
[2022-05-18 23:47:05,411] {logging_mixin.py:115} INFO - [2022-05-18 23:47:05,411] {dag.py:2919} INFO - Setting next_dagrun for tutorial_taskflow_api_etl to None, run_after=None
[2022-05-18 23:47:05,425] {processor.py:161} INFO - Processing /home/airflow/.local/lib/python3.7/site-packages/airflow/example_dags/tutorial_taskflow_api_etl.py took 0.310 seconds
[2022-05-18 23:47:35,977] {processor.py:153} INFO - Started process (PID=578) to work on /home/airflow/.local/lib/python3.7/site-packages/airflow/example_dags/tutorial_taskflow_api_etl.py
[2022-05-18 23:47:35,978] {processor.py:641} INFO - Processing file /home/airflow/.local/lib/python3.7/site-packages/airflow/example_dags/tutorial_taskflow_api_etl.py for tasks to queue
[2022-05-18 23:47:35,979] {logging_mixin.py:115} INFO - [2022-05-18 23:47:35,979] {dagbag.py:507} INFO - Filling up the DagBag from /home/airflow/.local/lib/python3.7/site-packages/airflow/example_dags/tutorial_taskflow_api_etl.py
[2022-05-18 23:47:36,010] {processor.py:651} INFO - DAG(s) dict_keys(['tutorial_taskflow_api_etl']) retrieved from /home/airflow/.local/lib/python3.7/site-packages/airflow/example_dags/tutorial_taskflow_api_etl.py
[2022-05-18 23:47:36,457] {logging_mixin.py:115} INFO - [2022-05-18 23:47:36,452] {dag.py:2371} INFO - Sync 1 DAGs
[2022-05-18 23:47:36,658] {logging_mixin.py:115} INFO - [2022-05-18 23:47:36,655] {dag.py:2919} INFO - Setting next_dagrun for tutorial_taskflow_api_etl to None, run_after=None
[2022-05-18 23:47:36,855] {processor.py:161} INFO - Processing /home/airflow/.local/lib/python3.7/site-packages/airflow/example_dags/tutorial_taskflow_api_etl.py took 0.882 seconds
[2022-05-18 23:48:31,359] {processor.py:153} INFO - Started process (PID=641) to work on /home/airflow/.local/lib/python3.7/site-packages/airflow/example_dags/tutorial_taskflow_api_etl.py
[2022-05-18 23:48:31,360] {processor.py:641} INFO - Processing file /home/airflow/.local/lib/python3.7/site-packages/airflow/example_dags/tutorial_taskflow_api_etl.py for tasks to queue
[2022-05-18 23:48:31,361] {logging_mixin.py:115} INFO - [2022-05-18 23:48:31,361] {dagbag.py:507} INFO - Filling up the DagBag from /home/airflow/.local/lib/python3.7/site-packages/airflow/example_dags/tutorial_taskflow_api_etl.py
[2022-05-18 23:48:31,401] {processor.py:651} INFO - DAG(s) dict_keys(['tutorial_taskflow_api_etl']) retrieved from /home/airflow/.local/lib/python3.7/site-packages/airflow/example_dags/tutorial_taskflow_api_etl.py
[2022-05-18 23:48:31,818] {logging_mixin.py:115} INFO - [2022-05-18 23:48:31,818] {dag.py:2371} INFO - Sync 1 DAGs
[2022-05-18 23:48:31,867] {logging_mixin.py:115} INFO - [2022-05-18 23:48:31,866] {dag.py:2919} INFO - Setting next_dagrun for tutorial_taskflow_api_etl to None, run_after=None
[2022-05-18 23:48:31,885] {processor.py:161} INFO - Processing /home/airflow/.local/lib/python3.7/site-packages/airflow/example_dags/tutorial_taskflow_api_etl.py took 0.533 seconds
[2022-05-18 23:49:02,270] {processor.py:153} INFO - Started process (PID=695) to work on /home/airflow/.local/lib/python3.7/site-packages/airflow/example_dags/tutorial_taskflow_api_etl.py
[2022-05-18 23:49:02,271] {processor.py:641} INFO - Processing file /home/airflow/.local/lib/python3.7/site-packages/airflow/example_dags/tutorial_taskflow_api_etl.py for tasks to queue
[2022-05-18 23:49:02,271] {logging_mixin.py:115} INFO - [2022-05-18 23:49:02,271] {dagbag.py:507} INFO - Filling up the DagBag from /home/airflow/.local/lib/python3.7/site-packages/airflow/example_dags/tutorial_taskflow_api_etl.py
[2022-05-18 23:49:02,299] {processor.py:651} INFO - DAG(s) dict_keys(['tutorial_taskflow_api_etl']) retrieved from /home/airflow/.local/lib/python3.7/site-packages/airflow/example_dags/tutorial_taskflow_api_etl.py
[2022-05-18 23:49:02,479] {logging_mixin.py:115} INFO - [2022-05-18 23:49:02,479] {dag.py:2371} INFO - Sync 1 DAGs
[2022-05-18 23:49:02,499] {logging_mixin.py:115} INFO - [2022-05-18 23:49:02,499] {dag.py:2919} INFO - Setting next_dagrun for tutorial_taskflow_api_etl to None, run_after=None
[2022-05-18 23:49:02,514] {processor.py:161} INFO - Processing /home/airflow/.local/lib/python3.7/site-packages/airflow/example_dags/tutorial_taskflow_api_etl.py took 0.247 seconds
[2022-05-18 23:49:33,978] {processor.py:153} INFO - Started process (PID=757) to work on /home/airflow/.local/lib/python3.7/site-packages/airflow/example_dags/tutorial_taskflow_api_etl.py
[2022-05-18 23:49:33,979] {processor.py:641} INFO - Processing file /home/airflow/.local/lib/python3.7/site-packages/airflow/example_dags/tutorial_taskflow_api_etl.py for tasks to queue
[2022-05-18 23:49:33,981] {logging_mixin.py:115} INFO - [2022-05-18 23:49:33,980] {dagbag.py:507} INFO - Filling up the DagBag from /home/airflow/.local/lib/python3.7/site-packages/airflow/example_dags/tutorial_taskflow_api_etl.py
[2022-05-18 23:49:34,017] {processor.py:651} INFO - DAG(s) dict_keys(['tutorial_taskflow_api_etl']) retrieved from /home/airflow/.local/lib/python3.7/site-packages/airflow/example_dags/tutorial_taskflow_api_etl.py
[2022-05-18 23:49:34,209] {logging_mixin.py:115} INFO - [2022-05-18 23:49:34,209] {dag.py:2371} INFO - Sync 1 DAGs
[2022-05-18 23:49:34,238] {logging_mixin.py:115} INFO - [2022-05-18 23:49:34,238] {dag.py:2919} INFO - Setting next_dagrun for tutorial_taskflow_api_etl to None, run_after=None
[2022-05-18 23:49:34,254] {processor.py:161} INFO - Processing /home/airflow/.local/lib/python3.7/site-packages/airflow/example_dags/tutorial_taskflow_api_etl.py took 0.281 seconds
[2022-05-18 23:50:04,307] {processor.py:153} INFO - Started process (PID=811) to work on /home/airflow/.local/lib/python3.7/site-packages/airflow/example_dags/tutorial_taskflow_api_etl.py
[2022-05-18 23:50:04,308] {processor.py:641} INFO - Processing file /home/airflow/.local/lib/python3.7/site-packages/airflow/example_dags/tutorial_taskflow_api_etl.py for tasks to queue
[2022-05-18 23:50:04,309] {logging_mixin.py:115} INFO - [2022-05-18 23:50:04,309] {dagbag.py:507} INFO - Filling up the DagBag from /home/airflow/.local/lib/python3.7/site-packages/airflow/example_dags/tutorial_taskflow_api_etl.py
[2022-05-18 23:50:04,336] {processor.py:651} INFO - DAG(s) dict_keys(['tutorial_taskflow_api_etl']) retrieved from /home/airflow/.local/lib/python3.7/site-packages/airflow/example_dags/tutorial_taskflow_api_etl.py
[2022-05-18 23:50:04,481] {logging_mixin.py:115} INFO - [2022-05-18 23:50:04,480] {dag.py:2371} INFO - Sync 1 DAGs
[2022-05-18 23:50:04,502] {logging_mixin.py:115} INFO - [2022-05-18 23:50:04,502] {dag.py:2919} INFO - Setting next_dagrun for tutorial_taskflow_api_etl to None, run_after=None
[2022-05-18 23:50:04,521] {processor.py:161} INFO - Processing /home/airflow/.local/lib/python3.7/site-packages/airflow/example_dags/tutorial_taskflow_api_etl.py took 0.217 seconds
[2022-05-18 23:50:34,598] {processor.py:153} INFO - Started process (PID=864) to work on /home/airflow/.local/lib/python3.7/site-packages/airflow/example_dags/tutorial_taskflow_api_etl.py
[2022-05-18 23:50:34,598] {processor.py:641} INFO - Processing file /home/airflow/.local/lib/python3.7/site-packages/airflow/example_dags/tutorial_taskflow_api_etl.py for tasks to queue
[2022-05-18 23:50:34,599] {logging_mixin.py:115} INFO - [2022-05-18 23:50:34,599] {dagbag.py:507} INFO - Filling up the DagBag from /home/airflow/.local/lib/python3.7/site-packages/airflow/example_dags/tutorial_taskflow_api_etl.py
[2022-05-18 23:50:34,630] {processor.py:651} INFO - DAG(s) dict_keys(['tutorial_taskflow_api_etl']) retrieved from /home/airflow/.local/lib/python3.7/site-packages/airflow/example_dags/tutorial_taskflow_api_etl.py
[2022-05-18 23:50:34,788] {logging_mixin.py:115} INFO - [2022-05-18 23:50:34,788] {dag.py:2371} INFO - Sync 1 DAGs
[2022-05-18 23:50:34,810] {logging_mixin.py:115} INFO - [2022-05-18 23:50:34,810] {dag.py:2919} INFO - Setting next_dagrun for tutorial_taskflow_api_etl to None, run_after=None
[2022-05-18 23:50:34,822] {processor.py:161} INFO - Processing /home/airflow/.local/lib/python3.7/site-packages/airflow/example_dags/tutorial_taskflow_api_etl.py took 0.228 seconds
[2022-05-18 23:51:11,409] {processor.py:153} INFO - Started process (PID=905) to work on /home/airflow/.local/lib/python3.7/site-packages/airflow/example_dags/tutorial_taskflow_api_etl.py
[2022-05-18 23:51:11,410] {processor.py:641} INFO - Processing file /home/airflow/.local/lib/python3.7/site-packages/airflow/example_dags/tutorial_taskflow_api_etl.py for tasks to queue
[2022-05-18 23:51:11,412] {logging_mixin.py:115} INFO - [2022-05-18 23:51:11,412] {dagbag.py:507} INFO - Filling up the DagBag from /home/airflow/.local/lib/python3.7/site-packages/airflow/example_dags/tutorial_taskflow_api_etl.py
[2022-05-18 23:51:11,462] {processor.py:651} INFO - DAG(s) dict_keys(['tutorial_taskflow_api_etl']) retrieved from /home/airflow/.local/lib/python3.7/site-packages/airflow/example_dags/tutorial_taskflow_api_etl.py
[2022-05-18 23:51:11,921] {logging_mixin.py:115} INFO - [2022-05-18 23:51:11,920] {dag.py:2371} INFO - Sync 1 DAGs
[2022-05-18 23:51:11,992] {logging_mixin.py:115} INFO - [2022-05-18 23:51:11,992] {dag.py:2919} INFO - Setting next_dagrun for tutorial_taskflow_api_etl to None, run_after=None
[2022-05-18 23:51:12,034] {processor.py:161} INFO - Processing /home/airflow/.local/lib/python3.7/site-packages/airflow/example_dags/tutorial_taskflow_api_etl.py took 0.633 seconds
[2022-05-18 23:51:42,757] {processor.py:153} INFO - Started process (PID=957) to work on /home/airflow/.local/lib/python3.7/site-packages/airflow/example_dags/tutorial_taskflow_api_etl.py
[2022-05-18 23:51:42,759] {processor.py:641} INFO - Processing file /home/airflow/.local/lib/python3.7/site-packages/airflow/example_dags/tutorial_taskflow_api_etl.py for tasks to queue
[2022-05-18 23:51:42,760] {logging_mixin.py:115} INFO - [2022-05-18 23:51:42,760] {dagbag.py:507} INFO - Filling up the DagBag from /home/airflow/.local/lib/python3.7/site-packages/airflow/example_dags/tutorial_taskflow_api_etl.py
[2022-05-18 23:51:42,790] {processor.py:651} INFO - DAG(s) dict_keys(['tutorial_taskflow_api_etl']) retrieved from /home/airflow/.local/lib/python3.7/site-packages/airflow/example_dags/tutorial_taskflow_api_etl.py
[2022-05-18 23:51:43,025] {logging_mixin.py:115} INFO - [2022-05-18 23:51:43,025] {dag.py:2371} INFO - Sync 1 DAGs
[2022-05-18 23:51:43,046] {logging_mixin.py:115} INFO - [2022-05-18 23:51:43,046] {dag.py:2919} INFO - Setting next_dagrun for tutorial_taskflow_api_etl to None, run_after=None
[2022-05-18 23:51:43,062] {processor.py:161} INFO - Processing /home/airflow/.local/lib/python3.7/site-packages/airflow/example_dags/tutorial_taskflow_api_etl.py took 0.308 seconds
[2022-05-18 23:52:13,169] {processor.py:153} INFO - Started process (PID=1019) to work on /home/airflow/.local/lib/python3.7/site-packages/airflow/example_dags/tutorial_taskflow_api_etl.py
[2022-05-18 23:52:13,170] {processor.py:641} INFO - Processing file /home/airflow/.local/lib/python3.7/site-packages/airflow/example_dags/tutorial_taskflow_api_etl.py for tasks to queue
[2022-05-18 23:52:13,171] {logging_mixin.py:115} INFO - [2022-05-18 23:52:13,171] {dagbag.py:507} INFO - Filling up the DagBag from /home/airflow/.local/lib/python3.7/site-packages/airflow/example_dags/tutorial_taskflow_api_etl.py
[2022-05-18 23:52:13,208] {processor.py:651} INFO - DAG(s) dict_keys(['tutorial_taskflow_api_etl']) retrieved from /home/airflow/.local/lib/python3.7/site-packages/airflow/example_dags/tutorial_taskflow_api_etl.py
[2022-05-18 23:52:13,459] {logging_mixin.py:115} INFO - [2022-05-18 23:52:13,457] {dag.py:2371} INFO - Sync 1 DAGs
[2022-05-18 23:52:13,497] {logging_mixin.py:115} INFO - [2022-05-18 23:52:13,497] {dag.py:2919} INFO - Setting next_dagrun for tutorial_taskflow_api_etl to None, run_after=None
[2022-05-18 23:52:13,519] {processor.py:161} INFO - Processing /home/airflow/.local/lib/python3.7/site-packages/airflow/example_dags/tutorial_taskflow_api_etl.py took 0.355 seconds
[2022-05-18 23:52:43,697] {processor.py:153} INFO - Started process (PID=1073) to work on /home/airflow/.local/lib/python3.7/site-packages/airflow/example_dags/tutorial_taskflow_api_etl.py
[2022-05-18 23:52:43,698] {processor.py:641} INFO - Processing file /home/airflow/.local/lib/python3.7/site-packages/airflow/example_dags/tutorial_taskflow_api_etl.py for tasks to queue
[2022-05-18 23:52:43,699] {logging_mixin.py:115} INFO - [2022-05-18 23:52:43,699] {dagbag.py:507} INFO - Filling up the DagBag from /home/airflow/.local/lib/python3.7/site-packages/airflow/example_dags/tutorial_taskflow_api_etl.py
[2022-05-18 23:52:43,724] {processor.py:651} INFO - DAG(s) dict_keys(['tutorial_taskflow_api_etl']) retrieved from /home/airflow/.local/lib/python3.7/site-packages/airflow/example_dags/tutorial_taskflow_api_etl.py
[2022-05-18 23:52:43,870] {logging_mixin.py:115} INFO - [2022-05-18 23:52:43,870] {dag.py:2371} INFO - Sync 1 DAGs
[2022-05-18 23:52:43,894] {logging_mixin.py:115} INFO - [2022-05-18 23:52:43,894] {dag.py:2919} INFO - Setting next_dagrun for tutorial_taskflow_api_etl to None, run_after=None
[2022-05-18 23:52:43,907] {processor.py:161} INFO - Processing /home/airflow/.local/lib/python3.7/site-packages/airflow/example_dags/tutorial_taskflow_api_etl.py took 0.213 seconds
[2022-05-18 23:53:14,432] {processor.py:153} INFO - Started process (PID=1136) to work on /home/airflow/.local/lib/python3.7/site-packages/airflow/example_dags/tutorial_taskflow_api_etl.py
[2022-05-18 23:53:14,433] {processor.py:641} INFO - Processing file /home/airflow/.local/lib/python3.7/site-packages/airflow/example_dags/tutorial_taskflow_api_etl.py for tasks to queue
[2022-05-18 23:53:14,434] {logging_mixin.py:115} INFO - [2022-05-18 23:53:14,434] {dagbag.py:507} INFO - Filling up the DagBag from /home/airflow/.local/lib/python3.7/site-packages/airflow/example_dags/tutorial_taskflow_api_etl.py
[2022-05-18 23:53:14,470] {processor.py:651} INFO - DAG(s) dict_keys(['tutorial_taskflow_api_etl']) retrieved from /home/airflow/.local/lib/python3.7/site-packages/airflow/example_dags/tutorial_taskflow_api_etl.py
[2022-05-18 23:53:14,574] {logging_mixin.py:115} INFO - [2022-05-18 23:53:14,573] {dag.py:2371} INFO - Sync 1 DAGs
[2022-05-18 23:53:14,605] {logging_mixin.py:115} INFO - [2022-05-18 23:53:14,605] {dag.py:2919} INFO - Setting next_dagrun for tutorial_taskflow_api_etl to None, run_after=None
[2022-05-18 23:53:14,626] {processor.py:161} INFO - Processing /home/airflow/.local/lib/python3.7/site-packages/airflow/example_dags/tutorial_taskflow_api_etl.py took 0.198 seconds
[2022-05-18 23:53:44,670] {processor.py:153} INFO - Started process (PID=1190) to work on /home/airflow/.local/lib/python3.7/site-packages/airflow/example_dags/tutorial_taskflow_api_etl.py
[2022-05-18 23:53:44,671] {processor.py:641} INFO - Processing file /home/airflow/.local/lib/python3.7/site-packages/airflow/example_dags/tutorial_taskflow_api_etl.py for tasks to queue
[2022-05-18 23:53:44,672] {logging_mixin.py:115} INFO - [2022-05-18 23:53:44,672] {dagbag.py:507} INFO - Filling up the DagBag from /home/airflow/.local/lib/python3.7/site-packages/airflow/example_dags/tutorial_taskflow_api_etl.py
[2022-05-18 23:53:44,703] {processor.py:651} INFO - DAG(s) dict_keys(['tutorial_taskflow_api_etl']) retrieved from /home/airflow/.local/lib/python3.7/site-packages/airflow/example_dags/tutorial_taskflow_api_etl.py
[2022-05-18 23:53:44,738] {logging_mixin.py:115} INFO - [2022-05-18 23:53:44,738] {dag.py:2371} INFO - Sync 1 DAGs
[2022-05-18 23:53:44,770] {logging_mixin.py:115} INFO - [2022-05-18 23:53:44,770] {dag.py:2919} INFO - Setting next_dagrun for tutorial_taskflow_api_etl to None, run_after=None
[2022-05-18 23:53:44,787] {processor.py:161} INFO - Processing /home/airflow/.local/lib/python3.7/site-packages/airflow/example_dags/tutorial_taskflow_api_etl.py took 0.121 seconds
[2022-05-18 23:54:15,235] {processor.py:153} INFO - Started process (PID=1253) to work on /home/airflow/.local/lib/python3.7/site-packages/airflow/example_dags/tutorial_taskflow_api_etl.py
[2022-05-18 23:54:15,236] {processor.py:641} INFO - Processing file /home/airflow/.local/lib/python3.7/site-packages/airflow/example_dags/tutorial_taskflow_api_etl.py for tasks to queue
[2022-05-18 23:54:15,237] {logging_mixin.py:115} INFO - [2022-05-18 23:54:15,237] {dagbag.py:507} INFO - Filling up the DagBag from /home/airflow/.local/lib/python3.7/site-packages/airflow/example_dags/tutorial_taskflow_api_etl.py
[2022-05-18 23:54:15,273] {processor.py:651} INFO - DAG(s) dict_keys(['tutorial_taskflow_api_etl']) retrieved from /home/airflow/.local/lib/python3.7/site-packages/airflow/example_dags/tutorial_taskflow_api_etl.py
[2022-05-18 23:54:15,395] {logging_mixin.py:115} INFO - [2022-05-18 23:54:15,395] {dag.py:2371} INFO - Sync 1 DAGs
[2022-05-18 23:54:15,447] {logging_mixin.py:115} INFO - [2022-05-18 23:54:15,446] {dag.py:2919} INFO - Setting next_dagrun for tutorial_taskflow_api_etl to None, run_after=None
[2022-05-18 23:54:15,480] {processor.py:161} INFO - Processing /home/airflow/.local/lib/python3.7/site-packages/airflow/example_dags/tutorial_taskflow_api_etl.py took 0.252 seconds
[2022-05-18 23:54:45,688] {processor.py:153} INFO - Started process (PID=1307) to work on /home/airflow/.local/lib/python3.7/site-packages/airflow/example_dags/tutorial_taskflow_api_etl.py
[2022-05-18 23:54:45,689] {processor.py:641} INFO - Processing file /home/airflow/.local/lib/python3.7/site-packages/airflow/example_dags/tutorial_taskflow_api_etl.py for tasks to queue
[2022-05-18 23:54:45,691] {logging_mixin.py:115} INFO - [2022-05-18 23:54:45,690] {dagbag.py:507} INFO - Filling up the DagBag from /home/airflow/.local/lib/python3.7/site-packages/airflow/example_dags/tutorial_taskflow_api_etl.py
[2022-05-18 23:54:45,719] {processor.py:651} INFO - DAG(s) dict_keys(['tutorial_taskflow_api_etl']) retrieved from /home/airflow/.local/lib/python3.7/site-packages/airflow/example_dags/tutorial_taskflow_api_etl.py
[2022-05-18 23:54:45,816] {logging_mixin.py:115} INFO - [2022-05-18 23:54:45,816] {dag.py:2371} INFO - Sync 1 DAGs
[2022-05-18 23:54:45,850] {logging_mixin.py:115} INFO - [2022-05-18 23:54:45,849] {dag.py:2919} INFO - Setting next_dagrun for tutorial_taskflow_api_etl to None, run_after=None
[2022-05-18 23:54:45,872] {processor.py:161} INFO - Processing /home/airflow/.local/lib/python3.7/site-packages/airflow/example_dags/tutorial_taskflow_api_etl.py took 0.187 seconds
[2022-05-18 23:55:16,390] {processor.py:153} INFO - Started process (PID=1369) to work on /home/airflow/.local/lib/python3.7/site-packages/airflow/example_dags/tutorial_taskflow_api_etl.py
[2022-05-18 23:55:16,392] {processor.py:641} INFO - Processing file /home/airflow/.local/lib/python3.7/site-packages/airflow/example_dags/tutorial_taskflow_api_etl.py for tasks to queue
[2022-05-18 23:55:16,395] {logging_mixin.py:115} INFO - [2022-05-18 23:55:16,395] {dagbag.py:507} INFO - Filling up the DagBag from /home/airflow/.local/lib/python3.7/site-packages/airflow/example_dags/tutorial_taskflow_api_etl.py
[2022-05-18 23:55:16,440] {processor.py:651} INFO - DAG(s) dict_keys(['tutorial_taskflow_api_etl']) retrieved from /home/airflow/.local/lib/python3.7/site-packages/airflow/example_dags/tutorial_taskflow_api_etl.py
[2022-05-18 23:55:16,627] {logging_mixin.py:115} INFO - [2022-05-18 23:55:16,626] {dag.py:2371} INFO - Sync 1 DAGs
[2022-05-18 23:55:16,678] {logging_mixin.py:115} INFO - [2022-05-18 23:55:16,678] {dag.py:2919} INFO - Setting next_dagrun for tutorial_taskflow_api_etl to None, run_after=None
[2022-05-18 23:55:16,722] {processor.py:161} INFO - Processing /home/airflow/.local/lib/python3.7/site-packages/airflow/example_dags/tutorial_taskflow_api_etl.py took 0.336 seconds
[2022-05-18 23:55:46,959] {processor.py:153} INFO - Started process (PID=1422) to work on /home/airflow/.local/lib/python3.7/site-packages/airflow/example_dags/tutorial_taskflow_api_etl.py
[2022-05-18 23:55:46,960] {processor.py:641} INFO - Processing file /home/airflow/.local/lib/python3.7/site-packages/airflow/example_dags/tutorial_taskflow_api_etl.py for tasks to queue
[2022-05-18 23:55:46,961] {logging_mixin.py:115} INFO - [2022-05-18 23:55:46,961] {dagbag.py:507} INFO - Filling up the DagBag from /home/airflow/.local/lib/python3.7/site-packages/airflow/example_dags/tutorial_taskflow_api_etl.py
[2022-05-18 23:55:46,989] {processor.py:651} INFO - DAG(s) dict_keys(['tutorial_taskflow_api_etl']) retrieved from /home/airflow/.local/lib/python3.7/site-packages/airflow/example_dags/tutorial_taskflow_api_etl.py
[2022-05-18 23:55:47,077] {logging_mixin.py:115} INFO - [2022-05-18 23:55:47,077] {dag.py:2371} INFO - Sync 1 DAGs
[2022-05-18 23:55:47,103] {logging_mixin.py:115} INFO - [2022-05-18 23:55:47,103] {dag.py:2919} INFO - Setting next_dagrun for tutorial_taskflow_api_etl to None, run_after=None
[2022-05-18 23:55:47,126] {processor.py:161} INFO - Processing /home/airflow/.local/lib/python3.7/site-packages/airflow/example_dags/tutorial_taskflow_api_etl.py took 0.171 seconds
[2022-05-18 23:56:17,782] {processor.py:153} INFO - Started process (PID=1483) to work on /home/airflow/.local/lib/python3.7/site-packages/airflow/example_dags/tutorial_taskflow_api_etl.py
[2022-05-18 23:56:17,783] {processor.py:641} INFO - Processing file /home/airflow/.local/lib/python3.7/site-packages/airflow/example_dags/tutorial_taskflow_api_etl.py for tasks to queue
[2022-05-18 23:56:17,784] {logging_mixin.py:115} INFO - [2022-05-18 23:56:17,784] {dagbag.py:507} INFO - Filling up the DagBag from /home/airflow/.local/lib/python3.7/site-packages/airflow/example_dags/tutorial_taskflow_api_etl.py
[2022-05-18 23:56:17,823] {processor.py:651} INFO - DAG(s) dict_keys(['tutorial_taskflow_api_etl']) retrieved from /home/airflow/.local/lib/python3.7/site-packages/airflow/example_dags/tutorial_taskflow_api_etl.py
[2022-05-18 23:56:17,946] {logging_mixin.py:115} INFO - [2022-05-18 23:56:17,946] {dag.py:2371} INFO - Sync 1 DAGs
[2022-05-18 23:56:17,981] {logging_mixin.py:115} INFO - [2022-05-18 23:56:17,980] {dag.py:2919} INFO - Setting next_dagrun for tutorial_taskflow_api_etl to None, run_after=None
[2022-05-18 23:56:18,005] {processor.py:161} INFO - Processing /home/airflow/.local/lib/python3.7/site-packages/airflow/example_dags/tutorial_taskflow_api_etl.py took 0.229 seconds
[2022-05-18 23:56:48,218] {processor.py:153} INFO - Started process (PID=1536) to work on /home/airflow/.local/lib/python3.7/site-packages/airflow/example_dags/tutorial_taskflow_api_etl.py
[2022-05-18 23:56:48,219] {processor.py:641} INFO - Processing file /home/airflow/.local/lib/python3.7/site-packages/airflow/example_dags/tutorial_taskflow_api_etl.py for tasks to queue
[2022-05-18 23:56:48,220] {logging_mixin.py:115} INFO - [2022-05-18 23:56:48,220] {dagbag.py:507} INFO - Filling up the DagBag from /home/airflow/.local/lib/python3.7/site-packages/airflow/example_dags/tutorial_taskflow_api_etl.py
[2022-05-18 23:56:48,247] {processor.py:651} INFO - DAG(s) dict_keys(['tutorial_taskflow_api_etl']) retrieved from /home/airflow/.local/lib/python3.7/site-packages/airflow/example_dags/tutorial_taskflow_api_etl.py
[2022-05-18 23:56:48,329] {logging_mixin.py:115} INFO - [2022-05-18 23:56:48,328] {dag.py:2371} INFO - Sync 1 DAGs
[2022-05-18 23:56:48,355] {logging_mixin.py:115} INFO - [2022-05-18 23:56:48,355] {dag.py:2919} INFO - Setting next_dagrun for tutorial_taskflow_api_etl to None, run_after=None
[2022-05-18 23:56:48,375] {processor.py:161} INFO - Processing /home/airflow/.local/lib/python3.7/site-packages/airflow/example_dags/tutorial_taskflow_api_etl.py took 0.161 seconds
[2022-05-18 23:57:18,642] {processor.py:153} INFO - Started process (PID=1599) to work on /home/airflow/.local/lib/python3.7/site-packages/airflow/example_dags/tutorial_taskflow_api_etl.py
[2022-05-18 23:57:18,644] {processor.py:641} INFO - Processing file /home/airflow/.local/lib/python3.7/site-packages/airflow/example_dags/tutorial_taskflow_api_etl.py for tasks to queue
[2022-05-18 23:57:18,645] {logging_mixin.py:115} INFO - [2022-05-18 23:57:18,645] {dagbag.py:507} INFO - Filling up the DagBag from /home/airflow/.local/lib/python3.7/site-packages/airflow/example_dags/tutorial_taskflow_api_etl.py
[2022-05-18 23:57:18,706] {processor.py:651} INFO - DAG(s) dict_keys(['tutorial_taskflow_api_etl']) retrieved from /home/airflow/.local/lib/python3.7/site-packages/airflow/example_dags/tutorial_taskflow_api_etl.py
[2022-05-18 23:57:18,941] {logging_mixin.py:115} INFO - [2022-05-18 23:57:18,941] {dag.py:2371} INFO - Sync 1 DAGs
[2022-05-18 23:57:18,988] {logging_mixin.py:115} INFO - [2022-05-18 23:57:18,987] {dag.py:2919} INFO - Setting next_dagrun for tutorial_taskflow_api_etl to None, run_after=None
[2022-05-18 23:57:19,018] {processor.py:161} INFO - Processing /home/airflow/.local/lib/python3.7/site-packages/airflow/example_dags/tutorial_taskflow_api_etl.py took 0.382 seconds
[2022-05-18 23:57:49,210] {processor.py:153} INFO - Started process (PID=1653) to work on /home/airflow/.local/lib/python3.7/site-packages/airflow/example_dags/tutorial_taskflow_api_etl.py
[2022-05-18 23:57:49,211] {processor.py:641} INFO - Processing file /home/airflow/.local/lib/python3.7/site-packages/airflow/example_dags/tutorial_taskflow_api_etl.py for tasks to queue
[2022-05-18 23:57:49,212] {logging_mixin.py:115} INFO - [2022-05-18 23:57:49,212] {dagbag.py:507} INFO - Filling up the DagBag from /home/airflow/.local/lib/python3.7/site-packages/airflow/example_dags/tutorial_taskflow_api_etl.py
[2022-05-18 23:57:49,387] {processor.py:651} INFO - DAG(s) dict_keys(['tutorial_taskflow_api_etl']) retrieved from /home/airflow/.local/lib/python3.7/site-packages/airflow/example_dags/tutorial_taskflow_api_etl.py
[2022-05-18 23:57:49,484] {logging_mixin.py:115} INFO - [2022-05-18 23:57:49,484] {dag.py:2371} INFO - Sync 1 DAGs
[2022-05-18 23:57:49,516] {logging_mixin.py:115} INFO - [2022-05-18 23:57:49,516] {dag.py:2919} INFO - Setting next_dagrun for tutorial_taskflow_api_etl to None, run_after=None
[2022-05-18 23:57:49,534] {processor.py:161} INFO - Processing /home/airflow/.local/lib/python3.7/site-packages/airflow/example_dags/tutorial_taskflow_api_etl.py took 0.328 seconds
[2022-05-18 23:58:20,138] {processor.py:153} INFO - Started process (PID=1706) to work on /home/airflow/.local/lib/python3.7/site-packages/airflow/example_dags/tutorial_taskflow_api_etl.py
[2022-05-18 23:58:20,139] {processor.py:641} INFO - Processing file /home/airflow/.local/lib/python3.7/site-packages/airflow/example_dags/tutorial_taskflow_api_etl.py for tasks to queue
[2022-05-18 23:58:20,141] {logging_mixin.py:115} INFO - [2022-05-18 23:58:20,140] {dagbag.py:507} INFO - Filling up the DagBag from /home/airflow/.local/lib/python3.7/site-packages/airflow/example_dags/tutorial_taskflow_api_etl.py
[2022-05-18 23:58:20,350] {processor.py:651} INFO - DAG(s) dict_keys(['tutorial_taskflow_api_etl']) retrieved from /home/airflow/.local/lib/python3.7/site-packages/airflow/example_dags/tutorial_taskflow_api_etl.py
[2022-05-18 23:58:20,377] {logging_mixin.py:115} INFO - [2022-05-18 23:58:20,376] {dag.py:2371} INFO - Sync 1 DAGs
[2022-05-18 23:58:20,405] {logging_mixin.py:115} INFO - [2022-05-18 23:58:20,405] {dag.py:2919} INFO - Setting next_dagrun for tutorial_taskflow_api_etl to None, run_after=None
[2022-05-18 23:58:20,422] {processor.py:161} INFO - Processing /home/airflow/.local/lib/python3.7/site-packages/airflow/example_dags/tutorial_taskflow_api_etl.py took 0.290 seconds
[2022-05-18 23:58:50,540] {processor.py:153} INFO - Started process (PID=1760) to work on /home/airflow/.local/lib/python3.7/site-packages/airflow/example_dags/tutorial_taskflow_api_etl.py
[2022-05-18 23:58:50,542] {processor.py:641} INFO - Processing file /home/airflow/.local/lib/python3.7/site-packages/airflow/example_dags/tutorial_taskflow_api_etl.py for tasks to queue
[2022-05-18 23:58:50,543] {logging_mixin.py:115} INFO - [2022-05-18 23:58:50,543] {dagbag.py:507} INFO - Filling up the DagBag from /home/airflow/.local/lib/python3.7/site-packages/airflow/example_dags/tutorial_taskflow_api_etl.py
[2022-05-18 23:58:50,716] {processor.py:651} INFO - DAG(s) dict_keys(['tutorial_taskflow_api_etl']) retrieved from /home/airflow/.local/lib/python3.7/site-packages/airflow/example_dags/tutorial_taskflow_api_etl.py
[2022-05-18 23:58:50,741] {logging_mixin.py:115} INFO - [2022-05-18 23:58:50,741] {dag.py:2371} INFO - Sync 1 DAGs
[2022-05-18 23:58:50,766] {logging_mixin.py:115} INFO - [2022-05-18 23:58:50,766] {dag.py:2919} INFO - Setting next_dagrun for tutorial_taskflow_api_etl to None, run_after=None
[2022-05-18 23:58:50,781] {processor.py:161} INFO - Processing /home/airflow/.local/lib/python3.7/site-packages/airflow/example_dags/tutorial_taskflow_api_etl.py took 0.246 seconds
[2022-05-18 23:59:21,203] {processor.py:153} INFO - Started process (PID=1813) to work on /home/airflow/.local/lib/python3.7/site-packages/airflow/example_dags/tutorial_taskflow_api_etl.py
[2022-05-18 23:59:21,204] {processor.py:641} INFO - Processing file /home/airflow/.local/lib/python3.7/site-packages/airflow/example_dags/tutorial_taskflow_api_etl.py for tasks to queue
[2022-05-18 23:59:21,205] {logging_mixin.py:115} INFO - [2022-05-18 23:59:21,204] {dagbag.py:507} INFO - Filling up the DagBag from /home/airflow/.local/lib/python3.7/site-packages/airflow/example_dags/tutorial_taskflow_api_etl.py
[2022-05-18 23:59:21,399] {processor.py:651} INFO - DAG(s) dict_keys(['tutorial_taskflow_api_etl']) retrieved from /home/airflow/.local/lib/python3.7/site-packages/airflow/example_dags/tutorial_taskflow_api_etl.py
[2022-05-18 23:59:21,517] {logging_mixin.py:115} INFO - [2022-05-18 23:59:21,517] {dag.py:2371} INFO - Sync 1 DAGs
[2022-05-18 23:59:21,551] {logging_mixin.py:115} INFO - [2022-05-18 23:59:21,551] {dag.py:2919} INFO - Setting next_dagrun for tutorial_taskflow_api_etl to None, run_after=None
[2022-05-18 23:59:21,575] {processor.py:161} INFO - Processing /home/airflow/.local/lib/python3.7/site-packages/airflow/example_dags/tutorial_taskflow_api_etl.py took 0.375 seconds
[2022-05-18 23:59:51,942] {processor.py:153} INFO - Started process (PID=1876) to work on /home/airflow/.local/lib/python3.7/site-packages/airflow/example_dags/tutorial_taskflow_api_etl.py
[2022-05-18 23:59:51,943] {processor.py:641} INFO - Processing file /home/airflow/.local/lib/python3.7/site-packages/airflow/example_dags/tutorial_taskflow_api_etl.py for tasks to queue
[2022-05-18 23:59:51,944] {logging_mixin.py:115} INFO - [2022-05-18 23:59:51,943] {dagbag.py:507} INFO - Filling up the DagBag from /home/airflow/.local/lib/python3.7/site-packages/airflow/example_dags/tutorial_taskflow_api_etl.py
[2022-05-18 23:59:52,209] {processor.py:651} INFO - DAG(s) dict_keys(['tutorial_taskflow_api_etl']) retrieved from /home/airflow/.local/lib/python3.7/site-packages/airflow/example_dags/tutorial_taskflow_api_etl.py
[2022-05-18 23:59:52,316] {logging_mixin.py:115} INFO - [2022-05-18 23:59:52,316] {dag.py:2371} INFO - Sync 1 DAGs
[2022-05-18 23:59:52,356] {logging_mixin.py:115} INFO - [2022-05-18 23:59:52,356] {dag.py:2919} INFO - Setting next_dagrun for tutorial_taskflow_api_etl to None, run_after=None
[2022-05-18 23:59:52,382] {processor.py:161} INFO - Processing /home/airflow/.local/lib/python3.7/site-packages/airflow/example_dags/tutorial_taskflow_api_etl.py took 0.445 seconds
