[2022-05-18 23:42:54,690] {processor.py:153} INFO - Started process (PID=73) to work on /home/airflow/.local/lib/python3.7/site-packages/airflow/example_dags/tutorial_etl_dag.py
[2022-05-18 23:42:54,693] {processor.py:641} INFO - Processing file /home/airflow/.local/lib/python3.7/site-packages/airflow/example_dags/tutorial_etl_dag.py for tasks to queue
[2022-05-18 23:42:54,696] {logging_mixin.py:115} INFO - [2022-05-18 23:42:54,696] {dagbag.py:507} INFO - Filling up the DagBag from /home/airflow/.local/lib/python3.7/site-packages/airflow/example_dags/tutorial_etl_dag.py
[2022-05-18 23:42:54,727] {processor.py:651} INFO - DAG(s) dict_keys(['tutorial_etl_dag']) retrieved from /home/airflow/.local/lib/python3.7/site-packages/airflow/example_dags/tutorial_etl_dag.py
[2022-05-18 23:42:56,437] {logging_mixin.py:115} INFO - [2022-05-18 23:42:56,437] {manager.py:508} INFO - Created Permission View: can edit on DAG:tutorial_etl_dag
[2022-05-18 23:42:56,469] {logging_mixin.py:115} INFO - [2022-05-18 23:42:56,469] {manager.py:508} INFO - Created Permission View: can delete on DAG:tutorial_etl_dag
[2022-05-18 23:42:56,496] {logging_mixin.py:115} INFO - [2022-05-18 23:42:56,496] {manager.py:508} INFO - Created Permission View: can read on DAG:tutorial_etl_dag
[2022-05-18 23:42:56,500] {logging_mixin.py:115} INFO - [2022-05-18 23:42:56,500] {dag.py:2371} INFO - Sync 1 DAGs
[2022-05-18 23:42:56,565] {logging_mixin.py:115} INFO - [2022-05-18 23:42:56,564] {dag.py:2390} INFO - Creating ORM DAG for tutorial_etl_dag
[2022-05-18 23:42:56,623] {logging_mixin.py:115} INFO - [2022-05-18 23:42:56,622] {dag.py:2919} INFO - Setting next_dagrun for tutorial_etl_dag to None, run_after=None
[2022-05-18 23:42:56,677] {processor.py:161} INFO - Processing /home/airflow/.local/lib/python3.7/site-packages/airflow/example_dags/tutorial_etl_dag.py took 1.996 seconds
[2022-05-18 23:43:27,498] {processor.py:153} INFO - Started process (PID=128) to work on /home/airflow/.local/lib/python3.7/site-packages/airflow/example_dags/tutorial_etl_dag.py
[2022-05-18 23:43:27,499] {processor.py:641} INFO - Processing file /home/airflow/.local/lib/python3.7/site-packages/airflow/example_dags/tutorial_etl_dag.py for tasks to queue
[2022-05-18 23:43:27,501] {logging_mixin.py:115} INFO - [2022-05-18 23:43:27,501] {dagbag.py:507} INFO - Filling up the DagBag from /home/airflow/.local/lib/python3.7/site-packages/airflow/example_dags/tutorial_etl_dag.py
[2022-05-18 23:43:27,517] {processor.py:651} INFO - DAG(s) dict_keys(['tutorial_etl_dag']) retrieved from /home/airflow/.local/lib/python3.7/site-packages/airflow/example_dags/tutorial_etl_dag.py
[2022-05-18 23:43:27,565] {logging_mixin.py:115} INFO - [2022-05-18 23:43:27,564] {dag.py:2371} INFO - Sync 1 DAGs
[2022-05-18 23:43:27,861] {logging_mixin.py:115} INFO - [2022-05-18 23:43:27,860] {dag.py:2919} INFO - Setting next_dagrun for tutorial_etl_dag to None, run_after=None
[2022-05-18 23:43:27,917] {processor.py:161} INFO - Processing /home/airflow/.local/lib/python3.7/site-packages/airflow/example_dags/tutorial_etl_dag.py took 0.424 seconds
[2022-05-18 23:43:58,456] {processor.py:153} INFO - Started process (PID=182) to work on /home/airflow/.local/lib/python3.7/site-packages/airflow/example_dags/tutorial_etl_dag.py
[2022-05-18 23:43:58,457] {processor.py:641} INFO - Processing file /home/airflow/.local/lib/python3.7/site-packages/airflow/example_dags/tutorial_etl_dag.py for tasks to queue
[2022-05-18 23:43:58,458] {logging_mixin.py:115} INFO - [2022-05-18 23:43:58,458] {dagbag.py:507} INFO - Filling up the DagBag from /home/airflow/.local/lib/python3.7/site-packages/airflow/example_dags/tutorial_etl_dag.py
[2022-05-18 23:43:58,470] {processor.py:651} INFO - DAG(s) dict_keys(['tutorial_etl_dag']) retrieved from /home/airflow/.local/lib/python3.7/site-packages/airflow/example_dags/tutorial_etl_dag.py
[2022-05-18 23:43:58,510] {logging_mixin.py:115} INFO - [2022-05-18 23:43:58,510] {dag.py:2371} INFO - Sync 1 DAGs
[2022-05-18 23:43:58,681] {logging_mixin.py:115} INFO - [2022-05-18 23:43:58,681] {dag.py:2919} INFO - Setting next_dagrun for tutorial_etl_dag to None, run_after=None
[2022-05-18 23:43:58,698] {processor.py:161} INFO - Processing /home/airflow/.local/lib/python3.7/site-packages/airflow/example_dags/tutorial_etl_dag.py took 0.246 seconds
[2022-05-18 23:44:29,564] {processor.py:153} INFO - Started process (PID=245) to work on /home/airflow/.local/lib/python3.7/site-packages/airflow/example_dags/tutorial_etl_dag.py
[2022-05-18 23:44:29,565] {processor.py:641} INFO - Processing file /home/airflow/.local/lib/python3.7/site-packages/airflow/example_dags/tutorial_etl_dag.py for tasks to queue
[2022-05-18 23:44:29,566] {logging_mixin.py:115} INFO - [2022-05-18 23:44:29,566] {dagbag.py:507} INFO - Filling up the DagBag from /home/airflow/.local/lib/python3.7/site-packages/airflow/example_dags/tutorial_etl_dag.py
[2022-05-18 23:44:29,579] {processor.py:651} INFO - DAG(s) dict_keys(['tutorial_etl_dag']) retrieved from /home/airflow/.local/lib/python3.7/site-packages/airflow/example_dags/tutorial_etl_dag.py
[2022-05-18 23:44:29,612] {logging_mixin.py:115} INFO - [2022-05-18 23:44:29,611] {dag.py:2371} INFO - Sync 1 DAGs
[2022-05-18 23:44:29,895] {logging_mixin.py:115} INFO - [2022-05-18 23:44:29,895] {dag.py:2919} INFO - Setting next_dagrun for tutorial_etl_dag to None, run_after=None
[2022-05-18 23:44:29,913] {processor.py:161} INFO - Processing /home/airflow/.local/lib/python3.7/site-packages/airflow/example_dags/tutorial_etl_dag.py took 0.354 seconds
[2022-05-18 23:45:00,489] {processor.py:153} INFO - Started process (PID=299) to work on /home/airflow/.local/lib/python3.7/site-packages/airflow/example_dags/tutorial_etl_dag.py
[2022-05-18 23:45:00,490] {processor.py:641} INFO - Processing file /home/airflow/.local/lib/python3.7/site-packages/airflow/example_dags/tutorial_etl_dag.py for tasks to queue
[2022-05-18 23:45:00,491] {logging_mixin.py:115} INFO - [2022-05-18 23:45:00,491] {dagbag.py:507} INFO - Filling up the DagBag from /home/airflow/.local/lib/python3.7/site-packages/airflow/example_dags/tutorial_etl_dag.py
[2022-05-18 23:45:00,505] {processor.py:651} INFO - DAG(s) dict_keys(['tutorial_etl_dag']) retrieved from /home/airflow/.local/lib/python3.7/site-packages/airflow/example_dags/tutorial_etl_dag.py
[2022-05-18 23:45:00,550] {logging_mixin.py:115} INFO - [2022-05-18 23:45:00,550] {dag.py:2371} INFO - Sync 1 DAGs
[2022-05-18 23:45:00,788] {logging_mixin.py:115} INFO - [2022-05-18 23:45:00,788] {dag.py:2919} INFO - Setting next_dagrun for tutorial_etl_dag to None, run_after=None
[2022-05-18 23:45:00,810] {processor.py:161} INFO - Processing /home/airflow/.local/lib/python3.7/site-packages/airflow/example_dags/tutorial_etl_dag.py took 0.325 seconds
[2022-05-18 23:45:31,335] {processor.py:153} INFO - Started process (PID=352) to work on /home/airflow/.local/lib/python3.7/site-packages/airflow/example_dags/tutorial_etl_dag.py
[2022-05-18 23:45:31,336] {processor.py:641} INFO - Processing file /home/airflow/.local/lib/python3.7/site-packages/airflow/example_dags/tutorial_etl_dag.py for tasks to queue
[2022-05-18 23:45:31,338] {logging_mixin.py:115} INFO - [2022-05-18 23:45:31,338] {dagbag.py:507} INFO - Filling up the DagBag from /home/airflow/.local/lib/python3.7/site-packages/airflow/example_dags/tutorial_etl_dag.py
[2022-05-18 23:45:31,351] {processor.py:651} INFO - DAG(s) dict_keys(['tutorial_etl_dag']) retrieved from /home/airflow/.local/lib/python3.7/site-packages/airflow/example_dags/tutorial_etl_dag.py
[2022-05-18 23:45:31,395] {logging_mixin.py:115} INFO - [2022-05-18 23:45:31,394] {dag.py:2371} INFO - Sync 1 DAGs
[2022-05-18 23:45:31,569] {logging_mixin.py:115} INFO - [2022-05-18 23:45:31,569] {dag.py:2919} INFO - Setting next_dagrun for tutorial_etl_dag to None, run_after=None
[2022-05-18 23:45:31,584] {processor.py:161} INFO - Processing /home/airflow/.local/lib/python3.7/site-packages/airflow/example_dags/tutorial_etl_dag.py took 0.252 seconds
[2022-05-18 23:46:02,241] {processor.py:153} INFO - Started process (PID=416) to work on /home/airflow/.local/lib/python3.7/site-packages/airflow/example_dags/tutorial_etl_dag.py
[2022-05-18 23:46:02,246] {processor.py:641} INFO - Processing file /home/airflow/.local/lib/python3.7/site-packages/airflow/example_dags/tutorial_etl_dag.py for tasks to queue
[2022-05-18 23:46:02,250] {logging_mixin.py:115} INFO - [2022-05-18 23:46:02,249] {dagbag.py:507} INFO - Filling up the DagBag from /home/airflow/.local/lib/python3.7/site-packages/airflow/example_dags/tutorial_etl_dag.py
[2022-05-18 23:46:02,273] {processor.py:651} INFO - DAG(s) dict_keys(['tutorial_etl_dag']) retrieved from /home/airflow/.local/lib/python3.7/site-packages/airflow/example_dags/tutorial_etl_dag.py
[2022-05-18 23:46:02,348] {logging_mixin.py:115} INFO - [2022-05-18 23:46:02,347] {dag.py:2371} INFO - Sync 1 DAGs
[2022-05-18 23:46:02,712] {logging_mixin.py:115} INFO - [2022-05-18 23:46:02,709] {dag.py:2919} INFO - Setting next_dagrun for tutorial_etl_dag to None, run_after=None
[2022-05-18 23:46:02,763] {processor.py:161} INFO - Processing /home/airflow/.local/lib/python3.7/site-packages/airflow/example_dags/tutorial_etl_dag.py took 0.529 seconds
[2022-05-18 23:46:33,178] {processor.py:153} INFO - Started process (PID=460) to work on /home/airflow/.local/lib/python3.7/site-packages/airflow/example_dags/tutorial_etl_dag.py
[2022-05-18 23:46:33,179] {processor.py:641} INFO - Processing file /home/airflow/.local/lib/python3.7/site-packages/airflow/example_dags/tutorial_etl_dag.py for tasks to queue
[2022-05-18 23:46:33,180] {logging_mixin.py:115} INFO - [2022-05-18 23:46:33,180] {dagbag.py:507} INFO - Filling up the DagBag from /home/airflow/.local/lib/python3.7/site-packages/airflow/example_dags/tutorial_etl_dag.py
[2022-05-18 23:46:33,200] {processor.py:651} INFO - DAG(s) dict_keys(['tutorial_etl_dag']) retrieved from /home/airflow/.local/lib/python3.7/site-packages/airflow/example_dags/tutorial_etl_dag.py
[2022-05-18 23:46:33,252] {logging_mixin.py:115} INFO - [2022-05-18 23:46:33,252] {dag.py:2371} INFO - Sync 1 DAGs
[2022-05-18 23:46:33,411] {logging_mixin.py:115} INFO - [2022-05-18 23:46:33,411] {dag.py:2919} INFO - Setting next_dagrun for tutorial_etl_dag to None, run_after=None
[2022-05-18 23:46:33,427] {processor.py:161} INFO - Processing /home/airflow/.local/lib/python3.7/site-packages/airflow/example_dags/tutorial_etl_dag.py took 0.254 seconds
[2022-05-18 23:47:03,838] {processor.py:153} INFO - Started process (PID=524) to work on /home/airflow/.local/lib/python3.7/site-packages/airflow/example_dags/tutorial_etl_dag.py
[2022-05-18 23:47:03,839] {processor.py:641} INFO - Processing file /home/airflow/.local/lib/python3.7/site-packages/airflow/example_dags/tutorial_etl_dag.py for tasks to queue
[2022-05-18 23:47:03,840] {logging_mixin.py:115} INFO - [2022-05-18 23:47:03,840] {dagbag.py:507} INFO - Filling up the DagBag from /home/airflow/.local/lib/python3.7/site-packages/airflow/example_dags/tutorial_etl_dag.py
[2022-05-18 23:47:03,857] {processor.py:651} INFO - DAG(s) dict_keys(['tutorial_etl_dag']) retrieved from /home/airflow/.local/lib/python3.7/site-packages/airflow/example_dags/tutorial_etl_dag.py
[2022-05-18 23:47:03,907] {logging_mixin.py:115} INFO - [2022-05-18 23:47:03,907] {dag.py:2371} INFO - Sync 1 DAGs
[2022-05-18 23:47:04,069] {logging_mixin.py:115} INFO - [2022-05-18 23:47:04,069] {dag.py:2919} INFO - Setting next_dagrun for tutorial_etl_dag to None, run_after=None
[2022-05-18 23:47:04,085] {processor.py:161} INFO - Processing /home/airflow/.local/lib/python3.7/site-packages/airflow/example_dags/tutorial_etl_dag.py took 0.253 seconds
[2022-05-18 23:47:34,950] {processor.py:153} INFO - Started process (PID=576) to work on /home/airflow/.local/lib/python3.7/site-packages/airflow/example_dags/tutorial_etl_dag.py
[2022-05-18 23:47:34,951] {processor.py:641} INFO - Processing file /home/airflow/.local/lib/python3.7/site-packages/airflow/example_dags/tutorial_etl_dag.py for tasks to queue
[2022-05-18 23:47:34,952] {logging_mixin.py:115} INFO - [2022-05-18 23:47:34,952] {dagbag.py:507} INFO - Filling up the DagBag from /home/airflow/.local/lib/python3.7/site-packages/airflow/example_dags/tutorial_etl_dag.py
[2022-05-18 23:47:34,968] {processor.py:651} INFO - DAG(s) dict_keys(['tutorial_etl_dag']) retrieved from /home/airflow/.local/lib/python3.7/site-packages/airflow/example_dags/tutorial_etl_dag.py
[2022-05-18 23:47:35,028] {logging_mixin.py:115} INFO - [2022-05-18 23:47:35,028] {dag.py:2371} INFO - Sync 1 DAGs
[2022-05-18 23:47:35,222] {logging_mixin.py:115} INFO - [2022-05-18 23:47:35,222] {dag.py:2919} INFO - Setting next_dagrun for tutorial_etl_dag to None, run_after=None
[2022-05-18 23:47:35,239] {processor.py:161} INFO - Processing /home/airflow/.local/lib/python3.7/site-packages/airflow/example_dags/tutorial_etl_dag.py took 0.294 seconds
[2022-05-18 23:48:05,575] {processor.py:153} INFO - Started process (PID=639) to work on /home/airflow/.local/lib/python3.7/site-packages/airflow/example_dags/tutorial_etl_dag.py
[2022-05-18 23:48:05,576] {processor.py:641} INFO - Processing file /home/airflow/.local/lib/python3.7/site-packages/airflow/example_dags/tutorial_etl_dag.py for tasks to queue
[2022-05-18 23:48:05,578] {logging_mixin.py:115} INFO - [2022-05-18 23:48:05,577] {dagbag.py:507} INFO - Filling up the DagBag from /home/airflow/.local/lib/python3.7/site-packages/airflow/example_dags/tutorial_etl_dag.py
[2022-05-18 23:48:05,599] {processor.py:651} INFO - DAG(s) dict_keys(['tutorial_etl_dag']) retrieved from /home/airflow/.local/lib/python3.7/site-packages/airflow/example_dags/tutorial_etl_dag.py
[2022-05-18 23:48:05,677] {logging_mixin.py:115} INFO - [2022-05-18 23:48:05,676] {dag.py:2371} INFO - Sync 1 DAGs
[2022-05-18 23:48:23,165] {logging_mixin.py:115} INFO - [2022-05-18 23:48:22,755] {dag.py:2919} INFO - Setting next_dagrun for tutorial_etl_dag to None, run_after=None
[2022-05-18 23:48:30,756] {processor.py:161} INFO - Processing /home/airflow/.local/lib/python3.7/site-packages/airflow/example_dags/tutorial_etl_dag.py took 24.894 seconds
[2022-05-18 23:49:01,682] {processor.py:153} INFO - Started process (PID=693) to work on /home/airflow/.local/lib/python3.7/site-packages/airflow/example_dags/tutorial_etl_dag.py
[2022-05-18 23:49:01,683] {processor.py:641} INFO - Processing file /home/airflow/.local/lib/python3.7/site-packages/airflow/example_dags/tutorial_etl_dag.py for tasks to queue
[2022-05-18 23:49:01,684] {logging_mixin.py:115} INFO - [2022-05-18 23:49:01,683] {dagbag.py:507} INFO - Filling up the DagBag from /home/airflow/.local/lib/python3.7/site-packages/airflow/example_dags/tutorial_etl_dag.py
[2022-05-18 23:49:01,695] {processor.py:651} INFO - DAG(s) dict_keys(['tutorial_etl_dag']) retrieved from /home/airflow/.local/lib/python3.7/site-packages/airflow/example_dags/tutorial_etl_dag.py
[2022-05-18 23:49:01,741] {logging_mixin.py:115} INFO - [2022-05-18 23:49:01,741] {dag.py:2371} INFO - Sync 1 DAGs
[2022-05-18 23:49:01,953] {logging_mixin.py:115} INFO - [2022-05-18 23:49:01,952] {dag.py:2919} INFO - Setting next_dagrun for tutorial_etl_dag to None, run_after=None
[2022-05-18 23:49:01,978] {processor.py:161} INFO - Processing /home/airflow/.local/lib/python3.7/site-packages/airflow/example_dags/tutorial_etl_dag.py took 0.299 seconds
[2022-05-18 23:49:32,632] {processor.py:153} INFO - Started process (PID=755) to work on /home/airflow/.local/lib/python3.7/site-packages/airflow/example_dags/tutorial_etl_dag.py
[2022-05-18 23:49:32,633] {processor.py:641} INFO - Processing file /home/airflow/.local/lib/python3.7/site-packages/airflow/example_dags/tutorial_etl_dag.py for tasks to queue
[2022-05-18 23:49:32,634] {logging_mixin.py:115} INFO - [2022-05-18 23:49:32,634] {dagbag.py:507} INFO - Filling up the DagBag from /home/airflow/.local/lib/python3.7/site-packages/airflow/example_dags/tutorial_etl_dag.py
[2022-05-18 23:49:32,650] {processor.py:651} INFO - DAG(s) dict_keys(['tutorial_etl_dag']) retrieved from /home/airflow/.local/lib/python3.7/site-packages/airflow/example_dags/tutorial_etl_dag.py
[2022-05-18 23:49:32,712] {logging_mixin.py:115} INFO - [2022-05-18 23:49:32,712] {dag.py:2371} INFO - Sync 1 DAGs
[2022-05-18 23:49:33,466] {logging_mixin.py:115} INFO - [2022-05-18 23:49:33,466] {dag.py:2919} INFO - Setting next_dagrun for tutorial_etl_dag to None, run_after=None
[2022-05-18 23:49:33,497] {processor.py:161} INFO - Processing /home/airflow/.local/lib/python3.7/site-packages/airflow/example_dags/tutorial_etl_dag.py took 0.870 seconds
[2022-05-18 23:50:03,802] {processor.py:153} INFO - Started process (PID=809) to work on /home/airflow/.local/lib/python3.7/site-packages/airflow/example_dags/tutorial_etl_dag.py
[2022-05-18 23:50:03,803] {processor.py:641} INFO - Processing file /home/airflow/.local/lib/python3.7/site-packages/airflow/example_dags/tutorial_etl_dag.py for tasks to queue
[2022-05-18 23:50:03,804] {logging_mixin.py:115} INFO - [2022-05-18 23:50:03,804] {dagbag.py:507} INFO - Filling up the DagBag from /home/airflow/.local/lib/python3.7/site-packages/airflow/example_dags/tutorial_etl_dag.py
[2022-05-18 23:50:03,817] {processor.py:651} INFO - DAG(s) dict_keys(['tutorial_etl_dag']) retrieved from /home/airflow/.local/lib/python3.7/site-packages/airflow/example_dags/tutorial_etl_dag.py
[2022-05-18 23:50:03,856] {logging_mixin.py:115} INFO - [2022-05-18 23:50:03,856] {dag.py:2371} INFO - Sync 1 DAGs
[2022-05-18 23:50:04,012] {logging_mixin.py:115} INFO - [2022-05-18 23:50:04,011] {dag.py:2919} INFO - Setting next_dagrun for tutorial_etl_dag to None, run_after=None
[2022-05-18 23:50:04,028] {processor.py:161} INFO - Processing /home/airflow/.local/lib/python3.7/site-packages/airflow/example_dags/tutorial_etl_dag.py took 0.230 seconds
[2022-05-18 23:50:34,115] {processor.py:153} INFO - Started process (PID=862) to work on /home/airflow/.local/lib/python3.7/site-packages/airflow/example_dags/tutorial_etl_dag.py
[2022-05-18 23:50:34,116] {processor.py:641} INFO - Processing file /home/airflow/.local/lib/python3.7/site-packages/airflow/example_dags/tutorial_etl_dag.py for tasks to queue
[2022-05-18 23:50:34,117] {logging_mixin.py:115} INFO - [2022-05-18 23:50:34,116] {dagbag.py:507} INFO - Filling up the DagBag from /home/airflow/.local/lib/python3.7/site-packages/airflow/example_dags/tutorial_etl_dag.py
[2022-05-18 23:50:34,127] {processor.py:651} INFO - DAG(s) dict_keys(['tutorial_etl_dag']) retrieved from /home/airflow/.local/lib/python3.7/site-packages/airflow/example_dags/tutorial_etl_dag.py
[2022-05-18 23:50:34,161] {logging_mixin.py:115} INFO - [2022-05-18 23:50:34,160] {dag.py:2371} INFO - Sync 1 DAGs
[2022-05-18 23:50:34,314] {logging_mixin.py:115} INFO - [2022-05-18 23:50:34,313] {dag.py:2919} INFO - Setting next_dagrun for tutorial_etl_dag to None, run_after=None
[2022-05-18 23:50:34,328] {processor.py:161} INFO - Processing /home/airflow/.local/lib/python3.7/site-packages/airflow/example_dags/tutorial_etl_dag.py took 0.217 seconds
[2022-05-18 23:51:10,975] {processor.py:153} INFO - Started process (PID=903) to work on /home/airflow/.local/lib/python3.7/site-packages/airflow/example_dags/tutorial_etl_dag.py
[2022-05-18 23:51:10,977] {processor.py:641} INFO - Processing file /home/airflow/.local/lib/python3.7/site-packages/airflow/example_dags/tutorial_etl_dag.py for tasks to queue
[2022-05-18 23:51:10,978] {logging_mixin.py:115} INFO - [2022-05-18 23:51:10,978] {dagbag.py:507} INFO - Filling up the DagBag from /home/airflow/.local/lib/python3.7/site-packages/airflow/example_dags/tutorial_etl_dag.py
[2022-05-18 23:51:10,996] {processor.py:651} INFO - DAG(s) dict_keys(['tutorial_etl_dag']) retrieved from /home/airflow/.local/lib/python3.7/site-packages/airflow/example_dags/tutorial_etl_dag.py
[2022-05-18 23:51:11,066] {logging_mixin.py:115} INFO - [2022-05-18 23:51:11,065] {dag.py:2371} INFO - Sync 1 DAGs
[2022-05-18 23:51:11,334] {logging_mixin.py:115} INFO - [2022-05-18 23:51:11,333] {dag.py:2919} INFO - Setting next_dagrun for tutorial_etl_dag to None, run_after=None
[2022-05-18 23:51:11,360] {processor.py:161} INFO - Processing /home/airflow/.local/lib/python3.7/site-packages/airflow/example_dags/tutorial_etl_dag.py took 0.392 seconds
[2022-05-18 23:51:41,516] {processor.py:153} INFO - Started process (PID=955) to work on /home/airflow/.local/lib/python3.7/site-packages/airflow/example_dags/tutorial_etl_dag.py
[2022-05-18 23:51:41,517] {processor.py:641} INFO - Processing file /home/airflow/.local/lib/python3.7/site-packages/airflow/example_dags/tutorial_etl_dag.py for tasks to queue
[2022-05-18 23:51:41,518] {logging_mixin.py:115} INFO - [2022-05-18 23:51:41,518] {dagbag.py:507} INFO - Filling up the DagBag from /home/airflow/.local/lib/python3.7/site-packages/airflow/example_dags/tutorial_etl_dag.py
[2022-05-18 23:51:41,527] {processor.py:651} INFO - DAG(s) dict_keys(['tutorial_etl_dag']) retrieved from /home/airflow/.local/lib/python3.7/site-packages/airflow/example_dags/tutorial_etl_dag.py
[2022-05-18 23:51:41,561] {logging_mixin.py:115} INFO - [2022-05-18 23:51:41,561] {dag.py:2371} INFO - Sync 1 DAGs
[2022-05-18 23:51:41,716] {logging_mixin.py:115} INFO - [2022-05-18 23:51:41,716] {dag.py:2919} INFO - Setting next_dagrun for tutorial_etl_dag to None, run_after=None
[2022-05-18 23:51:41,730] {processor.py:161} INFO - Processing /home/airflow/.local/lib/python3.7/site-packages/airflow/example_dags/tutorial_etl_dag.py took 0.217 seconds
[2022-05-18 23:52:11,784] {processor.py:153} INFO - Started process (PID=1014) to work on /home/airflow/.local/lib/python3.7/site-packages/airflow/example_dags/tutorial_etl_dag.py
[2022-05-18 23:52:11,785] {processor.py:641} INFO - Processing file /home/airflow/.local/lib/python3.7/site-packages/airflow/example_dags/tutorial_etl_dag.py for tasks to queue
[2022-05-18 23:52:11,787] {logging_mixin.py:115} INFO - [2022-05-18 23:52:11,787] {dagbag.py:507} INFO - Filling up the DagBag from /home/airflow/.local/lib/python3.7/site-packages/airflow/example_dags/tutorial_etl_dag.py
[2022-05-18 23:52:11,808] {processor.py:651} INFO - DAG(s) dict_keys(['tutorial_etl_dag']) retrieved from /home/airflow/.local/lib/python3.7/site-packages/airflow/example_dags/tutorial_etl_dag.py
[2022-05-18 23:52:11,870] {logging_mixin.py:115} INFO - [2022-05-18 23:52:11,870] {dag.py:2371} INFO - Sync 1 DAGs
[2022-05-18 23:52:12,085] {logging_mixin.py:115} INFO - [2022-05-18 23:52:12,085] {dag.py:2919} INFO - Setting next_dagrun for tutorial_etl_dag to None, run_after=None
[2022-05-18 23:52:12,106] {processor.py:161} INFO - Processing /home/airflow/.local/lib/python3.7/site-packages/airflow/example_dags/tutorial_etl_dag.py took 0.328 seconds
[2022-05-18 23:52:42,248] {processor.py:153} INFO - Started process (PID=1071) to work on /home/airflow/.local/lib/python3.7/site-packages/airflow/example_dags/tutorial_etl_dag.py
[2022-05-18 23:52:42,249] {processor.py:641} INFO - Processing file /home/airflow/.local/lib/python3.7/site-packages/airflow/example_dags/tutorial_etl_dag.py for tasks to queue
[2022-05-18 23:52:42,250] {logging_mixin.py:115} INFO - [2022-05-18 23:52:42,250] {dagbag.py:507} INFO - Filling up the DagBag from /home/airflow/.local/lib/python3.7/site-packages/airflow/example_dags/tutorial_etl_dag.py
[2022-05-18 23:52:42,260] {processor.py:651} INFO - DAG(s) dict_keys(['tutorial_etl_dag']) retrieved from /home/airflow/.local/lib/python3.7/site-packages/airflow/example_dags/tutorial_etl_dag.py
[2022-05-18 23:52:42,299] {logging_mixin.py:115} INFO - [2022-05-18 23:52:42,298] {dag.py:2371} INFO - Sync 1 DAGs
[2022-05-18 23:52:42,460] {logging_mixin.py:115} INFO - [2022-05-18 23:52:42,460] {dag.py:2919} INFO - Setting next_dagrun for tutorial_etl_dag to None, run_after=None
[2022-05-18 23:52:42,473] {processor.py:161} INFO - Processing /home/airflow/.local/lib/python3.7/site-packages/airflow/example_dags/tutorial_etl_dag.py took 0.230 seconds
[2022-05-18 23:53:13,228] {processor.py:153} INFO - Started process (PID=1132) to work on /home/airflow/.local/lib/python3.7/site-packages/airflow/example_dags/tutorial_etl_dag.py
[2022-05-18 23:53:13,229] {processor.py:641} INFO - Processing file /home/airflow/.local/lib/python3.7/site-packages/airflow/example_dags/tutorial_etl_dag.py for tasks to queue
[2022-05-18 23:53:13,230] {logging_mixin.py:115} INFO - [2022-05-18 23:53:13,230] {dagbag.py:507} INFO - Filling up the DagBag from /home/airflow/.local/lib/python3.7/site-packages/airflow/example_dags/tutorial_etl_dag.py
[2022-05-18 23:53:13,259] {processor.py:651} INFO - DAG(s) dict_keys(['tutorial_etl_dag']) retrieved from /home/airflow/.local/lib/python3.7/site-packages/airflow/example_dags/tutorial_etl_dag.py
[2022-05-18 23:53:13,324] {logging_mixin.py:115} INFO - [2022-05-18 23:53:13,323] {dag.py:2371} INFO - Sync 1 DAGs
[2022-05-18 23:53:13,365] {logging_mixin.py:115} INFO - [2022-05-18 23:53:13,365] {dag.py:2919} INFO - Setting next_dagrun for tutorial_etl_dag to None, run_after=None
[2022-05-18 23:53:13,392] {processor.py:161} INFO - Processing /home/airflow/.local/lib/python3.7/site-packages/airflow/example_dags/tutorial_etl_dag.py took 0.169 seconds
[2022-05-18 23:53:43,546] {processor.py:153} INFO - Started process (PID=1188) to work on /home/airflow/.local/lib/python3.7/site-packages/airflow/example_dags/tutorial_etl_dag.py
[2022-05-18 23:53:43,547] {processor.py:641} INFO - Processing file /home/airflow/.local/lib/python3.7/site-packages/airflow/example_dags/tutorial_etl_dag.py for tasks to queue
[2022-05-18 23:53:43,548] {logging_mixin.py:115} INFO - [2022-05-18 23:53:43,548] {dagbag.py:507} INFO - Filling up the DagBag from /home/airflow/.local/lib/python3.7/site-packages/airflow/example_dags/tutorial_etl_dag.py
[2022-05-18 23:53:43,562] {processor.py:651} INFO - DAG(s) dict_keys(['tutorial_etl_dag']) retrieved from /home/airflow/.local/lib/python3.7/site-packages/airflow/example_dags/tutorial_etl_dag.py
[2022-05-18 23:53:43,595] {logging_mixin.py:115} INFO - [2022-05-18 23:53:43,595] {dag.py:2371} INFO - Sync 1 DAGs
[2022-05-18 23:53:43,623] {logging_mixin.py:115} INFO - [2022-05-18 23:53:43,623] {dag.py:2919} INFO - Setting next_dagrun for tutorial_etl_dag to None, run_after=None
[2022-05-18 23:53:43,637] {processor.py:161} INFO - Processing /home/airflow/.local/lib/python3.7/site-packages/airflow/example_dags/tutorial_etl_dag.py took 0.095 seconds
[2022-05-18 23:54:14,033] {processor.py:153} INFO - Started process (PID=1251) to work on /home/airflow/.local/lib/python3.7/site-packages/airflow/example_dags/tutorial_etl_dag.py
[2022-05-18 23:54:14,034] {processor.py:641} INFO - Processing file /home/airflow/.local/lib/python3.7/site-packages/airflow/example_dags/tutorial_etl_dag.py for tasks to queue
[2022-05-18 23:54:14,036] {logging_mixin.py:115} INFO - [2022-05-18 23:54:14,036] {dagbag.py:507} INFO - Filling up the DagBag from /home/airflow/.local/lib/python3.7/site-packages/airflow/example_dags/tutorial_etl_dag.py
[2022-05-18 23:54:14,071] {processor.py:651} INFO - DAG(s) dict_keys(['tutorial_etl_dag']) retrieved from /home/airflow/.local/lib/python3.7/site-packages/airflow/example_dags/tutorial_etl_dag.py
[2022-05-18 23:54:14,128] {logging_mixin.py:115} INFO - [2022-05-18 23:54:14,128] {dag.py:2371} INFO - Sync 1 DAGs
[2022-05-18 23:54:14,173] {logging_mixin.py:115} INFO - [2022-05-18 23:54:14,173] {dag.py:2919} INFO - Setting next_dagrun for tutorial_etl_dag to None, run_after=None
[2022-05-18 23:54:14,195] {processor.py:161} INFO - Processing /home/airflow/.local/lib/python3.7/site-packages/airflow/example_dags/tutorial_etl_dag.py took 0.171 seconds
[2022-05-18 23:54:44,559] {processor.py:153} INFO - Started process (PID=1305) to work on /home/airflow/.local/lib/python3.7/site-packages/airflow/example_dags/tutorial_etl_dag.py
[2022-05-18 23:54:44,559] {processor.py:641} INFO - Processing file /home/airflow/.local/lib/python3.7/site-packages/airflow/example_dags/tutorial_etl_dag.py for tasks to queue
[2022-05-18 23:54:44,560] {logging_mixin.py:115} INFO - [2022-05-18 23:54:44,560] {dagbag.py:507} INFO - Filling up the DagBag from /home/airflow/.local/lib/python3.7/site-packages/airflow/example_dags/tutorial_etl_dag.py
[2022-05-18 23:54:44,576] {processor.py:651} INFO - DAG(s) dict_keys(['tutorial_etl_dag']) retrieved from /home/airflow/.local/lib/python3.7/site-packages/airflow/example_dags/tutorial_etl_dag.py
[2022-05-18 23:54:44,608] {logging_mixin.py:115} INFO - [2022-05-18 23:54:44,608] {dag.py:2371} INFO - Sync 1 DAGs
[2022-05-18 23:54:44,638] {logging_mixin.py:115} INFO - [2022-05-18 23:54:44,638] {dag.py:2919} INFO - Setting next_dagrun for tutorial_etl_dag to None, run_after=None
[2022-05-18 23:54:44,654] {processor.py:161} INFO - Processing /home/airflow/.local/lib/python3.7/site-packages/airflow/example_dags/tutorial_etl_dag.py took 0.099 seconds
[2022-05-18 23:55:15,218] {processor.py:153} INFO - Started process (PID=1367) to work on /home/airflow/.local/lib/python3.7/site-packages/airflow/example_dags/tutorial_etl_dag.py
[2022-05-18 23:55:15,219] {processor.py:641} INFO - Processing file /home/airflow/.local/lib/python3.7/site-packages/airflow/example_dags/tutorial_etl_dag.py for tasks to queue
[2022-05-18 23:55:15,220] {logging_mixin.py:115} INFO - [2022-05-18 23:55:15,220] {dagbag.py:507} INFO - Filling up the DagBag from /home/airflow/.local/lib/python3.7/site-packages/airflow/example_dags/tutorial_etl_dag.py
[2022-05-18 23:55:15,236] {processor.py:651} INFO - DAG(s) dict_keys(['tutorial_etl_dag']) retrieved from /home/airflow/.local/lib/python3.7/site-packages/airflow/example_dags/tutorial_etl_dag.py
[2022-05-18 23:55:15,277] {logging_mixin.py:115} INFO - [2022-05-18 23:55:15,276] {dag.py:2371} INFO - Sync 1 DAGs
[2022-05-18 23:55:15,315] {logging_mixin.py:115} INFO - [2022-05-18 23:55:15,315] {dag.py:2919} INFO - Setting next_dagrun for tutorial_etl_dag to None, run_after=None
[2022-05-18 23:55:15,340] {processor.py:161} INFO - Processing /home/airflow/.local/lib/python3.7/site-packages/airflow/example_dags/tutorial_etl_dag.py took 0.126 seconds
[2022-05-18 23:55:45,839] {processor.py:153} INFO - Started process (PID=1420) to work on /home/airflow/.local/lib/python3.7/site-packages/airflow/example_dags/tutorial_etl_dag.py
[2022-05-18 23:55:45,840] {processor.py:641} INFO - Processing file /home/airflow/.local/lib/python3.7/site-packages/airflow/example_dags/tutorial_etl_dag.py for tasks to queue
[2022-05-18 23:55:45,841] {logging_mixin.py:115} INFO - [2022-05-18 23:55:45,841] {dagbag.py:507} INFO - Filling up the DagBag from /home/airflow/.local/lib/python3.7/site-packages/airflow/example_dags/tutorial_etl_dag.py
[2022-05-18 23:55:45,855] {processor.py:651} INFO - DAG(s) dict_keys(['tutorial_etl_dag']) retrieved from /home/airflow/.local/lib/python3.7/site-packages/airflow/example_dags/tutorial_etl_dag.py
[2022-05-18 23:55:45,886] {logging_mixin.py:115} INFO - [2022-05-18 23:55:45,886] {dag.py:2371} INFO - Sync 1 DAGs
[2022-05-18 23:55:45,912] {logging_mixin.py:115} INFO - [2022-05-18 23:55:45,912] {dag.py:2919} INFO - Setting next_dagrun for tutorial_etl_dag to None, run_after=None
[2022-05-18 23:55:45,926] {processor.py:161} INFO - Processing /home/airflow/.local/lib/python3.7/site-packages/airflow/example_dags/tutorial_etl_dag.py took 0.091 seconds
[2022-05-18 23:56:16,641] {processor.py:153} INFO - Started process (PID=1481) to work on /home/airflow/.local/lib/python3.7/site-packages/airflow/example_dags/tutorial_etl_dag.py
[2022-05-18 23:56:16,642] {processor.py:641} INFO - Processing file /home/airflow/.local/lib/python3.7/site-packages/airflow/example_dags/tutorial_etl_dag.py for tasks to queue
[2022-05-18 23:56:16,643] {logging_mixin.py:115} INFO - [2022-05-18 23:56:16,643] {dagbag.py:507} INFO - Filling up the DagBag from /home/airflow/.local/lib/python3.7/site-packages/airflow/example_dags/tutorial_etl_dag.py
[2022-05-18 23:56:16,659] {processor.py:651} INFO - DAG(s) dict_keys(['tutorial_etl_dag']) retrieved from /home/airflow/.local/lib/python3.7/site-packages/airflow/example_dags/tutorial_etl_dag.py
[2022-05-18 23:56:16,691] {logging_mixin.py:115} INFO - [2022-05-18 23:56:16,690] {dag.py:2371} INFO - Sync 1 DAGs
[2022-05-18 23:56:16,725] {logging_mixin.py:115} INFO - [2022-05-18 23:56:16,725] {dag.py:2919} INFO - Setting next_dagrun for tutorial_etl_dag to None, run_after=None
[2022-05-18 23:56:16,744] {processor.py:161} INFO - Processing /home/airflow/.local/lib/python3.7/site-packages/airflow/example_dags/tutorial_etl_dag.py took 0.108 seconds
[2022-05-18 23:56:47,083] {processor.py:153} INFO - Started process (PID=1534) to work on /home/airflow/.local/lib/python3.7/site-packages/airflow/example_dags/tutorial_etl_dag.py
[2022-05-18 23:56:47,084] {processor.py:641} INFO - Processing file /home/airflow/.local/lib/python3.7/site-packages/airflow/example_dags/tutorial_etl_dag.py for tasks to queue
[2022-05-18 23:56:47,085] {logging_mixin.py:115} INFO - [2022-05-18 23:56:47,085] {dagbag.py:507} INFO - Filling up the DagBag from /home/airflow/.local/lib/python3.7/site-packages/airflow/example_dags/tutorial_etl_dag.py
[2022-05-18 23:56:47,107] {processor.py:651} INFO - DAG(s) dict_keys(['tutorial_etl_dag']) retrieved from /home/airflow/.local/lib/python3.7/site-packages/airflow/example_dags/tutorial_etl_dag.py
[2022-05-18 23:56:47,139] {logging_mixin.py:115} INFO - [2022-05-18 23:56:47,139] {dag.py:2371} INFO - Sync 1 DAGs
[2022-05-18 23:56:47,168] {logging_mixin.py:115} INFO - [2022-05-18 23:56:47,167] {dag.py:2919} INFO - Setting next_dagrun for tutorial_etl_dag to None, run_after=None
[2022-05-18 23:56:47,182] {processor.py:161} INFO - Processing /home/airflow/.local/lib/python3.7/site-packages/airflow/example_dags/tutorial_etl_dag.py took 0.103 seconds
[2022-05-18 23:57:18,360] {processor.py:153} INFO - Started process (PID=1597) to work on /home/airflow/.local/lib/python3.7/site-packages/airflow/example_dags/tutorial_etl_dag.py
[2022-05-18 23:57:18,361] {processor.py:641} INFO - Processing file /home/airflow/.local/lib/python3.7/site-packages/airflow/example_dags/tutorial_etl_dag.py for tasks to queue
[2022-05-18 23:57:18,362] {logging_mixin.py:115} INFO - [2022-05-18 23:57:18,362] {dagbag.py:507} INFO - Filling up the DagBag from /home/airflow/.local/lib/python3.7/site-packages/airflow/example_dags/tutorial_etl_dag.py
[2022-05-18 23:57:18,378] {processor.py:651} INFO - DAG(s) dict_keys(['tutorial_etl_dag']) retrieved from /home/airflow/.local/lib/python3.7/site-packages/airflow/example_dags/tutorial_etl_dag.py
[2022-05-18 23:57:18,409] {logging_mixin.py:115} INFO - [2022-05-18 23:57:18,409] {dag.py:2371} INFO - Sync 1 DAGs
[2022-05-18 23:57:18,442] {logging_mixin.py:115} INFO - [2022-05-18 23:57:18,442] {dag.py:2919} INFO - Setting next_dagrun for tutorial_etl_dag to None, run_after=None
[2022-05-18 23:57:18,458] {processor.py:161} INFO - Processing /home/airflow/.local/lib/python3.7/site-packages/airflow/example_dags/tutorial_etl_dag.py took 0.102 seconds
[2022-05-18 23:57:48,914] {processor.py:153} INFO - Started process (PID=1650) to work on /home/airflow/.local/lib/python3.7/site-packages/airflow/example_dags/tutorial_etl_dag.py
[2022-05-18 23:57:48,916] {processor.py:641} INFO - Processing file /home/airflow/.local/lib/python3.7/site-packages/airflow/example_dags/tutorial_etl_dag.py for tasks to queue
[2022-05-18 23:57:48,917] {logging_mixin.py:115} INFO - [2022-05-18 23:57:48,917] {dagbag.py:507} INFO - Filling up the DagBag from /home/airflow/.local/lib/python3.7/site-packages/airflow/example_dags/tutorial_etl_dag.py
[2022-05-18 23:57:48,926] {processor.py:651} INFO - DAG(s) dict_keys(['tutorial_etl_dag']) retrieved from /home/airflow/.local/lib/python3.7/site-packages/airflow/example_dags/tutorial_etl_dag.py
[2022-05-18 23:57:49,113] {logging_mixin.py:115} INFO - [2022-05-18 23:57:49,113] {dag.py:2371} INFO - Sync 1 DAGs
[2022-05-18 23:57:49,140] {logging_mixin.py:115} INFO - [2022-05-18 23:57:49,140] {dag.py:2919} INFO - Setting next_dagrun for tutorial_etl_dag to None, run_after=None
[2022-05-18 23:57:49,156] {processor.py:161} INFO - Processing /home/airflow/.local/lib/python3.7/site-packages/airflow/example_dags/tutorial_etl_dag.py took 0.246 seconds
[2022-05-18 23:58:19,669] {processor.py:153} INFO - Started process (PID=1704) to work on /home/airflow/.local/lib/python3.7/site-packages/airflow/example_dags/tutorial_etl_dag.py
[2022-05-18 23:58:19,671] {processor.py:641} INFO - Processing file /home/airflow/.local/lib/python3.7/site-packages/airflow/example_dags/tutorial_etl_dag.py for tasks to queue
[2022-05-18 23:58:19,672] {logging_mixin.py:115} INFO - [2022-05-18 23:58:19,672] {dagbag.py:507} INFO - Filling up the DagBag from /home/airflow/.local/lib/python3.7/site-packages/airflow/example_dags/tutorial_etl_dag.py
[2022-05-18 23:58:19,689] {processor.py:651} INFO - DAG(s) dict_keys(['tutorial_etl_dag']) retrieved from /home/airflow/.local/lib/python3.7/site-packages/airflow/example_dags/tutorial_etl_dag.py
[2022-05-18 23:58:20,009] {logging_mixin.py:115} INFO - [2022-05-18 23:58:20,009] {dag.py:2371} INFO - Sync 1 DAGs
[2022-05-18 23:58:20,057] {logging_mixin.py:115} INFO - [2022-05-18 23:58:20,057] {dag.py:2919} INFO - Setting next_dagrun for tutorial_etl_dag to None, run_after=None
[2022-05-18 23:58:20,091] {processor.py:161} INFO - Processing /home/airflow/.local/lib/python3.7/site-packages/airflow/example_dags/tutorial_etl_dag.py took 0.429 seconds
[2022-05-18 23:58:50,273] {processor.py:153} INFO - Started process (PID=1758) to work on /home/airflow/.local/lib/python3.7/site-packages/airflow/example_dags/tutorial_etl_dag.py
[2022-05-18 23:58:50,274] {processor.py:641} INFO - Processing file /home/airflow/.local/lib/python3.7/site-packages/airflow/example_dags/tutorial_etl_dag.py for tasks to queue
[2022-05-18 23:58:50,276] {logging_mixin.py:115} INFO - [2022-05-18 23:58:50,276] {dagbag.py:507} INFO - Filling up the DagBag from /home/airflow/.local/lib/python3.7/site-packages/airflow/example_dags/tutorial_etl_dag.py
[2022-05-18 23:58:50,287] {processor.py:651} INFO - DAG(s) dict_keys(['tutorial_etl_dag']) retrieved from /home/airflow/.local/lib/python3.7/site-packages/airflow/example_dags/tutorial_etl_dag.py
[2022-05-18 23:58:50,465] {logging_mixin.py:115} INFO - [2022-05-18 23:58:50,464] {dag.py:2371} INFO - Sync 1 DAGs
[2022-05-18 23:58:50,489] {logging_mixin.py:115} INFO - [2022-05-18 23:58:50,489] {dag.py:2919} INFO - Setting next_dagrun for tutorial_etl_dag to None, run_after=None
[2022-05-18 23:58:50,504] {processor.py:161} INFO - Processing /home/airflow/.local/lib/python3.7/site-packages/airflow/example_dags/tutorial_etl_dag.py took 0.234 seconds
[2022-05-18 23:59:20,923] {processor.py:153} INFO - Started process (PID=1811) to work on /home/airflow/.local/lib/python3.7/site-packages/airflow/example_dags/tutorial_etl_dag.py
[2022-05-18 23:59:20,924] {processor.py:641} INFO - Processing file /home/airflow/.local/lib/python3.7/site-packages/airflow/example_dags/tutorial_etl_dag.py for tasks to queue
[2022-05-18 23:59:20,926] {logging_mixin.py:115} INFO - [2022-05-18 23:59:20,926] {dagbag.py:507} INFO - Filling up the DagBag from /home/airflow/.local/lib/python3.7/site-packages/airflow/example_dags/tutorial_etl_dag.py
[2022-05-18 23:59:20,940] {processor.py:651} INFO - DAG(s) dict_keys(['tutorial_etl_dag']) retrieved from /home/airflow/.local/lib/python3.7/site-packages/airflow/example_dags/tutorial_etl_dag.py
[2022-05-18 23:59:21,134] {logging_mixin.py:115} INFO - [2022-05-18 23:59:21,134] {dag.py:2371} INFO - Sync 1 DAGs
[2022-05-18 23:59:21,162] {logging_mixin.py:115} INFO - [2022-05-18 23:59:21,162] {dag.py:2919} INFO - Setting next_dagrun for tutorial_etl_dag to None, run_after=None
[2022-05-18 23:59:21,178] {processor.py:161} INFO - Processing /home/airflow/.local/lib/python3.7/site-packages/airflow/example_dags/tutorial_etl_dag.py took 0.259 seconds
[2022-05-18 23:59:51,638] {processor.py:153} INFO - Started process (PID=1874) to work on /home/airflow/.local/lib/python3.7/site-packages/airflow/example_dags/tutorial_etl_dag.py
[2022-05-18 23:59:51,639] {processor.py:641} INFO - Processing file /home/airflow/.local/lib/python3.7/site-packages/airflow/example_dags/tutorial_etl_dag.py for tasks to queue
[2022-05-18 23:59:51,640] {logging_mixin.py:115} INFO - [2022-05-18 23:59:51,640] {dagbag.py:507} INFO - Filling up the DagBag from /home/airflow/.local/lib/python3.7/site-packages/airflow/example_dags/tutorial_etl_dag.py
[2022-05-18 23:59:51,651] {processor.py:651} INFO - DAG(s) dict_keys(['tutorial_etl_dag']) retrieved from /home/airflow/.local/lib/python3.7/site-packages/airflow/example_dags/tutorial_etl_dag.py
[2022-05-18 23:59:51,859] {logging_mixin.py:115} INFO - [2022-05-18 23:59:51,859] {dag.py:2371} INFO - Sync 1 DAGs
[2022-05-18 23:59:51,889] {logging_mixin.py:115} INFO - [2022-05-18 23:59:51,889] {dag.py:2919} INFO - Setting next_dagrun for tutorial_etl_dag to None, run_after=None
[2022-05-18 23:59:51,909] {processor.py:161} INFO - Processing /home/airflow/.local/lib/python3.7/site-packages/airflow/example_dags/tutorial_etl_dag.py took 0.276 seconds
