[2022-05-19 00:00:08,392] {processor.py:153} INFO - Started process (PID=1900) to work on /home/airflow/.local/lib/python3.7/site-packages/airflow/example_dags/example_subdag_operator.py
[2022-05-19 00:00:08,397] {processor.py:641} INFO - Processing file /home/airflow/.local/lib/python3.7/site-packages/airflow/example_dags/example_subdag_operator.py for tasks to queue
[2022-05-19 00:00:08,402] {logging_mixin.py:115} INFO - [2022-05-19 00:00:08,400] {dagbag.py:507} INFO - Filling up the DagBag from /home/airflow/.local/lib/python3.7/site-packages/airflow/example_dags/example_subdag_operator.py
[2022-05-19 00:00:08,998] {processor.py:651} INFO - DAG(s) dict_keys(['example_subdag_operator.section-1', 'example_subdag_operator.section-2', 'example_subdag_operator']) retrieved from /home/airflow/.local/lib/python3.7/site-packages/airflow/example_dags/example_subdag_operator.py
[2022-05-19 00:00:09,396] {logging_mixin.py:115} INFO - [2022-05-19 00:00:09,396] {dag.py:2371} INFO - Sync 3 DAGs
[2022-05-19 00:00:09,442] {logging_mixin.py:115} INFO - [2022-05-19 00:00:09,442] {dag.py:2919} INFO - Setting next_dagrun for example_subdag_operator to 2022-05-17T00:00:00+00:00, run_after=2022-05-17T00:00:00+00:00
[2022-05-19 00:00:09,444] {logging_mixin.py:115} INFO - [2022-05-19 00:00:09,443] {dag.py:2919} INFO - Setting next_dagrun for example_subdag_operator.section-1 to None, run_after=None
[2022-05-19 00:00:09,445] {logging_mixin.py:115} INFO - [2022-05-19 00:00:09,444] {dag.py:2919} INFO - Setting next_dagrun for example_subdag_operator.section-2 to None, run_after=None
[2022-05-19 00:00:09,471] {logging_mixin.py:115} INFO - [2022-05-19 00:00:09,471] {dag.py:2371} INFO - Sync 2 DAGs
[2022-05-19 00:00:09,485] {logging_mixin.py:115} INFO - [2022-05-19 00:00:09,485] {dag.py:2919} INFO - Setting next_dagrun for example_subdag_operator.section-1 to None, run_after=None
[2022-05-19 00:00:09,486] {logging_mixin.py:115} INFO - [2022-05-19 00:00:09,486] {dag.py:2919} INFO - Setting next_dagrun for example_subdag_operator.section-2 to None, run_after=None
[2022-05-19 00:00:09,504] {processor.py:161} INFO - Processing /home/airflow/.local/lib/python3.7/site-packages/airflow/example_dags/example_subdag_operator.py took 1.120 seconds
[2022-05-19 00:00:39,701] {processor.py:153} INFO - Started process (PID=1953) to work on /home/airflow/.local/lib/python3.7/site-packages/airflow/example_dags/example_subdag_operator.py
[2022-05-19 00:00:39,702] {processor.py:641} INFO - Processing file /home/airflow/.local/lib/python3.7/site-packages/airflow/example_dags/example_subdag_operator.py for tasks to queue
[2022-05-19 00:00:39,704] {logging_mixin.py:115} INFO - [2022-05-19 00:00:39,704] {dagbag.py:507} INFO - Filling up the DagBag from /home/airflow/.local/lib/python3.7/site-packages/airflow/example_dags/example_subdag_operator.py
[2022-05-19 00:00:40,546] {processor.py:651} INFO - DAG(s) dict_keys(['example_subdag_operator.section-1', 'example_subdag_operator.section-2', 'example_subdag_operator']) retrieved from /home/airflow/.local/lib/python3.7/site-packages/airflow/example_dags/example_subdag_operator.py
[2022-05-19 00:00:44,162] {logging_mixin.py:115} INFO - [2022-05-19 00:00:44,162] {dag.py:2371} INFO - Sync 3 DAGs
[2022-05-19 00:00:44,252] {logging_mixin.py:115} INFO - [2022-05-19 00:00:44,251] {dag.py:2919} INFO - Setting next_dagrun for example_subdag_operator to 2022-05-17T00:00:00+00:00, run_after=2022-05-17T00:00:00+00:00
[2022-05-19 00:00:44,254] {logging_mixin.py:115} INFO - [2022-05-19 00:00:44,253] {dag.py:2919} INFO - Setting next_dagrun for example_subdag_operator.section-1 to None, run_after=None
[2022-05-19 00:00:44,255] {logging_mixin.py:115} INFO - [2022-05-19 00:00:44,255] {dag.py:2919} INFO - Setting next_dagrun for example_subdag_operator.section-2 to None, run_after=None
[2022-05-19 00:00:44,279] {logging_mixin.py:115} INFO - [2022-05-19 00:00:44,278] {dag.py:2371} INFO - Sync 2 DAGs
[2022-05-19 00:00:44,295] {logging_mixin.py:115} INFO - [2022-05-19 00:00:44,295] {dag.py:2919} INFO - Setting next_dagrun for example_subdag_operator.section-1 to None, run_after=None
[2022-05-19 00:00:44,297] {logging_mixin.py:115} INFO - [2022-05-19 00:00:44,297] {dag.py:2919} INFO - Setting next_dagrun for example_subdag_operator.section-2 to None, run_after=None
[2022-05-19 00:00:44,318] {processor.py:161} INFO - Processing /home/airflow/.local/lib/python3.7/site-packages/airflow/example_dags/example_subdag_operator.py took 4.623 seconds
[2022-05-19 00:01:14,478] {processor.py:153} INFO - Started process (PID=2006) to work on /home/airflow/.local/lib/python3.7/site-packages/airflow/example_dags/example_subdag_operator.py
[2022-05-19 00:01:14,479] {processor.py:641} INFO - Processing file /home/airflow/.local/lib/python3.7/site-packages/airflow/example_dags/example_subdag_operator.py for tasks to queue
[2022-05-19 00:01:14,480] {logging_mixin.py:115} INFO - [2022-05-19 00:01:14,480] {dagbag.py:507} INFO - Filling up the DagBag from /home/airflow/.local/lib/python3.7/site-packages/airflow/example_dags/example_subdag_operator.py
[2022-05-19 00:01:14,643] {processor.py:651} INFO - DAG(s) dict_keys(['example_subdag_operator.section-1', 'example_subdag_operator.section-2', 'example_subdag_operator']) retrieved from /home/airflow/.local/lib/python3.7/site-packages/airflow/example_dags/example_subdag_operator.py
[2022-05-19 00:01:14,686] {logging_mixin.py:115} INFO - [2022-05-19 00:01:14,686] {dag.py:2371} INFO - Sync 3 DAGs
[2022-05-19 00:01:14,711] {logging_mixin.py:115} INFO - [2022-05-19 00:01:14,711] {dag.py:2919} INFO - Setting next_dagrun for example_subdag_operator to 2022-05-17T00:00:00+00:00, run_after=2022-05-17T00:00:00+00:00
[2022-05-19 00:01:14,712] {logging_mixin.py:115} INFO - [2022-05-19 00:01:14,712] {dag.py:2919} INFO - Setting next_dagrun for example_subdag_operator.section-1 to None, run_after=None
[2022-05-19 00:01:14,712] {logging_mixin.py:115} INFO - [2022-05-19 00:01:14,712] {dag.py:2919} INFO - Setting next_dagrun for example_subdag_operator.section-2 to None, run_after=None
[2022-05-19 00:01:14,721] {logging_mixin.py:115} INFO - [2022-05-19 00:01:14,721] {dag.py:2371} INFO - Sync 2 DAGs
[2022-05-19 00:01:14,728] {logging_mixin.py:115} INFO - [2022-05-19 00:01:14,728] {dag.py:2919} INFO - Setting next_dagrun for example_subdag_operator.section-1 to None, run_after=None
[2022-05-19 00:01:14,729] {logging_mixin.py:115} INFO - [2022-05-19 00:01:14,729] {dag.py:2919} INFO - Setting next_dagrun for example_subdag_operator.section-2 to None, run_after=None
[2022-05-19 00:01:14,739] {processor.py:161} INFO - Processing /home/airflow/.local/lib/python3.7/site-packages/airflow/example_dags/example_subdag_operator.py took 0.264 seconds
[2022-05-19 00:01:44,913] {processor.py:153} INFO - Started process (PID=2060) to work on /home/airflow/.local/lib/python3.7/site-packages/airflow/example_dags/example_subdag_operator.py
[2022-05-19 00:01:44,914] {processor.py:641} INFO - Processing file /home/airflow/.local/lib/python3.7/site-packages/airflow/example_dags/example_subdag_operator.py for tasks to queue
[2022-05-19 00:01:44,917] {logging_mixin.py:115} INFO - [2022-05-19 00:01:44,917] {dagbag.py:507} INFO - Filling up the DagBag from /home/airflow/.local/lib/python3.7/site-packages/airflow/example_dags/example_subdag_operator.py
[2022-05-19 00:01:45,109] {processor.py:651} INFO - DAG(s) dict_keys(['example_subdag_operator.section-1', 'example_subdag_operator.section-2', 'example_subdag_operator']) retrieved from /home/airflow/.local/lib/python3.7/site-packages/airflow/example_dags/example_subdag_operator.py
[2022-05-19 00:01:45,152] {logging_mixin.py:115} INFO - [2022-05-19 00:01:45,152] {dag.py:2371} INFO - Sync 3 DAGs
[2022-05-19 00:01:45,177] {logging_mixin.py:115} INFO - [2022-05-19 00:01:45,177] {dag.py:2919} INFO - Setting next_dagrun for example_subdag_operator to 2022-05-17T00:00:00+00:00, run_after=2022-05-17T00:00:00+00:00
[2022-05-19 00:01:45,178] {logging_mixin.py:115} INFO - [2022-05-19 00:01:45,177] {dag.py:2919} INFO - Setting next_dagrun for example_subdag_operator.section-1 to None, run_after=None
[2022-05-19 00:01:45,178] {logging_mixin.py:115} INFO - [2022-05-19 00:01:45,178] {dag.py:2919} INFO - Setting next_dagrun for example_subdag_operator.section-2 to None, run_after=None
[2022-05-19 00:01:45,187] {logging_mixin.py:115} INFO - [2022-05-19 00:01:45,187] {dag.py:2371} INFO - Sync 2 DAGs
[2022-05-19 00:01:45,193] {logging_mixin.py:115} INFO - [2022-05-19 00:01:45,193] {dag.py:2919} INFO - Setting next_dagrun for example_subdag_operator.section-1 to None, run_after=None
[2022-05-19 00:01:45,193] {logging_mixin.py:115} INFO - [2022-05-19 00:01:45,193] {dag.py:2919} INFO - Setting next_dagrun for example_subdag_operator.section-2 to None, run_after=None
[2022-05-19 00:01:45,203] {processor.py:161} INFO - Processing /home/airflow/.local/lib/python3.7/site-packages/airflow/example_dags/example_subdag_operator.py took 0.293 seconds
