[2022-05-19 00:00:28,702] {processor.py:153} INFO - Started process (PID=1930) to work on /home/airflow/.local/lib/python3.7/site-packages/airflow/example_dags/example_branch_day_of_week_operator.py
[2022-05-19 00:00:28,703] {processor.py:641} INFO - Processing file /home/airflow/.local/lib/python3.7/site-packages/airflow/example_dags/example_branch_day_of_week_operator.py for tasks to queue
[2022-05-19 00:00:28,705] {logging_mixin.py:115} INFO - [2022-05-19 00:00:28,705] {dagbag.py:507} INFO - Filling up the DagBag from /home/airflow/.local/lib/python3.7/site-packages/airflow/example_dags/example_branch_day_of_week_operator.py
[2022-05-19 00:00:28,727] {processor.py:651} INFO - DAG(s) dict_keys(['example_weekday_branch_operator']) retrieved from /home/airflow/.local/lib/python3.7/site-packages/airflow/example_dags/example_branch_day_of_week_operator.py
[2022-05-19 00:00:28,999] {logging_mixin.py:115} INFO - [2022-05-19 00:00:28,999] {dag.py:2371} INFO - Sync 1 DAGs
[2022-05-19 00:00:29,055] {logging_mixin.py:115} INFO - [2022-05-19 00:00:29,054] {dag.py:2919} INFO - Setting next_dagrun for example_weekday_branch_operator to 2022-05-18T00:00:00+00:00, run_after=2022-05-19T00:00:00+00:00
[2022-05-19 00:00:29,087] {processor.py:161} INFO - Processing /home/airflow/.local/lib/python3.7/site-packages/airflow/example_dags/example_branch_day_of_week_operator.py took 0.392 seconds
[2022-05-19 00:01:01,409] {processor.py:153} INFO - Started process (PID=1983) to work on /home/airflow/.local/lib/python3.7/site-packages/airflow/example_dags/example_branch_day_of_week_operator.py
[2022-05-19 00:01:01,411] {processor.py:641} INFO - Processing file /home/airflow/.local/lib/python3.7/site-packages/airflow/example_dags/example_branch_day_of_week_operator.py for tasks to queue
[2022-05-19 00:01:01,412] {logging_mixin.py:115} INFO - [2022-05-19 00:01:01,412] {dagbag.py:507} INFO - Filling up the DagBag from /home/airflow/.local/lib/python3.7/site-packages/airflow/example_dags/example_branch_day_of_week_operator.py
[2022-05-19 00:01:01,435] {processor.py:651} INFO - DAG(s) dict_keys(['example_weekday_branch_operator']) retrieved from /home/airflow/.local/lib/python3.7/site-packages/airflow/example_dags/example_branch_day_of_week_operator.py
[2022-05-19 00:01:01,688] {logging_mixin.py:115} INFO - [2022-05-19 00:01:01,687] {dag.py:2371} INFO - Sync 1 DAGs
[2022-05-19 00:01:01,731] {logging_mixin.py:115} INFO - [2022-05-19 00:01:01,730] {dag.py:2919} INFO - Setting next_dagrun for example_weekday_branch_operator to 2022-05-18T00:00:00+00:00, run_after=2022-05-19T00:00:00+00:00
[2022-05-19 00:01:01,751] {processor.py:161} INFO - Processing /home/airflow/.local/lib/python3.7/site-packages/airflow/example_dags/example_branch_day_of_week_operator.py took 0.349 seconds
[2022-05-19 00:01:32,083] {processor.py:153} INFO - Started process (PID=2037) to work on /home/airflow/.local/lib/python3.7/site-packages/airflow/example_dags/example_branch_day_of_week_operator.py
[2022-05-19 00:01:32,084] {processor.py:641} INFO - Processing file /home/airflow/.local/lib/python3.7/site-packages/airflow/example_dags/example_branch_day_of_week_operator.py for tasks to queue
[2022-05-19 00:01:32,085] {logging_mixin.py:115} INFO - [2022-05-19 00:01:32,085] {dagbag.py:507} INFO - Filling up the DagBag from /home/airflow/.local/lib/python3.7/site-packages/airflow/example_dags/example_branch_day_of_week_operator.py
[2022-05-19 00:01:32,102] {processor.py:651} INFO - DAG(s) dict_keys(['example_weekday_branch_operator']) retrieved from /home/airflow/.local/lib/python3.7/site-packages/airflow/example_dags/example_branch_day_of_week_operator.py
[2022-05-19 00:01:32,306] {logging_mixin.py:115} INFO - [2022-05-19 00:01:32,306] {dag.py:2371} INFO - Sync 1 DAGs
[2022-05-19 00:01:32,345] {logging_mixin.py:115} INFO - [2022-05-19 00:01:32,345] {dag.py:2919} INFO - Setting next_dagrun for example_weekday_branch_operator to 2022-05-18T00:00:00+00:00, run_after=2022-05-19T00:00:00+00:00
[2022-05-19 00:01:32,368] {processor.py:161} INFO - Processing /home/airflow/.local/lib/python3.7/site-packages/airflow/example_dags/example_branch_day_of_week_operator.py took 0.289 seconds
[2022-05-19 00:02:05,179] {processor.py:153} INFO - Started process (PID=2101) to work on /home/airflow/.local/lib/python3.7/site-packages/airflow/example_dags/example_branch_day_of_week_operator.py
[2022-05-19 00:02:05,180] {processor.py:641} INFO - Processing file /home/airflow/.local/lib/python3.7/site-packages/airflow/example_dags/example_branch_day_of_week_operator.py for tasks to queue
[2022-05-19 00:02:05,182] {logging_mixin.py:115} INFO - [2022-05-19 00:02:05,181] {dagbag.py:507} INFO - Filling up the DagBag from /home/airflow/.local/lib/python3.7/site-packages/airflow/example_dags/example_branch_day_of_week_operator.py
[2022-05-19 00:02:05,207] {processor.py:651} INFO - DAG(s) dict_keys(['example_weekday_branch_operator']) retrieved from /home/airflow/.local/lib/python3.7/site-packages/airflow/example_dags/example_branch_day_of_week_operator.py
[2022-05-19 00:02:05,508] {logging_mixin.py:115} INFO - [2022-05-19 00:02:05,507] {dag.py:2371} INFO - Sync 1 DAGs
[2022-05-19 00:02:05,562] {logging_mixin.py:115} INFO - [2022-05-19 00:02:05,561] {dag.py:2919} INFO - Setting next_dagrun for example_weekday_branch_operator to 2022-05-18T00:00:00+00:00, run_after=2022-05-19T00:00:00+00:00
[2022-05-19 00:02:05,596] {processor.py:161} INFO - Processing /home/airflow/.local/lib/python3.7/site-packages/airflow/example_dags/example_branch_day_of_week_operator.py took 0.427 seconds
