[2022-05-19 00:00:26,277] {processor.py:153} INFO - Started process (PID=1920) to work on /home/airflow/.local/lib/python3.7/site-packages/airflow/example_dags/example_branch_operator.py
[2022-05-19 00:00:26,280] {processor.py:641} INFO - Processing file /home/airflow/.local/lib/python3.7/site-packages/airflow/example_dags/example_branch_operator.py for tasks to queue
[2022-05-19 00:00:26,282] {logging_mixin.py:115} INFO - [2022-05-19 00:00:26,281] {dagbag.py:507} INFO - Filling up the DagBag from /home/airflow/.local/lib/python3.7/site-packages/airflow/example_dags/example_branch_operator.py
[2022-05-19 00:00:26,624] {processor.py:651} INFO - DAG(s) dict_keys(['example_branch_operator']) retrieved from /home/airflow/.local/lib/python3.7/site-packages/airflow/example_dags/example_branch_operator.py
[2022-05-19 00:00:26,685] {logging_mixin.py:115} INFO - [2022-05-19 00:00:26,685] {dag.py:2371} INFO - Sync 1 DAGs
[2022-05-19 00:00:26,753] {logging_mixin.py:115} INFO - [2022-05-19 00:00:26,753] {dag.py:2919} INFO - Setting next_dagrun for example_branch_operator to 2022-05-18T00:00:00+00:00, run_after=2022-05-19T00:00:00+00:00
[2022-05-19 00:00:26,800] {processor.py:161} INFO - Processing /home/airflow/.local/lib/python3.7/site-packages/airflow/example_dags/example_branch_operator.py took 0.532 seconds
[2022-05-19 00:01:00,509] {processor.py:153} INFO - Started process (PID=1978) to work on /home/airflow/.local/lib/python3.7/site-packages/airflow/example_dags/example_branch_operator.py
[2022-05-19 00:01:00,510] {processor.py:641} INFO - Processing file /home/airflow/.local/lib/python3.7/site-packages/airflow/example_dags/example_branch_operator.py for tasks to queue
[2022-05-19 00:01:00,513] {logging_mixin.py:115} INFO - [2022-05-19 00:01:00,512] {dagbag.py:507} INFO - Filling up the DagBag from /home/airflow/.local/lib/python3.7/site-packages/airflow/example_dags/example_branch_operator.py
[2022-05-19 00:01:00,771] {processor.py:651} INFO - DAG(s) dict_keys(['example_branch_operator']) retrieved from /home/airflow/.local/lib/python3.7/site-packages/airflow/example_dags/example_branch_operator.py
[2022-05-19 00:01:00,820] {logging_mixin.py:115} INFO - [2022-05-19 00:01:00,819] {dag.py:2371} INFO - Sync 1 DAGs
[2022-05-19 00:01:00,867] {logging_mixin.py:115} INFO - [2022-05-19 00:01:00,867] {dag.py:2919} INFO - Setting next_dagrun for example_branch_operator to 2022-05-18T00:00:00+00:00, run_after=2022-05-19T00:00:00+00:00
[2022-05-19 00:01:00,893] {processor.py:161} INFO - Processing /home/airflow/.local/lib/python3.7/site-packages/airflow/example_dags/example_branch_operator.py took 0.391 seconds
[2022-05-19 00:01:31,206] {processor.py:153} INFO - Started process (PID=2032) to work on /home/airflow/.local/lib/python3.7/site-packages/airflow/example_dags/example_branch_operator.py
[2022-05-19 00:01:31,209] {processor.py:641} INFO - Processing file /home/airflow/.local/lib/python3.7/site-packages/airflow/example_dags/example_branch_operator.py for tasks to queue
[2022-05-19 00:01:31,212] {logging_mixin.py:115} INFO - [2022-05-19 00:01:31,211] {dagbag.py:507} INFO - Filling up the DagBag from /home/airflow/.local/lib/python3.7/site-packages/airflow/example_dags/example_branch_operator.py
[2022-05-19 00:01:31,424] {processor.py:651} INFO - DAG(s) dict_keys(['example_branch_operator']) retrieved from /home/airflow/.local/lib/python3.7/site-packages/airflow/example_dags/example_branch_operator.py
[2022-05-19 00:01:31,486] {logging_mixin.py:115} INFO - [2022-05-19 00:01:31,486] {dag.py:2371} INFO - Sync 1 DAGs
[2022-05-19 00:01:31,542] {logging_mixin.py:115} INFO - [2022-05-19 00:01:31,542] {dag.py:2919} INFO - Setting next_dagrun for example_branch_operator to 2022-05-18T00:00:00+00:00, run_after=2022-05-19T00:00:00+00:00
[2022-05-19 00:01:31,564] {processor.py:161} INFO - Processing /home/airflow/.local/lib/python3.7/site-packages/airflow/example_dags/example_branch_operator.py took 0.364 seconds
[2022-05-19 00:02:01,616] {processor.py:153} INFO - Started process (PID=2096) to work on /home/airflow/.local/lib/python3.7/site-packages/airflow/example_dags/example_branch_operator.py
[2022-05-19 00:02:01,617] {processor.py:641} INFO - Processing file /home/airflow/.local/lib/python3.7/site-packages/airflow/example_dags/example_branch_operator.py for tasks to queue
[2022-05-19 00:02:01,618] {logging_mixin.py:115} INFO - [2022-05-19 00:02:01,618] {dagbag.py:507} INFO - Filling up the DagBag from /home/airflow/.local/lib/python3.7/site-packages/airflow/example_dags/example_branch_operator.py
[2022-05-19 00:02:01,821] {processor.py:651} INFO - DAG(s) dict_keys(['example_branch_operator']) retrieved from /home/airflow/.local/lib/python3.7/site-packages/airflow/example_dags/example_branch_operator.py
[2022-05-19 00:02:01,912] {logging_mixin.py:115} INFO - [2022-05-19 00:02:01,912] {dag.py:2371} INFO - Sync 1 DAGs
[2022-05-19 00:02:01,958] {logging_mixin.py:115} INFO - [2022-05-19 00:02:01,958] {dag.py:2919} INFO - Setting next_dagrun for example_branch_operator to 2022-05-18T00:00:00+00:00, run_after=2022-05-19T00:00:00+00:00
[2022-05-19 00:02:01,973] {processor.py:161} INFO - Processing /home/airflow/.local/lib/python3.7/site-packages/airflow/example_dags/example_branch_operator.py took 0.362 seconds
