[2022-05-19 00:00:27,375] {processor.py:153} INFO - Started process (PID=1924) to work on /home/airflow/.local/lib/python3.7/site-packages/airflow/example_dags/example_task_group.py
[2022-05-19 00:00:27,377] {processor.py:641} INFO - Processing file /home/airflow/.local/lib/python3.7/site-packages/airflow/example_dags/example_task_group.py for tasks to queue
[2022-05-19 00:00:27,379] {logging_mixin.py:115} INFO - [2022-05-19 00:00:27,378] {dagbag.py:507} INFO - Filling up the DagBag from /home/airflow/.local/lib/python3.7/site-packages/airflow/example_dags/example_task_group.py
[2022-05-19 00:00:27,404] {processor.py:651} INFO - DAG(s) dict_keys(['example_task_group']) retrieved from /home/airflow/.local/lib/python3.7/site-packages/airflow/example_dags/example_task_group.py
[2022-05-19 00:00:27,694] {logging_mixin.py:115} INFO - [2022-05-19 00:00:27,693] {dag.py:2371} INFO - Sync 1 DAGs
[2022-05-19 00:00:27,739] {logging_mixin.py:115} INFO - [2022-05-19 00:00:27,739] {dag.py:2919} INFO - Setting next_dagrun for example_task_group to 2022-05-18T00:00:27.738963+00:00, run_after=2022-05-19T00:00:27.738963+00:00
[2022-05-19 00:00:27,766] {processor.py:161} INFO - Processing /home/airflow/.local/lib/python3.7/site-packages/airflow/example_dags/example_task_group.py took 0.398 seconds
[2022-05-19 00:00:59,660] {processor.py:153} INFO - Started process (PID=1975) to work on /home/airflow/.local/lib/python3.7/site-packages/airflow/example_dags/example_task_group.py
[2022-05-19 00:00:59,661] {processor.py:641} INFO - Processing file /home/airflow/.local/lib/python3.7/site-packages/airflow/example_dags/example_task_group.py for tasks to queue
[2022-05-19 00:00:59,662] {logging_mixin.py:115} INFO - [2022-05-19 00:00:59,662] {dagbag.py:507} INFO - Filling up the DagBag from /home/airflow/.local/lib/python3.7/site-packages/airflow/example_dags/example_task_group.py
[2022-05-19 00:00:59,680] {processor.py:651} INFO - DAG(s) dict_keys(['example_task_group']) retrieved from /home/airflow/.local/lib/python3.7/site-packages/airflow/example_dags/example_task_group.py
[2022-05-19 00:00:59,980] {logging_mixin.py:115} INFO - [2022-05-19 00:00:59,979] {dag.py:2371} INFO - Sync 1 DAGs
[2022-05-19 00:01:00,037] {logging_mixin.py:115} INFO - [2022-05-19 00:01:00,036] {dag.py:2919} INFO - Setting next_dagrun for example_task_group to 2022-05-18T00:01:00.036347+00:00, run_after=2022-05-19T00:01:00.036347+00:00
[2022-05-19 00:01:00,061] {processor.py:161} INFO - Processing /home/airflow/.local/lib/python3.7/site-packages/airflow/example_dags/example_task_group.py took 0.408 seconds
[2022-05-19 00:01:30,343] {processor.py:153} INFO - Started process (PID=2029) to work on /home/airflow/.local/lib/python3.7/site-packages/airflow/example_dags/example_task_group.py
[2022-05-19 00:01:30,344] {processor.py:641} INFO - Processing file /home/airflow/.local/lib/python3.7/site-packages/airflow/example_dags/example_task_group.py for tasks to queue
[2022-05-19 00:01:30,346] {logging_mixin.py:115} INFO - [2022-05-19 00:01:30,345] {dagbag.py:507} INFO - Filling up the DagBag from /home/airflow/.local/lib/python3.7/site-packages/airflow/example_dags/example_task_group.py
[2022-05-19 00:01:30,361] {processor.py:651} INFO - DAG(s) dict_keys(['example_task_group']) retrieved from /home/airflow/.local/lib/python3.7/site-packages/airflow/example_dags/example_task_group.py
[2022-05-19 00:01:30,666] {logging_mixin.py:115} INFO - [2022-05-19 00:01:30,665] {dag.py:2371} INFO - Sync 1 DAGs
[2022-05-19 00:01:30,732] {logging_mixin.py:115} INFO - [2022-05-19 00:01:30,732] {dag.py:2919} INFO - Setting next_dagrun for example_task_group to 2022-05-18T00:01:30.730066+00:00, run_after=2022-05-19T00:01:30.730066+00:00
[2022-05-19 00:01:30,762] {processor.py:161} INFO - Processing /home/airflow/.local/lib/python3.7/site-packages/airflow/example_dags/example_task_group.py took 0.425 seconds
[2022-05-19 00:02:00,964] {processor.py:153} INFO - Started process (PID=2091) to work on /home/airflow/.local/lib/python3.7/site-packages/airflow/example_dags/example_task_group.py
[2022-05-19 00:02:00,965] {processor.py:641} INFO - Processing file /home/airflow/.local/lib/python3.7/site-packages/airflow/example_dags/example_task_group.py for tasks to queue
[2022-05-19 00:02:00,966] {logging_mixin.py:115} INFO - [2022-05-19 00:02:00,966] {dagbag.py:507} INFO - Filling up the DagBag from /home/airflow/.local/lib/python3.7/site-packages/airflow/example_dags/example_task_group.py
[2022-05-19 00:02:00,978] {processor.py:651} INFO - DAG(s) dict_keys(['example_task_group']) retrieved from /home/airflow/.local/lib/python3.7/site-packages/airflow/example_dags/example_task_group.py
[2022-05-19 00:02:01,178] {logging_mixin.py:115} INFO - [2022-05-19 00:02:01,177] {dag.py:2371} INFO - Sync 1 DAGs
[2022-05-19 00:02:01,210] {logging_mixin.py:115} INFO - [2022-05-19 00:02:01,210] {dag.py:2919} INFO - Setting next_dagrun for example_task_group to 2022-05-18T00:02:01.208639+00:00, run_after=2022-05-19T00:02:01.208639+00:00
[2022-05-19 00:02:01,226] {processor.py:161} INFO - Processing /home/airflow/.local/lib/python3.7/site-packages/airflow/example_dags/example_task_group.py took 0.268 seconds
