[2022-05-19 00:00:02,761] {processor.py:153} INFO - Started process (PID=1896) to work on /home/airflow/.local/lib/python3.7/site-packages/airflow/example_dags/example_local_kubernetes_executor.py
[2022-05-19 00:00:02,763] {processor.py:641} INFO - Processing file /home/airflow/.local/lib/python3.7/site-packages/airflow/example_dags/example_local_kubernetes_executor.py for tasks to queue
[2022-05-19 00:00:02,766] {logging_mixin.py:115} INFO - [2022-05-19 00:00:02,765] {dagbag.py:507} INFO - Filling up the DagBag from /home/airflow/.local/lib/python3.7/site-packages/airflow/example_dags/example_local_kubernetes_executor.py
[2022-05-19 00:00:03,031] {processor.py:651} INFO - DAG(s) dict_keys(['example_local_kubernetes_executor']) retrieved from /home/airflow/.local/lib/python3.7/site-packages/airflow/example_dags/example_local_kubernetes_executor.py
[2022-05-19 00:00:03,132] {logging_mixin.py:115} INFO - [2022-05-19 00:00:03,132] {dag.py:2371} INFO - Sync 1 DAGs
[2022-05-19 00:00:03,172] {logging_mixin.py:115} INFO - [2022-05-19 00:00:03,172] {dag.py:2919} INFO - Setting next_dagrun for example_local_kubernetes_executor to None, run_after=None
[2022-05-19 00:00:03,191] {processor.py:161} INFO - Processing /home/airflow/.local/lib/python3.7/site-packages/airflow/example_dags/example_local_kubernetes_executor.py took 0.438 seconds
[2022-05-19 00:00:33,356] {processor.py:153} INFO - Started process (PID=1939) to work on /home/airflow/.local/lib/python3.7/site-packages/airflow/example_dags/example_local_kubernetes_executor.py
[2022-05-19 00:00:33,357] {processor.py:641} INFO - Processing file /home/airflow/.local/lib/python3.7/site-packages/airflow/example_dags/example_local_kubernetes_executor.py for tasks to queue
[2022-05-19 00:00:33,358] {logging_mixin.py:115} INFO - [2022-05-19 00:00:33,358] {dagbag.py:507} INFO - Filling up the DagBag from /home/airflow/.local/lib/python3.7/site-packages/airflow/example_dags/example_local_kubernetes_executor.py
[2022-05-19 00:00:33,510] {processor.py:651} INFO - DAG(s) dict_keys(['example_local_kubernetes_executor']) retrieved from /home/airflow/.local/lib/python3.7/site-packages/airflow/example_dags/example_local_kubernetes_executor.py
[2022-05-19 00:00:33,533] {logging_mixin.py:115} INFO - [2022-05-19 00:00:33,533] {dag.py:2371} INFO - Sync 1 DAGs
[2022-05-19 00:00:33,556] {logging_mixin.py:115} INFO - [2022-05-19 00:00:33,555] {dag.py:2919} INFO - Setting next_dagrun for example_local_kubernetes_executor to None, run_after=None
[2022-05-19 00:00:33,568] {processor.py:161} INFO - Processing /home/airflow/.local/lib/python3.7/site-packages/airflow/example_dags/example_local_kubernetes_executor.py took 0.216 seconds
[2022-05-19 00:01:04,184] {processor.py:153} INFO - Started process (PID=1992) to work on /home/airflow/.local/lib/python3.7/site-packages/airflow/example_dags/example_local_kubernetes_executor.py
[2022-05-19 00:01:04,185] {processor.py:641} INFO - Processing file /home/airflow/.local/lib/python3.7/site-packages/airflow/example_dags/example_local_kubernetes_executor.py for tasks to queue
[2022-05-19 00:01:04,187] {logging_mixin.py:115} INFO - [2022-05-19 00:01:04,187] {dagbag.py:507} INFO - Filling up the DagBag from /home/airflow/.local/lib/python3.7/site-packages/airflow/example_dags/example_local_kubernetes_executor.py
[2022-05-19 00:01:04,519] {processor.py:651} INFO - DAG(s) dict_keys(['example_local_kubernetes_executor']) retrieved from /home/airflow/.local/lib/python3.7/site-packages/airflow/example_dags/example_local_kubernetes_executor.py
[2022-05-19 00:01:04,624] {logging_mixin.py:115} INFO - [2022-05-19 00:01:04,624] {dag.py:2371} INFO - Sync 1 DAGs
[2022-05-19 00:01:04,683] {logging_mixin.py:115} INFO - [2022-05-19 00:01:04,683] {dag.py:2919} INFO - Setting next_dagrun for example_local_kubernetes_executor to None, run_after=None
[2022-05-19 00:01:04,717] {processor.py:161} INFO - Processing /home/airflow/.local/lib/python3.7/site-packages/airflow/example_dags/example_local_kubernetes_executor.py took 0.542 seconds
[2022-05-19 00:01:36,107] {processor.py:153} INFO - Started process (PID=2056) to work on /home/airflow/.local/lib/python3.7/site-packages/airflow/example_dags/example_local_kubernetes_executor.py
[2022-05-19 00:01:36,109] {processor.py:641} INFO - Processing file /home/airflow/.local/lib/python3.7/site-packages/airflow/example_dags/example_local_kubernetes_executor.py for tasks to queue
[2022-05-19 00:01:36,110] {logging_mixin.py:115} INFO - [2022-05-19 00:01:36,110] {dagbag.py:507} INFO - Filling up the DagBag from /home/airflow/.local/lib/python3.7/site-packages/airflow/example_dags/example_local_kubernetes_executor.py
[2022-05-19 00:01:36,392] {processor.py:651} INFO - DAG(s) dict_keys(['example_local_kubernetes_executor']) retrieved from /home/airflow/.local/lib/python3.7/site-packages/airflow/example_dags/example_local_kubernetes_executor.py
[2022-05-19 00:01:36,449] {logging_mixin.py:115} INFO - [2022-05-19 00:01:36,449] {dag.py:2371} INFO - Sync 1 DAGs
[2022-05-19 00:01:36,497] {logging_mixin.py:115} INFO - [2022-05-19 00:01:36,497] {dag.py:2919} INFO - Setting next_dagrun for example_local_kubernetes_executor to None, run_after=None
[2022-05-19 00:01:36,524] {processor.py:161} INFO - Processing /home/airflow/.local/lib/python3.7/site-packages/airflow/example_dags/example_local_kubernetes_executor.py took 0.424 seconds
[2022-05-19 00:02:07,817] {processor.py:153} INFO - Started process (PID=2110) to work on /home/airflow/.local/lib/python3.7/site-packages/airflow/example_dags/example_local_kubernetes_executor.py
[2022-05-19 00:02:07,818] {processor.py:641} INFO - Processing file /home/airflow/.local/lib/python3.7/site-packages/airflow/example_dags/example_local_kubernetes_executor.py for tasks to queue
[2022-05-19 00:02:07,820] {logging_mixin.py:115} INFO - [2022-05-19 00:02:07,820] {dagbag.py:507} INFO - Filling up the DagBag from /home/airflow/.local/lib/python3.7/site-packages/airflow/example_dags/example_local_kubernetes_executor.py
[2022-05-19 00:02:08,080] {processor.py:651} INFO - DAG(s) dict_keys(['example_local_kubernetes_executor']) retrieved from /home/airflow/.local/lib/python3.7/site-packages/airflow/example_dags/example_local_kubernetes_executor.py
[2022-05-19 00:02:08,128] {logging_mixin.py:115} INFO - [2022-05-19 00:02:08,128] {dag.py:2371} INFO - Sync 1 DAGs
[2022-05-19 00:02:08,174] {logging_mixin.py:115} INFO - [2022-05-19 00:02:08,173] {dag.py:2919} INFO - Setting next_dagrun for example_local_kubernetes_executor to None, run_after=None
[2022-05-19 00:02:08,194] {processor.py:161} INFO - Processing /home/airflow/.local/lib/python3.7/site-packages/airflow/example_dags/example_local_kubernetes_executor.py took 0.383 seconds
