[2022-05-19 00:00:09,566] {processor.py:153} INFO - Started process (PID=1902) to work on /home/airflow/.local/lib/python3.7/site-packages/airflow/example_dags/example_xcomargs.py
[2022-05-19 00:00:09,567] {processor.py:641} INFO - Processing file /home/airflow/.local/lib/python3.7/site-packages/airflow/example_dags/example_xcomargs.py for tasks to queue
[2022-05-19 00:00:09,569] {logging_mixin.py:115} INFO - [2022-05-19 00:00:09,568] {dagbag.py:507} INFO - Filling up the DagBag from /home/airflow/.local/lib/python3.7/site-packages/airflow/example_dags/example_xcomargs.py
[2022-05-19 00:00:09,882] {processor.py:651} INFO - DAG(s) dict_keys(['example_xcom_args', 'example_xcom_args_with_operators']) retrieved from /home/airflow/.local/lib/python3.7/site-packages/airflow/example_dags/example_xcomargs.py
[2022-05-19 00:00:10,098] {logging_mixin.py:115} INFO - [2022-05-19 00:00:10,098] {dag.py:2371} INFO - Sync 2 DAGs
[2022-05-19 00:00:10,144] {logging_mixin.py:115} INFO - [2022-05-19 00:00:10,144] {dag.py:2919} INFO - Setting next_dagrun for example_xcom_args to None, run_after=None
[2022-05-19 00:00:10,145] {logging_mixin.py:115} INFO - [2022-05-19 00:00:10,145] {dag.py:2919} INFO - Setting next_dagrun for example_xcom_args_with_operators to None, run_after=None
[2022-05-19 00:00:10,172] {processor.py:161} INFO - Processing /home/airflow/.local/lib/python3.7/site-packages/airflow/example_dags/example_xcomargs.py took 0.614 seconds
[2022-05-19 00:00:44,382] {processor.py:153} INFO - Started process (PID=1955) to work on /home/airflow/.local/lib/python3.7/site-packages/airflow/example_dags/example_xcomargs.py
[2022-05-19 00:00:44,384] {processor.py:641} INFO - Processing file /home/airflow/.local/lib/python3.7/site-packages/airflow/example_dags/example_xcomargs.py for tasks to queue
[2022-05-19 00:00:44,386] {logging_mixin.py:115} INFO - [2022-05-19 00:00:44,386] {dagbag.py:507} INFO - Filling up the DagBag from /home/airflow/.local/lib/python3.7/site-packages/airflow/example_dags/example_xcomargs.py
[2022-05-19 00:00:44,686] {processor.py:651} INFO - DAG(s) dict_keys(['example_xcom_args', 'example_xcom_args_with_operators']) retrieved from /home/airflow/.local/lib/python3.7/site-packages/airflow/example_dags/example_xcomargs.py
[2022-05-19 00:00:44,731] {logging_mixin.py:115} INFO - [2022-05-19 00:00:44,731] {dag.py:2371} INFO - Sync 2 DAGs
[2022-05-19 00:00:44,776] {logging_mixin.py:115} INFO - [2022-05-19 00:00:44,776] {dag.py:2919} INFO - Setting next_dagrun for example_xcom_args to None, run_after=None
[2022-05-19 00:00:44,777] {logging_mixin.py:115} INFO - [2022-05-19 00:00:44,777] {dag.py:2919} INFO - Setting next_dagrun for example_xcom_args_with_operators to None, run_after=None
[2022-05-19 00:00:44,798] {processor.py:161} INFO - Processing /home/airflow/.local/lib/python3.7/site-packages/airflow/example_dags/example_xcomargs.py took 0.424 seconds
[2022-05-19 00:01:15,259] {processor.py:153} INFO - Started process (PID=2008) to work on /home/airflow/.local/lib/python3.7/site-packages/airflow/example_dags/example_xcomargs.py
[2022-05-19 00:01:15,260] {processor.py:641} INFO - Processing file /home/airflow/.local/lib/python3.7/site-packages/airflow/example_dags/example_xcomargs.py for tasks to queue
[2022-05-19 00:01:15,261] {logging_mixin.py:115} INFO - [2022-05-19 00:01:15,261] {dagbag.py:507} INFO - Filling up the DagBag from /home/airflow/.local/lib/python3.7/site-packages/airflow/example_dags/example_xcomargs.py
[2022-05-19 00:01:15,463] {processor.py:651} INFO - DAG(s) dict_keys(['example_xcom_args', 'example_xcom_args_with_operators']) retrieved from /home/airflow/.local/lib/python3.7/site-packages/airflow/example_dags/example_xcomargs.py
[2022-05-19 00:01:15,561] {logging_mixin.py:115} INFO - [2022-05-19 00:01:15,561] {dag.py:2371} INFO - Sync 2 DAGs
[2022-05-19 00:01:15,595] {logging_mixin.py:115} INFO - [2022-05-19 00:01:15,594] {dag.py:2919} INFO - Setting next_dagrun for example_xcom_args to None, run_after=None
[2022-05-19 00:01:15,595] {logging_mixin.py:115} INFO - [2022-05-19 00:01:15,595] {dag.py:2919} INFO - Setting next_dagrun for example_xcom_args_with_operators to None, run_after=None
[2022-05-19 00:01:15,615] {processor.py:161} INFO - Processing /home/airflow/.local/lib/python3.7/site-packages/airflow/example_dags/example_xcomargs.py took 0.361 seconds
[2022-05-19 00:01:46,214] {processor.py:153} INFO - Started process (PID=2062) to work on /home/airflow/.local/lib/python3.7/site-packages/airflow/example_dags/example_xcomargs.py
[2022-05-19 00:01:46,215] {processor.py:641} INFO - Processing file /home/airflow/.local/lib/python3.7/site-packages/airflow/example_dags/example_xcomargs.py for tasks to queue
[2022-05-19 00:01:46,217] {logging_mixin.py:115} INFO - [2022-05-19 00:01:46,216] {dagbag.py:507} INFO - Filling up the DagBag from /home/airflow/.local/lib/python3.7/site-packages/airflow/example_dags/example_xcomargs.py
[2022-05-19 00:01:46,424] {processor.py:651} INFO - DAG(s) dict_keys(['example_xcom_args', 'example_xcom_args_with_operators']) retrieved from /home/airflow/.local/lib/python3.7/site-packages/airflow/example_dags/example_xcomargs.py
[2022-05-19 00:01:46,508] {logging_mixin.py:115} INFO - [2022-05-19 00:01:46,508] {dag.py:2371} INFO - Sync 2 DAGs
[2022-05-19 00:01:46,537] {logging_mixin.py:115} INFO - [2022-05-19 00:01:46,537] {dag.py:2919} INFO - Setting next_dagrun for example_xcom_args to None, run_after=None
[2022-05-19 00:01:46,538] {logging_mixin.py:115} INFO - [2022-05-19 00:01:46,538] {dag.py:2919} INFO - Setting next_dagrun for example_xcom_args_with_operators to None, run_after=None
[2022-05-19 00:01:46,555] {processor.py:161} INFO - Processing /home/airflow/.local/lib/python3.7/site-packages/airflow/example_dags/example_xcomargs.py took 0.347 seconds
