[2022-05-19 00:00:26,583] {processor.py:153} INFO - Started process (PID=1921) to work on /home/airflow/.local/lib/python3.7/site-packages/airflow/example_dags/example_nested_branch_dag.py
[2022-05-19 00:00:26,585] {processor.py:641} INFO - Processing file /home/airflow/.local/lib/python3.7/site-packages/airflow/example_dags/example_nested_branch_dag.py for tasks to queue
[2022-05-19 00:00:26,587] {logging_mixin.py:115} INFO - [2022-05-19 00:00:26,587] {dagbag.py:507} INFO - Filling up the DagBag from /home/airflow/.local/lib/python3.7/site-packages/airflow/example_dags/example_nested_branch_dag.py
[2022-05-19 00:00:26,943] {processor.py:651} INFO - DAG(s) dict_keys(['example_nested_branch_dag']) retrieved from /home/airflow/.local/lib/python3.7/site-packages/airflow/example_dags/example_nested_branch_dag.py
[2022-05-19 00:00:26,998] {logging_mixin.py:115} INFO - [2022-05-19 00:00:26,997] {dag.py:2371} INFO - Sync 1 DAGs
[2022-05-19 00:00:27,053] {logging_mixin.py:115} INFO - [2022-05-19 00:00:27,053] {dag.py:2919} INFO - Setting next_dagrun for example_nested_branch_dag to 2022-05-18T00:00:00+00:00, run_after=2022-05-19T00:00:00+00:00
[2022-05-19 00:00:27,079] {processor.py:161} INFO - Processing /home/airflow/.local/lib/python3.7/site-packages/airflow/example_dags/example_nested_branch_dag.py took 0.503 seconds
[2022-05-19 00:01:00,572] {processor.py:153} INFO - Started process (PID=1979) to work on /home/airflow/.local/lib/python3.7/site-packages/airflow/example_dags/example_nested_branch_dag.py
[2022-05-19 00:01:00,574] {processor.py:641} INFO - Processing file /home/airflow/.local/lib/python3.7/site-packages/airflow/example_dags/example_nested_branch_dag.py for tasks to queue
[2022-05-19 00:01:00,576] {logging_mixin.py:115} INFO - [2022-05-19 00:01:00,576] {dagbag.py:507} INFO - Filling up the DagBag from /home/airflow/.local/lib/python3.7/site-packages/airflow/example_dags/example_nested_branch_dag.py
[2022-05-19 00:01:00,826] {processor.py:651} INFO - DAG(s) dict_keys(['example_nested_branch_dag']) retrieved from /home/airflow/.local/lib/python3.7/site-packages/airflow/example_dags/example_nested_branch_dag.py
[2022-05-19 00:01:00,868] {logging_mixin.py:115} INFO - [2022-05-19 00:01:00,868] {dag.py:2371} INFO - Sync 1 DAGs
[2022-05-19 00:01:00,917] {logging_mixin.py:115} INFO - [2022-05-19 00:01:00,917] {dag.py:2919} INFO - Setting next_dagrun for example_nested_branch_dag to 2022-05-18T00:00:00+00:00, run_after=2022-05-19T00:00:00+00:00
[2022-05-19 00:01:00,940] {processor.py:161} INFO - Processing /home/airflow/.local/lib/python3.7/site-packages/airflow/example_dags/example_nested_branch_dag.py took 0.375 seconds
[2022-05-19 00:01:31,246] {processor.py:153} INFO - Started process (PID=2033) to work on /home/airflow/.local/lib/python3.7/site-packages/airflow/example_dags/example_nested_branch_dag.py
[2022-05-19 00:01:31,247] {processor.py:641} INFO - Processing file /home/airflow/.local/lib/python3.7/site-packages/airflow/example_dags/example_nested_branch_dag.py for tasks to queue
[2022-05-19 00:01:31,248] {logging_mixin.py:115} INFO - [2022-05-19 00:01:31,248] {dagbag.py:507} INFO - Filling up the DagBag from /home/airflow/.local/lib/python3.7/site-packages/airflow/example_dags/example_nested_branch_dag.py
[2022-05-19 00:01:31,509] {processor.py:651} INFO - DAG(s) dict_keys(['example_nested_branch_dag']) retrieved from /home/airflow/.local/lib/python3.7/site-packages/airflow/example_dags/example_nested_branch_dag.py
[2022-05-19 00:01:31,577] {logging_mixin.py:115} INFO - [2022-05-19 00:01:31,577] {dag.py:2371} INFO - Sync 1 DAGs
[2022-05-19 00:01:31,652] {logging_mixin.py:115} INFO - [2022-05-19 00:01:31,651] {dag.py:2919} INFO - Setting next_dagrun for example_nested_branch_dag to 2022-05-18T00:00:00+00:00, run_after=2022-05-19T00:00:00+00:00
[2022-05-19 00:01:31,693] {processor.py:161} INFO - Processing /home/airflow/.local/lib/python3.7/site-packages/airflow/example_dags/example_nested_branch_dag.py took 0.453 seconds
[2022-05-19 00:02:02,018] {processor.py:153} INFO - Started process (PID=2098) to work on /home/airflow/.local/lib/python3.7/site-packages/airflow/example_dags/example_nested_branch_dag.py
[2022-05-19 00:02:02,019] {processor.py:641} INFO - Processing file /home/airflow/.local/lib/python3.7/site-packages/airflow/example_dags/example_nested_branch_dag.py for tasks to queue
[2022-05-19 00:02:02,021] {logging_mixin.py:115} INFO - [2022-05-19 00:02:02,020] {dagbag.py:507} INFO - Filling up the DagBag from /home/airflow/.local/lib/python3.7/site-packages/airflow/example_dags/example_nested_branch_dag.py
[2022-05-19 00:02:02,235] {processor.py:651} INFO - DAG(s) dict_keys(['example_nested_branch_dag']) retrieved from /home/airflow/.local/lib/python3.7/site-packages/airflow/example_dags/example_nested_branch_dag.py
[2022-05-19 00:02:02,904] {logging_mixin.py:115} INFO - [2022-05-19 00:02:02,902] {dag.py:2371} INFO - Sync 1 DAGs
[2022-05-19 00:02:04,404] {logging_mixin.py:115} INFO - [2022-05-19 00:02:04,404] {dag.py:2919} INFO - Setting next_dagrun for example_nested_branch_dag to 2022-05-18T00:00:00+00:00, run_after=2022-05-19T00:00:00+00:00
[2022-05-19 00:02:04,456] {processor.py:161} INFO - Processing /home/airflow/.local/lib/python3.7/site-packages/airflow/example_dags/example_nested_branch_dag.py took 2.444 seconds
