[2022-05-19 00:00:25,576] {processor.py:153} INFO - Started process (PID=1919) to work on /home/airflow/.local/lib/python3.7/site-packages/airflow/example_dags/example_branch_labels.py
[2022-05-19 00:00:25,580] {processor.py:641} INFO - Processing file /home/airflow/.local/lib/python3.7/site-packages/airflow/example_dags/example_branch_labels.py for tasks to queue
[2022-05-19 00:00:25,582] {logging_mixin.py:115} INFO - [2022-05-19 00:00:25,582] {dagbag.py:507} INFO - Filling up the DagBag from /home/airflow/.local/lib/python3.7/site-packages/airflow/example_dags/example_branch_labels.py
[2022-05-19 00:00:25,613] {processor.py:651} INFO - DAG(s) dict_keys(['example_branch_labels']) retrieved from /home/airflow/.local/lib/python3.7/site-packages/airflow/example_dags/example_branch_labels.py
[2022-05-19 00:00:26,129] {logging_mixin.py:115} INFO - [2022-05-19 00:00:26,129] {dag.py:2371} INFO - Sync 1 DAGs
[2022-05-19 00:00:26,186] {logging_mixin.py:115} INFO - [2022-05-19 00:00:26,186] {dag.py:2919} INFO - Setting next_dagrun for example_branch_labels to 2022-05-18T00:00:00+00:00, run_after=2022-05-19T00:00:00+00:00
[2022-05-19 00:00:26,213] {processor.py:161} INFO - Processing /home/airflow/.local/lib/python3.7/site-packages/airflow/example_dags/example_branch_labels.py took 0.646 seconds
[2022-05-19 00:00:59,182] {processor.py:153} INFO - Started process (PID=1972) to work on /home/airflow/.local/lib/python3.7/site-packages/airflow/example_dags/example_branch_labels.py
[2022-05-19 00:00:59,183] {processor.py:641} INFO - Processing file /home/airflow/.local/lib/python3.7/site-packages/airflow/example_dags/example_branch_labels.py for tasks to queue
[2022-05-19 00:00:59,185] {logging_mixin.py:115} INFO - [2022-05-19 00:00:59,184] {dagbag.py:507} INFO - Filling up the DagBag from /home/airflow/.local/lib/python3.7/site-packages/airflow/example_dags/example_branch_labels.py
[2022-05-19 00:00:59,197] {processor.py:651} INFO - DAG(s) dict_keys(['example_branch_labels']) retrieved from /home/airflow/.local/lib/python3.7/site-packages/airflow/example_dags/example_branch_labels.py
[2022-05-19 00:00:59,480] {logging_mixin.py:115} INFO - [2022-05-19 00:00:59,480] {dag.py:2371} INFO - Sync 1 DAGs
[2022-05-19 00:00:59,551] {logging_mixin.py:115} INFO - [2022-05-19 00:00:59,550] {dag.py:2919} INFO - Setting next_dagrun for example_branch_labels to 2022-05-18T00:00:00+00:00, run_after=2022-05-19T00:00:00+00:00
[2022-05-19 00:00:59,575] {processor.py:161} INFO - Processing /home/airflow/.local/lib/python3.7/site-packages/airflow/example_dags/example_branch_labels.py took 0.399 seconds
[2022-05-19 00:01:29,711] {processor.py:153} INFO - Started process (PID=2026) to work on /home/airflow/.local/lib/python3.7/site-packages/airflow/example_dags/example_branch_labels.py
[2022-05-19 00:01:29,712] {processor.py:641} INFO - Processing file /home/airflow/.local/lib/python3.7/site-packages/airflow/example_dags/example_branch_labels.py for tasks to queue
[2022-05-19 00:01:29,714] {logging_mixin.py:115} INFO - [2022-05-19 00:01:29,713] {dagbag.py:507} INFO - Filling up the DagBag from /home/airflow/.local/lib/python3.7/site-packages/airflow/example_dags/example_branch_labels.py
[2022-05-19 00:01:29,729] {processor.py:651} INFO - DAG(s) dict_keys(['example_branch_labels']) retrieved from /home/airflow/.local/lib/python3.7/site-packages/airflow/example_dags/example_branch_labels.py
[2022-05-19 00:01:30,003] {logging_mixin.py:115} INFO - [2022-05-19 00:01:30,003] {dag.py:2371} INFO - Sync 1 DAGs
[2022-05-19 00:01:30,038] {logging_mixin.py:115} INFO - [2022-05-19 00:01:30,038] {dag.py:2919} INFO - Setting next_dagrun for example_branch_labels to 2022-05-18T00:00:00+00:00, run_after=2022-05-19T00:00:00+00:00
[2022-05-19 00:01:30,053] {processor.py:161} INFO - Processing /home/airflow/.local/lib/python3.7/site-packages/airflow/example_dags/example_branch_labels.py took 0.347 seconds
[2022-05-19 00:02:00,632] {processor.py:153} INFO - Started process (PID=2080) to work on /home/airflow/.local/lib/python3.7/site-packages/airflow/example_dags/example_branch_labels.py
[2022-05-19 00:02:00,633] {processor.py:641} INFO - Processing file /home/airflow/.local/lib/python3.7/site-packages/airflow/example_dags/example_branch_labels.py for tasks to queue
[2022-05-19 00:02:00,635] {logging_mixin.py:115} INFO - [2022-05-19 00:02:00,635] {dagbag.py:507} INFO - Filling up the DagBag from /home/airflow/.local/lib/python3.7/site-packages/airflow/example_dags/example_branch_labels.py
[2022-05-19 00:02:00,649] {processor.py:651} INFO - DAG(s) dict_keys(['example_branch_labels']) retrieved from /home/airflow/.local/lib/python3.7/site-packages/airflow/example_dags/example_branch_labels.py
[2022-05-19 00:02:00,850] {logging_mixin.py:115} INFO - [2022-05-19 00:02:00,850] {dag.py:2371} INFO - Sync 1 DAGs
[2022-05-19 00:02:00,887] {logging_mixin.py:115} INFO - [2022-05-19 00:02:00,887] {dag.py:2919} INFO - Setting next_dagrun for example_branch_labels to 2022-05-18T00:00:00+00:00, run_after=2022-05-19T00:00:00+00:00
[2022-05-19 00:02:00,907] {processor.py:161} INFO - Processing /home/airflow/.local/lib/python3.7/site-packages/airflow/example_dags/example_branch_labels.py took 0.282 seconds
