[2022-05-19 00:00:08,187] {processor.py:153} INFO - Started process (PID=1899) to work on /home/airflow/.local/lib/python3.7/site-packages/airflow/example_dags/example_trigger_target_dag.py
[2022-05-19 00:00:08,189] {processor.py:641} INFO - Processing file /home/airflow/.local/lib/python3.7/site-packages/airflow/example_dags/example_trigger_target_dag.py for tasks to queue
[2022-05-19 00:00:08,191] {logging_mixin.py:115} INFO - [2022-05-19 00:00:08,191] {dagbag.py:507} INFO - Filling up the DagBag from /home/airflow/.local/lib/python3.7/site-packages/airflow/example_dags/example_trigger_target_dag.py
[2022-05-19 00:00:08,705] {processor.py:651} INFO - DAG(s) dict_keys(['example_trigger_target_dag']) retrieved from /home/airflow/.local/lib/python3.7/site-packages/airflow/example_dags/example_trigger_target_dag.py
[2022-05-19 00:00:08,801] {logging_mixin.py:115} INFO - [2022-05-19 00:00:08,800] {dag.py:2371} INFO - Sync 1 DAGs
[2022-05-19 00:00:08,883] {logging_mixin.py:115} INFO - [2022-05-19 00:00:08,882] {dag.py:2919} INFO - Setting next_dagrun for example_trigger_target_dag to None, run_after=None
[2022-05-19 00:00:08,920] {processor.py:161} INFO - Processing /home/airflow/.local/lib/python3.7/site-packages/airflow/example_dags/example_trigger_target_dag.py took 0.739 seconds
[2022-05-19 00:00:39,627] {processor.py:153} INFO - Started process (PID=1952) to work on /home/airflow/.local/lib/python3.7/site-packages/airflow/example_dags/example_trigger_target_dag.py
[2022-05-19 00:00:39,628] {processor.py:641} INFO - Processing file /home/airflow/.local/lib/python3.7/site-packages/airflow/example_dags/example_trigger_target_dag.py for tasks to queue
[2022-05-19 00:00:39,631] {logging_mixin.py:115} INFO - [2022-05-19 00:00:39,630] {dagbag.py:507} INFO - Filling up the DagBag from /home/airflow/.local/lib/python3.7/site-packages/airflow/example_dags/example_trigger_target_dag.py
[2022-05-19 00:00:39,931] {processor.py:651} INFO - DAG(s) dict_keys(['example_trigger_target_dag']) retrieved from /home/airflow/.local/lib/python3.7/site-packages/airflow/example_dags/example_trigger_target_dag.py
[2022-05-19 00:00:43,643] {logging_mixin.py:115} INFO - [2022-05-19 00:00:43,643] {dag.py:2371} INFO - Sync 1 DAGs
[2022-05-19 00:00:43,741] {logging_mixin.py:115} INFO - [2022-05-19 00:00:43,740] {dag.py:2919} INFO - Setting next_dagrun for example_trigger_target_dag to None, run_after=None
[2022-05-19 00:00:43,785] {processor.py:161} INFO - Processing /home/airflow/.local/lib/python3.7/site-packages/airflow/example_dags/example_trigger_target_dag.py took 4.168 seconds
[2022-05-19 00:01:14,199] {processor.py:153} INFO - Started process (PID=2005) to work on /home/airflow/.local/lib/python3.7/site-packages/airflow/example_dags/example_trigger_target_dag.py
[2022-05-19 00:01:14,200] {processor.py:641} INFO - Processing file /home/airflow/.local/lib/python3.7/site-packages/airflow/example_dags/example_trigger_target_dag.py for tasks to queue
[2022-05-19 00:01:14,201] {logging_mixin.py:115} INFO - [2022-05-19 00:01:14,201] {dagbag.py:507} INFO - Filling up the DagBag from /home/airflow/.local/lib/python3.7/site-packages/airflow/example_dags/example_trigger_target_dag.py
[2022-05-19 00:01:14,356] {processor.py:651} INFO - DAG(s) dict_keys(['example_trigger_target_dag']) retrieved from /home/airflow/.local/lib/python3.7/site-packages/airflow/example_dags/example_trigger_target_dag.py
[2022-05-19 00:01:14,394] {logging_mixin.py:115} INFO - [2022-05-19 00:01:14,394] {dag.py:2371} INFO - Sync 1 DAGs
[2022-05-19 00:01:14,428] {logging_mixin.py:115} INFO - [2022-05-19 00:01:14,428] {dag.py:2919} INFO - Setting next_dagrun for example_trigger_target_dag to None, run_after=None
[2022-05-19 00:01:14,444] {processor.py:161} INFO - Processing /home/airflow/.local/lib/python3.7/site-packages/airflow/example_dags/example_trigger_target_dag.py took 0.249 seconds
[2022-05-19 00:01:44,913] {processor.py:153} INFO - Started process (PID=2059) to work on /home/airflow/.local/lib/python3.7/site-packages/airflow/example_dags/example_trigger_target_dag.py
[2022-05-19 00:01:44,914] {processor.py:641} INFO - Processing file /home/airflow/.local/lib/python3.7/site-packages/airflow/example_dags/example_trigger_target_dag.py for tasks to queue
[2022-05-19 00:01:44,917] {logging_mixin.py:115} INFO - [2022-05-19 00:01:44,917] {dagbag.py:507} INFO - Filling up the DagBag from /home/airflow/.local/lib/python3.7/site-packages/airflow/example_dags/example_trigger_target_dag.py
[2022-05-19 00:01:45,103] {processor.py:651} INFO - DAG(s) dict_keys(['example_trigger_target_dag']) retrieved from /home/airflow/.local/lib/python3.7/site-packages/airflow/example_dags/example_trigger_target_dag.py
[2022-05-19 00:01:45,130] {logging_mixin.py:115} INFO - [2022-05-19 00:01:45,130] {dag.py:2371} INFO - Sync 1 DAGs
[2022-05-19 00:01:45,155] {logging_mixin.py:115} INFO - [2022-05-19 00:01:45,155] {dag.py:2919} INFO - Setting next_dagrun for example_trigger_target_dag to None, run_after=None
[2022-05-19 00:01:45,169] {processor.py:161} INFO - Processing /home/airflow/.local/lib/python3.7/site-packages/airflow/example_dags/example_trigger_target_dag.py took 0.259 seconds
