[2022-05-19 00:00:20,370] {processor.py:153} INFO - Started process (PID=1916) to work on /home/airflow/.local/lib/python3.7/site-packages/airflow/example_dags/example_kubernetes_executor.py
[2022-05-19 00:00:20,372] {processor.py:641} INFO - Processing file /home/airflow/.local/lib/python3.7/site-packages/airflow/example_dags/example_kubernetes_executor.py for tasks to queue
[2022-05-19 00:00:20,373] {logging_mixin.py:115} INFO - [2022-05-19 00:00:20,373] {dagbag.py:507} INFO - Filling up the DagBag from /home/airflow/.local/lib/python3.7/site-packages/airflow/example_dags/example_kubernetes_executor.py
[2022-05-19 00:00:20,961] {processor.py:651} INFO - DAG(s) dict_keys(['example_kubernetes_executor']) retrieved from /home/airflow/.local/lib/python3.7/site-packages/airflow/example_dags/example_kubernetes_executor.py
[2022-05-19 00:00:21,612] {logging_mixin.py:115} INFO - [2022-05-19 00:00:21,609] {dag.py:2371} INFO - Sync 1 DAGs
[2022-05-19 00:00:22,994] {logging_mixin.py:115} INFO - [2022-05-19 00:00:22,939] {dag.py:2919} INFO - Setting next_dagrun for example_kubernetes_executor to None, run_after=None
[2022-05-19 00:00:25,372] {processor.py:161} INFO - Processing /home/airflow/.local/lib/python3.7/site-packages/airflow/example_dags/example_kubernetes_executor.py took 5.010 seconds
[2022-05-19 00:00:56,138] {processor.py:153} INFO - Started process (PID=1969) to work on /home/airflow/.local/lib/python3.7/site-packages/airflow/example_dags/example_kubernetes_executor.py
[2022-05-19 00:00:56,139] {processor.py:641} INFO - Processing file /home/airflow/.local/lib/python3.7/site-packages/airflow/example_dags/example_kubernetes_executor.py for tasks to queue
[2022-05-19 00:00:56,140] {logging_mixin.py:115} INFO - [2022-05-19 00:00:56,140] {dagbag.py:507} INFO - Filling up the DagBag from /home/airflow/.local/lib/python3.7/site-packages/airflow/example_dags/example_kubernetes_executor.py
[2022-05-19 00:00:56,491] {processor.py:651} INFO - DAG(s) dict_keys(['example_kubernetes_executor']) retrieved from /home/airflow/.local/lib/python3.7/site-packages/airflow/example_dags/example_kubernetes_executor.py
[2022-05-19 00:00:58,380] {logging_mixin.py:115} INFO - [2022-05-19 00:00:58,380] {dag.py:2371} INFO - Sync 1 DAGs
[2022-05-19 00:00:58,437] {logging_mixin.py:115} INFO - [2022-05-19 00:00:58,436] {dag.py:2919} INFO - Setting next_dagrun for example_kubernetes_executor to None, run_after=None
[2022-05-19 00:00:58,464] {processor.py:161} INFO - Processing /home/airflow/.local/lib/python3.7/site-packages/airflow/example_dags/example_kubernetes_executor.py took 2.331 seconds
[2022-05-19 00:01:28,701] {processor.py:153} INFO - Started process (PID=2023) to work on /home/airflow/.local/lib/python3.7/site-packages/airflow/example_dags/example_kubernetes_executor.py
[2022-05-19 00:01:28,702] {processor.py:641} INFO - Processing file /home/airflow/.local/lib/python3.7/site-packages/airflow/example_dags/example_kubernetes_executor.py for tasks to queue
[2022-05-19 00:01:28,704] {logging_mixin.py:115} INFO - [2022-05-19 00:01:28,704] {dagbag.py:507} INFO - Filling up the DagBag from /home/airflow/.local/lib/python3.7/site-packages/airflow/example_dags/example_kubernetes_executor.py
[2022-05-19 00:01:28,949] {processor.py:651} INFO - DAG(s) dict_keys(['example_kubernetes_executor']) retrieved from /home/airflow/.local/lib/python3.7/site-packages/airflow/example_dags/example_kubernetes_executor.py
[2022-05-19 00:01:29,169] {logging_mixin.py:115} INFO - [2022-05-19 00:01:29,167] {dag.py:2371} INFO - Sync 1 DAGs
[2022-05-19 00:01:29,382] {logging_mixin.py:115} INFO - [2022-05-19 00:01:29,381] {dag.py:2919} INFO - Setting next_dagrun for example_kubernetes_executor to None, run_after=None
[2022-05-19 00:01:29,505] {processor.py:161} INFO - Processing /home/airflow/.local/lib/python3.7/site-packages/airflow/example_dags/example_kubernetes_executor.py took 0.808 seconds
[2022-05-19 00:02:00,042] {processor.py:153} INFO - Started process (PID=2077) to work on /home/airflow/.local/lib/python3.7/site-packages/airflow/example_dags/example_kubernetes_executor.py
[2022-05-19 00:02:00,043] {processor.py:641} INFO - Processing file /home/airflow/.local/lib/python3.7/site-packages/airflow/example_dags/example_kubernetes_executor.py for tasks to queue
[2022-05-19 00:02:00,044] {logging_mixin.py:115} INFO - [2022-05-19 00:02:00,044] {dagbag.py:507} INFO - Filling up the DagBag from /home/airflow/.local/lib/python3.7/site-packages/airflow/example_dags/example_kubernetes_executor.py
[2022-05-19 00:02:00,228] {processor.py:651} INFO - DAG(s) dict_keys(['example_kubernetes_executor']) retrieved from /home/airflow/.local/lib/python3.7/site-packages/airflow/example_dags/example_kubernetes_executor.py
[2022-05-19 00:02:00,293] {logging_mixin.py:115} INFO - [2022-05-19 00:02:00,293] {dag.py:2371} INFO - Sync 1 DAGs
[2022-05-19 00:02:00,315] {logging_mixin.py:115} INFO - [2022-05-19 00:02:00,315] {dag.py:2919} INFO - Setting next_dagrun for example_kubernetes_executor to None, run_after=None
[2022-05-19 00:02:00,332] {processor.py:161} INFO - Processing /home/airflow/.local/lib/python3.7/site-packages/airflow/example_dags/example_kubernetes_executor.py took 0.293 seconds
