[2022-05-19 00:00:27,813] {processor.py:153} INFO - Started process (PID=1926) to work on /home/airflow/.local/lib/python3.7/site-packages/airflow/example_dags/tutorial_etl_dag.py
[2022-05-19 00:00:27,814] {processor.py:641} INFO - Processing file /home/airflow/.local/lib/python3.7/site-packages/airflow/example_dags/tutorial_etl_dag.py for tasks to queue
[2022-05-19 00:00:27,817] {logging_mixin.py:115} INFO - [2022-05-19 00:00:27,816] {dagbag.py:507} INFO - Filling up the DagBag from /home/airflow/.local/lib/python3.7/site-packages/airflow/example_dags/tutorial_etl_dag.py
[2022-05-19 00:00:27,835] {processor.py:651} INFO - DAG(s) dict_keys(['tutorial_etl_dag']) retrieved from /home/airflow/.local/lib/python3.7/site-packages/airflow/example_dags/tutorial_etl_dag.py
[2022-05-19 00:00:28,108] {logging_mixin.py:115} INFO - [2022-05-19 00:00:28,108] {dag.py:2371} INFO - Sync 1 DAGs
[2022-05-19 00:00:28,153] {logging_mixin.py:115} INFO - [2022-05-19 00:00:28,153] {dag.py:2919} INFO - Setting next_dagrun for tutorial_etl_dag to None, run_after=None
[2022-05-19 00:00:28,175] {processor.py:161} INFO - Processing /home/airflow/.local/lib/python3.7/site-packages/airflow/example_dags/tutorial_etl_dag.py took 0.369 seconds
[2022-05-19 00:01:00,213] {processor.py:153} INFO - Started process (PID=1977) to work on /home/airflow/.local/lib/python3.7/site-packages/airflow/example_dags/tutorial_etl_dag.py
[2022-05-19 00:01:00,215] {processor.py:641} INFO - Processing file /home/airflow/.local/lib/python3.7/site-packages/airflow/example_dags/tutorial_etl_dag.py for tasks to queue
[2022-05-19 00:01:00,216] {logging_mixin.py:115} INFO - [2022-05-19 00:01:00,216] {dagbag.py:507} INFO - Filling up the DagBag from /home/airflow/.local/lib/python3.7/site-packages/airflow/example_dags/tutorial_etl_dag.py
[2022-05-19 00:01:00,230] {processor.py:651} INFO - DAG(s) dict_keys(['tutorial_etl_dag']) retrieved from /home/airflow/.local/lib/python3.7/site-packages/airflow/example_dags/tutorial_etl_dag.py
[2022-05-19 00:01:00,465] {logging_mixin.py:115} INFO - [2022-05-19 00:01:00,465] {dag.py:2371} INFO - Sync 1 DAGs
[2022-05-19 00:01:00,505] {logging_mixin.py:115} INFO - [2022-05-19 00:01:00,505] {dag.py:2919} INFO - Setting next_dagrun for tutorial_etl_dag to None, run_after=None
[2022-05-19 00:01:00,530] {processor.py:161} INFO - Processing /home/airflow/.local/lib/python3.7/site-packages/airflow/example_dags/tutorial_etl_dag.py took 0.321 seconds
[2022-05-19 00:01:30,864] {processor.py:153} INFO - Started process (PID=2031) to work on /home/airflow/.local/lib/python3.7/site-packages/airflow/example_dags/tutorial_etl_dag.py
[2022-05-19 00:01:30,865] {processor.py:641} INFO - Processing file /home/airflow/.local/lib/python3.7/site-packages/airflow/example_dags/tutorial_etl_dag.py for tasks to queue
[2022-05-19 00:01:30,867] {logging_mixin.py:115} INFO - [2022-05-19 00:01:30,866] {dagbag.py:507} INFO - Filling up the DagBag from /home/airflow/.local/lib/python3.7/site-packages/airflow/example_dags/tutorial_etl_dag.py
[2022-05-19 00:01:30,880] {processor.py:651} INFO - DAG(s) dict_keys(['tutorial_etl_dag']) retrieved from /home/airflow/.local/lib/python3.7/site-packages/airflow/example_dags/tutorial_etl_dag.py
[2022-05-19 00:01:31,143] {logging_mixin.py:115} INFO - [2022-05-19 00:01:31,143] {dag.py:2371} INFO - Sync 1 DAGs
[2022-05-19 00:01:31,181] {logging_mixin.py:115} INFO - [2022-05-19 00:01:31,181] {dag.py:2919} INFO - Setting next_dagrun for tutorial_etl_dag to None, run_after=None
[2022-05-19 00:01:31,205] {processor.py:161} INFO - Processing /home/airflow/.local/lib/python3.7/site-packages/airflow/example_dags/tutorial_etl_dag.py took 0.344 seconds
[2022-05-19 00:02:01,336] {processor.py:153} INFO - Started process (PID=2094) to work on /home/airflow/.local/lib/python3.7/site-packages/airflow/example_dags/tutorial_etl_dag.py
[2022-05-19 00:02:01,337] {processor.py:641} INFO - Processing file /home/airflow/.local/lib/python3.7/site-packages/airflow/example_dags/tutorial_etl_dag.py for tasks to queue
[2022-05-19 00:02:01,339] {logging_mixin.py:115} INFO - [2022-05-19 00:02:01,338] {dagbag.py:507} INFO - Filling up the DagBag from /home/airflow/.local/lib/python3.7/site-packages/airflow/example_dags/tutorial_etl_dag.py
[2022-05-19 00:02:01,353] {processor.py:651} INFO - DAG(s) dict_keys(['tutorial_etl_dag']) retrieved from /home/airflow/.local/lib/python3.7/site-packages/airflow/example_dags/tutorial_etl_dag.py
[2022-05-19 00:02:01,535] {logging_mixin.py:115} INFO - [2022-05-19 00:02:01,535] {dag.py:2371} INFO - Sync 1 DAGs
[2022-05-19 00:02:01,564] {logging_mixin.py:115} INFO - [2022-05-19 00:02:01,563] {dag.py:2919} INFO - Setting next_dagrun for tutorial_etl_dag to None, run_after=None
[2022-05-19 00:02:01,579] {processor.py:161} INFO - Processing /home/airflow/.local/lib/python3.7/site-packages/airflow/example_dags/tutorial_etl_dag.py took 0.247 seconds
